[0.018s] Invoking command in '/home/pepperumo/bumperbot_ws/src/build/bumperbot_msgs': CMAKE_PREFIX_PATH=${CMAKE_PREFIX_PATH}:/home/pepperumo/bumperbot_ws/install/bumperbot_py_examples:/home/pepperumo/ros2_ws/install/my_py_pkg:/home/pepperumo/install/my_py_pkg:/opt/ros/humble /usr/bin/cmake /home/pepperumo/bumperbot_ws/src/bumperbot_msgs -DCMAKE_INSTALL_PREFIX=/home/pepperumo/bumperbot_ws/src/install/bumperbot_msgs
[0.202s] -- The C compiler identification is GNU 11.4.0
[1.134s] -- The CXX compiler identification is GNU 11.4.0
[1.825s] -- Detecting C compiler ABI info
[2.006s] -- Detecting C compiler ABI info - done
[2.009s] -- Check for working C compiler: /usr/bin/cc - skipped
[2.009s] -- Detecting C compile features
[2.010s] -- Detecting C compile features - done
[2.011s] -- Detecting CXX compiler ABI info
[2.208s] -- Detecting CXX compiler ABI info - done
[2.212s] -- Check for working CXX compiler: /usr/bin/c++ - skipped
[2.212s] -- Detecting CXX compile features
[2.212s] -- Detecting CXX compile features - done
[2.214s] -- Found ament_cmake: 1.3.10 (/opt/ros/humble/share/ament_cmake/cmake)
[2.298s] -- Found Python3: /usr/bin/python3 (found version "3.10.12") found components: Interpreter 
[2.346s] -- Found ament_lint_auto: 0.12.11 (/opt/ros/humble/share/ament_lint_auto/cmake)
[2.390s] -- Added test 'lint_cmake' to check CMake code style
[2.390s] -- Added test 'xmllint' to check XML markup files
[2.391s] -- Configuring done
[2.392s] -- Generating done
[2.393s] -- Build files have been written to: /home/pepperumo/bumperbot_ws/src/build/bumperbot_msgs
[2.396s] Invoked command in '/home/pepperumo/bumperbot_ws/src/build/bumperbot_msgs' returned '0': CMAKE_PREFIX_PATH=${CMAKE_PREFIX_PATH}:/home/pepperumo/bumperbot_ws/install/bumperbot_py_examples:/home/pepperumo/ros2_ws/install/my_py_pkg:/home/pepperumo/install/my_py_pkg:/opt/ros/humble /usr/bin/cmake /home/pepperumo/bumperbot_ws/src/bumperbot_msgs -DCMAKE_INSTALL_PREFIX=/home/pepperumo/bumperbot_ws/src/install/bumperbot_msgs
[2.399s] Invoking command in '/home/pepperumo/bumperbot_ws/src/build/bumperbot_msgs': CMAKE_PREFIX_PATH=${CMAKE_PREFIX_PATH}:/home/pepperumo/bumperbot_ws/install/bumperbot_py_examples:/home/pepperumo/ros2_ws/install/my_py_pkg:/home/pepperumo/install/my_py_pkg:/opt/ros/humble /usr/bin/cmake --build /home/pepperumo/bumperbot_ws/src/build/bumperbot_msgs -- -j32 -l32
[2.414s] Invoked command in '/home/pepperumo/bumperbot_ws/src/build/bumperbot_msgs' returned '0': CMAKE_PREFIX_PATH=${CMAKE_PREFIX_PATH}:/home/pepperumo/bumperbot_ws/install/bumperbot_py_examples:/home/pepperumo/ros2_ws/install/my_py_pkg:/home/pepperumo/install/my_py_pkg:/opt/ros/humble /usr/bin/cmake --build /home/pepperumo/bumperbot_ws/src/build/bumperbot_msgs -- -j32 -l32
[2.425s] Invoking command in '/home/pepperumo/bumperbot_ws/src/build/bumperbot_msgs': CMAKE_PREFIX_PATH=${CMAKE_PREFIX_PATH}:/home/pepperumo/bumperbot_ws/install/bumperbot_py_examples:/home/pepperumo/ros2_ws/install/my_py_pkg:/home/pepperumo/install/my_py_pkg:/opt/ros/humble /usr/bin/cmake --install /home/pepperumo/bumperbot_ws/src/build/bumperbot_msgs
[2.427s] -- Install configuration: ""
[2.428s] -- Installing: /home/pepperumo/bumperbot_ws/src/install/bumperbot_msgs/share/ament_index/resource_index/package_run_dependencies/bumperbot_msgs
[2.428s] -- Installing: /home/pepperumo/bumperbot_ws/src/install/bumperbot_msgs/share/ament_index/resource_index/parent_prefix_path/bumperbot_msgs
[2.428s] -- Installing: /home/pepperumo/bumperbot_ws/src/install/bumperbot_msgs/share/bumperbot_msgs/environment/ament_prefix_path.sh
[2.428s] -- Installing: /home/pepperumo/bumperbot_ws/src/install/bumperbot_msgs/share/bumperbot_msgs/environment/ament_prefix_path.dsv
[2.428s] -- Installing: /home/pepperumo/bumperbot_ws/src/install/bumperbot_msgs/share/bumperbot_msgs/environment/path.sh
[2.428s] -- Installing: /home/pepperumo/bumperbot_ws/src/install/bumperbot_msgs/share/bumperbot_msgs/environment/path.dsv
[2.428s] -- Installing: /home/pepperumo/bumperbot_ws/src/install/bumperbot_msgs/share/bumperbot_msgs/local_setup.bash
[2.429s] -- Installing: /home/pepperumo/bumperbot_ws/src/install/bumperbot_msgs/share/bumperbot_msgs/local_setup.sh
[2.429s] -- Installing: /home/pepperumo/bumperbot_ws/src/install/bumperbot_msgs/share/bumperbot_msgs/local_setup.zsh
[2.429s] -- Installing: /home/pepperumo/bumperbot_ws/src/install/bumperbot_msgs/share/bumperbot_msgs/local_setup.dsv
[2.429s] -- Installing: /home/pepperumo/bumperbot_ws/src/install/bumperbot_msgs/share/bumperbot_msgs/package.dsv
[2.429s] -- Installing: /home/pepperumo/bumperbot_ws/src/install/bumperbot_msgs/share/ament_index/resource_index/packages/bumperbot_msgs
[2.429s] -- Installing: /home/pepperumo/bumperbot_ws/src/install/bumperbot_msgs/share/bumperbot_msgs/cmake/bumperbot_msgsConfig.cmake
[2.429s] -- Installing: /home/pepperumo/bumperbot_ws/src/install/bumperbot_msgs/share/bumperbot_msgs/cmake/bumperbot_msgsConfig-version.cmake
[2.429s] -- Installing: /home/pepperumo/bumperbot_ws/src/install/bumperbot_msgs/share/bumperbot_msgs/package.xml
[2.430s] Invoked command in '/home/pepperumo/bumperbot_ws/src/build/bumperbot_msgs' returned '0': CMAKE_PREFIX_PATH=${CMAKE_PREFIX_PATH}:/home/pepperumo/bumperbot_ws/install/bumperbot_py_examples:/home/pepperumo/ros2_ws/install/my_py_pkg:/home/pepperumo/install/my_py_pkg:/opt/ros/humble /usr/bin/cmake --install /home/pepperumo/bumperbot_ws/src/build/bumperbot_msgs
