[0.235s] DEBUG:colcon:Command line arguments: ['/usr/bin/colcon', 'build']
[0.236s] DEBUG:colcon:Parsed command line arguments: Namespace(log_base=None, log_level=None, verb_name='build', build_base='build', install_base='install', merge_install=False, symlink_install=False, test_result_base=None, continue_on_error=False, executor='parallel', parallel_workers=32, event_handlers=None, ignore_user_meta=False, metas=['./colcon.meta'], base_paths=['.'], packages_ignore=None, packages_ignore_regex=None, paths=None, packages_up_to=None, packages_up_to_regex=None, packages_above=None, packages_above_and_dependencies=None, packages_above_depth=None, packages_select_by_dep=None, packages_skip_by_dep=None, packages_skip_up_to=None, packages_select_build_failed=False, packages_skip_build_finished=False, packages_select_test_failures=False, packages_skip_test_passed=False, packages_select=None, packages_skip=None, packages_select_regex=None, packages_skip_regex=None, packages_start=None, packages_end=None, allow_overriding=[], cmake_args=None, cmake_target=None, cmake_target_skip_unavailable=False, cmake_clean_cache=False, cmake_clean_first=False, cmake_force_configure=False, ament_cmake_args=None, catkin_cmake_args=None, catkin_skip_building_tests=False, mixin_files=None, mixin=None, verb_parser=<colcon_mixin.mixin.mixin_argument.MixinArgumentDecorator object at 0x7fd2f6662710>, verb_extension=<colcon_core.verb.build.BuildVerb object at 0x7fd2f6662260>, main=<bound method BuildVerb.main of <colcon_core.verb.build.BuildVerb object at 0x7fd2f6662260>>, mixin_verb=('build',))
[0.435s] Level 1:colcon.colcon_core.package_discovery:discover_packages(colcon_meta) check parameters
[0.435s] Level 1:colcon.colcon_core.package_discovery:discover_packages(recursive) check parameters
[0.435s] Level 1:colcon.colcon_core.package_discovery:discover_packages(ignore) check parameters
[0.435s] Level 1:colcon.colcon_core.package_discovery:discover_packages(path) check parameters
[0.435s] Level 1:colcon.colcon_core.package_discovery:discover_packages(colcon_meta) discover
[0.435s] Level 1:colcon.colcon_core.package_discovery:discover_packages(recursive) discover
[0.435s] INFO:colcon.colcon_core.package_discovery:Crawling recursively for packages in '/home/pepperumo/bumperbot_ws'
[0.435s] Level 1:colcon.colcon_core.package_identification:_identify(.) by extensions ['ignore', 'ignore_ament_install']
[0.435s] Level 1:colcon.colcon_core.package_identification:_identify(.) by extension 'ignore'
[0.435s] Level 1:colcon.colcon_core.package_identification:_identify(.) by extension 'ignore_ament_install'
[0.435s] Level 1:colcon.colcon_core.package_identification:_identify(.) by extensions ['colcon_pkg']
[0.435s] Level 1:colcon.colcon_core.package_identification:_identify(.) by extension 'colcon_pkg'
[0.435s] Level 1:colcon.colcon_core.package_identification:_identify(.) by extensions ['colcon_meta']
[0.435s] Level 1:colcon.colcon_core.package_identification:_identify(.) by extension 'colcon_meta'
[0.435s] Level 1:colcon.colcon_core.package_identification:_identify(.) by extensions ['ros']
[0.435s] Level 1:colcon.colcon_core.package_identification:_identify(.) by extension 'ros'
[0.440s] Level 1:colcon.colcon_core.package_identification:_identify(.) by extensions ['cmake', 'python']
[0.440s] Level 1:colcon.colcon_core.package_identification:_identify(.) by extension 'cmake'
[0.440s] Level 1:colcon.colcon_core.package_identification:_identify(.) by extension 'python'
[0.440s] Level 1:colcon.colcon_core.package_identification:_identify(.) by extensions ['python_setup_py']
[0.440s] Level 1:colcon.colcon_core.package_identification:_identify(.) by extension 'python_setup_py'
[0.441s] Level 1:colcon.colcon_core.package_identification:_identify(build) by extensions ['ignore', 'ignore_ament_install']
[0.441s] Level 1:colcon.colcon_core.package_identification:_identify(build) by extension 'ignore'
[0.441s] Level 1:colcon.colcon_core.package_identification:_identify(build) ignored
[0.441s] Level 1:colcon.colcon_core.package_identification:_identify(install) by extensions ['ignore', 'ignore_ament_install']
[0.441s] Level 1:colcon.colcon_core.package_identification:_identify(install) by extension 'ignore'
[0.441s] Level 1:colcon.colcon_core.package_identification:_identify(install) ignored
[0.441s] Level 1:colcon.colcon_core.package_identification:_identify(log) by extensions ['ignore', 'ignore_ament_install']
[0.441s] Level 1:colcon.colcon_core.package_identification:_identify(log) by extension 'ignore'
[0.441s] Level 1:colcon.colcon_core.package_identification:_identify(log) ignored
[0.441s] Level 1:colcon.colcon_core.package_identification:_identify(src) by extensions ['ignore', 'ignore_ament_install']
[0.441s] Level 1:colcon.colcon_core.package_identification:_identify(src) by extension 'ignore'
[0.441s] Level 1:colcon.colcon_core.package_identification:_identify(src) by extension 'ignore_ament_install'
[0.441s] Level 1:colcon.colcon_core.package_identification:_identify(src) by extensions ['colcon_pkg']
[0.441s] Level 1:colcon.colcon_core.package_identification:_identify(src) by extension 'colcon_pkg'
[0.441s] Level 1:colcon.colcon_core.package_identification:_identify(src) by extensions ['colcon_meta']
[0.441s] Level 1:colcon.colcon_core.package_identification:_identify(src) by extension 'colcon_meta'
[0.441s] Level 1:colcon.colcon_core.package_identification:_identify(src) by extensions ['ros']
[0.441s] Level 1:colcon.colcon_core.package_identification:_identify(src) by extension 'ros'
[0.441s] Level 1:colcon.colcon_core.package_identification:_identify(src) by extensions ['cmake', 'python']
[0.441s] Level 1:colcon.colcon_core.package_identification:_identify(src) by extension 'cmake'
[0.441s] Level 1:colcon.colcon_core.package_identification:_identify(src) by extension 'python'
[0.441s] Level 1:colcon.colcon_core.package_identification:_identify(src) by extensions ['python_setup_py']
[0.441s] Level 1:colcon.colcon_core.package_identification:_identify(src) by extension 'python_setup_py'
[0.441s] Level 1:colcon.colcon_core.package_identification:_identify(src/RECOVERED_FILES) by extensions ['ignore', 'ignore_ament_install']
[0.441s] Level 1:colcon.colcon_core.package_identification:_identify(src/RECOVERED_FILES) by extension 'ignore'
[0.441s] Level 1:colcon.colcon_core.package_identification:_identify(src/RECOVERED_FILES) by extension 'ignore_ament_install'
[0.441s] Level 1:colcon.colcon_core.package_identification:_identify(src/RECOVERED_FILES) by extensions ['colcon_pkg']
[0.441s] Level 1:colcon.colcon_core.package_identification:_identify(src/RECOVERED_FILES) by extension 'colcon_pkg'
[0.441s] Level 1:colcon.colcon_core.package_identification:_identify(src/RECOVERED_FILES) by extensions ['colcon_meta']
[0.442s] Level 1:colcon.colcon_core.package_identification:_identify(src/RECOVERED_FILES) by extension 'colcon_meta'
[0.442s] Level 1:colcon.colcon_core.package_identification:_identify(src/RECOVERED_FILES) by extensions ['ros']
[0.442s] Level 1:colcon.colcon_core.package_identification:_identify(src/RECOVERED_FILES) by extension 'ros'
[0.442s] Level 1:colcon.colcon_core.package_identification:_identify(src/RECOVERED_FILES) by extensions ['cmake', 'python']
[0.442s] Level 1:colcon.colcon_core.package_identification:_identify(src/RECOVERED_FILES) by extension 'cmake'
[0.442s] Level 1:colcon.colcon_core.package_identification:_identify(src/RECOVERED_FILES) by extension 'python'
[0.442s] Level 1:colcon.colcon_core.package_identification:_identify(src/RECOVERED_FILES) by extensions ['python_setup_py']
[0.442s] Level 1:colcon.colcon_core.package_identification:_identify(src/RECOVERED_FILES) by extension 'python_setup_py'
[0.442s] Level 1:colcon.colcon_core.package_identification:_identify(src/build) by extensions ['ignore', 'ignore_ament_install']
[0.442s] Level 1:colcon.colcon_core.package_identification:_identify(src/build) by extension 'ignore'
[0.442s] Level 1:colcon.colcon_core.package_identification:_identify(src/build) ignored
[0.442s] Level 1:colcon.colcon_core.package_identification:_identify(src/bumperbot_controller) by extensions ['ignore', 'ignore_ament_install']
[0.442s] Level 1:colcon.colcon_core.package_identification:_identify(src/bumperbot_controller) by extension 'ignore'
[0.442s] Level 1:colcon.colcon_core.package_identification:_identify(src/bumperbot_controller) by extension 'ignore_ament_install'
[0.442s] Level 1:colcon.colcon_core.package_identification:_identify(src/bumperbot_controller) by extensions ['colcon_pkg']
[0.442s] Level 1:colcon.colcon_core.package_identification:_identify(src/bumperbot_controller) by extension 'colcon_pkg'
[0.442s] Level 1:colcon.colcon_core.package_identification:_identify(src/bumperbot_controller) by extensions ['colcon_meta']
[0.442s] Level 1:colcon.colcon_core.package_identification:_identify(src/bumperbot_controller) by extension 'colcon_meta'
[0.442s] Level 1:colcon.colcon_core.package_identification:_identify(src/bumperbot_controller) by extensions ['ros']
[0.442s] Level 1:colcon.colcon_core.package_identification:_identify(src/bumperbot_controller) by extension 'ros'
[0.443s] DEBUG:colcon.colcon_core.package_identification:Package 'src/bumperbot_controller' with type 'ros.ament_cmake' and name 'bumperbot_controller'
[0.444s] Level 1:colcon.colcon_core.package_identification:_identify(src/bumperbot_cpp_examples) by extensions ['ignore', 'ignore_ament_install']
[0.444s] Level 1:colcon.colcon_core.package_identification:_identify(src/bumperbot_cpp_examples) by extension 'ignore'
[0.444s] Level 1:colcon.colcon_core.package_identification:_identify(src/bumperbot_cpp_examples) by extension 'ignore_ament_install'
[0.444s] Level 1:colcon.colcon_core.package_identification:_identify(src/bumperbot_cpp_examples) by extensions ['colcon_pkg']
[0.444s] Level 1:colcon.colcon_core.package_identification:_identify(src/bumperbot_cpp_examples) by extension 'colcon_pkg'
[0.444s] Level 1:colcon.colcon_core.package_identification:_identify(src/bumperbot_cpp_examples) by extensions ['colcon_meta']
[0.444s] Level 1:colcon.colcon_core.package_identification:_identify(src/bumperbot_cpp_examples) by extension 'colcon_meta'
[0.444s] Level 1:colcon.colcon_core.package_identification:_identify(src/bumperbot_cpp_examples) by extensions ['ros']
[0.444s] Level 1:colcon.colcon_core.package_identification:_identify(src/bumperbot_cpp_examples) by extension 'ros'
[0.444s] DEBUG:colcon.colcon_core.package_identification:Package 'src/bumperbot_cpp_examples' with type 'ros.ament_cmake' and name 'bumperbot_cpp_examples'
[0.444s] Level 1:colcon.colcon_core.package_identification:_identify(src/bumperbot_description) by extensions ['ignore', 'ignore_ament_install']
[0.444s] Level 1:colcon.colcon_core.package_identification:_identify(src/bumperbot_description) by extension 'ignore'
[0.444s] Level 1:colcon.colcon_core.package_identification:_identify(src/bumperbot_description) by extension 'ignore_ament_install'
[0.444s] Level 1:colcon.colcon_core.package_identification:_identify(src/bumperbot_description) by extensions ['colcon_pkg']
[0.444s] Level 1:colcon.colcon_core.package_identification:_identify(src/bumperbot_description) by extension 'colcon_pkg'
[0.444s] Level 1:colcon.colcon_core.package_identification:_identify(src/bumperbot_description) by extensions ['colcon_meta']
[0.444s] Level 1:colcon.colcon_core.package_identification:_identify(src/bumperbot_description) by extension 'colcon_meta'
[0.444s] Level 1:colcon.colcon_core.package_identification:_identify(src/bumperbot_description) by extensions ['ros']
[0.444s] Level 1:colcon.colcon_core.package_identification:_identify(src/bumperbot_description) by extension 'ros'
[0.445s] DEBUG:colcon.colcon_core.package_identification:Package 'src/bumperbot_description' with type 'ros.ament_cmake' and name 'bumperbot_description'
[0.445s] Level 1:colcon.colcon_core.package_identification:_identify(src/bumperbot_msgs) by extensions ['ignore', 'ignore_ament_install']
[0.445s] Level 1:colcon.colcon_core.package_identification:_identify(src/bumperbot_msgs) by extension 'ignore'
[0.445s] Level 1:colcon.colcon_core.package_identification:_identify(src/bumperbot_msgs) by extension 'ignore_ament_install'
[0.445s] Level 1:colcon.colcon_core.package_identification:_identify(src/bumperbot_msgs) by extensions ['colcon_pkg']
[0.446s] Level 1:colcon.colcon_core.package_identification:_identify(src/bumperbot_msgs) by extension 'colcon_pkg'
[0.446s] Level 1:colcon.colcon_core.package_identification:_identify(src/bumperbot_msgs) by extensions ['colcon_meta']
[0.446s] Level 1:colcon.colcon_core.package_identification:_identify(src/bumperbot_msgs) by extension 'colcon_meta'
[0.446s] Level 1:colcon.colcon_core.package_identification:_identify(src/bumperbot_msgs) by extensions ['ros']
[0.446s] Level 1:colcon.colcon_core.package_identification:_identify(src/bumperbot_msgs) by extension 'ros'
[0.446s] DEBUG:colcon.colcon_core.package_identification:Package 'src/bumperbot_msgs' with type 'ros.ament_cmake' and name 'bumperbot_msgs'
[0.446s] Level 1:colcon.colcon_core.package_identification:_identify(src/bumperbot_py_examples) by extensions ['ignore', 'ignore_ament_install']
[0.446s] Level 1:colcon.colcon_core.package_identification:_identify(src/bumperbot_py_examples) by extension 'ignore'
[0.446s] Level 1:colcon.colcon_core.package_identification:_identify(src/bumperbot_py_examples) by extension 'ignore_ament_install'
[0.446s] Level 1:colcon.colcon_core.package_identification:_identify(src/bumperbot_py_examples) by extensions ['colcon_pkg']
[0.446s] Level 1:colcon.colcon_core.package_identification:_identify(src/bumperbot_py_examples) by extension 'colcon_pkg'
[0.446s] Level 1:colcon.colcon_core.package_identification:_identify(src/bumperbot_py_examples) by extensions ['colcon_meta']
[0.446s] Level 1:colcon.colcon_core.package_identification:_identify(src/bumperbot_py_examples) by extension 'colcon_meta'
[0.446s] Level 1:colcon.colcon_core.package_identification:_identify(src/bumperbot_py_examples) by extensions ['ros']
[0.446s] Level 1:colcon.colcon_core.package_identification:_identify(src/bumperbot_py_examples) by extension 'ros'
[0.446s] DEBUG:colcon.colcon_core.package_identification:Package 'src/bumperbot_py_examples' with type 'ros.ament_python' and name 'bumperbot_py_examples'
[0.446s] Level 1:colcon.colcon_core.package_identification:_identify(src/bumperbot_utils) by extensions ['ignore', 'ignore_ament_install']
[0.447s] Level 1:colcon.colcon_core.package_identification:_identify(src/bumperbot_utils) by extension 'ignore'
[0.447s] Level 1:colcon.colcon_core.package_identification:_identify(src/bumperbot_utils) by extension 'ignore_ament_install'
[0.447s] Level 1:colcon.colcon_core.package_identification:_identify(src/bumperbot_utils) by extensions ['colcon_pkg']
[0.447s] Level 1:colcon.colcon_core.package_identification:_identify(src/bumperbot_utils) by extension 'colcon_pkg'
[0.447s] Level 1:colcon.colcon_core.package_identification:_identify(src/bumperbot_utils) by extensions ['colcon_meta']
[0.447s] Level 1:colcon.colcon_core.package_identification:_identify(src/bumperbot_utils) by extension 'colcon_meta'
[0.447s] Level 1:colcon.colcon_core.package_identification:_identify(src/bumperbot_utils) by extensions ['ros']
[0.447s] Level 1:colcon.colcon_core.package_identification:_identify(src/bumperbot_utils) by extension 'ros'
[0.447s] DEBUG:colcon.colcon_core.package_identification:Package 'src/bumperbot_utils' with type 'ros.ament_python' and name 'bumperbot_utils'
[0.447s] Level 1:colcon.colcon_core.package_identification:_identify(src/install) by extensions ['ignore', 'ignore_ament_install']
[0.447s] Level 1:colcon.colcon_core.package_identification:_identify(src/install) by extension 'ignore'
[0.447s] Level 1:colcon.colcon_core.package_identification:_identify(src/install) ignored
[0.447s] Level 1:colcon.colcon_core.package_identification:_identify(src/log) by extensions ['ignore', 'ignore_ament_install']
[0.447s] Level 1:colcon.colcon_core.package_identification:_identify(src/log) by extension 'ignore'
[0.447s] Level 1:colcon.colcon_core.package_identification:_identify(src/log) ignored
[0.447s] Level 1:colcon.colcon_core.package_discovery:discover_packages(recursive) using defaults
[0.447s] Level 1:colcon.colcon_core.package_discovery:discover_packages(ignore) discover
[0.447s] Level 1:colcon.colcon_core.package_discovery:discover_packages(ignore) using defaults
[0.447s] Level 1:colcon.colcon_core.package_discovery:discover_packages(path) discover
[0.447s] Level 1:colcon.colcon_core.package_discovery:discover_packages(path) using defaults
[0.470s] Level 1:colcon.colcon_core.package_discovery:discover_packages(prefix_path) check parameters
[0.470s] Level 1:colcon.colcon_core.package_discovery:discover_packages(prefix_path) discover
[0.472s] DEBUG:colcon.colcon_installed_package_information.package_discovery:Found 6 installed packages in /home/pepperumo/bumperbot_ws/install
[0.473s] DEBUG:colcon.colcon_installed_package_information.package_discovery:Found 342 installed packages in /opt/ros/humble
[0.473s] Level 1:colcon.colcon_core.package_discovery:discover_packages(prefix_path) using defaults
[0.528s] Level 5:colcon.colcon_core.verb:set package 'bumperbot_controller' build argument 'cmake_args' from command line to 'None'
[0.529s] Level 5:colcon.colcon_core.verb:set package 'bumperbot_controller' build argument 'cmake_target' from command line to 'None'
[0.529s] Level 5:colcon.colcon_core.verb:set package 'bumperbot_controller' build argument 'cmake_target_skip_unavailable' from command line to 'False'
[0.529s] Level 5:colcon.colcon_core.verb:set package 'bumperbot_controller' build argument 'cmake_clean_cache' from command line to 'False'
[0.529s] Level 5:colcon.colcon_core.verb:set package 'bumperbot_controller' build argument 'cmake_clean_first' from command line to 'False'
[0.529s] Level 5:colcon.colcon_core.verb:set package 'bumperbot_controller' build argument 'cmake_force_configure' from command line to 'False'
[0.529s] Level 5:colcon.colcon_core.verb:set package 'bumperbot_controller' build argument 'ament_cmake_args' from command line to 'None'
[0.529s] Level 5:colcon.colcon_core.verb:set package 'bumperbot_controller' build argument 'catkin_cmake_args' from command line to 'None'
[0.529s] Level 5:colcon.colcon_core.verb:set package 'bumperbot_controller' build argument 'catkin_skip_building_tests' from command line to 'False'
[0.529s] DEBUG:colcon.colcon_core.verb:Building package 'bumperbot_controller' with the following arguments: {'ament_cmake_args': None, 'build_base': '/home/pepperumo/bumperbot_ws/build/bumperbot_controller', 'catkin_cmake_args': None, 'catkin_skip_building_tests': False, 'cmake_args': None, 'cmake_clean_cache': False, 'cmake_clean_first': False, 'cmake_force_configure': False, 'cmake_target': None, 'cmake_target_skip_unavailable': False, 'install_base': '/home/pepperumo/bumperbot_ws/install/bumperbot_controller', 'merge_install': False, 'path': '/home/pepperumo/bumperbot_ws/src/bumperbot_controller', 'symlink_install': False, 'test_result_base': None}
[0.529s] Level 5:colcon.colcon_core.verb:set package 'bumperbot_cpp_examples' build argument 'cmake_args' from command line to 'None'
[0.529s] Level 5:colcon.colcon_core.verb:set package 'bumperbot_cpp_examples' build argument 'cmake_target' from command line to 'None'
[0.529s] Level 5:colcon.colcon_core.verb:set package 'bumperbot_cpp_examples' build argument 'cmake_target_skip_unavailable' from command line to 'False'
[0.529s] Level 5:colcon.colcon_core.verb:set package 'bumperbot_cpp_examples' build argument 'cmake_clean_cache' from command line to 'False'
[0.529s] Level 5:colcon.colcon_core.verb:set package 'bumperbot_cpp_examples' build argument 'cmake_clean_first' from command line to 'False'
[0.529s] Level 5:colcon.colcon_core.verb:set package 'bumperbot_cpp_examples' build argument 'cmake_force_configure' from command line to 'False'
[0.529s] Level 5:colcon.colcon_core.verb:set package 'bumperbot_cpp_examples' build argument 'ament_cmake_args' from command line to 'None'
[0.529s] Level 5:colcon.colcon_core.verb:set package 'bumperbot_cpp_examples' build argument 'catkin_cmake_args' from command line to 'None'
[0.529s] Level 5:colcon.colcon_core.verb:set package 'bumperbot_cpp_examples' build argument 'catkin_skip_building_tests' from command line to 'False'
[0.529s] DEBUG:colcon.colcon_core.verb:Building package 'bumperbot_cpp_examples' with the following arguments: {'ament_cmake_args': None, 'build_base': '/home/pepperumo/bumperbot_ws/build/bumperbot_cpp_examples', 'catkin_cmake_args': None, 'catkin_skip_building_tests': False, 'cmake_args': None, 'cmake_clean_cache': False, 'cmake_clean_first': False, 'cmake_force_configure': False, 'cmake_target': None, 'cmake_target_skip_unavailable': False, 'install_base': '/home/pepperumo/bumperbot_ws/install/bumperbot_cpp_examples', 'merge_install': False, 'path': '/home/pepperumo/bumperbot_ws/src/bumperbot_cpp_examples', 'symlink_install': False, 'test_result_base': None}
[0.529s] Level 5:colcon.colcon_core.verb:set package 'bumperbot_description' build argument 'cmake_args' from command line to 'None'
[0.529s] Level 5:colcon.colcon_core.verb:set package 'bumperbot_description' build argument 'cmake_target' from command line to 'None'
[0.529s] Level 5:colcon.colcon_core.verb:set package 'bumperbot_description' build argument 'cmake_target_skip_unavailable' from command line to 'False'
[0.529s] Level 5:colcon.colcon_core.verb:set package 'bumperbot_description' build argument 'cmake_clean_cache' from command line to 'False'
[0.529s] Level 5:colcon.colcon_core.verb:set package 'bumperbot_description' build argument 'cmake_clean_first' from command line to 'False'
[0.529s] Level 5:colcon.colcon_core.verb:set package 'bumperbot_description' build argument 'cmake_force_configure' from command line to 'False'
[0.529s] Level 5:colcon.colcon_core.verb:set package 'bumperbot_description' build argument 'ament_cmake_args' from command line to 'None'
[0.529s] Level 5:colcon.colcon_core.verb:set package 'bumperbot_description' build argument 'catkin_cmake_args' from command line to 'None'
[0.529s] Level 5:colcon.colcon_core.verb:set package 'bumperbot_description' build argument 'catkin_skip_building_tests' from command line to 'False'
[0.529s] DEBUG:colcon.colcon_core.verb:Building package 'bumperbot_description' with the following arguments: {'ament_cmake_args': None, 'build_base': '/home/pepperumo/bumperbot_ws/build/bumperbot_description', 'catkin_cmake_args': None, 'catkin_skip_building_tests': False, 'cmake_args': None, 'cmake_clean_cache': False, 'cmake_clean_first': False, 'cmake_force_configure': False, 'cmake_target': None, 'cmake_target_skip_unavailable': False, 'install_base': '/home/pepperumo/bumperbot_ws/install/bumperbot_description', 'merge_install': False, 'path': '/home/pepperumo/bumperbot_ws/src/bumperbot_description', 'symlink_install': False, 'test_result_base': None}
[0.529s] Level 5:colcon.colcon_core.verb:set package 'bumperbot_msgs' build argument 'cmake_args' from command line to 'None'
[0.529s] Level 5:colcon.colcon_core.verb:set package 'bumperbot_msgs' build argument 'cmake_target' from command line to 'None'
[0.529s] Level 5:colcon.colcon_core.verb:set package 'bumperbot_msgs' build argument 'cmake_target_skip_unavailable' from command line to 'False'
[0.529s] Level 5:colcon.colcon_core.verb:set package 'bumperbot_msgs' build argument 'cmake_clean_cache' from command line to 'False'
[0.529s] Level 5:colcon.colcon_core.verb:set package 'bumperbot_msgs' build argument 'cmake_clean_first' from command line to 'False'
[0.529s] Level 5:colcon.colcon_core.verb:set package 'bumperbot_msgs' build argument 'cmake_force_configure' from command line to 'False'
[0.529s] Level 5:colcon.colcon_core.verb:set package 'bumperbot_msgs' build argument 'ament_cmake_args' from command line to 'None'
[0.529s] Level 5:colcon.colcon_core.verb:set package 'bumperbot_msgs' build argument 'catkin_cmake_args' from command line to 'None'
[0.530s] Level 5:colcon.colcon_core.verb:set package 'bumperbot_msgs' build argument 'catkin_skip_building_tests' from command line to 'False'
[0.530s] DEBUG:colcon.colcon_core.verb:Building package 'bumperbot_msgs' with the following arguments: {'ament_cmake_args': None, 'build_base': '/home/pepperumo/bumperbot_ws/build/bumperbot_msgs', 'catkin_cmake_args': None, 'catkin_skip_building_tests': False, 'cmake_args': None, 'cmake_clean_cache': False, 'cmake_clean_first': False, 'cmake_force_configure': False, 'cmake_target': None, 'cmake_target_skip_unavailable': False, 'install_base': '/home/pepperumo/bumperbot_ws/install/bumperbot_msgs', 'merge_install': False, 'path': '/home/pepperumo/bumperbot_ws/src/bumperbot_msgs', 'symlink_install': False, 'test_result_base': None}
[0.530s] Level 5:colcon.colcon_core.verb:set package 'bumperbot_utils' build argument 'cmake_args' from command line to 'None'
[0.530s] Level 5:colcon.colcon_core.verb:set package 'bumperbot_utils' build argument 'cmake_target' from command line to 'None'
[0.530s] Level 5:colcon.colcon_core.verb:set package 'bumperbot_utils' build argument 'cmake_target_skip_unavailable' from command line to 'False'
[0.530s] Level 5:colcon.colcon_core.verb:set package 'bumperbot_utils' build argument 'cmake_clean_cache' from command line to 'False'
[0.530s] Level 5:colcon.colcon_core.verb:set package 'bumperbot_utils' build argument 'cmake_clean_first' from command line to 'False'
[0.530s] Level 5:colcon.colcon_core.verb:set package 'bumperbot_utils' build argument 'cmake_force_configure' from command line to 'False'
[0.530s] Level 5:colcon.colcon_core.verb:set package 'bumperbot_utils' build argument 'ament_cmake_args' from command line to 'None'
[0.530s] Level 5:colcon.colcon_core.verb:set package 'bumperbot_utils' build argument 'catkin_cmake_args' from command line to 'None'
[0.530s] Level 5:colcon.colcon_core.verb:set package 'bumperbot_utils' build argument 'catkin_skip_building_tests' from command line to 'False'
[0.530s] DEBUG:colcon.colcon_core.verb:Building package 'bumperbot_utils' with the following arguments: {'ament_cmake_args': None, 'build_base': '/home/pepperumo/bumperbot_ws/build/bumperbot_utils', 'catkin_cmake_args': None, 'catkin_skip_building_tests': False, 'cmake_args': None, 'cmake_clean_cache': False, 'cmake_clean_first': False, 'cmake_force_configure': False, 'cmake_target': None, 'cmake_target_skip_unavailable': False, 'install_base': '/home/pepperumo/bumperbot_ws/install/bumperbot_utils', 'merge_install': False, 'path': '/home/pepperumo/bumperbot_ws/src/bumperbot_utils', 'symlink_install': False, 'test_result_base': None}
[0.530s] Level 5:colcon.colcon_core.verb:set package 'bumperbot_py_examples' build argument 'cmake_args' from command line to 'None'
[0.530s] Level 5:colcon.colcon_core.verb:set package 'bumperbot_py_examples' build argument 'cmake_target' from command line to 'None'
[0.530s] Level 5:colcon.colcon_core.verb:set package 'bumperbot_py_examples' build argument 'cmake_target_skip_unavailable' from command line to 'False'
[0.530s] Level 5:colcon.colcon_core.verb:set package 'bumperbot_py_examples' build argument 'cmake_clean_cache' from command line to 'False'
[0.530s] Level 5:colcon.colcon_core.verb:set package 'bumperbot_py_examples' build argument 'cmake_clean_first' from command line to 'False'
[0.530s] Level 5:colcon.colcon_core.verb:set package 'bumperbot_py_examples' build argument 'cmake_force_configure' from command line to 'False'
[0.530s] Level 5:colcon.colcon_core.verb:set package 'bumperbot_py_examples' build argument 'ament_cmake_args' from command line to 'None'
[0.530s] Level 5:colcon.colcon_core.verb:set package 'bumperbot_py_examples' build argument 'catkin_cmake_args' from command line to 'None'
[0.530s] Level 5:colcon.colcon_core.verb:set package 'bumperbot_py_examples' build argument 'catkin_skip_building_tests' from command line to 'False'
[0.530s] DEBUG:colcon.colcon_core.verb:Building package 'bumperbot_py_examples' with the following arguments: {'ament_cmake_args': None, 'build_base': '/home/pepperumo/bumperbot_ws/build/bumperbot_py_examples', 'catkin_cmake_args': None, 'catkin_skip_building_tests': False, 'cmake_args': None, 'cmake_clean_cache': False, 'cmake_clean_first': False, 'cmake_force_configure': False, 'cmake_target': None, 'cmake_target_skip_unavailable': False, 'install_base': '/home/pepperumo/bumperbot_ws/install/bumperbot_py_examples', 'merge_install': False, 'path': '/home/pepperumo/bumperbot_ws/src/bumperbot_py_examples', 'symlink_install': False, 'test_result_base': None}
[0.530s] INFO:colcon.colcon_core.executor:Executing jobs using 'parallel' executor
[0.531s] DEBUG:colcon.colcon_parallel_executor.executor.parallel:run_until_complete
[0.531s] INFO:colcon.colcon_ros.task.ament_cmake.build:Building ROS package in '/home/pepperumo/bumperbot_ws/src/bumperbot_msgs' with build type 'ament_cmake'
[0.531s] INFO:colcon.colcon_cmake.task.cmake.build:Building CMake package in '/home/pepperumo/bumperbot_ws/src/bumperbot_msgs'
[0.534s] INFO:colcon.colcon_core.plugin_system:Skipping extension 'colcon_core.shell.bat': Not used on non-Windows systems
[0.535s] INFO:colcon.colcon_core.shell:Skip shell extension 'powershell' for command environment: Not usable outside of PowerShell
[0.535s] DEBUG:colcon.colcon_core.shell:Skip shell extension 'dsv' for command environment
[0.537s] INFO:colcon.colcon_ros.task.ament_cmake.build:Building ROS package in '/home/pepperumo/bumperbot_ws/src/bumperbot_controller' with build type 'ament_cmake'
[0.537s] INFO:colcon.colcon_cmake.task.cmake.build:Building CMake package in '/home/pepperumo/bumperbot_ws/src/bumperbot_controller'
[0.537s] INFO:colcon.colcon_core.shell:Skip shell extension 'powershell' for command environment: Not usable outside of PowerShell
[0.537s] DEBUG:colcon.colcon_core.shell:Skip shell extension 'dsv' for command environment
[0.539s] INFO:colcon.colcon_ros.task.ament_cmake.build:Building ROS package in '/home/pepperumo/bumperbot_ws/src/bumperbot_cpp_examples' with build type 'ament_cmake'
[0.539s] INFO:colcon.colcon_cmake.task.cmake.build:Building CMake package in '/home/pepperumo/bumperbot_ws/src/bumperbot_cpp_examples'
[0.540s] INFO:colcon.colcon_core.shell:Skip shell extension 'powershell' for command environment: Not usable outside of PowerShell
[0.540s] DEBUG:colcon.colcon_core.shell:Skip shell extension 'dsv' for command environment
[0.542s] INFO:colcon.colcon_ros.task.ament_cmake.build:Building ROS package in '/home/pepperumo/bumperbot_ws/src/bumperbot_description' with build type 'ament_cmake'
[0.542s] INFO:colcon.colcon_cmake.task.cmake.build:Building CMake package in '/home/pepperumo/bumperbot_ws/src/bumperbot_description'
[0.542s] INFO:colcon.colcon_core.shell:Skip shell extension 'powershell' for command environment: Not usable outside of PowerShell
[0.542s] DEBUG:colcon.colcon_core.shell:Skip shell extension 'dsv' for command environment
[0.544s] INFO:colcon.colcon_ros.task.ament_python.build:Building ROS package in '/home/pepperumo/bumperbot_ws/src/bumperbot_utils' with build type 'ament_python'
[0.544s] Level 1:colcon.colcon_core.shell:create_environment_hook('bumperbot_utils', 'ament_prefix_path')
[0.544s] INFO:colcon.colcon_core.shell:Creating environment hook '/home/pepperumo/bumperbot_ws/install/bumperbot_utils/share/bumperbot_utils/hook/ament_prefix_path.ps1'
[0.545s] INFO:colcon.colcon_core.shell:Creating environment descriptor '/home/pepperumo/bumperbot_ws/install/bumperbot_utils/share/bumperbot_utils/hook/ament_prefix_path.dsv'
[0.546s] INFO:colcon.colcon_core.shell:Creating environment hook '/home/pepperumo/bumperbot_ws/install/bumperbot_utils/share/bumperbot_utils/hook/ament_prefix_path.sh'
[0.546s] INFO:colcon.colcon_core.shell:Skip shell extension 'powershell' for command environment: Not usable outside of PowerShell
[0.546s] DEBUG:colcon.colcon_core.shell:Skip shell extension 'dsv' for command environment
[0.552s] DEBUG:colcon.colcon_core.event_handler.log_command:Invoking command in '/home/pepperumo/bumperbot_ws/build/bumperbot_msgs': CMAKE_PREFIX_PATH=${CMAKE_PREFIX_PATH}:/home/pepperumo/bumperbot_ws/install/bumperbot_utils:/home/pepperumo/bumperbot_ws/install/bumperbot_py_examples:/opt/ros/humble /usr/bin/cmake --build /home/pepperumo/bumperbot_ws/build/bumperbot_msgs -- -j32 -l32
[0.556s] DEBUG:colcon.colcon_core.event_handler.log_command:Invoking command in '/home/pepperumo/bumperbot_ws/build/bumperbot_controller': CMAKE_PREFIX_PATH=${CMAKE_PREFIX_PATH}:/home/pepperumo/bumperbot_ws/install/bumperbot_utils:/home/pepperumo/bumperbot_ws/install/bumperbot_py_examples:/opt/ros/humble /usr/bin/cmake --build /home/pepperumo/bumperbot_ws/build/bumperbot_controller -- -j32 -l32
[0.557s] DEBUG:colcon.colcon_core.event_handler.log_command:Invoking command in '/home/pepperumo/bumperbot_ws/build/bumperbot_cpp_examples': CMAKE_PREFIX_PATH=${CMAKE_PREFIX_PATH}:/home/pepperumo/bumperbot_ws/install/bumperbot_utils:/home/pepperumo/bumperbot_ws/install/bumperbot_py_examples:/opt/ros/humble /usr/bin/cmake --build /home/pepperumo/bumperbot_ws/build/bumperbot_cpp_examples -- -j32 -l32
[0.558s] DEBUG:colcon.colcon_core.event_handler.log_command:Invoking command in '/home/pepperumo/bumperbot_ws/build/bumperbot_description': CMAKE_PREFIX_PATH=${CMAKE_PREFIX_PATH}:/home/pepperumo/bumperbot_ws/install/bumperbot_utils:/home/pepperumo/bumperbot_ws/install/bumperbot_py_examples:/opt/ros/humble /usr/bin/cmake --build /home/pepperumo/bumperbot_ws/build/bumperbot_description -- -j32 -l32
[0.679s] INFO:colcon.colcon_core.task.python.build:Building Python package in '/home/pepperumo/bumperbot_ws/src/bumperbot_utils'
[0.680s] INFO:colcon.colcon_core.shell:Skip shell extension 'powershell' for command environment: Not usable outside of PowerShell
[0.680s] DEBUG:colcon.colcon_core.shell:Skip shell extension 'dsv' for command environment
[0.687s] DEBUG:colcon.colcon_core.event_handler.log_command:Invoked command in '/home/pepperumo/bumperbot_ws/build/bumperbot_cpp_examples' returned '0': CMAKE_PREFIX_PATH=${CMAKE_PREFIX_PATH}:/home/pepperumo/bumperbot_ws/install/bumperbot_utils:/home/pepperumo/bumperbot_ws/install/bumperbot_py_examples:/opt/ros/humble /usr/bin/cmake --build /home/pepperumo/bumperbot_ws/build/bumperbot_cpp_examples -- -j32 -l32
[0.690s] DEBUG:colcon.colcon_core.event_handler.log_command:Invoking command in '/home/pepperumo/bumperbot_ws/build/bumperbot_cpp_examples': CMAKE_PREFIX_PATH=${CMAKE_PREFIX_PATH}:/home/pepperumo/bumperbot_ws/install/bumperbot_utils:/home/pepperumo/bumperbot_ws/install/bumperbot_py_examples:/opt/ros/humble /usr/bin/cmake --install /home/pepperumo/bumperbot_ws/build/bumperbot_cpp_examples
[0.691s] DEBUG:colcon.colcon_core.event_handler.log_command:Invoked command in '/home/pepperumo/bumperbot_ws/build/bumperbot_description' returned '0': CMAKE_PREFIX_PATH=${CMAKE_PREFIX_PATH}:/home/pepperumo/bumperbot_ws/install/bumperbot_utils:/home/pepperumo/bumperbot_ws/install/bumperbot_py_examples:/opt/ros/humble /usr/bin/cmake --build /home/pepperumo/bumperbot_ws/build/bumperbot_description -- -j32 -l32
[0.691s] DEBUG:colcon.colcon_core.event_handler.log_command:Invoking command in '/home/pepperumo/bumperbot_ws/build/bumperbot_description': CMAKE_PREFIX_PATH=${CMAKE_PREFIX_PATH}:/home/pepperumo/bumperbot_ws/install/bumperbot_utils:/home/pepperumo/bumperbot_ws/install/bumperbot_py_examples:/opt/ros/humble /usr/bin/cmake --install /home/pepperumo/bumperbot_ws/build/bumperbot_description
[0.699s] Level 1:colcon.colcon_core.environment:create_environment_scripts_only(bumperbot_cpp_examples)
[0.701s] DEBUG:colcon.colcon_core.event_handler.log_command:Invoked command in '/home/pepperumo/bumperbot_ws/build/bumperbot_cpp_examples' returned '0': CMAKE_PREFIX_PATH=${CMAKE_PREFIX_PATH}:/home/pepperumo/bumperbot_ws/install/bumperbot_utils:/home/pepperumo/bumperbot_ws/install/bumperbot_py_examples:/opt/ros/humble /usr/bin/cmake --install /home/pepperumo/bumperbot_ws/build/bumperbot_cpp_examples
[0.705s] Level 1:colcon.colcon_core.environment:checking '/home/pepperumo/bumperbot_ws/install/bumperbot_cpp_examples' for CMake module files
[0.705s] Level 1:colcon.colcon_core.environment:checking '/home/pepperumo/bumperbot_ws/install/bumperbot_cpp_examples' for CMake config files
[0.705s] Level 1:colcon.colcon_core.shell:create_environment_hook('bumperbot_cpp_examples', 'cmake_prefix_path')
[0.705s] INFO:colcon.colcon_core.shell:Creating environment hook '/home/pepperumo/bumperbot_ws/install/bumperbot_cpp_examples/share/bumperbot_cpp_examples/hook/cmake_prefix_path.ps1'
[0.705s] INFO:colcon.colcon_core.shell:Creating environment descriptor '/home/pepperumo/bumperbot_ws/install/bumperbot_cpp_examples/share/bumperbot_cpp_examples/hook/cmake_prefix_path.dsv'
[0.706s] INFO:colcon.colcon_core.shell:Creating environment hook '/home/pepperumo/bumperbot_ws/install/bumperbot_cpp_examples/share/bumperbot_cpp_examples/hook/cmake_prefix_path.sh'
[0.706s] Level 1:colcon.colcon_core.environment:checking '/home/pepperumo/bumperbot_ws/install/bumperbot_cpp_examples/bin'
[0.706s] Level 1:colcon.colcon_core.environment:checking '/home/pepperumo/bumperbot_ws/install/bumperbot_cpp_examples/lib/pkgconfig/bumperbot_cpp_examples.pc'
[0.706s] Level 1:colcon.colcon_core.environment:checking '/home/pepperumo/bumperbot_ws/install/bumperbot_cpp_examples/lib/python3.10/site-packages'
[0.706s] Level 1:colcon.colcon_core.environment:checking '/home/pepperumo/bumperbot_ws/install/bumperbot_cpp_examples/bin'
[0.706s] INFO:colcon.colcon_core.shell:Creating package script '/home/pepperumo/bumperbot_ws/install/bumperbot_cpp_examples/share/bumperbot_cpp_examples/package.ps1'
[0.707s] INFO:colcon.colcon_core.shell:Creating package descriptor '/home/pepperumo/bumperbot_ws/install/bumperbot_cpp_examples/share/bumperbot_cpp_examples/package.dsv'
[0.707s] INFO:colcon.colcon_core.shell:Creating package script '/home/pepperumo/bumperbot_ws/install/bumperbot_cpp_examples/share/bumperbot_cpp_examples/package.sh'
[0.708s] INFO:colcon.colcon_core.shell:Creating package script '/home/pepperumo/bumperbot_ws/install/bumperbot_cpp_examples/share/bumperbot_cpp_examples/package.bash'
[0.709s] INFO:colcon.colcon_core.shell:Creating package script '/home/pepperumo/bumperbot_ws/install/bumperbot_cpp_examples/share/bumperbot_cpp_examples/package.zsh'
[0.709s] Level 1:colcon.colcon_core.environment:create_file_with_runtime_dependencies(/home/pepperumo/bumperbot_ws/install/bumperbot_cpp_examples/share/colcon-core/packages/bumperbot_cpp_examples)
[0.709s] Level 1:colcon.colcon_core.environment:create_environment_scripts_only(bumperbot_cpp_examples)
[0.709s] Level 1:colcon.colcon_core.environment:checking '/home/pepperumo/bumperbot_ws/install/bumperbot_cpp_examples' for CMake module files
[0.710s] Level 1:colcon.colcon_core.environment:checking '/home/pepperumo/bumperbot_ws/install/bumperbot_cpp_examples' for CMake config files
[0.710s] Level 1:colcon.colcon_core.shell:create_environment_hook('bumperbot_cpp_examples', 'cmake_prefix_path')
[0.710s] INFO:colcon.colcon_core.shell:Creating environment hook '/home/pepperumo/bumperbot_ws/install/bumperbot_cpp_examples/share/bumperbot_cpp_examples/hook/cmake_prefix_path.ps1'
[0.710s] INFO:colcon.colcon_core.shell:Creating environment descriptor '/home/pepperumo/bumperbot_ws/install/bumperbot_cpp_examples/share/bumperbot_cpp_examples/hook/cmake_prefix_path.dsv'
[0.710s] INFO:colcon.colcon_core.shell:Creating environment hook '/home/pepperumo/bumperbot_ws/install/bumperbot_cpp_examples/share/bumperbot_cpp_examples/hook/cmake_prefix_path.sh'
[0.710s] Level 1:colcon.colcon_core.environment:checking '/home/pepperumo/bumperbot_ws/install/bumperbot_cpp_examples/bin'
[0.710s] Level 1:colcon.colcon_core.environment:checking '/home/pepperumo/bumperbot_ws/install/bumperbot_cpp_examples/lib/pkgconfig/bumperbot_cpp_examples.pc'
[0.710s] Level 1:colcon.colcon_core.environment:checking '/home/pepperumo/bumperbot_ws/install/bumperbot_cpp_examples/lib/python3.10/site-packages'
[0.711s] Level 1:colcon.colcon_core.environment:checking '/home/pepperumo/bumperbot_ws/install/bumperbot_cpp_examples/bin'
[0.711s] INFO:colcon.colcon_core.shell:Creating package script '/home/pepperumo/bumperbot_ws/install/bumperbot_cpp_examples/share/bumperbot_cpp_examples/package.ps1'
[0.711s] INFO:colcon.colcon_core.shell:Creating package descriptor '/home/pepperumo/bumperbot_ws/install/bumperbot_cpp_examples/share/bumperbot_cpp_examples/package.dsv'
[0.711s] INFO:colcon.colcon_core.shell:Creating package script '/home/pepperumo/bumperbot_ws/install/bumperbot_cpp_examples/share/bumperbot_cpp_examples/package.sh'
[0.711s] INFO:colcon.colcon_core.shell:Creating package script '/home/pepperumo/bumperbot_ws/install/bumperbot_cpp_examples/share/bumperbot_cpp_examples/package.bash'
[0.711s] INFO:colcon.colcon_core.shell:Creating package script '/home/pepperumo/bumperbot_ws/install/bumperbot_cpp_examples/share/bumperbot_cpp_examples/package.zsh'
[0.712s] Level 1:colcon.colcon_core.environment:create_file_with_runtime_dependencies(/home/pepperumo/bumperbot_ws/install/bumperbot_cpp_examples/share/colcon-core/packages/bumperbot_cpp_examples)
[0.712s] Level 1:colcon.colcon_core.environment:create_environment_scripts_only(bumperbot_description)
[0.712s] Level 1:colcon.colcon_core.environment:checking '/home/pepperumo/bumperbot_ws/install/bumperbot_description' for CMake module files
[0.713s] Level 1:colcon.colcon_core.environment:checking '/home/pepperumo/bumperbot_ws/install/bumperbot_description' for CMake config files
[0.713s] DEBUG:colcon.colcon_core.event_handler.log_command:Invoked command in '/home/pepperumo/bumperbot_ws/build/bumperbot_description' returned '0': CMAKE_PREFIX_PATH=${CMAKE_PREFIX_PATH}:/home/pepperumo/bumperbot_ws/install/bumperbot_utils:/home/pepperumo/bumperbot_ws/install/bumperbot_py_examples:/opt/ros/humble /usr/bin/cmake --install /home/pepperumo/bumperbot_ws/build/bumperbot_description
[0.713s] Level 1:colcon.colcon_core.shell:create_environment_hook('bumperbot_description', 'cmake_prefix_path')
[0.713s] INFO:colcon.colcon_core.shell:Creating environment hook '/home/pepperumo/bumperbot_ws/install/bumperbot_description/share/bumperbot_description/hook/cmake_prefix_path.ps1'
[0.714s] INFO:colcon.colcon_core.shell:Creating environment descriptor '/home/pepperumo/bumperbot_ws/install/bumperbot_description/share/bumperbot_description/hook/cmake_prefix_path.dsv'
[0.714s] INFO:colcon.colcon_core.shell:Creating environment hook '/home/pepperumo/bumperbot_ws/install/bumperbot_description/share/bumperbot_description/hook/cmake_prefix_path.sh'
[0.714s] Level 1:colcon.colcon_core.environment:checking '/home/pepperumo/bumperbot_ws/install/bumperbot_description/bin'
[0.714s] Level 1:colcon.colcon_core.environment:checking '/home/pepperumo/bumperbot_ws/install/bumperbot_description/lib/pkgconfig/bumperbot_description.pc'
[0.714s] Level 1:colcon.colcon_core.environment:checking '/home/pepperumo/bumperbot_ws/install/bumperbot_description/lib/python3.10/site-packages'
[0.714s] Level 1:colcon.colcon_core.environment:checking '/home/pepperumo/bumperbot_ws/install/bumperbot_description/bin'
[0.714s] INFO:colcon.colcon_core.shell:Creating package script '/home/pepperumo/bumperbot_ws/install/bumperbot_description/share/bumperbot_description/package.ps1'
[0.715s] INFO:colcon.colcon_core.shell:Creating package descriptor '/home/pepperumo/bumperbot_ws/install/bumperbot_description/share/bumperbot_description/package.dsv'
[0.715s] INFO:colcon.colcon_core.shell:Creating package script '/home/pepperumo/bumperbot_ws/install/bumperbot_description/share/bumperbot_description/package.sh'
[0.715s] INFO:colcon.colcon_core.shell:Creating package script '/home/pepperumo/bumperbot_ws/install/bumperbot_description/share/bumperbot_description/package.bash'
[0.715s] INFO:colcon.colcon_core.shell:Creating package script '/home/pepperumo/bumperbot_ws/install/bumperbot_description/share/bumperbot_description/package.zsh'
[0.715s] Level 1:colcon.colcon_core.environment:create_file_with_runtime_dependencies(/home/pepperumo/bumperbot_ws/install/bumperbot_description/share/colcon-core/packages/bumperbot_description)
[0.716s] Level 1:colcon.colcon_core.environment:create_environment_scripts_only(bumperbot_description)
[0.716s] Level 1:colcon.colcon_core.environment:checking '/home/pepperumo/bumperbot_ws/install/bumperbot_description' for CMake module files
[0.716s] Level 1:colcon.colcon_core.environment:checking '/home/pepperumo/bumperbot_ws/install/bumperbot_description' for CMake config files
[0.716s] Level 1:colcon.colcon_core.shell:create_environment_hook('bumperbot_description', 'cmake_prefix_path')
[0.716s] INFO:colcon.colcon_core.shell:Creating environment hook '/home/pepperumo/bumperbot_ws/install/bumperbot_description/share/bumperbot_description/hook/cmake_prefix_path.ps1'
[0.717s] INFO:colcon.colcon_core.shell:Creating environment descriptor '/home/pepperumo/bumperbot_ws/install/bumperbot_description/share/bumperbot_description/hook/cmake_prefix_path.dsv'
[0.717s] INFO:colcon.colcon_core.shell:Creating environment hook '/home/pepperumo/bumperbot_ws/install/bumperbot_description/share/bumperbot_description/hook/cmake_prefix_path.sh'
[0.717s] Level 1:colcon.colcon_core.environment:checking '/home/pepperumo/bumperbot_ws/install/bumperbot_description/bin'
[0.717s] Level 1:colcon.colcon_core.environment:checking '/home/pepperumo/bumperbot_ws/install/bumperbot_description/lib/pkgconfig/bumperbot_description.pc'
[0.717s] Level 1:colcon.colcon_core.environment:checking '/home/pepperumo/bumperbot_ws/install/bumperbot_description/lib/python3.10/site-packages'
[0.717s] Level 1:colcon.colcon_core.environment:checking '/home/pepperumo/bumperbot_ws/install/bumperbot_description/bin'
[0.717s] INFO:colcon.colcon_core.shell:Creating package script '/home/pepperumo/bumperbot_ws/install/bumperbot_description/share/bumperbot_description/package.ps1'
[0.718s] INFO:colcon.colcon_core.shell:Creating package descriptor '/home/pepperumo/bumperbot_ws/install/bumperbot_description/share/bumperbot_description/package.dsv'
[0.718s] INFO:colcon.colcon_core.shell:Creating package script '/home/pepperumo/bumperbot_ws/install/bumperbot_description/share/bumperbot_description/package.sh'
[0.718s] INFO:colcon.colcon_core.shell:Creating package script '/home/pepperumo/bumperbot_ws/install/bumperbot_description/share/bumperbot_description/package.bash'
[0.718s] INFO:colcon.colcon_core.shell:Creating package script '/home/pepperumo/bumperbot_ws/install/bumperbot_description/share/bumperbot_description/package.zsh'
[0.718s] Level 1:colcon.colcon_core.environment:create_file_with_runtime_dependencies(/home/pepperumo/bumperbot_ws/install/bumperbot_description/share/colcon-core/packages/bumperbot_description)
[0.721s] DEBUG:colcon.colcon_core.event_handler.log_command:Invoked command in '/home/pepperumo/bumperbot_ws/build/bumperbot_msgs' returned '0': CMAKE_PREFIX_PATH=${CMAKE_PREFIX_PATH}:/home/pepperumo/bumperbot_ws/install/bumperbot_utils:/home/pepperumo/bumperbot_ws/install/bumperbot_py_examples:/opt/ros/humble /usr/bin/cmake --build /home/pepperumo/bumperbot_ws/build/bumperbot_msgs -- -j32 -l32
[0.722s] DEBUG:colcon.colcon_core.event_handler.log_command:Invoking command in '/home/pepperumo/bumperbot_ws/build/bumperbot_msgs': CMAKE_PREFIX_PATH=${CMAKE_PREFIX_PATH}:/home/pepperumo/bumperbot_ws/install/bumperbot_utils:/home/pepperumo/bumperbot_ws/install/bumperbot_py_examples:/opt/ros/humble /usr/bin/cmake --install /home/pepperumo/bumperbot_ws/build/bumperbot_msgs
[0.749s] Level 1:colcon.colcon_core.environment:create_environment_scripts_only(bumperbot_msgs)
[0.749s] DEBUG:colcon.colcon_core.event_handler.log_command:Invoked command in '/home/pepperumo/bumperbot_ws/build/bumperbot_msgs' returned '0': CMAKE_PREFIX_PATH=${CMAKE_PREFIX_PATH}:/home/pepperumo/bumperbot_ws/install/bumperbot_utils:/home/pepperumo/bumperbot_ws/install/bumperbot_py_examples:/opt/ros/humble /usr/bin/cmake --install /home/pepperumo/bumperbot_ws/build/bumperbot_msgs
[0.750s] Level 1:colcon.colcon_core.environment:checking '/home/pepperumo/bumperbot_ws/install/bumperbot_msgs' for CMake module files
[0.750s] Level 1:colcon.colcon_core.environment:checking '/home/pepperumo/bumperbot_ws/install/bumperbot_msgs' for CMake config files
[0.750s] Level 1:colcon.colcon_core.shell:create_environment_hook('bumperbot_msgs', 'cmake_prefix_path')
[0.750s] INFO:colcon.colcon_core.shell:Creating environment hook '/home/pepperumo/bumperbot_ws/install/bumperbot_msgs/share/bumperbot_msgs/hook/cmake_prefix_path.ps1'
[0.751s] INFO:colcon.colcon_core.shell:Creating environment descriptor '/home/pepperumo/bumperbot_ws/install/bumperbot_msgs/share/bumperbot_msgs/hook/cmake_prefix_path.dsv'
[0.751s] INFO:colcon.colcon_core.shell:Creating environment hook '/home/pepperumo/bumperbot_ws/install/bumperbot_msgs/share/bumperbot_msgs/hook/cmake_prefix_path.sh'
[0.751s] Level 1:colcon.colcon_core.environment:checking '/home/pepperumo/bumperbot_ws/install/bumperbot_msgs/lib'
[0.751s] Level 1:colcon.colcon_core.shell:create_environment_hook('bumperbot_msgs', 'ld_library_path_lib')
[0.751s] INFO:colcon.colcon_core.shell:Creating environment hook '/home/pepperumo/bumperbot_ws/install/bumperbot_msgs/share/bumperbot_msgs/hook/ld_library_path_lib.ps1'
[0.751s] INFO:colcon.colcon_core.shell:Creating environment descriptor '/home/pepperumo/bumperbot_ws/install/bumperbot_msgs/share/bumperbot_msgs/hook/ld_library_path_lib.dsv'
[0.752s] INFO:colcon.colcon_core.shell:Creating environment hook '/home/pepperumo/bumperbot_ws/install/bumperbot_msgs/share/bumperbot_msgs/hook/ld_library_path_lib.sh'
[0.752s] Level 1:colcon.colcon_core.environment:checking '/home/pepperumo/bumperbot_ws/install/bumperbot_msgs/bin'
[0.752s] Level 1:colcon.colcon_core.environment:checking '/home/pepperumo/bumperbot_ws/install/bumperbot_msgs/lib/pkgconfig/bumperbot_msgs.pc'
[0.752s] Level 1:colcon.colcon_core.environment:checking '/home/pepperumo/bumperbot_ws/install/bumperbot_msgs/lib/python3.10/site-packages'
[0.752s] Level 1:colcon.colcon_core.environment:checking '/home/pepperumo/bumperbot_ws/install/bumperbot_msgs/bin'
[0.752s] INFO:colcon.colcon_core.shell:Creating package script '/home/pepperumo/bumperbot_ws/install/bumperbot_msgs/share/bumperbot_msgs/package.ps1'
[0.752s] INFO:colcon.colcon_core.shell:Creating package descriptor '/home/pepperumo/bumperbot_ws/install/bumperbot_msgs/share/bumperbot_msgs/package.dsv'
[0.752s] INFO:colcon.colcon_core.shell:Creating package script '/home/pepperumo/bumperbot_ws/install/bumperbot_msgs/share/bumperbot_msgs/package.sh'
[0.753s] INFO:colcon.colcon_core.shell:Creating package script '/home/pepperumo/bumperbot_ws/install/bumperbot_msgs/share/bumperbot_msgs/package.bash'
[0.753s] INFO:colcon.colcon_core.shell:Creating package script '/home/pepperumo/bumperbot_ws/install/bumperbot_msgs/share/bumperbot_msgs/package.zsh'
[0.753s] Level 1:colcon.colcon_core.environment:create_file_with_runtime_dependencies(/home/pepperumo/bumperbot_ws/install/bumperbot_msgs/share/colcon-core/packages/bumperbot_msgs)
[0.753s] Level 1:colcon.colcon_core.environment:create_environment_scripts_only(bumperbot_msgs)
[0.753s] Level 1:colcon.colcon_core.environment:checking '/home/pepperumo/bumperbot_ws/install/bumperbot_msgs' for CMake module files
[0.753s] Level 1:colcon.colcon_core.environment:checking '/home/pepperumo/bumperbot_ws/install/bumperbot_msgs' for CMake config files
[0.754s] Level 1:colcon.colcon_core.shell:create_environment_hook('bumperbot_msgs', 'cmake_prefix_path')
[0.754s] INFO:colcon.colcon_core.shell:Creating environment hook '/home/pepperumo/bumperbot_ws/install/bumperbot_msgs/share/bumperbot_msgs/hook/cmake_prefix_path.ps1'
[0.754s] INFO:colcon.colcon_core.shell:Creating environment descriptor '/home/pepperumo/bumperbot_ws/install/bumperbot_msgs/share/bumperbot_msgs/hook/cmake_prefix_path.dsv'
[0.754s] INFO:colcon.colcon_core.shell:Creating environment hook '/home/pepperumo/bumperbot_ws/install/bumperbot_msgs/share/bumperbot_msgs/hook/cmake_prefix_path.sh'
[0.754s] Level 1:colcon.colcon_core.environment:checking '/home/pepperumo/bumperbot_ws/install/bumperbot_msgs/lib'
[0.754s] Level 1:colcon.colcon_core.shell:create_environment_hook('bumperbot_msgs', 'ld_library_path_lib')
[0.755s] INFO:colcon.colcon_core.shell:Creating environment hook '/home/pepperumo/bumperbot_ws/install/bumperbot_msgs/share/bumperbot_msgs/hook/ld_library_path_lib.ps1'
[0.755s] INFO:colcon.colcon_core.shell:Creating environment descriptor '/home/pepperumo/bumperbot_ws/install/bumperbot_msgs/share/bumperbot_msgs/hook/ld_library_path_lib.dsv'
[0.755s] INFO:colcon.colcon_core.shell:Creating environment hook '/home/pepperumo/bumperbot_ws/install/bumperbot_msgs/share/bumperbot_msgs/hook/ld_library_path_lib.sh'
[0.755s] Level 1:colcon.colcon_core.environment:checking '/home/pepperumo/bumperbot_ws/install/bumperbot_msgs/bin'
[0.755s] Level 1:colcon.colcon_core.environment:checking '/home/pepperumo/bumperbot_ws/install/bumperbot_msgs/lib/pkgconfig/bumperbot_msgs.pc'
[0.755s] Level 1:colcon.colcon_core.environment:checking '/home/pepperumo/bumperbot_ws/install/bumperbot_msgs/lib/python3.10/site-packages'
[0.755s] Level 1:colcon.colcon_core.environment:checking '/home/pepperumo/bumperbot_ws/install/bumperbot_msgs/bin'
[0.755s] INFO:colcon.colcon_core.shell:Creating package script '/home/pepperumo/bumperbot_ws/install/bumperbot_msgs/share/bumperbot_msgs/package.ps1'
[0.756s] INFO:colcon.colcon_core.shell:Creating package descriptor '/home/pepperumo/bumperbot_ws/install/bumperbot_msgs/share/bumperbot_msgs/package.dsv'
[0.756s] INFO:colcon.colcon_core.shell:Creating package script '/home/pepperumo/bumperbot_ws/install/bumperbot_msgs/share/bumperbot_msgs/package.sh'
[0.756s] INFO:colcon.colcon_core.shell:Creating package script '/home/pepperumo/bumperbot_ws/install/bumperbot_msgs/share/bumperbot_msgs/package.bash'
[0.756s] INFO:colcon.colcon_core.shell:Creating package script '/home/pepperumo/bumperbot_ws/install/bumperbot_msgs/share/bumperbot_msgs/package.zsh'
[0.756s] Level 1:colcon.colcon_core.environment:create_file_with_runtime_dependencies(/home/pepperumo/bumperbot_ws/install/bumperbot_msgs/share/colcon-core/packages/bumperbot_msgs)
[0.756s] INFO:colcon.colcon_ros.task.ament_python.build:Building ROS package in '/home/pepperumo/bumperbot_ws/src/bumperbot_py_examples' with build type 'ament_python'
[0.757s] Level 1:colcon.colcon_core.shell:create_environment_hook('bumperbot_py_examples', 'ament_prefix_path')
[0.757s] INFO:colcon.colcon_core.shell:Creating environment hook '/home/pepperumo/bumperbot_ws/install/bumperbot_py_examples/share/bumperbot_py_examples/hook/ament_prefix_path.ps1'
[0.757s] INFO:colcon.colcon_core.shell:Creating environment descriptor '/home/pepperumo/bumperbot_ws/install/bumperbot_py_examples/share/bumperbot_py_examples/hook/ament_prefix_path.dsv'
[0.758s] INFO:colcon.colcon_core.shell:Creating environment hook '/home/pepperumo/bumperbot_ws/install/bumperbot_py_examples/share/bumperbot_py_examples/hook/ament_prefix_path.sh'
[0.758s] INFO:colcon.colcon_core.shell:Skip shell extension 'powershell' for command environment: Not usable outside of PowerShell
[0.758s] DEBUG:colcon.colcon_core.shell:Skip shell extension 'dsv' for command environment
[0.991s] INFO:colcon.colcon_core.task.python.build:Building Python package in '/home/pepperumo/bumperbot_ws/src/bumperbot_py_examples'
[0.991s] INFO:colcon.colcon_core.shell:Skip shell extension 'powershell' for command environment: Not usable outside of PowerShell
[0.991s] DEBUG:colcon.colcon_core.shell:Skip shell extension 'dsv' for command environment
[0.994s] DEBUG:colcon.colcon_core.event_handler.log_command:Invoking command in '/home/pepperumo/bumperbot_ws/src/bumperbot_utils': PYTHONPATH=/home/pepperumo/bumperbot_ws/build/bumperbot_utils/prefix_override:/usr/lib/python3/dist-packages/colcon_core/task/python/colcon_distutils_commands:/home/pepperumo/bumperbot_ws/install/bumperbot_utils/lib/python3.10/site-packages:${PYTHONPATH} /usr/bin/python3 -W ignore:setup.py install is deprecated -W ignore:easy_install command is deprecated setup.py egg_info --egg-base ../../build/bumperbot_utils build --build-base /home/pepperumo/bumperbot_ws/build/bumperbot_utils/build install --record /home/pepperumo/bumperbot_ws/build/bumperbot_utils/install.log --single-version-externally-managed install_data
[1.128s] Level 1:colcon.colcon_core.environment:checking '/home/pepperumo/bumperbot_ws/install/bumperbot_utils' for CMake module files
[1.128s] DEBUG:colcon.colcon_core.event_handler.log_command:Invoked command in '/home/pepperumo/bumperbot_ws/src/bumperbot_utils' returned '0': PYTHONPATH=/home/pepperumo/bumperbot_ws/build/bumperbot_utils/prefix_override:/usr/lib/python3/dist-packages/colcon_core/task/python/colcon_distutils_commands:/home/pepperumo/bumperbot_ws/install/bumperbot_utils/lib/python3.10/site-packages:${PYTHONPATH} /usr/bin/python3 -W ignore:setup.py install is deprecated -W ignore:easy_install command is deprecated setup.py egg_info --egg-base ../../build/bumperbot_utils build --build-base /home/pepperumo/bumperbot_ws/build/bumperbot_utils/build install --record /home/pepperumo/bumperbot_ws/build/bumperbot_utils/install.log --single-version-externally-managed install_data
[1.128s] Level 1:colcon.colcon_core.environment:checking '/home/pepperumo/bumperbot_ws/install/bumperbot_utils' for CMake config files
[1.129s] Level 1:colcon.colcon_core.environment:checking '/home/pepperumo/bumperbot_ws/install/bumperbot_utils/lib'
[1.129s] Level 1:colcon.colcon_core.environment:checking '/home/pepperumo/bumperbot_ws/install/bumperbot_utils/bin'
[1.129s] Level 1:colcon.colcon_core.environment:checking '/home/pepperumo/bumperbot_ws/install/bumperbot_utils/lib/pkgconfig/bumperbot_utils.pc'
[1.129s] Level 1:colcon.colcon_core.environment:checking '/home/pepperumo/bumperbot_ws/install/bumperbot_utils/lib/python3.10/site-packages'
[1.129s] Level 1:colcon.colcon_core.shell:create_environment_hook('bumperbot_utils', 'pythonpath')
[1.129s] INFO:colcon.colcon_core.shell:Creating environment hook '/home/pepperumo/bumperbot_ws/install/bumperbot_utils/share/bumperbot_utils/hook/pythonpath.ps1'
[1.129s] INFO:colcon.colcon_core.shell:Creating environment descriptor '/home/pepperumo/bumperbot_ws/install/bumperbot_utils/share/bumperbot_utils/hook/pythonpath.dsv'
[1.129s] INFO:colcon.colcon_core.shell:Creating environment hook '/home/pepperumo/bumperbot_ws/install/bumperbot_utils/share/bumperbot_utils/hook/pythonpath.sh'
[1.130s] Level 1:colcon.colcon_core.environment:checking '/home/pepperumo/bumperbot_ws/install/bumperbot_utils/bin'
[1.130s] Level 1:colcon.colcon_core.environment:create_environment_scripts_only(bumperbot_utils)
[1.130s] INFO:colcon.colcon_core.shell:Creating package script '/home/pepperumo/bumperbot_ws/install/bumperbot_utils/share/bumperbot_utils/package.ps1'
[1.130s] INFO:colcon.colcon_core.shell:Creating package descriptor '/home/pepperumo/bumperbot_ws/install/bumperbot_utils/share/bumperbot_utils/package.dsv'
[1.130s] INFO:colcon.colcon_core.shell:Creating package script '/home/pepperumo/bumperbot_ws/install/bumperbot_utils/share/bumperbot_utils/package.sh'
[1.130s] INFO:colcon.colcon_core.shell:Creating package script '/home/pepperumo/bumperbot_ws/install/bumperbot_utils/share/bumperbot_utils/package.bash'
[1.130s] INFO:colcon.colcon_core.shell:Creating package script '/home/pepperumo/bumperbot_ws/install/bumperbot_utils/share/bumperbot_utils/package.zsh'
[1.131s] Level 1:colcon.colcon_core.environment:create_file_with_runtime_dependencies(/home/pepperumo/bumperbot_ws/install/bumperbot_utils/share/colcon-core/packages/bumperbot_utils)
[1.342s] DEBUG:colcon.colcon_core.event_handler.log_command:Invoking command in '/home/pepperumo/bumperbot_ws/src/bumperbot_py_examples': PYTHONPATH=/home/pepperumo/bumperbot_ws/build/bumperbot_py_examples/prefix_override:/usr/lib/python3/dist-packages/colcon_core/task/python/colcon_distutils_commands:/home/pepperumo/bumperbot_ws/install/bumperbot_py_examples/lib/python3.10/site-packages:${PYTHONPATH} /usr/bin/python3 -W ignore:setup.py install is deprecated -W ignore:easy_install command is deprecated setup.py egg_info --egg-base ../../build/bumperbot_py_examples build --build-base /home/pepperumo/bumperbot_ws/build/bumperbot_py_examples/build install --record /home/pepperumo/bumperbot_ws/build/bumperbot_py_examples/install.log --single-version-externally-managed install_data
[1.479s] Level 1:colcon.colcon_core.environment:checking '/home/pepperumo/bumperbot_ws/install/bumperbot_py_examples' for CMake module files
[1.479s] DEBUG:colcon.colcon_core.event_handler.log_command:Invoked command in '/home/pepperumo/bumperbot_ws/src/bumperbot_py_examples' returned '0': PYTHONPATH=/home/pepperumo/bumperbot_ws/build/bumperbot_py_examples/prefix_override:/usr/lib/python3/dist-packages/colcon_core/task/python/colcon_distutils_commands:/home/pepperumo/bumperbot_ws/install/bumperbot_py_examples/lib/python3.10/site-packages:${PYTHONPATH} /usr/bin/python3 -W ignore:setup.py install is deprecated -W ignore:easy_install command is deprecated setup.py egg_info --egg-base ../../build/bumperbot_py_examples build --build-base /home/pepperumo/bumperbot_ws/build/bumperbot_py_examples/build install --record /home/pepperumo/bumperbot_ws/build/bumperbot_py_examples/install.log --single-version-externally-managed install_data
[1.479s] Level 1:colcon.colcon_core.environment:checking '/home/pepperumo/bumperbot_ws/install/bumperbot_py_examples' for CMake config files
[1.479s] Level 1:colcon.colcon_core.environment:checking '/home/pepperumo/bumperbot_ws/install/bumperbot_py_examples/lib'
[1.480s] Level 1:colcon.colcon_core.environment:checking '/home/pepperumo/bumperbot_ws/install/bumperbot_py_examples/bin'
[1.480s] Level 1:colcon.colcon_core.environment:checking '/home/pepperumo/bumperbot_ws/install/bumperbot_py_examples/lib/pkgconfig/bumperbot_py_examples.pc'
[1.480s] Level 1:colcon.colcon_core.environment:checking '/home/pepperumo/bumperbot_ws/install/bumperbot_py_examples/lib/python3.10/site-packages'
[1.480s] Level 1:colcon.colcon_core.shell:create_environment_hook('bumperbot_py_examples', 'pythonpath')
[1.480s] INFO:colcon.colcon_core.shell:Creating environment hook '/home/pepperumo/bumperbot_ws/install/bumperbot_py_examples/share/bumperbot_py_examples/hook/pythonpath.ps1'
[1.480s] INFO:colcon.colcon_core.shell:Creating environment descriptor '/home/pepperumo/bumperbot_ws/install/bumperbot_py_examples/share/bumperbot_py_examples/hook/pythonpath.dsv'
[1.480s] INFO:colcon.colcon_core.shell:Creating environment hook '/home/pepperumo/bumperbot_ws/install/bumperbot_py_examples/share/bumperbot_py_examples/hook/pythonpath.sh'
[1.480s] Level 1:colcon.colcon_core.environment:checking '/home/pepperumo/bumperbot_ws/install/bumperbot_py_examples/bin'
[1.481s] Level 1:colcon.colcon_core.environment:create_environment_scripts_only(bumperbot_py_examples)
[1.481s] INFO:colcon.colcon_core.shell:Creating package script '/home/pepperumo/bumperbot_ws/install/bumperbot_py_examples/share/bumperbot_py_examples/package.ps1'
[1.481s] INFO:colcon.colcon_core.shell:Creating package descriptor '/home/pepperumo/bumperbot_ws/install/bumperbot_py_examples/share/bumperbot_py_examples/package.dsv'
[1.481s] INFO:colcon.colcon_core.shell:Creating package script '/home/pepperumo/bumperbot_ws/install/bumperbot_py_examples/share/bumperbot_py_examples/package.sh'
[1.481s] INFO:colcon.colcon_core.shell:Creating package script '/home/pepperumo/bumperbot_ws/install/bumperbot_py_examples/share/bumperbot_py_examples/package.bash'
[1.481s] INFO:colcon.colcon_core.shell:Creating package script '/home/pepperumo/bumperbot_ws/install/bumperbot_py_examples/share/bumperbot_py_examples/package.zsh'
[1.482s] Level 1:colcon.colcon_core.environment:create_file_with_runtime_dependencies(/home/pepperumo/bumperbot_ws/install/bumperbot_py_examples/share/colcon-core/packages/bumperbot_py_examples)
[7.469s] DEBUG:colcon.colcon_core.event_handler.log_command:Invoked command in '/home/pepperumo/bumperbot_ws/build/bumperbot_controller' returned '0': CMAKE_PREFIX_PATH=${CMAKE_PREFIX_PATH}:/home/pepperumo/bumperbot_ws/install/bumperbot_utils:/home/pepperumo/bumperbot_ws/install/bumperbot_py_examples:/opt/ros/humble /usr/bin/cmake --build /home/pepperumo/bumperbot_ws/build/bumperbot_controller -- -j32 -l32
[7.470s] DEBUG:colcon.colcon_core.event_handler.log_command:Invoking command in '/home/pepperumo/bumperbot_ws/build/bumperbot_controller': CMAKE_PREFIX_PATH=${CMAKE_PREFIX_PATH}:/home/pepperumo/bumperbot_ws/install/bumperbot_utils:/home/pepperumo/bumperbot_ws/install/bumperbot_py_examples:/opt/ros/humble /usr/bin/cmake --install /home/pepperumo/bumperbot_ws/build/bumperbot_controller
[7.499s] Level 1:colcon.colcon_core.environment:create_environment_scripts_only(bumperbot_controller)
[7.499s] Level 1:colcon.colcon_core.environment:checking '/home/pepperumo/bumperbot_ws/install/bumperbot_controller' for CMake module files
[7.500s] DEBUG:colcon.colcon_core.event_handler.log_command:Invoked command in '/home/pepperumo/bumperbot_ws/build/bumperbot_controller' returned '0': CMAKE_PREFIX_PATH=${CMAKE_PREFIX_PATH}:/home/pepperumo/bumperbot_ws/install/bumperbot_utils:/home/pepperumo/bumperbot_ws/install/bumperbot_py_examples:/opt/ros/humble /usr/bin/cmake --install /home/pepperumo/bumperbot_ws/build/bumperbot_controller
[7.500s] Level 1:colcon.colcon_core.environment:checking '/home/pepperumo/bumperbot_ws/install/bumperbot_controller' for CMake config files
[7.500s] Level 1:colcon.colcon_core.shell:create_environment_hook('bumperbot_controller', 'cmake_prefix_path')
[7.500s] INFO:colcon.colcon_core.shell:Creating environment hook '/home/pepperumo/bumperbot_ws/install/bumperbot_controller/share/bumperbot_controller/hook/cmake_prefix_path.ps1'
[7.501s] INFO:colcon.colcon_core.shell:Creating environment descriptor '/home/pepperumo/bumperbot_ws/install/bumperbot_controller/share/bumperbot_controller/hook/cmake_prefix_path.dsv'
[7.501s] INFO:colcon.colcon_core.shell:Creating environment hook '/home/pepperumo/bumperbot_ws/install/bumperbot_controller/share/bumperbot_controller/hook/cmake_prefix_path.sh'
[7.501s] Level 1:colcon.colcon_core.environment:checking '/home/pepperumo/bumperbot_ws/install/bumperbot_controller/lib'
[7.501s] Level 1:colcon.colcon_core.environment:checking '/home/pepperumo/bumperbot_ws/install/bumperbot_controller/bin'
[7.501s] Level 1:colcon.colcon_core.environment:checking '/home/pepperumo/bumperbot_ws/install/bumperbot_controller/lib/pkgconfig/bumperbot_controller.pc'
[7.502s] Level 1:colcon.colcon_core.environment:checking '/home/pepperumo/bumperbot_ws/install/bumperbot_controller/lib/python3.10/site-packages'
[7.502s] Level 1:colcon.colcon_core.environment:checking '/home/pepperumo/bumperbot_ws/install/bumperbot_controller/bin'
[7.502s] INFO:colcon.colcon_core.shell:Creating package script '/home/pepperumo/bumperbot_ws/install/bumperbot_controller/share/bumperbot_controller/package.ps1'
[7.502s] INFO:colcon.colcon_core.shell:Creating package descriptor '/home/pepperumo/bumperbot_ws/install/bumperbot_controller/share/bumperbot_controller/package.dsv'
[7.502s] INFO:colcon.colcon_core.shell:Creating package script '/home/pepperumo/bumperbot_ws/install/bumperbot_controller/share/bumperbot_controller/package.sh'
[7.503s] INFO:colcon.colcon_core.shell:Creating package script '/home/pepperumo/bumperbot_ws/install/bumperbot_controller/share/bumperbot_controller/package.bash'
[7.503s] INFO:colcon.colcon_core.shell:Creating package script '/home/pepperumo/bumperbot_ws/install/bumperbot_controller/share/bumperbot_controller/package.zsh'
[7.503s] Level 1:colcon.colcon_core.environment:create_file_with_runtime_dependencies(/home/pepperumo/bumperbot_ws/install/bumperbot_controller/share/colcon-core/packages/bumperbot_controller)
[7.503s] Level 1:colcon.colcon_core.environment:create_environment_scripts_only(bumperbot_controller)
[7.504s] Level 1:colcon.colcon_core.environment:checking '/home/pepperumo/bumperbot_ws/install/bumperbot_controller' for CMake module files
[7.504s] Level 1:colcon.colcon_core.environment:checking '/home/pepperumo/bumperbot_ws/install/bumperbot_controller' for CMake config files
[7.504s] Level 1:colcon.colcon_core.shell:create_environment_hook('bumperbot_controller', 'cmake_prefix_path')
[7.504s] INFO:colcon.colcon_core.shell:Creating environment hook '/home/pepperumo/bumperbot_ws/install/bumperbot_controller/share/bumperbot_controller/hook/cmake_prefix_path.ps1'
[7.504s] INFO:colcon.colcon_core.shell:Creating environment descriptor '/home/pepperumo/bumperbot_ws/install/bumperbot_controller/share/bumperbot_controller/hook/cmake_prefix_path.dsv'
[7.505s] INFO:colcon.colcon_core.shell:Creating environment hook '/home/pepperumo/bumperbot_ws/install/bumperbot_controller/share/bumperbot_controller/hook/cmake_prefix_path.sh'
[7.505s] Level 1:colcon.colcon_core.environment:checking '/home/pepperumo/bumperbot_ws/install/bumperbot_controller/lib'
[7.505s] Level 1:colcon.colcon_core.environment:checking '/home/pepperumo/bumperbot_ws/install/bumperbot_controller/bin'
[7.505s] Level 1:colcon.colcon_core.environment:checking '/home/pepperumo/bumperbot_ws/install/bumperbot_controller/lib/pkgconfig/bumperbot_controller.pc'
[7.505s] Level 1:colcon.colcon_core.environment:checking '/home/pepperumo/bumperbot_ws/install/bumperbot_controller/lib/python3.10/site-packages'
[7.505s] Level 1:colcon.colcon_core.environment:checking '/home/pepperumo/bumperbot_ws/install/bumperbot_controller/bin'
[7.505s] INFO:colcon.colcon_core.shell:Creating package script '/home/pepperumo/bumperbot_ws/install/bumperbot_controller/share/bumperbot_controller/package.ps1'
[7.505s] INFO:colcon.colcon_core.shell:Creating package descriptor '/home/pepperumo/bumperbot_ws/install/bumperbot_controller/share/bumperbot_controller/package.dsv'
[7.506s] INFO:colcon.colcon_core.shell:Creating package script '/home/pepperumo/bumperbot_ws/install/bumperbot_controller/share/bumperbot_controller/package.sh'
[7.506s] INFO:colcon.colcon_core.shell:Creating package script '/home/pepperumo/bumperbot_ws/install/bumperbot_controller/share/bumperbot_controller/package.bash'
[7.506s] INFO:colcon.colcon_core.shell:Creating package script '/home/pepperumo/bumperbot_ws/install/bumperbot_controller/share/bumperbot_controller/package.zsh'
[7.506s] Level 1:colcon.colcon_core.environment:create_file_with_runtime_dependencies(/home/pepperumo/bumperbot_ws/install/bumperbot_controller/share/colcon-core/packages/bumperbot_controller)
[7.506s] DEBUG:colcon.colcon_parallel_executor.executor.parallel:closing loop
[7.507s] DEBUG:colcon.colcon_parallel_executor.executor.parallel:loop closed
[7.507s] DEBUG:colcon.colcon_parallel_executor.executor.parallel:run_until_complete finished with '0'
[7.507s] DEBUG:colcon.colcon_core.event_reactor:joining thread
[7.573s] INFO:colcon.colcon_core.plugin_system:Skipping extension 'colcon_notification.desktop_notification.notify_send': Could not find 'notify-send'
[7.573s] INFO:colcon.colcon_core.plugin_system:Skipping extension 'colcon_notification.desktop_notification.terminal_notifier': Not used on non-Darwin systems
[7.573s] INFO:colcon.colcon_core.plugin_system:Skipping extension 'colcon_notification.desktop_notification.win32': Not used on non-Windows systems
[7.573s] INFO:colcon.colcon_notification.desktop_notification:Sending desktop notification using 'notify2'
[7.575s] DEBUG:colcon.colcon_notification.desktop_notification.notify2:Failed to initialize notify2: org.freedesktop.DBus.Error.ServiceUnknown: The name org.freedesktop.Notifications was not provided by any .service files
[7.575s] DEBUG:colcon.colcon_core.event_reactor:joined thread
[7.575s] INFO:colcon.colcon_core.shell:Creating prefix script '/home/pepperumo/bumperbot_ws/install/local_setup.ps1'
[7.576s] INFO:colcon.colcon_core.shell:Creating prefix util module '/home/pepperumo/bumperbot_ws/install/_local_setup_util_ps1.py'
[7.577s] INFO:colcon.colcon_core.shell:Creating prefix chain script '/home/pepperumo/bumperbot_ws/install/setup.ps1'
[7.578s] INFO:colcon.colcon_core.shell:Creating prefix script '/home/pepperumo/bumperbot_ws/install/local_setup.sh'
[7.578s] INFO:colcon.colcon_core.shell:Creating prefix util module '/home/pepperumo/bumperbot_ws/install/_local_setup_util_sh.py'
[7.579s] INFO:colcon.colcon_core.shell:Creating prefix chain script '/home/pepperumo/bumperbot_ws/install/setup.sh'
[7.579s] INFO:colcon.colcon_core.shell:Creating prefix script '/home/pepperumo/bumperbot_ws/install/local_setup.bash'
[7.580s] INFO:colcon.colcon_core.shell:Creating prefix chain script '/home/pepperumo/bumperbot_ws/install/setup.bash'
[7.580s] INFO:colcon.colcon_core.shell:Creating prefix script '/home/pepperumo/bumperbot_ws/install/local_setup.zsh'
[7.581s] INFO:colcon.colcon_core.shell:Creating prefix chain script '/home/pepperumo/bumperbot_ws/install/setup.zsh'
