[0.014s] Invoking command in '/home/pepperumo/bumperbot_ws/build/bumperbot_controller': CMAKE_PREFIX_PATH=${CMAKE_PREFIX_PATH}:/home/pepperumo/bumperbot_ws/install/bumperbot_utils:/home/pepperumo/bumperbot_ws/install/bumperbot_py_examples:/opt/ros/humble /usr/bin/cmake --build /home/pepperumo/bumperbot_ws/build/bumperbot_controller -- -j32 -l32
[0.023s] -- Found ament_cmake: 1.3.11 (/opt/ros/humble/share/ament_cmake/cmake)
[0.090s] -- Found rclcpp: 16.0.11 (/opt/ros/humble/share/rclcpp/cmake)
[0.295s] -- Found rosidl_generator_c: 3.1.6 (/opt/ros/humble/share/rosidl_generator_c/cmake)
[0.297s] -- Found rosidl_adapter: 3.1.6 (/opt/ros/humble/share/rosidl_adapter/cmake)
[0.299s] -- Found rosidl_generator_cpp: 3.1.6 (/opt/ros/humble/share/rosidl_generator_cpp/cmake)
[0.304s] -- Using all available rosidl_typesupport_c: rosidl_typesupport_fastrtps_c;rosidl_typesupport_introspection_c
[0.310s] -- Using all available rosidl_typesupport_cpp: rosidl_typesupport_fastrtps_cpp;rosidl_typesupport_introspection_cpp
[0.325s] -- Found rmw_implementation_cmake: 6.1.2 (/opt/ros/humble/share/rmw_implementation_cmake/cmake)
[0.326s] -- Found rmw_fastrtps_cpp: 6.2.7 (/opt/ros/humble/share/rmw_fastrtps_cpp/cmake)
[6.724s] -- Using RMW implementation 'rmw_fastrtps_cpp' as default
[6.747s] -- Found rclpy: 3.3.15 (/opt/ros/humble/share/rclpy/cmake)
[6.747s] -- Found geometry_msgs: 4.2.4 (/opt/ros/humble/share/geometry_msgs/cmake)
[6.752s] -- Found sensor_msgs: 4.2.4 (/opt/ros/humble/share/sensor_msgs/cmake)
[6.761s] -- Found nav_msgs: 4.2.4 (/opt/ros/humble/share/nav_msgs/cmake)
[6.769s] -- Found tf2_ros: 0.25.9 (/opt/ros/humble/share/tf2_ros/cmake)
[6.869s] -- Configuring done
[6.880s] -- Generating done
[6.884s] -- Build files have been written to: /home/pepperumo/bumperbot_ws/build/bumperbot_controller
[6.898s] [35m[1mConsolidate compiler generated dependencies of target simple_controller[0m
[6.902s] [ 16%] [32mBuilding CXX object CMakeFiles/teclado.dir/src/teclado.cpp.o[0m
[6.902s] [ 33%] [32mBuilding CXX object CMakeFiles/twist_relay.dir/src/twist_relay.cpp.o[0m
[6.907s] [ 33%] Built target ament_cmake_python_copy_bumperbot_controller
[6.907s] [ 66%] Built target simple_controller
[6.931s] [01m[K/home/pepperumo/bumperbot_ws/src/bumperbot_controller/src/teclado.cpp:1:9:[m[K [01;31m[Kfatal error: [m[Kbumperbot_controller/teclado.hpp: No such file or directory
[6.931s]     1 | #include[01;31m[K"bumperbot_controller/teclado.hpp"[m[K
[6.931s]       |         [01;31m[K^~~~~~~~~~~~~~~~~~~~~~~~~~~~~~~~~~[m[K
[6.931s] compilation terminated.
[6.932s] gmake[2]: *** [CMakeFiles/teclado.dir/build.make:76: CMakeFiles/teclado.dir/src/teclado.cpp.o] Error 1
[6.932s] gmake[1]: *** [CMakeFiles/Makefile2:196: CMakeFiles/teclado.dir/all] Error 2
[6.932s] gmake[1]: *** Waiting for unfinished jobs....
[7.021s] running egg_info
[7.021s] writing bumperbot_controller.egg-info/PKG-INFO
[7.021s] writing dependency_links to bumperbot_controller.egg-info/dependency_links.txt
[7.021s] writing top-level names to bumperbot_controller.egg-info/top_level.txt
[7.023s] reading manifest file 'bumperbot_controller.egg-info/SOURCES.txt'
[7.024s] writing manifest file 'bumperbot_controller.egg-info/SOURCES.txt'
[7.037s] [ 66%] Built target ament_cmake_python_build_bumperbot_controller_egg
[12.543s] [ 83%] [32m[1mLinking CXX executable twist_relay[0m
[12.913s] [ 83%] Built target twist_relay
[12.914s] gmake: *** [Makefile:146: all] Error 2
[12.915s] Invoked command in '/home/pepperumo/bumperbot_ws/build/bumperbot_controller' returned '2': CMAKE_PREFIX_PATH=${CMAKE_PREFIX_PATH}:/home/pepperumo/bumperbot_ws/install/bumperbot_utils:/home/pepperumo/bumperbot_ws/install/bumperbot_py_examples:/opt/ros/humble /usr/bin/cmake --build /home/pepperumo/bumperbot_ws/build/bumperbot_controller -- -j32 -l32
