[0.457s] Invoking command in '/home/pepperumo/bumperbot_ws/src/bumperbot_py_examples': PYTHONPATH=/home/pepperumo/bumperbot_ws/src/build/bumperbot_py_examples/prefix_override:/usr/lib/python3/dist-packages/colcon_core/task/python/colcon_distutils_commands:/home/pepperumo/bumperbot_ws/src/install/bumperbot_py_examples/lib/python3.10/site-packages:${PYTHONPATH} /usr/bin/python3 -W ignore:setup.py install is deprecated setup.py egg_info --egg-base ../build/bumperbot_py_examples build --build-base /home/pepperumo/bumperbot_ws/src/build/bumperbot_py_examples/build install --record /home/pepperumo/bumperbot_ws/src/build/bumperbot_py_examples/install.log --single-version-externally-managed install_data
[0.579s] running egg_info
[0.579s] creating ../build/bumperbot_py_examples/bumperbot_py_examples.egg-info
[0.581s] writing ../build/bumperbot_py_examples/bumperbot_py_examples.egg-info/PKG-INFO
[0.581s] writing dependency_links to ../build/bumperbot_py_examples/bumperbot_py_examples.egg-info/dependency_links.txt
[0.581s] writing entry points to ../build/bumperbot_py_examples/bumperbot_py_examples.egg-info/entry_points.txt
[0.581s] writing requirements to ../build/bumperbot_py_examples/bumperbot_py_examples.egg-info/requires.txt
[0.581s] writing top-level names to ../build/bumperbot_py_examples/bumperbot_py_examples.egg-info/top_level.txt
[0.583s] writing manifest file '../build/bumperbot_py_examples/bumperbot_py_examples.egg-info/SOURCES.txt'
[0.584s] reading manifest file '../build/bumperbot_py_examples/bumperbot_py_examples.egg-info/SOURCES.txt'
[0.584s] writing manifest file '../build/bumperbot_py_examples/bumperbot_py_examples.egg-info/SOURCES.txt'
[0.585s] running build
[0.585s] running build_py
[0.585s] creating /home/pepperumo/bumperbot_ws/src/build/bumperbot_py_examples/build
[0.585s] creating /home/pepperumo/bumperbot_ws/src/build/bumperbot_py_examples/build/lib
[0.585s] creating /home/pepperumo/bumperbot_ws/src/build/bumperbot_py_examples/build/lib/bumperbot_py_examples
[0.585s] copying bumperbot_py_examples/simple_service_server.py -> /home/pepperumo/bumperbot_ws/src/build/bumperbot_py_examples/build/lib/bumperbot_py_examples
[0.585s] copying bumperbot_py_examples/simple_parameter.py -> /home/pepperumo/bumperbot_ws/src/build/bumperbot_py_examples/build/lib/bumperbot_py_examples
[0.586s] copying bumperbot_py_examples/__init__.py -> /home/pepperumo/bumperbot_ws/src/build/bumperbot_py_examples/build/lib/bumperbot_py_examples
[0.586s] copying bumperbot_py_examples/simple_tf_kinematics.py -> /home/pepperumo/bumperbot_ws/src/build/bumperbot_py_examples/build/lib/bumperbot_py_examples
[0.586s] copying bumperbot_py_examples/simple_turtlesim_kinematics.py -> /home/pepperumo/bumperbot_ws/src/build/bumperbot_py_examples/build/lib/bumperbot_py_examples
[0.586s] copying bumperbot_py_examples/simple_subscriber.py -> /home/pepperumo/bumperbot_ws/src/build/bumperbot_py_examples/build/lib/bumperbot_py_examples
[0.586s] copying bumperbot_py_examples/simple_publisher.py -> /home/pepperumo/bumperbot_ws/src/build/bumperbot_py_examples/build/lib/bumperbot_py_examples
[0.587s] running install
[0.587s] running install_lib
[0.587s] creating /home/pepperumo/bumperbot_ws/src/install/bumperbot_py_examples/lib/python3.10/site-packages/bumperbot_py_examples
[0.588s] copying /home/pepperumo/bumperbot_ws/src/build/bumperbot_py_examples/build/lib/bumperbot_py_examples/simple_service_server.py -> /home/pepperumo/bumperbot_ws/src/install/bumperbot_py_examples/lib/python3.10/site-packages/bumperbot_py_examples
[0.588s] copying /home/pepperumo/bumperbot_ws/src/build/bumperbot_py_examples/build/lib/bumperbot_py_examples/simple_parameter.py -> /home/pepperumo/bumperbot_ws/src/install/bumperbot_py_examples/lib/python3.10/site-packages/bumperbot_py_examples
[0.588s] copying /home/pepperumo/bumperbot_ws/src/build/bumperbot_py_examples/build/lib/bumperbot_py_examples/__init__.py -> /home/pepperumo/bumperbot_ws/src/install/bumperbot_py_examples/lib/python3.10/site-packages/bumperbot_py_examples
[0.588s] copying /home/pepperumo/bumperbot_ws/src/build/bumperbot_py_examples/build/lib/bumperbot_py_examples/simple_tf_kinematics.py -> /home/pepperumo/bumperbot_ws/src/install/bumperbot_py_examples/lib/python3.10/site-packages/bumperbot_py_examples
[0.588s] copying /home/pepperumo/bumperbot_ws/src/build/bumperbot_py_examples/build/lib/bumperbot_py_examples/simple_turtlesim_kinematics.py -> /home/pepperumo/bumperbot_ws/src/install/bumperbot_py_examples/lib/python3.10/site-packages/bumperbot_py_examples
[0.588s] copying /home/pepperumo/bumperbot_ws/src/build/bumperbot_py_examples/build/lib/bumperbot_py_examples/simple_subscriber.py -> /home/pepperumo/bumperbot_ws/src/install/bumperbot_py_examples/lib/python3.10/site-packages/bumperbot_py_examples
[0.588s] copying /home/pepperumo/bumperbot_ws/src/build/bumperbot_py_examples/build/lib/bumperbot_py_examples/simple_publisher.py -> /home/pepperumo/bumperbot_ws/src/install/bumperbot_py_examples/lib/python3.10/site-packages/bumperbot_py_examples
[0.588s] byte-compiling /home/pepperumo/bumperbot_ws/src/install/bumperbot_py_examples/lib/python3.10/site-packages/bumperbot_py_examples/simple_service_server.py to simple_service_server.cpython-310.pyc
[0.589s] byte-compiling /home/pepperumo/bumperbot_ws/src/install/bumperbot_py_examples/lib/python3.10/site-packages/bumperbot_py_examples/simple_parameter.py to simple_parameter.cpython-310.pyc
[0.589s] byte-compiling /home/pepperumo/bumperbot_ws/src/install/bumperbot_py_examples/lib/python3.10/site-packages/bumperbot_py_examples/__init__.py to __init__.cpython-310.pyc
[0.589s] byte-compiling /home/pepperumo/bumperbot_ws/src/install/bumperbot_py_examples/lib/python3.10/site-packages/bumperbot_py_examples/simple_tf_kinematics.py to simple_tf_kinematics.cpython-310.pyc
[0.590s] byte-compiling /home/pepperumo/bumperbot_ws/src/install/bumperbot_py_examples/lib/python3.10/site-packages/bumperbot_py_examples/simple_turtlesim_kinematics.py to simple_turtlesim_kinematics.cpython-310.pyc
[0.590s] byte-compiling /home/pepperumo/bumperbot_ws/src/install/bumperbot_py_examples/lib/python3.10/site-packages/bumperbot_py_examples/simple_subscriber.py to simple_subscriber.cpython-310.pyc
[0.590s] byte-compiling /home/pepperumo/bumperbot_ws/src/install/bumperbot_py_examples/lib/python3.10/site-packages/bumperbot_py_examples/simple_publisher.py to simple_publisher.cpython-310.pyc
[0.590s] running install_data
[0.590s] creating /home/pepperumo/bumperbot_ws/src/install/bumperbot_py_examples/share/ament_index
[0.590s] creating /home/pepperumo/bumperbot_ws/src/install/bumperbot_py_examples/share/ament_index/resource_index
[0.591s] creating /home/pepperumo/bumperbot_ws/src/install/bumperbot_py_examples/share/ament_index/resource_index/packages
[0.591s] copying resource/bumperbot_py_examples -> /home/pepperumo/bumperbot_ws/src/install/bumperbot_py_examples/share/ament_index/resource_index/packages
[0.591s] copying package.xml -> /home/pepperumo/bumperbot_ws/src/install/bumperbot_py_examples/share/bumperbot_py_examples
[0.591s] running install_egg_info
[0.592s] Copying ../build/bumperbot_py_examples/bumperbot_py_examples.egg-info to /home/pepperumo/bumperbot_ws/src/install/bumperbot_py_examples/lib/python3.10/site-packages/bumperbot_py_examples-0.0.0-py3.10.egg-info
[0.593s] running install_scripts
[0.604s] Installing simple_parameter script to /home/pepperumo/bumperbot_ws/src/install/bumperbot_py_examples/lib/bumperbot_py_examples
[0.604s] Installing simple_publisher script to /home/pepperumo/bumperbot_ws/src/install/bumperbot_py_examples/lib/bumperbot_py_examples
[0.604s] Installing simple_subscriber script to /home/pepperumo/bumperbot_ws/src/install/bumperbot_py_examples/lib/bumperbot_py_examples
[0.604s] Installing simple_tf_kinematics script to /home/pepperumo/bumperbot_ws/src/install/bumperbot_py_examples/lib/bumperbot_py_examples
[0.604s] Installing simple_turtlesim_kinematics script to /home/pepperumo/bumperbot_ws/src/install/bumperbot_py_examples/lib/bumperbot_py_examples
[0.604s] writing list of installed files to '/home/pepperumo/bumperbot_ws/src/build/bumperbot_py_examples/install.log'
[0.616s] Invoked command in '/home/pepperumo/bumperbot_ws/src/bumperbot_py_examples' returned '0': PYTHONPATH=/home/pepperumo/bumperbot_ws/src/build/bumperbot_py_examples/prefix_override:/usr/lib/python3/dist-packages/colcon_core/task/python/colcon_distutils_commands:/home/pepperumo/bumperbot_ws/src/install/bumperbot_py_examples/lib/python3.10/site-packages:${PYTHONPATH} /usr/bin/python3 -W ignore:setup.py install is deprecated setup.py egg_info --egg-base ../build/bumperbot_py_examples build --build-base /home/pepperumo/bumperbot_ws/src/build/bumperbot_py_examples/build install --record /home/pepperumo/bumperbot_ws/src/build/bumperbot_py_examples/install.log --single-version-externally-managed install_data
