[0.019s] Invoking command in '/home/pepperumo/bumperbot_ws/build/bumperbot_controller': CMAKE_PREFIX_PATH=${CMAKE_PREFIX_PATH}:/home/pepperumo/bumperbot_ws/install/bumperbot_utils:/home/pepperumo/bumperbot_ws/install/bumperbot_py_examples:/opt/ros/humble /usr/bin/cmake --build /home/pepperumo/bumperbot_ws/build/bumperbot_controller -- -j32 -l32
[0.149s] -- Found ament_cmake: 1.3.11 (/opt/ros/humble/share/ament_cmake/cmake)
[0.149s] -- Found rclcpp: 16.0.11 (/opt/ros/humble/share/rclcpp/cmake)
[0.299s] -- Found rosidl_generator_c: 3.1.6 (/opt/ros/humble/share/rosidl_generator_c/cmake)
[0.300s] -- Found rosidl_adapter: 3.1.6 (/opt/ros/humble/share/rosidl_adapter/cmake)
[0.304s] -- Found rosidl_generator_cpp: 3.1.6 (/opt/ros/humble/share/rosidl_generator_cpp/cmake)
[0.309s] -- Using all available rosidl_typesupport_c: rosidl_typesupport_fastrtps_c;rosidl_typesupport_introspection_c
[0.314s] -- Using all available rosidl_typesupport_cpp: rosidl_typesupport_fastrtps_cpp;rosidl_typesupport_introspection_cpp
[0.330s] -- Found rmw_implementation_cmake: 6.1.2 (/opt/ros/humble/share/rmw_implementation_cmake/cmake)
[0.331s] -- Found rmw_fastrtps_cpp: 6.2.7 (/opt/ros/humble/share/rmw_fastrtps_cpp/cmake)
[6.631s] -- Using RMW implementation 'rmw_fastrtps_cpp' as default
[6.654s] -- Found rclpy: 3.3.15 (/opt/ros/humble/share/rclpy/cmake)
[6.654s] -- Found geometry_msgs: 4.2.4 (/opt/ros/humble/share/geometry_msgs/cmake)
[6.660s] -- Found sensor_msgs: 4.2.4 (/opt/ros/humble/share/sensor_msgs/cmake)
[6.668s] -- Found nav_msgs: 4.2.4 (/opt/ros/humble/share/nav_msgs/cmake)
[6.674s] -- Found tf2_ros: 0.25.9 (/opt/ros/humble/share/tf2_ros/cmake)
[6.772s] -- Configuring done
[6.779s] -- Generating done
[6.782s] -- Build files have been written to: /home/pepperumo/bumperbot_ws/build/bumperbot_controller
[6.795s] [35m[1mConsolidate compiler generated dependencies of target simple_controller[0m
[6.802s] [  0%] Built target ament_cmake_python_copy_bumperbot_controller
[6.804s] [100%] Built target simple_controller
[6.911s] running egg_info
[6.911s] writing bumperbot_controller.egg-info/PKG-INFO
[6.911s] writing dependency_links to bumperbot_controller.egg-info/dependency_links.txt
[6.911s] writing top-level names to bumperbot_controller.egg-info/top_level.txt
[6.912s] reading manifest file 'bumperbot_controller.egg-info/SOURCES.txt'
[6.914s] writing manifest file 'bumperbot_controller.egg-info/SOURCES.txt'
[6.927s] [100%] Built target ament_cmake_python_build_bumperbot_controller_egg
[6.932s] Invoked command in '/home/pepperumo/bumperbot_ws/build/bumperbot_controller' returned '0': CMAKE_PREFIX_PATH=${CMAKE_PREFIX_PATH}:/home/pepperumo/bumperbot_ws/install/bumperbot_utils:/home/pepperumo/bumperbot_ws/install/bumperbot_py_examples:/opt/ros/humble /usr/bin/cmake --build /home/pepperumo/bumperbot_ws/build/bumperbot_controller -- -j32 -l32
[6.933s] Invoking command in '/home/pepperumo/bumperbot_ws/build/bumperbot_controller': CMAKE_PREFIX_PATH=${CMAKE_PREFIX_PATH}:/home/pepperumo/bumperbot_ws/install/bumperbot_utils:/home/pepperumo/bumperbot_ws/install/bumperbot_py_examples:/opt/ros/humble /usr/bin/cmake --install /home/pepperumo/bumperbot_ws/build/bumperbot_controller
[6.936s] -- Install configuration: ""
[6.936s] -- Up-to-date: /home/pepperumo/bumperbot_ws/install/bumperbot_controller/share/bumperbot_controller/environment/pythonpath.sh
[6.936s] -- Installing: /home/pepperumo/bumperbot_ws/install/bumperbot_controller/share/bumperbot_controller/environment/pythonpath.dsv
[6.936s] -- Up-to-date: /home/pepperumo/bumperbot_ws/install/bumperbot_controller/local/lib/python3.10/dist-packages/bumperbot_controller-0.0.0-py3.10.egg-info
[6.937s] -- Installing: /home/pepperumo/bumperbot_ws/install/bumperbot_controller/local/lib/python3.10/dist-packages/bumperbot_controller-0.0.0-py3.10.egg-info/dependency_links.txt
[6.937s] -- Installing: /home/pepperumo/bumperbot_ws/install/bumperbot_controller/local/lib/python3.10/dist-packages/bumperbot_controller-0.0.0-py3.10.egg-info/SOURCES.txt
[6.937s] -- Installing: /home/pepperumo/bumperbot_ws/install/bumperbot_controller/local/lib/python3.10/dist-packages/bumperbot_controller-0.0.0-py3.10.egg-info/top_level.txt
[6.937s] -- Installing: /home/pepperumo/bumperbot_ws/install/bumperbot_controller/local/lib/python3.10/dist-packages/bumperbot_controller-0.0.0-py3.10.egg-info/PKG-INFO
[6.937s] -- Up-to-date: /home/pepperumo/bumperbot_ws/install/bumperbot_controller/local/lib/python3.10/dist-packages/bumperbot_controller
[6.938s] -- Up-to-date: /home/pepperumo/bumperbot_ws/install/bumperbot_controller/local/lib/python3.10/dist-packages/bumperbot_controller/noisy_controller.py
[6.938s] -- Up-to-date: /home/pepperumo/bumperbot_ws/install/bumperbot_controller/local/lib/python3.10/dist-packages/bumperbot_controller/teclado.hpp
[6.938s] -- Up-to-date: /home/pepperumo/bumperbot_ws/install/bumperbot_controller/local/lib/python3.10/dist-packages/bumperbot_controller/keyboard.py
[6.938s] -- Up-to-date: /home/pepperumo/bumperbot_ws/install/bumperbot_controller/local/lib/python3.10/dist-packages/bumperbot_controller/simple_controller.py:Zone.Identifier
[6.938s] -- Up-to-date: /home/pepperumo/bumperbot_ws/install/bumperbot_controller/local/lib/python3.10/dist-packages/bumperbot_controller/__init__.py
[6.938s] -- Up-to-date: /home/pepperumo/bumperbot_ws/install/bumperbot_controller/local/lib/python3.10/dist-packages/bumperbot_controller/twist_relay.py
[6.938s] -- Up-to-date: /home/pepperumo/bumperbot_ws/install/bumperbot_controller/local/lib/python3.10/dist-packages/bumperbot_controller/__init__.py:Zone.Identifier
[6.938s] -- Up-to-date: /home/pepperumo/bumperbot_ws/install/bumperbot_controller/local/lib/python3.10/dist-packages/bumperbot_controller/simple_controller.py
[6.955s] Listing '/home/pepperumo/bumperbot_ws/install/bumperbot_controller/local/lib/python3.10/dist-packages/bumperbot_controller'...
[6.955s] Listing '/home/pepperumo/bumperbot_ws/install/bumperbot_controller/local/lib/python3.10/dist-packages/bumperbot_controller/build'...
[6.955s] Listing '/home/pepperumo/bumperbot_ws/install/bumperbot_controller/local/lib/python3.10/dist-packages/bumperbot_controller/install'...
[6.956s] Listing '/home/pepperumo/bumperbot_ws/install/bumperbot_controller/local/lib/python3.10/dist-packages/bumperbot_controller/log'...
[6.956s] Listing '/home/pepperumo/bumperbot_ws/install/bumperbot_controller/local/lib/python3.10/dist-packages/bumperbot_controller/log/build_2024-12-09_05-12-43'...
[6.957s] -- Up-to-date: /home/pepperumo/bumperbot_ws/install/bumperbot_controller/include/include
[6.958s] -- Up-to-date: /home/pepperumo/bumperbot_ws/install/bumperbot_controller/include/include/bumperbot_controller
[6.958s] -- Up-to-date: /home/pepperumo/bumperbot_ws/install/bumperbot_controller/include/include/bumperbot_controller/simple_controller.hpp
[6.958s] -- Up-to-date: /home/pepperumo/bumperbot_ws/install/bumperbot_controller/include/include/bumperbot_controller/simple_controller.hpp:Zone.Identifier
[6.958s] -- Up-to-date: /home/pepperumo/bumperbot_ws/install/bumperbot_controller/lib/bumperbot_controller/simple_controller
[6.958s] -- Up-to-date: /home/pepperumo/bumperbot_ws/install/bumperbot_controller/share/bumperbot_controller/launch
[6.958s] -- Up-to-date: /home/pepperumo/bumperbot_ws/install/bumperbot_controller/share/bumperbot_controller/launch/joystick_teleop.launch.py
[6.958s] -- Up-to-date: /home/pepperumo/bumperbot_ws/install/bumperbot_controller/share/bumperbot_controller/launch/joystick_teleop.launch.py:Zone.Identifier
[6.959s] -- Up-to-date: /home/pepperumo/bumperbot_ws/install/bumperbot_controller/share/bumperbot_controller/launch/controller.launch.py
[6.959s] -- Up-to-date: /home/pepperumo/bumperbot_ws/install/bumperbot_controller/share/bumperbot_controller/launch/controller.launch.py:Zone.Identifier
[6.959s] -- Up-to-date: /home/pepperumo/bumperbot_ws/install/bumperbot_controller/share/bumperbot_controller/config
[6.959s] -- Up-to-date: /home/pepperumo/bumperbot_ws/install/bumperbot_controller/share/bumperbot_controller/config/joy_config.yaml
[6.959s] -- Up-to-date: /home/pepperumo/bumperbot_ws/install/bumperbot_controller/share/bumperbot_controller/config/joy_teleop.yaml
[6.959s] -- Up-to-date: /home/pepperumo/bumperbot_ws/install/bumperbot_controller/share/bumperbot_controller/config/twist_mux_joy.yaml
[6.959s] -- Up-to-date: /home/pepperumo/bumperbot_ws/install/bumperbot_controller/share/bumperbot_controller/config/bumperbot_controllers.yaml
[6.959s] -- Up-to-date: /home/pepperumo/bumperbot_ws/install/bumperbot_controller/share/bumperbot_controller/config/joy_teleop.yaml:Zone.Identifier
[6.959s] -- Up-to-date: /home/pepperumo/bumperbot_ws/install/bumperbot_controller/share/bumperbot_controller/config/twist_mux_locks.yaml
[6.959s] -- Up-to-date: /home/pepperumo/bumperbot_ws/install/bumperbot_controller/share/bumperbot_controller/config/twist_mux_topics.yaml
[6.959s] -- Up-to-date: /home/pepperumo/bumperbot_ws/install/bumperbot_controller/share/bumperbot_controller/config/bumperbot_controllers.yaml:Zone.Identifier
[6.959s] -- Up-to-date: /home/pepperumo/bumperbot_ws/install/bumperbot_controller/share/bumperbot_controller/config/joy_config.yaml:Zone.Identifier
[6.959s] -- Up-to-date: /home/pepperumo/bumperbot_ws/install/bumperbot_controller/lib/bumperbot_controller/simple_controller.py
[6.959s] -- Up-to-date: /home/pepperumo/bumperbot_ws/install/bumperbot_controller/lib/bumperbot_controller/twist_relay.py
[6.959s] -- Up-to-date: /home/pepperumo/bumperbot_ws/install/bumperbot_controller/lib/bumperbot_controller/teclado.hpp
[6.959s] -- Installing: /home/pepperumo/bumperbot_ws/install/bumperbot_controller/lib/bumperbot_controller/keyboard.py
[6.959s] -- Up-to-date: /home/pepperumo/bumperbot_ws/install/bumperbot_controller/share/ament_index/resource_index/package_run_dependencies/bumperbot_controller
[6.960s] -- Up-to-date: /home/pepperumo/bumperbot_ws/install/bumperbot_controller/share/ament_index/resource_index/parent_prefix_path/bumperbot_controller
[6.960s] -- Up-to-date: /home/pepperumo/bumperbot_ws/install/bumperbot_controller/share/bumperbot_controller/environment/ament_prefix_path.sh
[6.960s] -- Installing: /home/pepperumo/bumperbot_ws/install/bumperbot_controller/share/bumperbot_controller/environment/ament_prefix_path.dsv
[6.960s] -- Up-to-date: /home/pepperumo/bumperbot_ws/install/bumperbot_controller/share/bumperbot_controller/environment/path.sh
[6.960s] -- Installing: /home/pepperumo/bumperbot_ws/install/bumperbot_controller/share/bumperbot_controller/environment/path.dsv
[6.960s] -- Up-to-date: /home/pepperumo/bumperbot_ws/install/bumperbot_controller/share/bumperbot_controller/local_setup.bash
[6.961s] -- Up-to-date: /home/pepperumo/bumperbot_ws/install/bumperbot_controller/share/bumperbot_controller/local_setup.sh
[6.961s] -- Up-to-date: /home/pepperumo/bumperbot_ws/install/bumperbot_controller/share/bumperbot_controller/local_setup.zsh
[6.961s] -- Installing: /home/pepperumo/bumperbot_ws/install/bumperbot_controller/share/bumperbot_controller/local_setup.dsv
[6.961s] -- Installing: /home/pepperumo/bumperbot_ws/install/bumperbot_controller/share/bumperbot_controller/package.dsv
[6.961s] -- Up-to-date: /home/pepperumo/bumperbot_ws/install/bumperbot_controller/share/ament_index/resource_index/packages/bumperbot_controller
[6.961s] -- Up-to-date: /home/pepperumo/bumperbot_ws/install/bumperbot_controller/share/bumperbot_controller/cmake/bumperbot_controllerConfig.cmake
[6.961s] -- Up-to-date: /home/pepperumo/bumperbot_ws/install/bumperbot_controller/share/bumperbot_controller/cmake/bumperbot_controllerConfig-version.cmake
[6.961s] -- Up-to-date: /home/pepperumo/bumperbot_ws/install/bumperbot_controller/share/bumperbot_controller/package.xml
[6.963s] Invoked command in '/home/pepperumo/bumperbot_ws/build/bumperbot_controller' returned '0': CMAKE_PREFIX_PATH=${CMAKE_PREFIX_PATH}:/home/pepperumo/bumperbot_ws/install/bumperbot_utils:/home/pepperumo/bumperbot_ws/install/bumperbot_py_examples:/opt/ros/humble /usr/bin/cmake --install /home/pepperumo/bumperbot_ws/build/bumperbot_controller
