running egg_info
creating ../../build/bumperbot_utils/bumperbot_utils.egg-info
writing ../../build/bumperbot_utils/bumperbot_utils.egg-info/PKG-INFO
writing dependency_links to ../../build/bumperbot_utils/bumperbot_utils.egg-info/dependency_links.txt
writing entry points to ../../build/bumperbot_utils/bumperbot_utils.egg-info/entry_points.txt
writing requirements to ../../build/bumperbot_utils/bumperbot_utils.egg-info/requires.txt
writing top-level names to ../../build/bumperbot_utils/bumperbot_utils.egg-info/top_level.txt
writing manifest file '../../build/bumperbot_utils/bumperbot_utils.egg-info/SOURCES.txt'
reading manifest file '../../build/bumperbot_utils/bumperbot_utils.egg-info/SOURCES.txt'
writing manifest file '../../build/bumperbot_utils/bumperbot_utils.egg-info/SOURCES.txt'
running build
running build_py
creating /home/pepperumo/bumperbot_ws/build/bumperbot_utils/build
creating /home/pepperumo/bumperbot_ws/build/bumperbot_utils/build/lib
creating /home/pepperumo/bumperbot_ws/build/bumperbot_utils/build/lib/bumperbot_utils
copying bumperbot_utils/__init__.py -> /home/pepperumo/bumperbot_ws/build/bumperbot_utils/build/lib/bumperbot_utils
running install
running install_lib
creating /home/pepperumo/bumperbot_ws/install/bumperbot_utils/lib/python3.10/site-packages/bumperbot_utils
copying /home/pepperumo/bumperbot_ws/build/bumperbot_utils/build/lib/bumperbot_utils/__init__.py -> /home/pepperumo/bumperbot_ws/install/bumperbot_utils/lib/python3.10/site-packages/bumperbot_utils
byte-compiling /home/pepperumo/bumperbot_ws/install/bumperbot_utils/lib/python3.10/site-packages/bumperbot_utils/__init__.py to __init__.cpython-310.pyc
running install_data
creating /home/pepperumo/bumperbot_ws/install/bumperbot_utils/share/ament_index
creating /home/pepperumo/bumperbot_ws/install/bumperbot_utils/share/ament_index/resource_index
creating /home/pepperumo/bumperbot_ws/install/bumperbot_utils/share/ament_index/resource_index/packages
copying resource/bumperbot_utils -> /home/pepperumo/bumperbot_ws/install/bumperbot_utils/share/ament_index/resource_index/packages
copying package.xml -> /home/pepperumo/bumperbot_ws/install/bumperbot_utils/share/bumperbot_utils
running install_egg_info
Copying ../../build/bumperbot_utils/bumperbot_utils.egg-info to /home/pepperumo/bumperbot_ws/install/bumperbot_utils/lib/python3.10/site-packages/bumperbot_utils-0.0.0-py3.10.egg-info
running install_scripts
writing list of installed files to '/home/pepperumo/bumperbot_ws/build/bumperbot_utils/install.log'
