[0.319s] Invoking command in '/home/pepperumo/bumperbot_ws/src/bumperbot_utils': PYTHONPATH=/home/pepperumo/bumperbot_ws/build/bumperbot_utils/prefix_override:/usr/lib/python3/dist-packages/colcon_core/task/python/colcon_distutils_commands:/home/pepperumo/bumperbot_ws/install/bumperbot_utils/lib/python3.10/site-packages:${PYTHONPATH} /usr/bin/python3 -W ignore:setup.py install is deprecated -W ignore:easy_install command is deprecated setup.py egg_info --egg-base ../../build/bumperbot_utils build --build-base /home/pepperumo/bumperbot_ws/build/bumperbot_utils/build install --record /home/pepperumo/bumperbot_ws/build/bumperbot_utils/install.log --single-version-externally-managed install_data
[0.435s] running egg_info
[0.436s] creating ../../build/bumperbot_utils/bumperbot_utils.egg-info
[0.436s] writing ../../build/bumperbot_utils/bumperbot_utils.egg-info/PKG-INFO
[0.436s] writing dependency_links to ../../build/bumperbot_utils/bumperbot_utils.egg-info/dependency_links.txt
[0.436s] writing entry points to ../../build/bumperbot_utils/bumperbot_utils.egg-info/entry_points.txt
[0.436s] writing requirements to ../../build/bumperbot_utils/bumperbot_utils.egg-info/requires.txt
[0.436s] writing top-level names to ../../build/bumperbot_utils/bumperbot_utils.egg-info/top_level.txt
[0.437s] writing manifest file '../../build/bumperbot_utils/bumperbot_utils.egg-info/SOURCES.txt'
[0.438s] reading manifest file '../../build/bumperbot_utils/bumperbot_utils.egg-info/SOURCES.txt'
[0.438s] writing manifest file '../../build/bumperbot_utils/bumperbot_utils.egg-info/SOURCES.txt'
[0.438s] running build
[0.438s] running build_py
[0.438s] creating /home/pepperumo/bumperbot_ws/build/bumperbot_utils/build
[0.439s] creating /home/pepperumo/bumperbot_ws/build/bumperbot_utils/build/lib
[0.439s] creating /home/pepperumo/bumperbot_ws/build/bumperbot_utils/build/lib/bumperbot_utils
[0.439s] copying bumperbot_utils/__init__.py -> /home/pepperumo/bumperbot_ws/build/bumperbot_utils/build/lib/bumperbot_utils
[0.439s] running install
[0.439s] running install_lib
[0.439s] creating /home/pepperumo/bumperbot_ws/install/bumperbot_utils/lib/python3.10/site-packages/bumperbot_utils
[0.439s] copying /home/pepperumo/bumperbot_ws/build/bumperbot_utils/build/lib/bumperbot_utils/__init__.py -> /home/pepperumo/bumperbot_ws/install/bumperbot_utils/lib/python3.10/site-packages/bumperbot_utils
[0.440s] byte-compiling /home/pepperumo/bumperbot_ws/install/bumperbot_utils/lib/python3.10/site-packages/bumperbot_utils/__init__.py to __init__.cpython-310.pyc
[0.440s] running install_data
[0.440s] creating /home/pepperumo/bumperbot_ws/install/bumperbot_utils/share/ament_index
[0.440s] creating /home/pepperumo/bumperbot_ws/install/bumperbot_utils/share/ament_index/resource_index
[0.440s] creating /home/pepperumo/bumperbot_ws/install/bumperbot_utils/share/ament_index/resource_index/packages
[0.440s] copying resource/bumperbot_utils -> /home/pepperumo/bumperbot_ws/install/bumperbot_utils/share/ament_index/resource_index/packages
[0.440s] copying package.xml -> /home/pepperumo/bumperbot_ws/install/bumperbot_utils/share/bumperbot_utils
[0.440s] running install_egg_info
[0.441s] Copying ../../build/bumperbot_utils/bumperbot_utils.egg-info to /home/pepperumo/bumperbot_ws/install/bumperbot_utils/lib/python3.10/site-packages/bumperbot_utils-0.0.0-py3.10.egg-info
[0.442s] running install_scripts
[0.452s] writing list of installed files to '/home/pepperumo/bumperbot_ws/build/bumperbot_utils/install.log'
[0.465s] Invoked command in '/home/pepperumo/bumperbot_ws/src/bumperbot_utils' returned '0': PYTHONPATH=/home/pepperumo/bumperbot_ws/build/bumperbot_utils/prefix_override:/usr/lib/python3/dist-packages/colcon_core/task/python/colcon_distutils_commands:/home/pepperumo/bumperbot_ws/install/bumperbot_utils/lib/python3.10/site-packages:${PYTHONPATH} /usr/bin/python3 -W ignore:setup.py install is deprecated -W ignore:easy_install command is deprecated setup.py egg_info --egg-base ../../build/bumperbot_utils build --build-base /home/pepperumo/bumperbot_ws/build/bumperbot_utils/build install --record /home/pepperumo/bumperbot_ws/build/bumperbot_utils/install.log --single-version-externally-managed install_data
