[0.021s] Invoking command in '/home/pepperumo/bumperbot_ws/src/build/bumperbot_controller': CMAKE_PREFIX_PATH=${CMAKE_PREFIX_PATH}:/home/pepperumo/bumperbot_ws/install/bumperbot_py_examples:/home/pepperumo/ros2_ws/install/my_py_pkg:/home/pepperumo/install/my_py_pkg:/opt/ros/humble /usr/bin/cmake /home/pepperumo/bumperbot_ws/src/bumperbot_controller -DCMAKE_INSTALL_PREFIX=/home/pepperumo/bumperbot_ws/src/install/bumperbot_controller
[0.213s] -- The C compiler identification is GNU 11.4.0
[1.000s] -- The CXX compiler identification is GNU 11.4.0
[1.738s] -- Detecting C compiler ABI info
[1.926s] -- Detecting C compiler ABI info - done
[1.930s] -- Check for working C compiler: /usr/bin/cc - skipped
[1.930s] -- Detecting C compile features
[1.930s] -- Detecting C compile features - done
[1.932s] -- Detecting CXX compiler ABI info
[2.151s] -- Detecting CXX compiler ABI info - done
[2.156s] -- Check for working CXX compiler: /usr/bin/c++ - skipped
[2.156s] -- Detecting CXX compile features
[2.156s] -- Detecting CXX compile features - done
[2.157s] -- Found ament_cmake: 1.3.10 (/opt/ros/humble/share/ament_cmake/cmake)
[2.241s] -- Found Python3: /usr/bin/python3 (found version "3.10.12") found components: Interpreter 
[2.317s] -- Found rclpy: 3.3.14 (/opt/ros/humble/share/rclpy/cmake)
[2.319s] -- Found std_msgs: 4.2.4 (/opt/ros/humble/share/std_msgs/cmake)
[2.581s] -- Found rosidl_generator_c: 3.1.5 (/opt/ros/humble/share/rosidl_generator_c/cmake)
[2.588s] -- Found rosidl_adapter: 3.1.5 (/opt/ros/humble/share/rosidl_adapter/cmake)
[2.599s] -- Found rosidl_generator_cpp: 3.1.5 (/opt/ros/humble/share/rosidl_generator_cpp/cmake)
[2.613s] -- Using all available rosidl_typesupport_c: rosidl_typesupport_fastrtps_c;rosidl_typesupport_introspection_c
[2.629s] -- Using all available rosidl_typesupport_cpp: rosidl_typesupport_fastrtps_cpp;rosidl_typesupport_introspection_cpp
[2.660s] -- Found geometry_msgs: 4.2.4 (/opt/ros/humble/share/geometry_msgs/cmake)
[2.729s] -- Found ament_lint_auto: 0.12.11 (/opt/ros/humble/share/ament_lint_auto/cmake)
[2.774s] -- Added test 'flake8' to check Python code syntax and style conventions
[2.774s] -- Added test 'lint_cmake' to check CMake code style
[2.774s] -- Added test 'pep257' to check Python code against some of the docstring style conventions in PEP 257
[2.775s] -- Added test 'xmllint' to check XML markup files
[2.776s] -- Configuring done
[2.781s] -- Generating done
[2.781s] -- Build files have been written to: /home/pepperumo/bumperbot_ws/src/build/bumperbot_controller
[2.786s] Invoked command in '/home/pepperumo/bumperbot_ws/src/build/bumperbot_controller' returned '0': CMAKE_PREFIX_PATH=${CMAKE_PREFIX_PATH}:/home/pepperumo/bumperbot_ws/install/bumperbot_py_examples:/home/pepperumo/ros2_ws/install/my_py_pkg:/home/pepperumo/install/my_py_pkg:/opt/ros/humble /usr/bin/cmake /home/pepperumo/bumperbot_ws/src/bumperbot_controller -DCMAKE_INSTALL_PREFIX=/home/pepperumo/bumperbot_ws/src/install/bumperbot_controller
[2.787s] Invoking command in '/home/pepperumo/bumperbot_ws/src/build/bumperbot_controller': CMAKE_PREFIX_PATH=${CMAKE_PREFIX_PATH}:/home/pepperumo/bumperbot_ws/install/bumperbot_py_examples:/home/pepperumo/ros2_ws/install/my_py_pkg:/home/pepperumo/install/my_py_pkg:/opt/ros/humble /usr/bin/cmake --build /home/pepperumo/bumperbot_ws/src/build/bumperbot_controller -- -j32 -l32
[2.814s] Built target ament_cmake_python_copy_bumperbot_controller
[2.944s] running egg_info
[2.945s] creating bumperbot_controller.egg-info
[2.945s] writing bumperbot_controller.egg-info/PKG-INFO
[2.945s] writing dependency_links to bumperbot_controller.egg-info/dependency_links.txt
[2.945s] writing top-level names to bumperbot_controller.egg-info/top_level.txt
[2.946s] writing manifest file 'bumperbot_controller.egg-info/SOURCES.txt'
[2.946s] reading manifest file 'bumperbot_controller.egg-info/SOURCES.txt'
[2.947s] writing manifest file 'bumperbot_controller.egg-info/SOURCES.txt'
[2.962s] Built target ament_cmake_python_build_bumperbot_controller_egg
[2.969s] Invoked command in '/home/pepperumo/bumperbot_ws/src/build/bumperbot_controller' returned '0': CMAKE_PREFIX_PATH=${CMAKE_PREFIX_PATH}:/home/pepperumo/bumperbot_ws/install/bumperbot_py_examples:/home/pepperumo/ros2_ws/install/my_py_pkg:/home/pepperumo/install/my_py_pkg:/opt/ros/humble /usr/bin/cmake --build /home/pepperumo/bumperbot_ws/src/build/bumperbot_controller -- -j32 -l32
[2.982s] Invoking command in '/home/pepperumo/bumperbot_ws/src/build/bumperbot_controller': CMAKE_PREFIX_PATH=${CMAKE_PREFIX_PATH}:/home/pepperumo/bumperbot_ws/install/bumperbot_py_examples:/home/pepperumo/ros2_ws/install/my_py_pkg:/home/pepperumo/install/my_py_pkg:/opt/ros/humble /usr/bin/cmake --install /home/pepperumo/bumperbot_ws/src/build/bumperbot_controller
[2.985s] -- Install configuration: ""
[2.985s] -- Installing: /home/pepperumo/bumperbot_ws/src/install/bumperbot_controller/share/bumperbot_controller/environment/pythonpath.sh
[2.985s] -- Installing: /home/pepperumo/bumperbot_ws/src/install/bumperbot_controller/share/bumperbot_controller/environment/pythonpath.dsv
[2.986s] -- Installing: /home/pepperumo/bumperbot_ws/src/install/bumperbot_controller/local/lib/python3.10/dist-packages/bumperbot_controller-0.0.0-py3.10.egg-info
[2.986s] -- Installing: /home/pepperumo/bumperbot_ws/src/install/bumperbot_controller/local/lib/python3.10/dist-packages/bumperbot_controller-0.0.0-py3.10.egg-info/dependency_links.txt
[2.986s] -- Installing: /home/pepperumo/bumperbot_ws/src/install/bumperbot_controller/local/lib/python3.10/dist-packages/bumperbot_controller-0.0.0-py3.10.egg-info/SOURCES.txt
[2.986s] -- Installing: /home/pepperumo/bumperbot_ws/src/install/bumperbot_controller/local/lib/python3.10/dist-packages/bumperbot_controller-0.0.0-py3.10.egg-info/top_level.txt
[2.986s] -- Installing: /home/pepperumo/bumperbot_ws/src/install/bumperbot_controller/local/lib/python3.10/dist-packages/bumperbot_controller-0.0.0-py3.10.egg-info/PKG-INFO
[2.986s] -- Installing: /home/pepperumo/bumperbot_ws/src/install/bumperbot_controller/local/lib/python3.10/dist-packages/bumperbot_controller
[2.986s] -- Installing: /home/pepperumo/bumperbot_ws/src/install/bumperbot_controller/local/lib/python3.10/dist-packages/bumperbot_controller/__init__.py
[2.986s] -- Installing: /home/pepperumo/bumperbot_ws/src/install/bumperbot_controller/local/lib/python3.10/dist-packages/bumperbot_controller/simple_controller.py
[3.005s] Listing '/home/pepperumo/bumperbot_ws/src/install/bumperbot_controller/local/lib/python3.10/dist-packages/bumperbot_controller'...
[3.005s] Compiling '/home/pepperumo/bumperbot_ws/src/install/bumperbot_controller/local/lib/python3.10/dist-packages/bumperbot_controller/__init__.py'...
[3.005s] Compiling '/home/pepperumo/bumperbot_ws/src/install/bumperbot_controller/local/lib/python3.10/dist-packages/bumperbot_controller/simple_controller.py'...
[3.007s] -- Installing: /home/pepperumo/bumperbot_ws/src/install/bumperbot_controller/share/bumperbot_controller/config
[3.007s] -- Installing: /home/pepperumo/bumperbot_ws/src/install/bumperbot_controller/share/bumperbot_controller/config/joy_config.yaml
[3.008s] -- Installing: /home/pepperumo/bumperbot_ws/src/install/bumperbot_controller/share/bumperbot_controller/config/joy_teleop.yaml
[3.008s] -- Installing: /home/pepperumo/bumperbot_ws/src/install/bumperbot_controller/share/bumperbot_controller/config/bumperbot_controllers.yaml
[3.009s] -- Installing: /home/pepperumo/bumperbot_ws/src/install/bumperbot_controller/share/bumperbot_controller/config/bumperbot_controllers.yaml:Zone.Identifier
[3.009s] -- Installing: /home/pepperumo/bumperbot_ws/src/install/bumperbot_controller/share/bumperbot_controller/launch
[3.009s] -- Installing: /home/pepperumo/bumperbot_ws/src/install/bumperbot_controller/share/bumperbot_controller/launch/joystick_teleop.launch.py
[3.009s] -- Installing: /home/pepperumo/bumperbot_ws/src/install/bumperbot_controller/share/bumperbot_controller/launch/controller.launch.py
[3.009s] -- Installing: /home/pepperumo/bumperbot_ws/src/install/bumperbot_controller/share/bumperbot_controller/launch/controller.launch.py:Zone.Identifier
[3.009s] -- Installing: /home/pepperumo/bumperbot_ws/src/install/bumperbot_controller/lib/bumperbot_controller/simple_controller.py
[3.009s] -- Installing: /home/pepperumo/bumperbot_ws/src/install/bumperbot_controller/share/ament_index/resource_index/package_run_dependencies/bumperbot_controller
[3.009s] -- Installing: /home/pepperumo/bumperbot_ws/src/install/bumperbot_controller/share/ament_index/resource_index/parent_prefix_path/bumperbot_controller
[3.009s] -- Installing: /home/pepperumo/bumperbot_ws/src/install/bumperbot_controller/share/bumperbot_controller/environment/ament_prefix_path.sh
[3.009s] -- Installing: /home/pepperumo/bumperbot_ws/src/install/bumperbot_controller/share/bumperbot_controller/environment/ament_prefix_path.dsv
[3.009s] -- Installing: /home/pepperumo/bumperbot_ws/src/install/bumperbot_controller/share/bumperbot_controller/environment/path.sh
[3.010s] -- Installing: /home/pepperumo/bumperbot_ws/src/install/bumperbot_controller/share/bumperbot_controller/environment/path.dsv
[3.010s] -- Installing: /home/pepperumo/bumperbot_ws/src/install/bumperbot_controller/share/bumperbot_controller/local_setup.bash
[3.010s] -- Installing: /home/pepperumo/bumperbot_ws/src/install/bumperbot_controller/share/bumperbot_controller/local_setup.sh
[3.010s] -- Installing: /home/pepperumo/bumperbot_ws/src/install/bumperbot_controller/share/bumperbot_controller/local_setup.zsh
[3.010s] -- Installing: /home/pepperumo/bumperbot_ws/src/install/bumperbot_controller/share/bumperbot_controller/local_setup.dsv
[3.010s] -- Installing: /home/pepperumo/bumperbot_ws/src/install/bumperbot_controller/share/bumperbot_controller/package.dsv
[3.010s] -- Installing: /home/pepperumo/bumperbot_ws/src/install/bumperbot_controller/share/ament_index/resource_index/packages/bumperbot_controller
[3.010s] -- Installing: /home/pepperumo/bumperbot_ws/src/install/bumperbot_controller/share/bumperbot_controller/cmake/bumperbot_controllerConfig.cmake
[3.010s] -- Installing: /home/pepperumo/bumperbot_ws/src/install/bumperbot_controller/share/bumperbot_controller/cmake/bumperbot_controllerConfig-version.cmake
[3.010s] -- Installing: /home/pepperumo/bumperbot_ws/src/install/bumperbot_controller/share/bumperbot_controller/package.xml
[3.012s] Invoked command in '/home/pepperumo/bumperbot_ws/src/build/bumperbot_controller' returned '0': CMAKE_PREFIX_PATH=${CMAKE_PREFIX_PATH}:/home/pepperumo/bumperbot_ws/install/bumperbot_py_examples:/home/pepperumo/ros2_ws/install/my_py_pkg:/home/pepperumo/install/my_py_pkg:/opt/ros/humble /usr/bin/cmake --install /home/pepperumo/bumperbot_ws/src/build/bumperbot_controller
