[0.018s] Invoking command in '/home/pepperumo/bumperbot_ws/src/build/bumperbot_description': CMAKE_PREFIX_PATH=${CMAKE_PREFIX_PATH}:/home/pepperumo/bumperbot_ws/install/bumperbot_utils:/home/pepperumo/bumperbot_ws/install/bumperbot_py_examples:/home/pepperumo/ros2_ws/install/my_py_pkg:/home/pepperumo/install/my_py_pkg:/opt/ros/humble /usr/bin/cmake --build /home/pepperumo/bumperbot_ws/src/build/bumperbot_description -- -j32 -l32
[0.175s] Invoked command in '/home/pepperumo/bumperbot_ws/src/build/bumperbot_description' returned '0': CMAKE_PREFIX_PATH=${CMAKE_PREFIX_PATH}:/home/pepperumo/bumperbot_ws/install/bumperbot_utils:/home/pepperumo/bumperbot_ws/install/bumperbot_py_examples:/home/pepperumo/ros2_ws/install/my_py_pkg:/home/pepperumo/install/my_py_pkg:/opt/ros/humble /usr/bin/cmake --build /home/pepperumo/bumperbot_ws/src/build/bumperbot_description -- -j32 -l32
[0.195s] Invoking command in '/home/pepperumo/bumperbot_ws/src/build/bumperbot_description': CMAKE_PREFIX_PATH=${CMAKE_PREFIX_PATH}:/home/pepperumo/bumperbot_ws/install/bumperbot_utils:/home/pepperumo/bumperbot_ws/install/bumperbot_py_examples:/home/pepperumo/ros2_ws/install/my_py_pkg:/home/pepperumo/install/my_py_pkg:/opt/ros/humble /usr/bin/cmake --install /home/pepperumo/bumperbot_ws/src/build/bumperbot_description
[0.200s] -- Install configuration: ""
[0.200s] -- Up-to-date: /home/pepperumo/bumperbot_ws/src/install/bumperbot_description/share/bumperbot_description/meshes
[0.200s] -- Up-to-date: /home/pepperumo/bumperbot_ws/src/install/bumperbot_description/share/bumperbot_description/meshes/base_link.STL
[0.201s] -- Up-to-date: /home/pepperumo/bumperbot_ws/src/install/bumperbot_description/share/bumperbot_description/meshes/wheel_right_link.STL
[0.201s] -- Up-to-date: /home/pepperumo/bumperbot_ws/src/install/bumperbot_description/share/bumperbot_description/meshes/wheel_left_link.STL:Zone.Identifier
[0.201s] -- Up-to-date: /home/pepperumo/bumperbot_ws/src/install/bumperbot_description/share/bumperbot_description/meshes/base_link.STL:Zone.Identifier
[0.201s] -- Up-to-date: /home/pepperumo/bumperbot_ws/src/install/bumperbot_description/share/bumperbot_description/meshes/caster_front_link.STL
[0.201s] -- Up-to-date: /home/pepperumo/bumperbot_ws/src/install/bumperbot_description/share/bumperbot_description/meshes/imu_link.STL
[0.203s] -- Up-to-date: /home/pepperumo/bumperbot_ws/src/install/bumperbot_description/share/bumperbot_description/meshes/caster_rear_link.STL
[0.203s] -- Up-to-date: /home/pepperumo/bumperbot_ws/src/install/bumperbot_description/share/bumperbot_description/meshes/caster_front_link.STL:Zone.Identifier
[0.203s] -- Up-to-date: /home/pepperumo/bumperbot_ws/src/install/bumperbot_description/share/bumperbot_description/meshes/imu_link.STL:Zone.Identifier
[0.203s] -- Up-to-date: /home/pepperumo/bumperbot_ws/src/install/bumperbot_description/share/bumperbot_description/meshes/wheel_right_link.STL:Zone.Identifier
[0.204s] -- Up-to-date: /home/pepperumo/bumperbot_ws/src/install/bumperbot_description/share/bumperbot_description/meshes/can.STL:Zone.Identifier
[0.204s] -- Up-to-date: /home/pepperumo/bumperbot_ws/src/install/bumperbot_description/share/bumperbot_description/meshes/wheel_left_link.STL
[0.204s] -- Up-to-date: /home/pepperumo/bumperbot_ws/src/install/bumperbot_description/share/bumperbot_description/meshes/can.STL
[0.204s] -- Up-to-date: /home/pepperumo/bumperbot_ws/src/install/bumperbot_description/share/bumperbot_description/meshes/caster_rear_link.STL:Zone.Identifier
[0.205s] -- Up-to-date: /home/pepperumo/bumperbot_ws/src/install/bumperbot_description/share/bumperbot_description/urdf
[0.205s] -- Up-to-date: /home/pepperumo/bumperbot_ws/src/install/bumperbot_description/share/bumperbot_description/urdf/bumperbot_gazebo.xacro:Zone.Identifier
[0.205s] -- Up-to-date: /home/pepperumo/bumperbot_ws/src/install/bumperbot_description/share/bumperbot_description/urdf/bumperbot_ros2_control.xacro
[0.205s] -- Up-to-date: /home/pepperumo/bumperbot_ws/src/install/bumperbot_description/share/bumperbot_description/urdf/bumperbot.urdf.xacro
[0.205s] -- Up-to-date: /home/pepperumo/bumperbot_ws/src/install/bumperbot_description/share/bumperbot_description/urdf/bumperbot_gazebo.xacro
[0.206s] -- Up-to-date: /home/pepperumo/bumperbot_ws/src/install/bumperbot_description/share/bumperbot_description/urdf/bumperbot_ros2_control.xacro:Zone.Identifier
[0.206s] -- Up-to-date: /home/pepperumo/bumperbot_ws/src/install/bumperbot_description/share/bumperbot_description/urdf/bumperbot.urdf.xacro:Zone.Identifier
[0.206s] -- Up-to-date: /home/pepperumo/bumperbot_ws/src/install/bumperbot_description/share/bumperbot_description/launch
[0.206s] -- Up-to-date: /home/pepperumo/bumperbot_ws/src/install/bumperbot_description/share/bumperbot_description/launch/gazebo.launch.py:Zone.Identifier
[0.206s] -- Up-to-date: /home/pepperumo/bumperbot_ws/src/install/bumperbot_description/share/bumperbot_description/launch/display.launch.py
[0.206s] -- Up-to-date: /home/pepperumo/bumperbot_ws/src/install/bumperbot_description/share/bumperbot_description/launch/display.launch.py:Zone.Identifier
[0.207s] -- Up-to-date: /home/pepperumo/bumperbot_ws/src/install/bumperbot_description/share/bumperbot_description/launch/gazebo.launch.py
[0.207s] -- Up-to-date: /home/pepperumo/bumperbot_ws/src/install/bumperbot_description/share/bumperbot_description/rviz
[0.207s] -- Up-to-date: /home/pepperumo/bumperbot_ws/src/install/bumperbot_description/share/bumperbot_description/rviz/display.rviz:Zone.Identifier
[0.207s] -- Up-to-date: /home/pepperumo/bumperbot_ws/src/install/bumperbot_description/share/bumperbot_description/rviz/display.rviz
[0.208s] -- Up-to-date: /home/pepperumo/bumperbot_ws/src/install/bumperbot_description/share/ament_index/resource_index/package_run_dependencies/bumperbot_description
[0.208s] -- Up-to-date: /home/pepperumo/bumperbot_ws/src/install/bumperbot_description/share/ament_index/resource_index/parent_prefix_path/bumperbot_description
[0.208s] -- Installing: /home/pepperumo/bumperbot_ws/src/install/bumperbot_description/share/bumperbot_description/environment/ament_prefix_path.sh
[0.209s] -- Up-to-date: /home/pepperumo/bumperbot_ws/src/install/bumperbot_description/share/bumperbot_description/environment/ament_prefix_path.dsv
[0.209s] -- Installing: /home/pepperumo/bumperbot_ws/src/install/bumperbot_description/share/bumperbot_description/environment/path.sh
[0.209s] -- Up-to-date: /home/pepperumo/bumperbot_ws/src/install/bumperbot_description/share/bumperbot_description/environment/path.dsv
[0.209s] -- Up-to-date: /home/pepperumo/bumperbot_ws/src/install/bumperbot_description/share/bumperbot_description/local_setup.bash
[0.209s] -- Up-to-date: /home/pepperumo/bumperbot_ws/src/install/bumperbot_description/share/bumperbot_description/local_setup.sh
[0.209s] -- Up-to-date: /home/pepperumo/bumperbot_ws/src/install/bumperbot_description/share/bumperbot_description/local_setup.zsh
[0.209s] -- Up-to-date: /home/pepperumo/bumperbot_ws/src/install/bumperbot_description/share/bumperbot_description/local_setup.dsv
[0.209s] -- Up-to-date: /home/pepperumo/bumperbot_ws/src/install/bumperbot_description/share/bumperbot_description/package.dsv
[0.209s] -- Up-to-date: /home/pepperumo/bumperbot_ws/src/install/bumperbot_description/share/ament_index/resource_index/packages/bumperbot_description
[0.209s] -- Up-to-date: /home/pepperumo/bumperbot_ws/src/install/bumperbot_description/share/bumperbot_description/cmake/bumperbot_descriptionConfig.cmake
[0.209s] -- Up-to-date: /home/pepperumo/bumperbot_ws/src/install/bumperbot_description/share/bumperbot_description/cmake/bumperbot_descriptionConfig-version.cmake
[0.209s] -- Up-to-date: /home/pepperumo/bumperbot_ws/src/install/bumperbot_description/share/bumperbot_description/package.xml
[0.211s] Invoked command in '/home/pepperumo/bumperbot_ws/src/build/bumperbot_description' returned '0': CMAKE_PREFIX_PATH=${CMAKE_PREFIX_PATH}:/home/pepperumo/bumperbot_ws/install/bumperbot_utils:/home/pepperumo/bumperbot_ws/install/bumperbot_py_examples:/home/pepperumo/ros2_ws/install/my_py_pkg:/home/pepperumo/install/my_py_pkg:/opt/ros/humble /usr/bin/cmake --install /home/pepperumo/bumperbot_ws/src/build/bumperbot_description
