[0.539s] Invoking command in '/home/pepperumo/bumperbot_ws/src/bumperbot_py_examples': AMENT_PREFIX_PATH=/home/pepperumo/bumperbot_ws/install/bumperbot_msgs:${AMENT_PREFIX_PATH} CMAKE_PREFIX_PATH=/home/pepperumo/bumperbot_ws/install/bumperbot_msgs LD_LIBRARY_PATH=/home/pepperumo/bumperbot_ws/install/bumperbot_msgs/lib:${LD_LIBRARY_PATH} PYTHONPATH=/home/pepperumo/bumperbot_ws/build/bumperbot_py_examples/prefix_override:/usr/lib/python3/dist-packages/colcon_core/task/python/colcon_distutils_commands:/home/pepperumo/bumperbot_ws/install/bumperbot_py_examples/lib/python3.10/site-packages:/home/pepperumo/bumperbot_ws/install/bumperbot_msgs/local/lib/python3.10/dist-packages:${PYTHONPATH} /usr/bin/python3 -W ignore:setup.py install is deprecated -W ignore:easy_install command is deprecated setup.py egg_info --egg-base ../../build/bumperbot_py_examples build --build-base /home/pepperumo/bumperbot_ws/build/bumperbot_py_examples/build install --record /home/pepperumo/bumperbot_ws/build/bumperbot_py_examples/install.log --single-version-externally-managed install_data
[0.675s] running egg_info
[0.676s] writing ../../build/bumperbot_py_examples/bumperbot_py_examples.egg-info/PKG-INFO
[0.676s] writing dependency_links to ../../build/bumperbot_py_examples/bumperbot_py_examples.egg-info/dependency_links.txt
[0.676s] writing entry points to ../../build/bumperbot_py_examples/bumperbot_py_examples.egg-info/entry_points.txt
[0.676s] writing requirements to ../../build/bumperbot_py_examples/bumperbot_py_examples.egg-info/requires.txt
[0.676s] writing top-level names to ../../build/bumperbot_py_examples/bumperbot_py_examples.egg-info/top_level.txt
[0.677s] reading manifest file '../../build/bumperbot_py_examples/bumperbot_py_examples.egg-info/SOURCES.txt'
[0.678s] writing manifest file '../../build/bumperbot_py_examples/bumperbot_py_examples.egg-info/SOURCES.txt'
[0.678s] running build
[0.678s] running build_py
[0.679s] running install
[0.679s] running install_lib
[0.679s] running install_data
[0.680s] running install_egg_info
[0.681s] removing '/home/pepperumo/bumperbot_ws/install/bumperbot_py_examples/lib/python3.10/site-packages/bumperbot_py_examples-0.0.0-py3.10.egg-info' (and everything under it)
[0.681s] Copying ../../build/bumperbot_py_examples/bumperbot_py_examples.egg-info to /home/pepperumo/bumperbot_ws/install/bumperbot_py_examples/lib/python3.10/site-packages/bumperbot_py_examples-0.0.0-py3.10.egg-info
[0.682s] running install_scripts
[0.694s] Installing simple_parameter script to /home/pepperumo/bumperbot_ws/install/bumperbot_py_examples/lib/bumperbot_py_examples
[0.694s] Installing simple_publisher script to /home/pepperumo/bumperbot_ws/install/bumperbot_py_examples/lib/bumperbot_py_examples
[0.694s] Installing simple_service_client script to /home/pepperumo/bumperbot_ws/install/bumperbot_py_examples/lib/bumperbot_py_examples
[0.694s] Installing simple_service_server script to /home/pepperumo/bumperbot_ws/install/bumperbot_py_examples/lib/bumperbot_py_examples
[0.694s] Installing simple_subscriber script to /home/pepperumo/bumperbot_ws/install/bumperbot_py_examples/lib/bumperbot_py_examples
[0.694s] Installing simple_tf_kinematics script to /home/pepperumo/bumperbot_ws/install/bumperbot_py_examples/lib/bumperbot_py_examples
[0.694s] Installing simple_turtlesim_kinematics script to /home/pepperumo/bumperbot_ws/install/bumperbot_py_examples/lib/bumperbot_py_examples
[0.694s] writing list of installed files to '/home/pepperumo/bumperbot_ws/build/bumperbot_py_examples/install.log'
[0.707s] Invoked command in '/home/pepperumo/bumperbot_ws/src/bumperbot_py_examples' returned '0': AMENT_PREFIX_PATH=/home/pepperumo/bumperbot_ws/install/bumperbot_msgs:${AMENT_PREFIX_PATH} CMAKE_PREFIX_PATH=/home/pepperumo/bumperbot_ws/install/bumperbot_msgs LD_LIBRARY_PATH=/home/pepperumo/bumperbot_ws/install/bumperbot_msgs/lib:${LD_LIBRARY_PATH} PYTHONPATH=/home/pepperumo/bumperbot_ws/build/bumperbot_py_examples/prefix_override:/usr/lib/python3/dist-packages/colcon_core/task/python/colcon_distutils_commands:/home/pepperumo/bumperbot_ws/install/bumperbot_py_examples/lib/python3.10/site-packages:/home/pepperumo/bumperbot_ws/install/bumperbot_msgs/local/lib/python3.10/dist-packages:${PYTHONPATH} /usr/bin/python3 -W ignore:setup.py install is deprecated -W ignore:easy_install command is deprecated setup.py egg_info --egg-base ../../build/bumperbot_py_examples build --build-base /home/pepperumo/bumperbot_ws/build/bumperbot_py_examples/build install --record /home/pepperumo/bumperbot_ws/build/bumperbot_py_examples/install.log --single-version-externally-managed install_data
