[0.296s] DEBUG:colcon:Command line arguments: ['/usr/bin/colcon', 'build']
[0.296s] DEBUG:colcon:Parsed command line arguments: Namespace(log_base=None, log_level=None, verb_name='build', build_base='build', install_base='install', merge_install=False, symlink_install=False, test_result_base=None, continue_on_error=False, executor='parallel', parallel_workers=32, event_handlers=None, ignore_user_meta=False, metas=['./colcon.meta'], base_paths=['.'], packages_ignore=None, packages_ignore_regex=None, paths=None, packages_up_to=None, packages_up_to_regex=None, packages_above=None, packages_above_and_dependencies=None, packages_above_depth=None, packages_select_by_dep=None, packages_skip_by_dep=None, packages_skip_up_to=None, packages_select_build_failed=False, packages_skip_build_finished=False, packages_select_test_failures=False, packages_skip_test_passed=False, packages_select=None, packages_skip=None, packages_select_regex=None, packages_skip_regex=None, packages_start=None, packages_end=None, allow_overriding=[], cmake_args=None, cmake_target=None, cmake_target_skip_unavailable=False, cmake_clean_cache=False, cmake_clean_first=False, cmake_force_configure=False, ament_cmake_args=None, catkin_cmake_args=None, catkin_skip_building_tests=False, mixin_files=None, mixin=None, verb_parser=<colcon_mixin.mixin.mixin_argument.MixinArgumentDecorator object at 0x7f001f40e710>, verb_extension=<colcon_core.verb.build.BuildVerb object at 0x7f001f40e260>, main=<bound method BuildVerb.main of <colcon_core.verb.build.BuildVerb object at 0x7f001f40e260>>, mixin_verb=('build',))
[0.499s] Level 1:colcon.colcon_core.package_discovery:discover_packages(colcon_meta) check parameters
[0.499s] Level 1:colcon.colcon_core.package_discovery:discover_packages(recursive) check parameters
[0.499s] Level 1:colcon.colcon_core.package_discovery:discover_packages(ignore) check parameters
[0.499s] Level 1:colcon.colcon_core.package_discovery:discover_packages(path) check parameters
[0.499s] Level 1:colcon.colcon_core.package_discovery:discover_packages(colcon_meta) discover
[0.499s] Level 1:colcon.colcon_core.package_discovery:discover_packages(recursive) discover
[0.499s] INFO:colcon.colcon_core.package_discovery:Crawling recursively for packages in '/home/pepperumo/bumperbot_ws'
[0.499s] Level 1:colcon.colcon_core.package_identification:_identify(.) by extensions ['ignore', 'ignore_ament_install']
[0.499s] Level 1:colcon.colcon_core.package_identification:_identify(.) by extension 'ignore'
[0.499s] Level 1:colcon.colcon_core.package_identification:_identify(.) by extension 'ignore_ament_install'
[0.499s] Level 1:colcon.colcon_core.package_identification:_identify(.) by extensions ['colcon_pkg']
[0.499s] Level 1:colcon.colcon_core.package_identification:_identify(.) by extension 'colcon_pkg'
[0.499s] Level 1:colcon.colcon_core.package_identification:_identify(.) by extensions ['colcon_meta']
[0.499s] Level 1:colcon.colcon_core.package_identification:_identify(.) by extension 'colcon_meta'
[0.499s] Level 1:colcon.colcon_core.package_identification:_identify(.) by extensions ['ros']
[0.499s] Level 1:colcon.colcon_core.package_identification:_identify(.) by extension 'ros'
[0.506s] Level 1:colcon.colcon_core.package_identification:_identify(.) by extensions ['cmake', 'python']
[0.506s] Level 1:colcon.colcon_core.package_identification:_identify(.) by extension 'cmake'
[0.506s] Level 1:colcon.colcon_core.package_identification:_identify(.) by extension 'python'
[0.506s] Level 1:colcon.colcon_core.package_identification:_identify(.) by extensions ['python_setup_py']
[0.506s] Level 1:colcon.colcon_core.package_identification:_identify(.) by extension 'python_setup_py'
[0.507s] Level 1:colcon.colcon_core.package_identification:_identify(build) by extensions ['ignore', 'ignore_ament_install']
[0.507s] Level 1:colcon.colcon_core.package_identification:_identify(build) by extension 'ignore'
[0.507s] Level 1:colcon.colcon_core.package_identification:_identify(build) ignored
[0.507s] Level 1:colcon.colcon_core.package_identification:_identify(install) by extensions ['ignore', 'ignore_ament_install']
[0.507s] Level 1:colcon.colcon_core.package_identification:_identify(install) by extension 'ignore'
[0.507s] Level 1:colcon.colcon_core.package_identification:_identify(install) ignored
[0.507s] Level 1:colcon.colcon_core.package_identification:_identify(log) by extensions ['ignore', 'ignore_ament_install']
[0.507s] Level 1:colcon.colcon_core.package_identification:_identify(log) by extension 'ignore'
[0.507s] Level 1:colcon.colcon_core.package_identification:_identify(log) ignored
[0.507s] Level 1:colcon.colcon_core.package_identification:_identify(src) by extensions ['ignore', 'ignore_ament_install']
[0.507s] Level 1:colcon.colcon_core.package_identification:_identify(src) by extension 'ignore'
[0.507s] Level 1:colcon.colcon_core.package_identification:_identify(src) by extension 'ignore_ament_install'
[0.507s] Level 1:colcon.colcon_core.package_identification:_identify(src) by extensions ['colcon_pkg']
[0.507s] Level 1:colcon.colcon_core.package_identification:_identify(src) by extension 'colcon_pkg'
[0.507s] Level 1:colcon.colcon_core.package_identification:_identify(src) by extensions ['colcon_meta']
[0.507s] Level 1:colcon.colcon_core.package_identification:_identify(src) by extension 'colcon_meta'
[0.507s] Level 1:colcon.colcon_core.package_identification:_identify(src) by extensions ['ros']
[0.507s] Level 1:colcon.colcon_core.package_identification:_identify(src) by extension 'ros'
[0.507s] Level 1:colcon.colcon_core.package_identification:_identify(src) by extensions ['cmake', 'python']
[0.507s] Level 1:colcon.colcon_core.package_identification:_identify(src) by extension 'cmake'
[0.507s] Level 1:colcon.colcon_core.package_identification:_identify(src) by extension 'python'
[0.507s] Level 1:colcon.colcon_core.package_identification:_identify(src) by extensions ['python_setup_py']
[0.507s] Level 1:colcon.colcon_core.package_identification:_identify(src) by extension 'python_setup_py'
[0.507s] Level 1:colcon.colcon_core.package_identification:_identify(src/RECOVERED_FILES) by extensions ['ignore', 'ignore_ament_install']
[0.507s] Level 1:colcon.colcon_core.package_identification:_identify(src/RECOVERED_FILES) by extension 'ignore'
[0.507s] Level 1:colcon.colcon_core.package_identification:_identify(src/RECOVERED_FILES) by extension 'ignore_ament_install'
[0.507s] Level 1:colcon.colcon_core.package_identification:_identify(src/RECOVERED_FILES) by extensions ['colcon_pkg']
[0.507s] Level 1:colcon.colcon_core.package_identification:_identify(src/RECOVERED_FILES) by extension 'colcon_pkg'
[0.507s] Level 1:colcon.colcon_core.package_identification:_identify(src/RECOVERED_FILES) by extensions ['colcon_meta']
[0.507s] Level 1:colcon.colcon_core.package_identification:_identify(src/RECOVERED_FILES) by extension 'colcon_meta'
[0.507s] Level 1:colcon.colcon_core.package_identification:_identify(src/RECOVERED_FILES) by extensions ['ros']
[0.508s] Level 1:colcon.colcon_core.package_identification:_identify(src/RECOVERED_FILES) by extension 'ros'
[0.508s] Level 1:colcon.colcon_core.package_identification:_identify(src/RECOVERED_FILES) by extensions ['cmake', 'python']
[0.508s] Level 1:colcon.colcon_core.package_identification:_identify(src/RECOVERED_FILES) by extension 'cmake'
[0.508s] Level 1:colcon.colcon_core.package_identification:_identify(src/RECOVERED_FILES) by extension 'python'
[0.508s] Level 1:colcon.colcon_core.package_identification:_identify(src/RECOVERED_FILES) by extensions ['python_setup_py']
[0.508s] Level 1:colcon.colcon_core.package_identification:_identify(src/RECOVERED_FILES) by extension 'python_setup_py'
[0.508s] Level 1:colcon.colcon_core.package_identification:_identify(src/build) by extensions ['ignore', 'ignore_ament_install']
[0.508s] Level 1:colcon.colcon_core.package_identification:_identify(src/build) by extension 'ignore'
[0.508s] Level 1:colcon.colcon_core.package_identification:_identify(src/build) ignored
[0.508s] Level 1:colcon.colcon_core.package_identification:_identify(src/bumperbot_controller) by extensions ['ignore', 'ignore_ament_install']
[0.508s] Level 1:colcon.colcon_core.package_identification:_identify(src/bumperbot_controller) by extension 'ignore'
[0.508s] Level 1:colcon.colcon_core.package_identification:_identify(src/bumperbot_controller) by extension 'ignore_ament_install'
[0.508s] Level 1:colcon.colcon_core.package_identification:_identify(src/bumperbot_controller) by extensions ['colcon_pkg']
[0.508s] Level 1:colcon.colcon_core.package_identification:_identify(src/bumperbot_controller) by extension 'colcon_pkg'
[0.508s] Level 1:colcon.colcon_core.package_identification:_identify(src/bumperbot_controller) by extensions ['colcon_meta']
[0.508s] Level 1:colcon.colcon_core.package_identification:_identify(src/bumperbot_controller) by extension 'colcon_meta'
[0.508s] Level 1:colcon.colcon_core.package_identification:_identify(src/bumperbot_controller) by extensions ['ros']
[0.508s] Level 1:colcon.colcon_core.package_identification:_identify(src/bumperbot_controller) by extension 'ros'
[0.510s] DEBUG:colcon.colcon_core.package_identification:Package 'src/bumperbot_controller' with type 'ros.ament_cmake' and name 'bumperbot_controller'
[0.510s] Level 1:colcon.colcon_core.package_identification:_identify(src/bumperbot_cpp_examples) by extensions ['ignore', 'ignore_ament_install']
[0.510s] Level 1:colcon.colcon_core.package_identification:_identify(src/bumperbot_cpp_examples) by extension 'ignore'
[0.510s] Level 1:colcon.colcon_core.package_identification:_identify(src/bumperbot_cpp_examples) by extension 'ignore_ament_install'
[0.510s] Level 1:colcon.colcon_core.package_identification:_identify(src/bumperbot_cpp_examples) by extensions ['colcon_pkg']
[0.510s] Level 1:colcon.colcon_core.package_identification:_identify(src/bumperbot_cpp_examples) by extension 'colcon_pkg'
[0.510s] Level 1:colcon.colcon_core.package_identification:_identify(src/bumperbot_cpp_examples) by extensions ['colcon_meta']
[0.510s] Level 1:colcon.colcon_core.package_identification:_identify(src/bumperbot_cpp_examples) by extension 'colcon_meta'
[0.510s] Level 1:colcon.colcon_core.package_identification:_identify(src/bumperbot_cpp_examples) by extensions ['ros']
[0.510s] Level 1:colcon.colcon_core.package_identification:_identify(src/bumperbot_cpp_examples) by extension 'ros'
[0.511s] DEBUG:colcon.colcon_core.package_identification:Package 'src/bumperbot_cpp_examples' with type 'ros.ament_cmake' and name 'bumperbot_cpp_examples'
[0.511s] Level 1:colcon.colcon_core.package_identification:_identify(src/bumperbot_description) by extensions ['ignore', 'ignore_ament_install']
[0.511s] Level 1:colcon.colcon_core.package_identification:_identify(src/bumperbot_description) by extension 'ignore'
[0.511s] Level 1:colcon.colcon_core.package_identification:_identify(src/bumperbot_description) by extension 'ignore_ament_install'
[0.511s] Level 1:colcon.colcon_core.package_identification:_identify(src/bumperbot_description) by extensions ['colcon_pkg']
[0.511s] Level 1:colcon.colcon_core.package_identification:_identify(src/bumperbot_description) by extension 'colcon_pkg'
[0.511s] Level 1:colcon.colcon_core.package_identification:_identify(src/bumperbot_description) by extensions ['colcon_meta']
[0.511s] Level 1:colcon.colcon_core.package_identification:_identify(src/bumperbot_description) by extension 'colcon_meta'
[0.511s] Level 1:colcon.colcon_core.package_identification:_identify(src/bumperbot_description) by extensions ['ros']
[0.511s] Level 1:colcon.colcon_core.package_identification:_identify(src/bumperbot_description) by extension 'ros'
[0.512s] DEBUG:colcon.colcon_core.package_identification:Package 'src/bumperbot_description' with type 'ros.ament_cmake' and name 'bumperbot_description'
[0.512s] Level 1:colcon.colcon_core.package_identification:_identify(src/bumperbot_msgs) by extensions ['ignore', 'ignore_ament_install']
[0.512s] Level 1:colcon.colcon_core.package_identification:_identify(src/bumperbot_msgs) by extension 'ignore'
[0.512s] Level 1:colcon.colcon_core.package_identification:_identify(src/bumperbot_msgs) by extension 'ignore_ament_install'
[0.512s] Level 1:colcon.colcon_core.package_identification:_identify(src/bumperbot_msgs) by extensions ['colcon_pkg']
[0.512s] Level 1:colcon.colcon_core.package_identification:_identify(src/bumperbot_msgs) by extension 'colcon_pkg'
[0.512s] Level 1:colcon.colcon_core.package_identification:_identify(src/bumperbot_msgs) by extensions ['colcon_meta']
[0.512s] Level 1:colcon.colcon_core.package_identification:_identify(src/bumperbot_msgs) by extension 'colcon_meta'
[0.512s] Level 1:colcon.colcon_core.package_identification:_identify(src/bumperbot_msgs) by extensions ['ros']
[0.512s] Level 1:colcon.colcon_core.package_identification:_identify(src/bumperbot_msgs) by extension 'ros'
[0.513s] DEBUG:colcon.colcon_core.package_identification:Package 'src/bumperbot_msgs' with type 'ros.ament_cmake' and name 'bumperbot_msgs'
[0.513s] Level 1:colcon.colcon_core.package_identification:_identify(src/bumperbot_py_examples) by extensions ['ignore', 'ignore_ament_install']
[0.513s] Level 1:colcon.colcon_core.package_identification:_identify(src/bumperbot_py_examples) by extension 'ignore'
[0.513s] Level 1:colcon.colcon_core.package_identification:_identify(src/bumperbot_py_examples) by extension 'ignore_ament_install'
[0.513s] Level 1:colcon.colcon_core.package_identification:_identify(src/bumperbot_py_examples) by extensions ['colcon_pkg']
[0.513s] Level 1:colcon.colcon_core.package_identification:_identify(src/bumperbot_py_examples) by extension 'colcon_pkg'
[0.513s] Level 1:colcon.colcon_core.package_identification:_identify(src/bumperbot_py_examples) by extensions ['colcon_meta']
[0.513s] Level 1:colcon.colcon_core.package_identification:_identify(src/bumperbot_py_examples) by extension 'colcon_meta'
[0.513s] Level 1:colcon.colcon_core.package_identification:_identify(src/bumperbot_py_examples) by extensions ['ros']
[0.513s] Level 1:colcon.colcon_core.package_identification:_identify(src/bumperbot_py_examples) by extension 'ros'
[0.513s] DEBUG:colcon.colcon_core.package_identification:Package 'src/bumperbot_py_examples' with type 'ros.ament_python' and name 'bumperbot_py_examples'
[0.513s] Level 1:colcon.colcon_core.package_identification:_identify(src/bumperbot_utils) by extensions ['ignore', 'ignore_ament_install']
[0.513s] Level 1:colcon.colcon_core.package_identification:_identify(src/bumperbot_utils) by extension 'ignore'
[0.513s] Level 1:colcon.colcon_core.package_identification:_identify(src/bumperbot_utils) by extension 'ignore_ament_install'
[0.513s] Level 1:colcon.colcon_core.package_identification:_identify(src/bumperbot_utils) by extensions ['colcon_pkg']
[0.513s] Level 1:colcon.colcon_core.package_identification:_identify(src/bumperbot_utils) by extension 'colcon_pkg'
[0.513s] Level 1:colcon.colcon_core.package_identification:_identify(src/bumperbot_utils) by extensions ['colcon_meta']
[0.513s] Level 1:colcon.colcon_core.package_identification:_identify(src/bumperbot_utils) by extension 'colcon_meta'
[0.513s] Level 1:colcon.colcon_core.package_identification:_identify(src/bumperbot_utils) by extensions ['ros']
[0.513s] Level 1:colcon.colcon_core.package_identification:_identify(src/bumperbot_utils) by extension 'ros'
[0.514s] DEBUG:colcon.colcon_core.package_identification:Package 'src/bumperbot_utils' with type 'ros.ament_python' and name 'bumperbot_utils'
[0.514s] Level 1:colcon.colcon_core.package_identification:_identify(src/install) by extensions ['ignore', 'ignore_ament_install']
[0.514s] Level 1:colcon.colcon_core.package_identification:_identify(src/install) by extension 'ignore'
[0.514s] Level 1:colcon.colcon_core.package_identification:_identify(src/install) ignored
[0.514s] Level 1:colcon.colcon_core.package_identification:_identify(src/log) by extensions ['ignore', 'ignore_ament_install']
[0.514s] Level 1:colcon.colcon_core.package_identification:_identify(src/log) by extension 'ignore'
[0.514s] Level 1:colcon.colcon_core.package_identification:_identify(src/log) ignored
[0.514s] Level 1:colcon.colcon_core.package_discovery:discover_packages(recursive) using defaults
[0.514s] Level 1:colcon.colcon_core.package_discovery:discover_packages(ignore) discover
[0.514s] Level 1:colcon.colcon_core.package_discovery:discover_packages(ignore) using defaults
[0.514s] Level 1:colcon.colcon_core.package_discovery:discover_packages(path) discover
[0.514s] Level 1:colcon.colcon_core.package_discovery:discover_packages(path) using defaults
[0.537s] Level 1:colcon.colcon_core.package_discovery:discover_packages(prefix_path) check parameters
[0.537s] Level 1:colcon.colcon_core.package_discovery:discover_packages(prefix_path) discover
[0.540s] DEBUG:colcon.colcon_installed_package_information.package_discovery:Found 6 installed packages in /home/pepperumo/bumperbot_ws/install
[0.542s] DEBUG:colcon.colcon_installed_package_information.package_discovery:Found 342 installed packages in /opt/ros/humble
[0.543s] Level 1:colcon.colcon_core.package_discovery:discover_packages(prefix_path) using defaults
[0.610s] Level 5:colcon.colcon_core.verb:set package 'bumperbot_controller' build argument 'cmake_args' from command line to 'None'
[0.610s] Level 5:colcon.colcon_core.verb:set package 'bumperbot_controller' build argument 'cmake_target' from command line to 'None'
[0.610s] Level 5:colcon.colcon_core.verb:set package 'bumperbot_controller' build argument 'cmake_target_skip_unavailable' from command line to 'False'
[0.610s] Level 5:colcon.colcon_core.verb:set package 'bumperbot_controller' build argument 'cmake_clean_cache' from command line to 'False'
[0.610s] Level 5:colcon.colcon_core.verb:set package 'bumperbot_controller' build argument 'cmake_clean_first' from command line to 'False'
[0.610s] Level 5:colcon.colcon_core.verb:set package 'bumperbot_controller' build argument 'cmake_force_configure' from command line to 'False'
[0.610s] Level 5:colcon.colcon_core.verb:set package 'bumperbot_controller' build argument 'ament_cmake_args' from command line to 'None'
[0.610s] Level 5:colcon.colcon_core.verb:set package 'bumperbot_controller' build argument 'catkin_cmake_args' from command line to 'None'
[0.610s] Level 5:colcon.colcon_core.verb:set package 'bumperbot_controller' build argument 'catkin_skip_building_tests' from command line to 'False'
[0.610s] DEBUG:colcon.colcon_core.verb:Building package 'bumperbot_controller' with the following arguments: {'ament_cmake_args': None, 'build_base': '/home/pepperumo/bumperbot_ws/build/bumperbot_controller', 'catkin_cmake_args': None, 'catkin_skip_building_tests': False, 'cmake_args': None, 'cmake_clean_cache': False, 'cmake_clean_first': False, 'cmake_force_configure': False, 'cmake_target': None, 'cmake_target_skip_unavailable': False, 'install_base': '/home/pepperumo/bumperbot_ws/install/bumperbot_controller', 'merge_install': False, 'path': '/home/pepperumo/bumperbot_ws/src/bumperbot_controller', 'symlink_install': False, 'test_result_base': None}
[0.610s] Level 5:colcon.colcon_core.verb:set package 'bumperbot_cpp_examples' build argument 'cmake_args' from command line to 'None'
[0.610s] Level 5:colcon.colcon_core.verb:set package 'bumperbot_cpp_examples' build argument 'cmake_target' from command line to 'None'
[0.610s] Level 5:colcon.colcon_core.verb:set package 'bumperbot_cpp_examples' build argument 'cmake_target_skip_unavailable' from command line to 'False'
[0.610s] Level 5:colcon.colcon_core.verb:set package 'bumperbot_cpp_examples' build argument 'cmake_clean_cache' from command line to 'False'
[0.610s] Level 5:colcon.colcon_core.verb:set package 'bumperbot_cpp_examples' build argument 'cmake_clean_first' from command line to 'False'
[0.610s] Level 5:colcon.colcon_core.verb:set package 'bumperbot_cpp_examples' build argument 'cmake_force_configure' from command line to 'False'
[0.610s] Level 5:colcon.colcon_core.verb:set package 'bumperbot_cpp_examples' build argument 'ament_cmake_args' from command line to 'None'
[0.610s] Level 5:colcon.colcon_core.verb:set package 'bumperbot_cpp_examples' build argument 'catkin_cmake_args' from command line to 'None'
[0.610s] Level 5:colcon.colcon_core.verb:set package 'bumperbot_cpp_examples' build argument 'catkin_skip_building_tests' from command line to 'False'
[0.610s] DEBUG:colcon.colcon_core.verb:Building package 'bumperbot_cpp_examples' with the following arguments: {'ament_cmake_args': None, 'build_base': '/home/pepperumo/bumperbot_ws/build/bumperbot_cpp_examples', 'catkin_cmake_args': None, 'catkin_skip_building_tests': False, 'cmake_args': None, 'cmake_clean_cache': False, 'cmake_clean_first': False, 'cmake_force_configure': False, 'cmake_target': None, 'cmake_target_skip_unavailable': False, 'install_base': '/home/pepperumo/bumperbot_ws/install/bumperbot_cpp_examples', 'merge_install': False, 'path': '/home/pepperumo/bumperbot_ws/src/bumperbot_cpp_examples', 'symlink_install': False, 'test_result_base': None}
[0.610s] Level 5:colcon.colcon_core.verb:set package 'bumperbot_description' build argument 'cmake_args' from command line to 'None'
[0.610s] Level 5:colcon.colcon_core.verb:set package 'bumperbot_description' build argument 'cmake_target' from command line to 'None'
[0.610s] Level 5:colcon.colcon_core.verb:set package 'bumperbot_description' build argument 'cmake_target_skip_unavailable' from command line to 'False'
[0.610s] Level 5:colcon.colcon_core.verb:set package 'bumperbot_description' build argument 'cmake_clean_cache' from command line to 'False'
[0.610s] Level 5:colcon.colcon_core.verb:set package 'bumperbot_description' build argument 'cmake_clean_first' from command line to 'False'
[0.610s] Level 5:colcon.colcon_core.verb:set package 'bumperbot_description' build argument 'cmake_force_configure' from command line to 'False'
[0.610s] Level 5:colcon.colcon_core.verb:set package 'bumperbot_description' build argument 'ament_cmake_args' from command line to 'None'
[0.610s] Level 5:colcon.colcon_core.verb:set package 'bumperbot_description' build argument 'catkin_cmake_args' from command line to 'None'
[0.610s] Level 5:colcon.colcon_core.verb:set package 'bumperbot_description' build argument 'catkin_skip_building_tests' from command line to 'False'
[0.610s] DEBUG:colcon.colcon_core.verb:Building package 'bumperbot_description' with the following arguments: {'ament_cmake_args': None, 'build_base': '/home/pepperumo/bumperbot_ws/build/bumperbot_description', 'catkin_cmake_args': None, 'catkin_skip_building_tests': False, 'cmake_args': None, 'cmake_clean_cache': False, 'cmake_clean_first': False, 'cmake_force_configure': False, 'cmake_target': None, 'cmake_target_skip_unavailable': False, 'install_base': '/home/pepperumo/bumperbot_ws/install/bumperbot_description', 'merge_install': False, 'path': '/home/pepperumo/bumperbot_ws/src/bumperbot_description', 'symlink_install': False, 'test_result_base': None}
[0.610s] Level 5:colcon.colcon_core.verb:set package 'bumperbot_msgs' build argument 'cmake_args' from command line to 'None'
[0.610s] Level 5:colcon.colcon_core.verb:set package 'bumperbot_msgs' build argument 'cmake_target' from command line to 'None'
[0.610s] Level 5:colcon.colcon_core.verb:set package 'bumperbot_msgs' build argument 'cmake_target_skip_unavailable' from command line to 'False'
[0.610s] Level 5:colcon.colcon_core.verb:set package 'bumperbot_msgs' build argument 'cmake_clean_cache' from command line to 'False'
[0.610s] Level 5:colcon.colcon_core.verb:set package 'bumperbot_msgs' build argument 'cmake_clean_first' from command line to 'False'
[0.610s] Level 5:colcon.colcon_core.verb:set package 'bumperbot_msgs' build argument 'cmake_force_configure' from command line to 'False'
[0.610s] Level 5:colcon.colcon_core.verb:set package 'bumperbot_msgs' build argument 'ament_cmake_args' from command line to 'None'
[0.610s] Level 5:colcon.colcon_core.verb:set package 'bumperbot_msgs' build argument 'catkin_cmake_args' from command line to 'None'
[0.610s] Level 5:colcon.colcon_core.verb:set package 'bumperbot_msgs' build argument 'catkin_skip_building_tests' from command line to 'False'
[0.610s] DEBUG:colcon.colcon_core.verb:Building package 'bumperbot_msgs' with the following arguments: {'ament_cmake_args': None, 'build_base': '/home/pepperumo/bumperbot_ws/build/bumperbot_msgs', 'catkin_cmake_args': None, 'catkin_skip_building_tests': False, 'cmake_args': None, 'cmake_clean_cache': False, 'cmake_clean_first': False, 'cmake_force_configure': False, 'cmake_target': None, 'cmake_target_skip_unavailable': False, 'install_base': '/home/pepperumo/bumperbot_ws/install/bumperbot_msgs', 'merge_install': False, 'path': '/home/pepperumo/bumperbot_ws/src/bumperbot_msgs', 'symlink_install': False, 'test_result_base': None}
[0.611s] Level 5:colcon.colcon_core.verb:set package 'bumperbot_utils' build argument 'cmake_args' from command line to 'None'
[0.611s] Level 5:colcon.colcon_core.verb:set package 'bumperbot_utils' build argument 'cmake_target' from command line to 'None'
[0.611s] Level 5:colcon.colcon_core.verb:set package 'bumperbot_utils' build argument 'cmake_target_skip_unavailable' from command line to 'False'
[0.611s] Level 5:colcon.colcon_core.verb:set package 'bumperbot_utils' build argument 'cmake_clean_cache' from command line to 'False'
[0.611s] Level 5:colcon.colcon_core.verb:set package 'bumperbot_utils' build argument 'cmake_clean_first' from command line to 'False'
[0.611s] Level 5:colcon.colcon_core.verb:set package 'bumperbot_utils' build argument 'cmake_force_configure' from command line to 'False'
[0.611s] Level 5:colcon.colcon_core.verb:set package 'bumperbot_utils' build argument 'ament_cmake_args' from command line to 'None'
[0.611s] Level 5:colcon.colcon_core.verb:set package 'bumperbot_utils' build argument 'catkin_cmake_args' from command line to 'None'
[0.611s] Level 5:colcon.colcon_core.verb:set package 'bumperbot_utils' build argument 'catkin_skip_building_tests' from command line to 'False'
[0.611s] DEBUG:colcon.colcon_core.verb:Building package 'bumperbot_utils' with the following arguments: {'ament_cmake_args': None, 'build_base': '/home/pepperumo/bumperbot_ws/build/bumperbot_utils', 'catkin_cmake_args': None, 'catkin_skip_building_tests': False, 'cmake_args': None, 'cmake_clean_cache': False, 'cmake_clean_first': False, 'cmake_force_configure': False, 'cmake_target': None, 'cmake_target_skip_unavailable': False, 'install_base': '/home/pepperumo/bumperbot_ws/install/bumperbot_utils', 'merge_install': False, 'path': '/home/pepperumo/bumperbot_ws/src/bumperbot_utils', 'symlink_install': False, 'test_result_base': None}
[0.611s] Level 5:colcon.colcon_core.verb:set package 'bumperbot_py_examples' build argument 'cmake_args' from command line to 'None'
[0.611s] Level 5:colcon.colcon_core.verb:set package 'bumperbot_py_examples' build argument 'cmake_target' from command line to 'None'
[0.611s] Level 5:colcon.colcon_core.verb:set package 'bumperbot_py_examples' build argument 'cmake_target_skip_unavailable' from command line to 'False'
[0.611s] Level 5:colcon.colcon_core.verb:set package 'bumperbot_py_examples' build argument 'cmake_clean_cache' from command line to 'False'
[0.611s] Level 5:colcon.colcon_core.verb:set package 'bumperbot_py_examples' build argument 'cmake_clean_first' from command line to 'False'
[0.611s] Level 5:colcon.colcon_core.verb:set package 'bumperbot_py_examples' build argument 'cmake_force_configure' from command line to 'False'
[0.611s] Level 5:colcon.colcon_core.verb:set package 'bumperbot_py_examples' build argument 'ament_cmake_args' from command line to 'None'
[0.611s] Level 5:colcon.colcon_core.verb:set package 'bumperbot_py_examples' build argument 'catkin_cmake_args' from command line to 'None'
[0.611s] Level 5:colcon.colcon_core.verb:set package 'bumperbot_py_examples' build argument 'catkin_skip_building_tests' from command line to 'False'
[0.611s] DEBUG:colcon.colcon_core.verb:Building package 'bumperbot_py_examples' with the following arguments: {'ament_cmake_args': None, 'build_base': '/home/pepperumo/bumperbot_ws/build/bumperbot_py_examples', 'catkin_cmake_args': None, 'catkin_skip_building_tests': False, 'cmake_args': None, 'cmake_clean_cache': False, 'cmake_clean_first': False, 'cmake_force_configure': False, 'cmake_target': None, 'cmake_target_skip_unavailable': False, 'install_base': '/home/pepperumo/bumperbot_ws/install/bumperbot_py_examples', 'merge_install': False, 'path': '/home/pepperumo/bumperbot_ws/src/bumperbot_py_examples', 'symlink_install': False, 'test_result_base': None}
[0.611s] INFO:colcon.colcon_core.executor:Executing jobs using 'parallel' executor
[0.612s] DEBUG:colcon.colcon_parallel_executor.executor.parallel:run_until_complete
[0.612s] INFO:colcon.colcon_ros.task.ament_cmake.build:Building ROS package in '/home/pepperumo/bumperbot_ws/src/bumperbot_msgs' with build type 'ament_cmake'
[0.612s] INFO:colcon.colcon_cmake.task.cmake.build:Building CMake package in '/home/pepperumo/bumperbot_ws/src/bumperbot_msgs'
[0.615s] INFO:colcon.colcon_core.plugin_system:Skipping extension 'colcon_core.shell.bat': Not used on non-Windows systems
[0.615s] INFO:colcon.colcon_core.shell:Skip shell extension 'powershell' for command environment: Not usable outside of PowerShell
[0.615s] DEBUG:colcon.colcon_core.shell:Skip shell extension 'dsv' for command environment
[0.617s] INFO:colcon.colcon_ros.task.ament_cmake.build:Building ROS package in '/home/pepperumo/bumperbot_ws/src/bumperbot_controller' with build type 'ament_cmake'
[0.617s] INFO:colcon.colcon_cmake.task.cmake.build:Building CMake package in '/home/pepperumo/bumperbot_ws/src/bumperbot_controller'
[0.618s] INFO:colcon.colcon_core.shell:Skip shell extension 'powershell' for command environment: Not usable outside of PowerShell
[0.618s] DEBUG:colcon.colcon_core.shell:Skip shell extension 'dsv' for command environment
[0.620s] INFO:colcon.colcon_ros.task.ament_cmake.build:Building ROS package in '/home/pepperumo/bumperbot_ws/src/bumperbot_cpp_examples' with build type 'ament_cmake'
[0.620s] INFO:colcon.colcon_cmake.task.cmake.build:Building CMake package in '/home/pepperumo/bumperbot_ws/src/bumperbot_cpp_examples'
[0.620s] INFO:colcon.colcon_core.shell:Skip shell extension 'powershell' for command environment: Not usable outside of PowerShell
[0.620s] DEBUG:colcon.colcon_core.shell:Skip shell extension 'dsv' for command environment
[0.622s] INFO:colcon.colcon_ros.task.ament_cmake.build:Building ROS package in '/home/pepperumo/bumperbot_ws/src/bumperbot_description' with build type 'ament_cmake'
[0.622s] INFO:colcon.colcon_cmake.task.cmake.build:Building CMake package in '/home/pepperumo/bumperbot_ws/src/bumperbot_description'
[0.622s] INFO:colcon.colcon_core.shell:Skip shell extension 'powershell' for command environment: Not usable outside of PowerShell
[0.622s] DEBUG:colcon.colcon_core.shell:Skip shell extension 'dsv' for command environment
[0.624s] INFO:colcon.colcon_ros.task.ament_python.build:Building ROS package in '/home/pepperumo/bumperbot_ws/src/bumperbot_utils' with build type 'ament_python'
[0.624s] Level 1:colcon.colcon_core.shell:create_environment_hook('bumperbot_utils', 'ament_prefix_path')
[0.624s] INFO:colcon.colcon_core.shell:Creating environment hook '/home/pepperumo/bumperbot_ws/install/bumperbot_utils/share/bumperbot_utils/hook/ament_prefix_path.ps1'
[0.625s] INFO:colcon.colcon_core.shell:Creating environment descriptor '/home/pepperumo/bumperbot_ws/install/bumperbot_utils/share/bumperbot_utils/hook/ament_prefix_path.dsv'
[0.625s] INFO:colcon.colcon_core.shell:Creating environment hook '/home/pepperumo/bumperbot_ws/install/bumperbot_utils/share/bumperbot_utils/hook/ament_prefix_path.sh'
[0.626s] INFO:colcon.colcon_core.shell:Skip shell extension 'powershell' for command environment: Not usable outside of PowerShell
[0.626s] DEBUG:colcon.colcon_core.shell:Skip shell extension 'dsv' for command environment
[0.632s] DEBUG:colcon.colcon_core.event_handler.log_command:Invoking command in '/home/pepperumo/bumperbot_ws/build/bumperbot_msgs': CMAKE_PREFIX_PATH=${CMAKE_PREFIX_PATH}:/home/pepperumo/bumperbot_ws/install/bumperbot_utils:/home/pepperumo/bumperbot_ws/install/bumperbot_py_examples:/opt/ros/humble /usr/bin/cmake --build /home/pepperumo/bumperbot_ws/build/bumperbot_msgs -- -j32 -l32
[0.634s] DEBUG:colcon.colcon_core.event_handler.log_command:Invoking command in '/home/pepperumo/bumperbot_ws/build/bumperbot_controller': CMAKE_PREFIX_PATH=${CMAKE_PREFIX_PATH}:/home/pepperumo/bumperbot_ws/install/bumperbot_utils:/home/pepperumo/bumperbot_ws/install/bumperbot_py_examples:/opt/ros/humble /usr/bin/cmake --build /home/pepperumo/bumperbot_ws/build/bumperbot_controller -- -j32 -l32
[0.639s] DEBUG:colcon.colcon_core.event_handler.log_command:Invoking command in '/home/pepperumo/bumperbot_ws/build/bumperbot_cpp_examples': CMAKE_PREFIX_PATH=${CMAKE_PREFIX_PATH}:/home/pepperumo/bumperbot_ws/install/bumperbot_utils:/home/pepperumo/bumperbot_ws/install/bumperbot_py_examples:/opt/ros/humble /usr/bin/cmake --build /home/pepperumo/bumperbot_ws/build/bumperbot_cpp_examples -- -j32 -l32
[0.639s] DEBUG:colcon.colcon_core.event_handler.log_command:Invoking command in '/home/pepperumo/bumperbot_ws/build/bumperbot_description': CMAKE_PREFIX_PATH=${CMAKE_PREFIX_PATH}:/home/pepperumo/bumperbot_ws/install/bumperbot_utils:/home/pepperumo/bumperbot_ws/install/bumperbot_py_examples:/opt/ros/humble /usr/bin/cmake --build /home/pepperumo/bumperbot_ws/build/bumperbot_description -- -j32 -l32
[0.771s] INFO:colcon.colcon_core.task.python.build:Building Python package in '/home/pepperumo/bumperbot_ws/src/bumperbot_utils'
[0.771s] INFO:colcon.colcon_core.shell:Skip shell extension 'powershell' for command environment: Not usable outside of PowerShell
[0.771s] DEBUG:colcon.colcon_core.shell:Skip shell extension 'dsv' for command environment
[0.775s] DEBUG:colcon.colcon_core.event_handler.log_command:Invoked command in '/home/pepperumo/bumperbot_ws/build/bumperbot_description' returned '0': CMAKE_PREFIX_PATH=${CMAKE_PREFIX_PATH}:/home/pepperumo/bumperbot_ws/install/bumperbot_utils:/home/pepperumo/bumperbot_ws/install/bumperbot_py_examples:/opt/ros/humble /usr/bin/cmake --build /home/pepperumo/bumperbot_ws/build/bumperbot_description -- -j32 -l32
[0.779s] DEBUG:colcon.colcon_core.event_handler.log_command:Invoking command in '/home/pepperumo/bumperbot_ws/build/bumperbot_description': CMAKE_PREFIX_PATH=${CMAKE_PREFIX_PATH}:/home/pepperumo/bumperbot_ws/install/bumperbot_utils:/home/pepperumo/bumperbot_ws/install/bumperbot_py_examples:/opt/ros/humble /usr/bin/cmake --install /home/pepperumo/bumperbot_ws/build/bumperbot_description
[0.781s] DEBUG:colcon.colcon_core.event_handler.log_command:Invoked command in '/home/pepperumo/bumperbot_ws/build/bumperbot_cpp_examples' returned '0': CMAKE_PREFIX_PATH=${CMAKE_PREFIX_PATH}:/home/pepperumo/bumperbot_ws/install/bumperbot_utils:/home/pepperumo/bumperbot_ws/install/bumperbot_py_examples:/opt/ros/humble /usr/bin/cmake --build /home/pepperumo/bumperbot_ws/build/bumperbot_cpp_examples -- -j32 -l32
[0.781s] DEBUG:colcon.colcon_core.event_handler.log_command:Invoking command in '/home/pepperumo/bumperbot_ws/build/bumperbot_cpp_examples': CMAKE_PREFIX_PATH=${CMAKE_PREFIX_PATH}:/home/pepperumo/bumperbot_ws/install/bumperbot_utils:/home/pepperumo/bumperbot_ws/install/bumperbot_py_examples:/opt/ros/humble /usr/bin/cmake --install /home/pepperumo/bumperbot_ws/build/bumperbot_cpp_examples
[0.786s] Level 1:colcon.colcon_core.environment:create_environment_scripts_only(bumperbot_cpp_examples)
[0.789s] DEBUG:colcon.colcon_core.event_handler.log_command:Invoked command in '/home/pepperumo/bumperbot_ws/build/bumperbot_cpp_examples' returned '0': CMAKE_PREFIX_PATH=${CMAKE_PREFIX_PATH}:/home/pepperumo/bumperbot_ws/install/bumperbot_utils:/home/pepperumo/bumperbot_ws/install/bumperbot_py_examples:/opt/ros/humble /usr/bin/cmake --install /home/pepperumo/bumperbot_ws/build/bumperbot_cpp_examples
[0.794s] Level 1:colcon.colcon_core.environment:checking '/home/pepperumo/bumperbot_ws/install/bumperbot_cpp_examples' for CMake module files
[0.794s] Level 1:colcon.colcon_core.environment:checking '/home/pepperumo/bumperbot_ws/install/bumperbot_cpp_examples' for CMake config files
[0.794s] Level 1:colcon.colcon_core.shell:create_environment_hook('bumperbot_cpp_examples', 'cmake_prefix_path')
[0.794s] INFO:colcon.colcon_core.shell:Creating environment hook '/home/pepperumo/bumperbot_ws/install/bumperbot_cpp_examples/share/bumperbot_cpp_examples/hook/cmake_prefix_path.ps1'
[0.794s] INFO:colcon.colcon_core.shell:Creating environment descriptor '/home/pepperumo/bumperbot_ws/install/bumperbot_cpp_examples/share/bumperbot_cpp_examples/hook/cmake_prefix_path.dsv'
[0.794s] INFO:colcon.colcon_core.shell:Creating environment hook '/home/pepperumo/bumperbot_ws/install/bumperbot_cpp_examples/share/bumperbot_cpp_examples/hook/cmake_prefix_path.sh'
[0.795s] Level 1:colcon.colcon_core.environment:checking '/home/pepperumo/bumperbot_ws/install/bumperbot_cpp_examples/bin'
[0.795s] Level 1:colcon.colcon_core.environment:checking '/home/pepperumo/bumperbot_ws/install/bumperbot_cpp_examples/lib/pkgconfig/bumperbot_cpp_examples.pc'
[0.795s] Level 1:colcon.colcon_core.environment:checking '/home/pepperumo/bumperbot_ws/install/bumperbot_cpp_examples/lib/python3.10/site-packages'
[0.795s] Level 1:colcon.colcon_core.environment:checking '/home/pepperumo/bumperbot_ws/install/bumperbot_cpp_examples/bin'
[0.795s] INFO:colcon.colcon_core.shell:Creating package script '/home/pepperumo/bumperbot_ws/install/bumperbot_cpp_examples/share/bumperbot_cpp_examples/package.ps1'
[0.796s] INFO:colcon.colcon_core.shell:Creating package descriptor '/home/pepperumo/bumperbot_ws/install/bumperbot_cpp_examples/share/bumperbot_cpp_examples/package.dsv'
[0.796s] INFO:colcon.colcon_core.shell:Creating package script '/home/pepperumo/bumperbot_ws/install/bumperbot_cpp_examples/share/bumperbot_cpp_examples/package.sh'
[0.796s] INFO:colcon.colcon_core.shell:Creating package script '/home/pepperumo/bumperbot_ws/install/bumperbot_cpp_examples/share/bumperbot_cpp_examples/package.bash'
[0.797s] INFO:colcon.colcon_core.shell:Creating package script '/home/pepperumo/bumperbot_ws/install/bumperbot_cpp_examples/share/bumperbot_cpp_examples/package.zsh'
[0.797s] Level 1:colcon.colcon_core.environment:create_file_with_runtime_dependencies(/home/pepperumo/bumperbot_ws/install/bumperbot_cpp_examples/share/colcon-core/packages/bumperbot_cpp_examples)
[0.798s] Level 1:colcon.colcon_core.environment:create_environment_scripts_only(bumperbot_cpp_examples)
[0.798s] Level 1:colcon.colcon_core.environment:checking '/home/pepperumo/bumperbot_ws/install/bumperbot_cpp_examples' for CMake module files
[0.798s] Level 1:colcon.colcon_core.environment:checking '/home/pepperumo/bumperbot_ws/install/bumperbot_cpp_examples' for CMake config files
[0.798s] Level 1:colcon.colcon_core.shell:create_environment_hook('bumperbot_cpp_examples', 'cmake_prefix_path')
[0.798s] INFO:colcon.colcon_core.shell:Creating environment hook '/home/pepperumo/bumperbot_ws/install/bumperbot_cpp_examples/share/bumperbot_cpp_examples/hook/cmake_prefix_path.ps1'
[0.798s] INFO:colcon.colcon_core.shell:Creating environment descriptor '/home/pepperumo/bumperbot_ws/install/bumperbot_cpp_examples/share/bumperbot_cpp_examples/hook/cmake_prefix_path.dsv'
[0.798s] INFO:colcon.colcon_core.shell:Creating environment hook '/home/pepperumo/bumperbot_ws/install/bumperbot_cpp_examples/share/bumperbot_cpp_examples/hook/cmake_prefix_path.sh'
[0.798s] Level 1:colcon.colcon_core.environment:checking '/home/pepperumo/bumperbot_ws/install/bumperbot_cpp_examples/bin'
[0.799s] Level 1:colcon.colcon_core.environment:checking '/home/pepperumo/bumperbot_ws/install/bumperbot_cpp_examples/lib/pkgconfig/bumperbot_cpp_examples.pc'
[0.799s] Level 1:colcon.colcon_core.environment:checking '/home/pepperumo/bumperbot_ws/install/bumperbot_cpp_examples/lib/python3.10/site-packages'
[0.799s] Level 1:colcon.colcon_core.environment:checking '/home/pepperumo/bumperbot_ws/install/bumperbot_cpp_examples/bin'
[0.799s] INFO:colcon.colcon_core.shell:Creating package script '/home/pepperumo/bumperbot_ws/install/bumperbot_cpp_examples/share/bumperbot_cpp_examples/package.ps1'
[0.799s] INFO:colcon.colcon_core.shell:Creating package descriptor '/home/pepperumo/bumperbot_ws/install/bumperbot_cpp_examples/share/bumperbot_cpp_examples/package.dsv'
[0.799s] INFO:colcon.colcon_core.shell:Creating package script '/home/pepperumo/bumperbot_ws/install/bumperbot_cpp_examples/share/bumperbot_cpp_examples/package.sh'
[0.800s] INFO:colcon.colcon_core.shell:Creating package script '/home/pepperumo/bumperbot_ws/install/bumperbot_cpp_examples/share/bumperbot_cpp_examples/package.bash'
[0.800s] INFO:colcon.colcon_core.shell:Creating package script '/home/pepperumo/bumperbot_ws/install/bumperbot_cpp_examples/share/bumperbot_cpp_examples/package.zsh'
[0.800s] Level 1:colcon.colcon_core.environment:create_file_with_runtime_dependencies(/home/pepperumo/bumperbot_ws/install/bumperbot_cpp_examples/share/colcon-core/packages/bumperbot_cpp_examples)
[0.800s] Level 1:colcon.colcon_core.environment:create_environment_scripts_only(bumperbot_description)
[0.800s] Level 1:colcon.colcon_core.environment:checking '/home/pepperumo/bumperbot_ws/install/bumperbot_description' for CMake module files
[0.801s] Level 1:colcon.colcon_core.environment:checking '/home/pepperumo/bumperbot_ws/install/bumperbot_description' for CMake config files
[0.801s] DEBUG:colcon.colcon_core.event_handler.log_command:Invoked command in '/home/pepperumo/bumperbot_ws/build/bumperbot_description' returned '0': CMAKE_PREFIX_PATH=${CMAKE_PREFIX_PATH}:/home/pepperumo/bumperbot_ws/install/bumperbot_utils:/home/pepperumo/bumperbot_ws/install/bumperbot_py_examples:/opt/ros/humble /usr/bin/cmake --install /home/pepperumo/bumperbot_ws/build/bumperbot_description
[0.801s] Level 1:colcon.colcon_core.shell:create_environment_hook('bumperbot_description', 'cmake_prefix_path')
[0.801s] INFO:colcon.colcon_core.shell:Creating environment hook '/home/pepperumo/bumperbot_ws/install/bumperbot_description/share/bumperbot_description/hook/cmake_prefix_path.ps1'
[0.802s] INFO:colcon.colcon_core.shell:Creating environment descriptor '/home/pepperumo/bumperbot_ws/install/bumperbot_description/share/bumperbot_description/hook/cmake_prefix_path.dsv'
[0.802s] INFO:colcon.colcon_core.shell:Creating environment hook '/home/pepperumo/bumperbot_ws/install/bumperbot_description/share/bumperbot_description/hook/cmake_prefix_path.sh'
[0.802s] Level 1:colcon.colcon_core.environment:checking '/home/pepperumo/bumperbot_ws/install/bumperbot_description/bin'
[0.802s] Level 1:colcon.colcon_core.environment:checking '/home/pepperumo/bumperbot_ws/install/bumperbot_description/lib/pkgconfig/bumperbot_description.pc'
[0.802s] Level 1:colcon.colcon_core.environment:checking '/home/pepperumo/bumperbot_ws/install/bumperbot_description/lib/python3.10/site-packages'
[0.802s] Level 1:colcon.colcon_core.environment:checking '/home/pepperumo/bumperbot_ws/install/bumperbot_description/bin'
[0.802s] INFO:colcon.colcon_core.shell:Creating package script '/home/pepperumo/bumperbot_ws/install/bumperbot_description/share/bumperbot_description/package.ps1'
[0.803s] INFO:colcon.colcon_core.shell:Creating package descriptor '/home/pepperumo/bumperbot_ws/install/bumperbot_description/share/bumperbot_description/package.dsv'
[0.803s] INFO:colcon.colcon_core.shell:Creating package script '/home/pepperumo/bumperbot_ws/install/bumperbot_description/share/bumperbot_description/package.sh'
[0.803s] INFO:colcon.colcon_core.shell:Creating package script '/home/pepperumo/bumperbot_ws/install/bumperbot_description/share/bumperbot_description/package.bash'
[0.803s] INFO:colcon.colcon_core.shell:Creating package script '/home/pepperumo/bumperbot_ws/install/bumperbot_description/share/bumperbot_description/package.zsh'
[0.803s] Level 1:colcon.colcon_core.environment:create_file_with_runtime_dependencies(/home/pepperumo/bumperbot_ws/install/bumperbot_description/share/colcon-core/packages/bumperbot_description)
[0.803s] Level 1:colcon.colcon_core.environment:create_environment_scripts_only(bumperbot_description)
[0.803s] Level 1:colcon.colcon_core.environment:checking '/home/pepperumo/bumperbot_ws/install/bumperbot_description' for CMake module files
[0.804s] Level 1:colcon.colcon_core.environment:checking '/home/pepperumo/bumperbot_ws/install/bumperbot_description' for CMake config files
[0.804s] Level 1:colcon.colcon_core.shell:create_environment_hook('bumperbot_description', 'cmake_prefix_path')
[0.804s] INFO:colcon.colcon_core.shell:Creating environment hook '/home/pepperumo/bumperbot_ws/install/bumperbot_description/share/bumperbot_description/hook/cmake_prefix_path.ps1'
[0.804s] INFO:colcon.colcon_core.shell:Creating environment descriptor '/home/pepperumo/bumperbot_ws/install/bumperbot_description/share/bumperbot_description/hook/cmake_prefix_path.dsv'
[0.804s] INFO:colcon.colcon_core.shell:Creating environment hook '/home/pepperumo/bumperbot_ws/install/bumperbot_description/share/bumperbot_description/hook/cmake_prefix_path.sh'
[0.804s] Level 1:colcon.colcon_core.environment:checking '/home/pepperumo/bumperbot_ws/install/bumperbot_description/bin'
[0.804s] Level 1:colcon.colcon_core.environment:checking '/home/pepperumo/bumperbot_ws/install/bumperbot_description/lib/pkgconfig/bumperbot_description.pc'
[0.804s] Level 1:colcon.colcon_core.environment:checking '/home/pepperumo/bumperbot_ws/install/bumperbot_description/lib/python3.10/site-packages'
[0.805s] Level 1:colcon.colcon_core.environment:checking '/home/pepperumo/bumperbot_ws/install/bumperbot_description/bin'
[0.805s] INFO:colcon.colcon_core.shell:Creating package script '/home/pepperumo/bumperbot_ws/install/bumperbot_description/share/bumperbot_description/package.ps1'
[0.805s] INFO:colcon.colcon_core.shell:Creating package descriptor '/home/pepperumo/bumperbot_ws/install/bumperbot_description/share/bumperbot_description/package.dsv'
[0.805s] INFO:colcon.colcon_core.shell:Creating package script '/home/pepperumo/bumperbot_ws/install/bumperbot_description/share/bumperbot_description/package.sh'
[0.805s] INFO:colcon.colcon_core.shell:Creating package script '/home/pepperumo/bumperbot_ws/install/bumperbot_description/share/bumperbot_description/package.bash'
[0.805s] INFO:colcon.colcon_core.shell:Creating package script '/home/pepperumo/bumperbot_ws/install/bumperbot_description/share/bumperbot_description/package.zsh'
[0.806s] Level 1:colcon.colcon_core.environment:create_file_with_runtime_dependencies(/home/pepperumo/bumperbot_ws/install/bumperbot_description/share/colcon-core/packages/bumperbot_description)
[0.837s] DEBUG:colcon.colcon_core.event_handler.log_command:Invoked command in '/home/pepperumo/bumperbot_ws/build/bumperbot_msgs' returned '0': CMAKE_PREFIX_PATH=${CMAKE_PREFIX_PATH}:/home/pepperumo/bumperbot_ws/install/bumperbot_utils:/home/pepperumo/bumperbot_ws/install/bumperbot_py_examples:/opt/ros/humble /usr/bin/cmake --build /home/pepperumo/bumperbot_ws/build/bumperbot_msgs -- -j32 -l32
[0.838s] DEBUG:colcon.colcon_core.event_handler.log_command:Invoking command in '/home/pepperumo/bumperbot_ws/build/bumperbot_msgs': CMAKE_PREFIX_PATH=${CMAKE_PREFIX_PATH}:/home/pepperumo/bumperbot_ws/install/bumperbot_utils:/home/pepperumo/bumperbot_ws/install/bumperbot_py_examples:/opt/ros/humble /usr/bin/cmake --install /home/pepperumo/bumperbot_ws/build/bumperbot_msgs
[0.866s] Level 1:colcon.colcon_core.environment:create_environment_scripts_only(bumperbot_msgs)
[0.866s] DEBUG:colcon.colcon_core.event_handler.log_command:Invoked command in '/home/pepperumo/bumperbot_ws/build/bumperbot_msgs' returned '0': CMAKE_PREFIX_PATH=${CMAKE_PREFIX_PATH}:/home/pepperumo/bumperbot_ws/install/bumperbot_utils:/home/pepperumo/bumperbot_ws/install/bumperbot_py_examples:/opt/ros/humble /usr/bin/cmake --install /home/pepperumo/bumperbot_ws/build/bumperbot_msgs
[0.866s] Level 1:colcon.colcon_core.environment:checking '/home/pepperumo/bumperbot_ws/install/bumperbot_msgs' for CMake module files
[0.867s] Level 1:colcon.colcon_core.environment:checking '/home/pepperumo/bumperbot_ws/install/bumperbot_msgs' for CMake config files
[0.867s] Level 1:colcon.colcon_core.shell:create_environment_hook('bumperbot_msgs', 'cmake_prefix_path')
[0.867s] INFO:colcon.colcon_core.shell:Creating environment hook '/home/pepperumo/bumperbot_ws/install/bumperbot_msgs/share/bumperbot_msgs/hook/cmake_prefix_path.ps1'
[0.867s] INFO:colcon.colcon_core.shell:Creating environment descriptor '/home/pepperumo/bumperbot_ws/install/bumperbot_msgs/share/bumperbot_msgs/hook/cmake_prefix_path.dsv'
[0.867s] INFO:colcon.colcon_core.shell:Creating environment hook '/home/pepperumo/bumperbot_ws/install/bumperbot_msgs/share/bumperbot_msgs/hook/cmake_prefix_path.sh'
[0.868s] Level 1:colcon.colcon_core.environment:checking '/home/pepperumo/bumperbot_ws/install/bumperbot_msgs/lib'
[0.868s] Level 1:colcon.colcon_core.shell:create_environment_hook('bumperbot_msgs', 'ld_library_path_lib')
[0.868s] INFO:colcon.colcon_core.shell:Creating environment hook '/home/pepperumo/bumperbot_ws/install/bumperbot_msgs/share/bumperbot_msgs/hook/ld_library_path_lib.ps1'
[0.868s] INFO:colcon.colcon_core.shell:Creating environment descriptor '/home/pepperumo/bumperbot_ws/install/bumperbot_msgs/share/bumperbot_msgs/hook/ld_library_path_lib.dsv'
[0.868s] INFO:colcon.colcon_core.shell:Creating environment hook '/home/pepperumo/bumperbot_ws/install/bumperbot_msgs/share/bumperbot_msgs/hook/ld_library_path_lib.sh'
[0.868s] Level 1:colcon.colcon_core.environment:checking '/home/pepperumo/bumperbot_ws/install/bumperbot_msgs/bin'
[0.868s] Level 1:colcon.colcon_core.environment:checking '/home/pepperumo/bumperbot_ws/install/bumperbot_msgs/lib/pkgconfig/bumperbot_msgs.pc'
[0.868s] Level 1:colcon.colcon_core.environment:checking '/home/pepperumo/bumperbot_ws/install/bumperbot_msgs/lib/python3.10/site-packages'
[0.869s] Level 1:colcon.colcon_core.environment:checking '/home/pepperumo/bumperbot_ws/install/bumperbot_msgs/bin'
[0.869s] INFO:colcon.colcon_core.shell:Creating package script '/home/pepperumo/bumperbot_ws/install/bumperbot_msgs/share/bumperbot_msgs/package.ps1'
[0.869s] INFO:colcon.colcon_core.shell:Creating package descriptor '/home/pepperumo/bumperbot_ws/install/bumperbot_msgs/share/bumperbot_msgs/package.dsv'
[0.869s] INFO:colcon.colcon_core.shell:Creating package script '/home/pepperumo/bumperbot_ws/install/bumperbot_msgs/share/bumperbot_msgs/package.sh'
[0.869s] INFO:colcon.colcon_core.shell:Creating package script '/home/pepperumo/bumperbot_ws/install/bumperbot_msgs/share/bumperbot_msgs/package.bash'
[0.869s] INFO:colcon.colcon_core.shell:Creating package script '/home/pepperumo/bumperbot_ws/install/bumperbot_msgs/share/bumperbot_msgs/package.zsh'
[0.870s] Level 1:colcon.colcon_core.environment:create_file_with_runtime_dependencies(/home/pepperumo/bumperbot_ws/install/bumperbot_msgs/share/colcon-core/packages/bumperbot_msgs)
[0.870s] Level 1:colcon.colcon_core.environment:create_environment_scripts_only(bumperbot_msgs)
[0.870s] Level 1:colcon.colcon_core.environment:checking '/home/pepperumo/bumperbot_ws/install/bumperbot_msgs' for CMake module files
[0.870s] Level 1:colcon.colcon_core.environment:checking '/home/pepperumo/bumperbot_ws/install/bumperbot_msgs' for CMake config files
[0.870s] Level 1:colcon.colcon_core.shell:create_environment_hook('bumperbot_msgs', 'cmake_prefix_path')
[0.870s] INFO:colcon.colcon_core.shell:Creating environment hook '/home/pepperumo/bumperbot_ws/install/bumperbot_msgs/share/bumperbot_msgs/hook/cmake_prefix_path.ps1'
[0.871s] INFO:colcon.colcon_core.shell:Creating environment descriptor '/home/pepperumo/bumperbot_ws/install/bumperbot_msgs/share/bumperbot_msgs/hook/cmake_prefix_path.dsv'
[0.871s] INFO:colcon.colcon_core.shell:Creating environment hook '/home/pepperumo/bumperbot_ws/install/bumperbot_msgs/share/bumperbot_msgs/hook/cmake_prefix_path.sh'
[0.871s] Level 1:colcon.colcon_core.environment:checking '/home/pepperumo/bumperbot_ws/install/bumperbot_msgs/lib'
[0.871s] Level 1:colcon.colcon_core.shell:create_environment_hook('bumperbot_msgs', 'ld_library_path_lib')
[0.871s] INFO:colcon.colcon_core.shell:Creating environment hook '/home/pepperumo/bumperbot_ws/install/bumperbot_msgs/share/bumperbot_msgs/hook/ld_library_path_lib.ps1'
[0.871s] INFO:colcon.colcon_core.shell:Creating environment descriptor '/home/pepperumo/bumperbot_ws/install/bumperbot_msgs/share/bumperbot_msgs/hook/ld_library_path_lib.dsv'
[0.872s] INFO:colcon.colcon_core.shell:Creating environment hook '/home/pepperumo/bumperbot_ws/install/bumperbot_msgs/share/bumperbot_msgs/hook/ld_library_path_lib.sh'
[0.872s] Level 1:colcon.colcon_core.environment:checking '/home/pepperumo/bumperbot_ws/install/bumperbot_msgs/bin'
[0.872s] Level 1:colcon.colcon_core.environment:checking '/home/pepperumo/bumperbot_ws/install/bumperbot_msgs/lib/pkgconfig/bumperbot_msgs.pc'
[0.872s] Level 1:colcon.colcon_core.environment:checking '/home/pepperumo/bumperbot_ws/install/bumperbot_msgs/lib/python3.10/site-packages'
[0.872s] Level 1:colcon.colcon_core.environment:checking '/home/pepperumo/bumperbot_ws/install/bumperbot_msgs/bin'
[0.872s] INFO:colcon.colcon_core.shell:Creating package script '/home/pepperumo/bumperbot_ws/install/bumperbot_msgs/share/bumperbot_msgs/package.ps1'
[0.872s] INFO:colcon.colcon_core.shell:Creating package descriptor '/home/pepperumo/bumperbot_ws/install/bumperbot_msgs/share/bumperbot_msgs/package.dsv'
[0.872s] INFO:colcon.colcon_core.shell:Creating package script '/home/pepperumo/bumperbot_ws/install/bumperbot_msgs/share/bumperbot_msgs/package.sh'
[0.873s] INFO:colcon.colcon_core.shell:Creating package script '/home/pepperumo/bumperbot_ws/install/bumperbot_msgs/share/bumperbot_msgs/package.bash'
[0.873s] INFO:colcon.colcon_core.shell:Creating package script '/home/pepperumo/bumperbot_ws/install/bumperbot_msgs/share/bumperbot_msgs/package.zsh'
[0.873s] Level 1:colcon.colcon_core.environment:create_file_with_runtime_dependencies(/home/pepperumo/bumperbot_ws/install/bumperbot_msgs/share/colcon-core/packages/bumperbot_msgs)
[0.873s] INFO:colcon.colcon_ros.task.ament_python.build:Building ROS package in '/home/pepperumo/bumperbot_ws/src/bumperbot_py_examples' with build type 'ament_python'
[0.873s] Level 1:colcon.colcon_core.shell:create_environment_hook('bumperbot_py_examples', 'ament_prefix_path')
[0.873s] INFO:colcon.colcon_core.shell:Creating environment hook '/home/pepperumo/bumperbot_ws/install/bumperbot_py_examples/share/bumperbot_py_examples/hook/ament_prefix_path.ps1'
[0.874s] INFO:colcon.colcon_core.shell:Creating environment descriptor '/home/pepperumo/bumperbot_ws/install/bumperbot_py_examples/share/bumperbot_py_examples/hook/ament_prefix_path.dsv'
[0.874s] INFO:colcon.colcon_core.shell:Creating environment hook '/home/pepperumo/bumperbot_ws/install/bumperbot_py_examples/share/bumperbot_py_examples/hook/ament_prefix_path.sh'
[0.874s] INFO:colcon.colcon_core.shell:Skip shell extension 'powershell' for command environment: Not usable outside of PowerShell
[0.874s] DEBUG:colcon.colcon_core.shell:Skip shell extension 'dsv' for command environment
[1.109s] INFO:colcon.colcon_core.task.python.build:Building Python package in '/home/pepperumo/bumperbot_ws/src/bumperbot_py_examples'
[1.109s] INFO:colcon.colcon_core.shell:Skip shell extension 'powershell' for command environment: Not usable outside of PowerShell
[1.109s] DEBUG:colcon.colcon_core.shell:Skip shell extension 'dsv' for command environment
[1.113s] DEBUG:colcon.colcon_core.event_handler.log_command:Invoking command in '/home/pepperumo/bumperbot_ws/src/bumperbot_utils': PYTHONPATH=/home/pepperumo/bumperbot_ws/build/bumperbot_utils/prefix_override:/usr/lib/python3/dist-packages/colcon_core/task/python/colcon_distutils_commands:/home/pepperumo/bumperbot_ws/install/bumperbot_utils/lib/python3.10/site-packages:${PYTHONPATH} /usr/bin/python3 -W ignore:setup.py install is deprecated -W ignore:easy_install command is deprecated setup.py egg_info --egg-base ../../build/bumperbot_utils build --build-base /home/pepperumo/bumperbot_ws/build/bumperbot_utils/build install --record /home/pepperumo/bumperbot_ws/build/bumperbot_utils/install.log --single-version-externally-managed install_data
[1.255s] Level 1:colcon.colcon_core.environment:checking '/home/pepperumo/bumperbot_ws/install/bumperbot_utils' for CMake module files
[1.256s] Level 1:colcon.colcon_core.environment:checking '/home/pepperumo/bumperbot_ws/install/bumperbot_utils' for CMake config files
[1.256s] Level 1:colcon.colcon_core.environment:checking '/home/pepperumo/bumperbot_ws/install/bumperbot_utils/lib'
[1.256s] Level 1:colcon.colcon_core.environment:checking '/home/pepperumo/bumperbot_ws/install/bumperbot_utils/bin'
[1.256s] Level 1:colcon.colcon_core.environment:checking '/home/pepperumo/bumperbot_ws/install/bumperbot_utils/lib/pkgconfig/bumperbot_utils.pc'
[1.256s] Level 1:colcon.colcon_core.environment:checking '/home/pepperumo/bumperbot_ws/install/bumperbot_utils/lib/python3.10/site-packages'
[1.256s] DEBUG:colcon.colcon_core.event_handler.log_command:Invoked command in '/home/pepperumo/bumperbot_ws/src/bumperbot_utils' returned '0': PYTHONPATH=/home/pepperumo/bumperbot_ws/build/bumperbot_utils/prefix_override:/usr/lib/python3/dist-packages/colcon_core/task/python/colcon_distutils_commands:/home/pepperumo/bumperbot_ws/install/bumperbot_utils/lib/python3.10/site-packages:${PYTHONPATH} /usr/bin/python3 -W ignore:setup.py install is deprecated -W ignore:easy_install command is deprecated setup.py egg_info --egg-base ../../build/bumperbot_utils build --build-base /home/pepperumo/bumperbot_ws/build/bumperbot_utils/build install --record /home/pepperumo/bumperbot_ws/build/bumperbot_utils/install.log --single-version-externally-managed install_data
[1.256s] Level 1:colcon.colcon_core.shell:create_environment_hook('bumperbot_utils', 'pythonpath')
[1.257s] INFO:colcon.colcon_core.shell:Creating environment hook '/home/pepperumo/bumperbot_ws/install/bumperbot_utils/share/bumperbot_utils/hook/pythonpath.ps1'
[1.257s] INFO:colcon.colcon_core.shell:Creating environment descriptor '/home/pepperumo/bumperbot_ws/install/bumperbot_utils/share/bumperbot_utils/hook/pythonpath.dsv'
[1.257s] INFO:colcon.colcon_core.shell:Creating environment hook '/home/pepperumo/bumperbot_ws/install/bumperbot_utils/share/bumperbot_utils/hook/pythonpath.sh'
[1.258s] Level 1:colcon.colcon_core.environment:checking '/home/pepperumo/bumperbot_ws/install/bumperbot_utils/bin'
[1.258s] Level 1:colcon.colcon_core.environment:create_environment_scripts_only(bumperbot_utils)
[1.258s] INFO:colcon.colcon_core.shell:Creating package script '/home/pepperumo/bumperbot_ws/install/bumperbot_utils/share/bumperbot_utils/package.ps1'
[1.258s] INFO:colcon.colcon_core.shell:Creating package descriptor '/home/pepperumo/bumperbot_ws/install/bumperbot_utils/share/bumperbot_utils/package.dsv'
[1.258s] INFO:colcon.colcon_core.shell:Creating package script '/home/pepperumo/bumperbot_ws/install/bumperbot_utils/share/bumperbot_utils/package.sh'
[1.258s] INFO:colcon.colcon_core.shell:Creating package script '/home/pepperumo/bumperbot_ws/install/bumperbot_utils/share/bumperbot_utils/package.bash'
[1.258s] INFO:colcon.colcon_core.shell:Creating package script '/home/pepperumo/bumperbot_ws/install/bumperbot_utils/share/bumperbot_utils/package.zsh'
[1.258s] Level 1:colcon.colcon_core.environment:create_file_with_runtime_dependencies(/home/pepperumo/bumperbot_ws/install/bumperbot_utils/share/colcon-core/packages/bumperbot_utils)
[1.380s] DEBUG:colcon.colcon_core.event_handler.log_command:Invoking command in '/home/pepperumo/bumperbot_ws/src/bumperbot_py_examples': PYTHONPATH=/home/pepperumo/bumperbot_ws/build/bumperbot_py_examples/prefix_override:/usr/lib/python3/dist-packages/colcon_core/task/python/colcon_distutils_commands:/home/pepperumo/bumperbot_ws/install/bumperbot_py_examples/lib/python3.10/site-packages:${PYTHONPATH} /usr/bin/python3 -W ignore:setup.py install is deprecated -W ignore:easy_install command is deprecated setup.py egg_info --egg-base ../../build/bumperbot_py_examples build --build-base /home/pepperumo/bumperbot_ws/build/bumperbot_py_examples/build install --record /home/pepperumo/bumperbot_ws/build/bumperbot_py_examples/install.log --single-version-externally-managed install_data
[1.532s] Level 1:colcon.colcon_core.environment:checking '/home/pepperumo/bumperbot_ws/install/bumperbot_py_examples' for CMake module files
[1.532s] DEBUG:colcon.colcon_core.event_handler.log_command:Invoked command in '/home/pepperumo/bumperbot_ws/src/bumperbot_py_examples' returned '0': PYTHONPATH=/home/pepperumo/bumperbot_ws/build/bumperbot_py_examples/prefix_override:/usr/lib/python3/dist-packages/colcon_core/task/python/colcon_distutils_commands:/home/pepperumo/bumperbot_ws/install/bumperbot_py_examples/lib/python3.10/site-packages:${PYTHONPATH} /usr/bin/python3 -W ignore:setup.py install is deprecated -W ignore:easy_install command is deprecated setup.py egg_info --egg-base ../../build/bumperbot_py_examples build --build-base /home/pepperumo/bumperbot_ws/build/bumperbot_py_examples/build install --record /home/pepperumo/bumperbot_ws/build/bumperbot_py_examples/install.log --single-version-externally-managed install_data
[1.532s] Level 1:colcon.colcon_core.environment:checking '/home/pepperumo/bumperbot_ws/install/bumperbot_py_examples' for CMake config files
[1.533s] Level 1:colcon.colcon_core.environment:checking '/home/pepperumo/bumperbot_ws/install/bumperbot_py_examples/lib'
[1.533s] Level 1:colcon.colcon_core.environment:checking '/home/pepperumo/bumperbot_ws/install/bumperbot_py_examples/bin'
[1.533s] Level 1:colcon.colcon_core.environment:checking '/home/pepperumo/bumperbot_ws/install/bumperbot_py_examples/lib/pkgconfig/bumperbot_py_examples.pc'
[1.533s] Level 1:colcon.colcon_core.environment:checking '/home/pepperumo/bumperbot_ws/install/bumperbot_py_examples/lib/python3.10/site-packages'
[1.533s] Level 1:colcon.colcon_core.shell:create_environment_hook('bumperbot_py_examples', 'pythonpath')
[1.533s] INFO:colcon.colcon_core.shell:Creating environment hook '/home/pepperumo/bumperbot_ws/install/bumperbot_py_examples/share/bumperbot_py_examples/hook/pythonpath.ps1'
[1.533s] INFO:colcon.colcon_core.shell:Creating environment descriptor '/home/pepperumo/bumperbot_ws/install/bumperbot_py_examples/share/bumperbot_py_examples/hook/pythonpath.dsv'
[1.533s] INFO:colcon.colcon_core.shell:Creating environment hook '/home/pepperumo/bumperbot_ws/install/bumperbot_py_examples/share/bumperbot_py_examples/hook/pythonpath.sh'
[1.534s] Level 1:colcon.colcon_core.environment:checking '/home/pepperumo/bumperbot_ws/install/bumperbot_py_examples/bin'
[1.534s] Level 1:colcon.colcon_core.environment:create_environment_scripts_only(bumperbot_py_examples)
[1.534s] INFO:colcon.colcon_core.shell:Creating package script '/home/pepperumo/bumperbot_ws/install/bumperbot_py_examples/share/bumperbot_py_examples/package.ps1'
[1.534s] INFO:colcon.colcon_core.shell:Creating package descriptor '/home/pepperumo/bumperbot_ws/install/bumperbot_py_examples/share/bumperbot_py_examples/package.dsv'
[1.534s] INFO:colcon.colcon_core.shell:Creating package script '/home/pepperumo/bumperbot_ws/install/bumperbot_py_examples/share/bumperbot_py_examples/package.sh'
[1.534s] INFO:colcon.colcon_core.shell:Creating package script '/home/pepperumo/bumperbot_ws/install/bumperbot_py_examples/share/bumperbot_py_examples/package.bash'
[1.535s] INFO:colcon.colcon_core.shell:Creating package script '/home/pepperumo/bumperbot_ws/install/bumperbot_py_examples/share/bumperbot_py_examples/package.zsh'
[1.535s] Level 1:colcon.colcon_core.environment:create_file_with_runtime_dependencies(/home/pepperumo/bumperbot_ws/install/bumperbot_py_examples/share/colcon-core/packages/bumperbot_py_examples)
[3.149s] DEBUG:colcon.colcon_core.event_handler.log_command:Invoked command in '/home/pepperumo/bumperbot_ws/build/bumperbot_controller' returned '0': CMAKE_PREFIX_PATH=${CMAKE_PREFIX_PATH}:/home/pepperumo/bumperbot_ws/install/bumperbot_utils:/home/pepperumo/bumperbot_ws/install/bumperbot_py_examples:/opt/ros/humble /usr/bin/cmake --build /home/pepperumo/bumperbot_ws/build/bumperbot_controller -- -j32 -l32
[3.151s] DEBUG:colcon.colcon_core.event_handler.log_command:Invoking command in '/home/pepperumo/bumperbot_ws/build/bumperbot_controller': CMAKE_PREFIX_PATH=${CMAKE_PREFIX_PATH}:/home/pepperumo/bumperbot_ws/install/bumperbot_utils:/home/pepperumo/bumperbot_ws/install/bumperbot_py_examples:/opt/ros/humble /usr/bin/cmake --install /home/pepperumo/bumperbot_ws/build/bumperbot_controller
[3.188s] Level 1:colcon.colcon_core.environment:create_environment_scripts_only(bumperbot_controller)
[3.188s] Level 1:colcon.colcon_core.environment:checking '/home/pepperumo/bumperbot_ws/install/bumperbot_controller' for CMake module files
[3.188s] DEBUG:colcon.colcon_core.event_handler.log_command:Invoked command in '/home/pepperumo/bumperbot_ws/build/bumperbot_controller' returned '0': CMAKE_PREFIX_PATH=${CMAKE_PREFIX_PATH}:/home/pepperumo/bumperbot_ws/install/bumperbot_utils:/home/pepperumo/bumperbot_ws/install/bumperbot_py_examples:/opt/ros/humble /usr/bin/cmake --install /home/pepperumo/bumperbot_ws/build/bumperbot_controller
[3.188s] Level 1:colcon.colcon_core.environment:checking '/home/pepperumo/bumperbot_ws/install/bumperbot_controller' for CMake config files
[3.189s] Level 1:colcon.colcon_core.shell:create_environment_hook('bumperbot_controller', 'cmake_prefix_path')
[3.189s] INFO:colcon.colcon_core.shell:Creating environment hook '/home/pepperumo/bumperbot_ws/install/bumperbot_controller/share/bumperbot_controller/hook/cmake_prefix_path.ps1'
[3.189s] INFO:colcon.colcon_core.shell:Creating environment descriptor '/home/pepperumo/bumperbot_ws/install/bumperbot_controller/share/bumperbot_controller/hook/cmake_prefix_path.dsv'
[3.189s] INFO:colcon.colcon_core.shell:Creating environment hook '/home/pepperumo/bumperbot_ws/install/bumperbot_controller/share/bumperbot_controller/hook/cmake_prefix_path.sh'
[3.190s] Level 1:colcon.colcon_core.environment:checking '/home/pepperumo/bumperbot_ws/install/bumperbot_controller/lib'
[3.190s] Level 1:colcon.colcon_core.environment:checking '/home/pepperumo/bumperbot_ws/install/bumperbot_controller/bin'
[3.190s] Level 1:colcon.colcon_core.environment:checking '/home/pepperumo/bumperbot_ws/install/bumperbot_controller/lib/pkgconfig/bumperbot_controller.pc'
[3.190s] Level 1:colcon.colcon_core.environment:checking '/home/pepperumo/bumperbot_ws/install/bumperbot_controller/lib/python3.10/site-packages'
[3.190s] Level 1:colcon.colcon_core.environment:checking '/home/pepperumo/bumperbot_ws/install/bumperbot_controller/bin'
[3.190s] INFO:colcon.colcon_core.shell:Creating package script '/home/pepperumo/bumperbot_ws/install/bumperbot_controller/share/bumperbot_controller/package.ps1'
[3.191s] INFO:colcon.colcon_core.shell:Creating package descriptor '/home/pepperumo/bumperbot_ws/install/bumperbot_controller/share/bumperbot_controller/package.dsv'
[3.191s] INFO:colcon.colcon_core.shell:Creating package script '/home/pepperumo/bumperbot_ws/install/bumperbot_controller/share/bumperbot_controller/package.sh'
[3.191s] INFO:colcon.colcon_core.shell:Creating package script '/home/pepperumo/bumperbot_ws/install/bumperbot_controller/share/bumperbot_controller/package.bash'
[3.191s] INFO:colcon.colcon_core.shell:Creating package script '/home/pepperumo/bumperbot_ws/install/bumperbot_controller/share/bumperbot_controller/package.zsh'
[3.191s] Level 1:colcon.colcon_core.environment:create_file_with_runtime_dependencies(/home/pepperumo/bumperbot_ws/install/bumperbot_controller/share/colcon-core/packages/bumperbot_controller)
[3.192s] Level 1:colcon.colcon_core.environment:create_environment_scripts_only(bumperbot_controller)
[3.192s] Level 1:colcon.colcon_core.environment:checking '/home/pepperumo/bumperbot_ws/install/bumperbot_controller' for CMake module files
[3.192s] Level 1:colcon.colcon_core.environment:checking '/home/pepperumo/bumperbot_ws/install/bumperbot_controller' for CMake config files
[3.192s] Level 1:colcon.colcon_core.shell:create_environment_hook('bumperbot_controller', 'cmake_prefix_path')
[3.192s] INFO:colcon.colcon_core.shell:Creating environment hook '/home/pepperumo/bumperbot_ws/install/bumperbot_controller/share/bumperbot_controller/hook/cmake_prefix_path.ps1'
[3.193s] INFO:colcon.colcon_core.shell:Creating environment descriptor '/home/pepperumo/bumperbot_ws/install/bumperbot_controller/share/bumperbot_controller/hook/cmake_prefix_path.dsv'
[3.193s] INFO:colcon.colcon_core.shell:Creating environment hook '/home/pepperumo/bumperbot_ws/install/bumperbot_controller/share/bumperbot_controller/hook/cmake_prefix_path.sh'
[3.193s] Level 1:colcon.colcon_core.environment:checking '/home/pepperumo/bumperbot_ws/install/bumperbot_controller/lib'
[3.193s] Level 1:colcon.colcon_core.environment:checking '/home/pepperumo/bumperbot_ws/install/bumperbot_controller/bin'
[3.193s] Level 1:colcon.colcon_core.environment:checking '/home/pepperumo/bumperbot_ws/install/bumperbot_controller/lib/pkgconfig/bumperbot_controller.pc'
[3.193s] Level 1:colcon.colcon_core.environment:checking '/home/pepperumo/bumperbot_ws/install/bumperbot_controller/lib/python3.10/site-packages'
[3.193s] Level 1:colcon.colcon_core.environment:checking '/home/pepperumo/bumperbot_ws/install/bumperbot_controller/bin'
[3.193s] INFO:colcon.colcon_core.shell:Creating package script '/home/pepperumo/bumperbot_ws/install/bumperbot_controller/share/bumperbot_controller/package.ps1'
[3.194s] INFO:colcon.colcon_core.shell:Creating package descriptor '/home/pepperumo/bumperbot_ws/install/bumperbot_controller/share/bumperbot_controller/package.dsv'
[3.194s] INFO:colcon.colcon_core.shell:Creating package script '/home/pepperumo/bumperbot_ws/install/bumperbot_controller/share/bumperbot_controller/package.sh'
[3.194s] INFO:colcon.colcon_core.shell:Creating package script '/home/pepperumo/bumperbot_ws/install/bumperbot_controller/share/bumperbot_controller/package.bash'
[3.194s] INFO:colcon.colcon_core.shell:Creating package script '/home/pepperumo/bumperbot_ws/install/bumperbot_controller/share/bumperbot_controller/package.zsh'
[3.194s] Level 1:colcon.colcon_core.environment:create_file_with_runtime_dependencies(/home/pepperumo/bumperbot_ws/install/bumperbot_controller/share/colcon-core/packages/bumperbot_controller)
[3.194s] DEBUG:colcon.colcon_parallel_executor.executor.parallel:closing loop
[3.195s] DEBUG:colcon.colcon_parallel_executor.executor.parallel:loop closed
[3.195s] DEBUG:colcon.colcon_parallel_executor.executor.parallel:run_until_complete finished with '0'
[3.195s] DEBUG:colcon.colcon_core.event_reactor:joining thread
[3.244s] INFO:colcon.colcon_core.plugin_system:Skipping extension 'colcon_notification.desktop_notification.notify_send': Could not find 'notify-send'
[3.244s] INFO:colcon.colcon_core.plugin_system:Skipping extension 'colcon_notification.desktop_notification.terminal_notifier': Not used on non-Darwin systems
[3.244s] INFO:colcon.colcon_core.plugin_system:Skipping extension 'colcon_notification.desktop_notification.win32': Not used on non-Windows systems
[3.244s] INFO:colcon.colcon_notification.desktop_notification:Sending desktop notification using 'notify2'
[3.245s] DEBUG:colcon.colcon_notification.desktop_notification.notify2:Failed to initialize notify2: org.freedesktop.DBus.Error.ServiceUnknown: The name org.freedesktop.Notifications was not provided by any .service files
[3.245s] DEBUG:colcon.colcon_core.event_reactor:joined thread
[3.245s] INFO:colcon.colcon_core.shell:Creating prefix script '/home/pepperumo/bumperbot_ws/install/local_setup.ps1'
[3.246s] INFO:colcon.colcon_core.shell:Creating prefix util module '/home/pepperumo/bumperbot_ws/install/_local_setup_util_ps1.py'
[3.247s] INFO:colcon.colcon_core.shell:Creating prefix chain script '/home/pepperumo/bumperbot_ws/install/setup.ps1'
[3.248s] INFO:colcon.colcon_core.shell:Creating prefix script '/home/pepperumo/bumperbot_ws/install/local_setup.sh'
[3.249s] INFO:colcon.colcon_core.shell:Creating prefix util module '/home/pepperumo/bumperbot_ws/install/_local_setup_util_sh.py'
[3.249s] INFO:colcon.colcon_core.shell:Creating prefix chain script '/home/pepperumo/bumperbot_ws/install/setup.sh'
[3.250s] INFO:colcon.colcon_core.shell:Creating prefix script '/home/pepperumo/bumperbot_ws/install/local_setup.bash'
[3.250s] INFO:colcon.colcon_core.shell:Creating prefix chain script '/home/pepperumo/bumperbot_ws/install/setup.bash'
[3.251s] INFO:colcon.colcon_core.shell:Creating prefix script '/home/pepperumo/bumperbot_ws/install/local_setup.zsh'
[3.251s] INFO:colcon.colcon_core.shell:Creating prefix chain script '/home/pepperumo/bumperbot_ws/install/setup.zsh'
