[0.436s] Invoking command in '/home/pepperumo/bumperbot_ws/src/bumperbot_utils': PYTHONPATH=/home/pepperumo/bumperbot_ws/build/bumperbot_utils/prefix_override:/usr/lib/python3/dist-packages/colcon_core/task/python/colcon_distutils_commands:/home/pepperumo/bumperbot_ws/install/bumperbot_utils/lib/python3.10/site-packages:${PYTHONPATH} /usr/bin/python3 -W ignore:setup.py install is deprecated -W ignore:easy_install command is deprecated setup.py egg_info --egg-base ../../build/bumperbot_utils build --build-base /home/pepperumo/bumperbot_ws/build/bumperbot_utils/build install --record /home/pepperumo/bumperbot_ws/build/bumperbot_utils/install.log --single-version-externally-managed install_data
[0.584s] running egg_info
[0.585s] writing ../../build/bumperbot_utils/bumperbot_utils.egg-info/PKG-INFO
[0.585s] writing dependency_links to ../../build/bumperbot_utils/bumperbot_utils.egg-info/dependency_links.txt
[0.585s] writing entry points to ../../build/bumperbot_utils/bumperbot_utils.egg-info/entry_points.txt
[0.585s] writing requirements to ../../build/bumperbot_utils/bumperbot_utils.egg-info/requires.txt
[0.585s] writing top-level names to ../../build/bumperbot_utils/bumperbot_utils.egg-info/top_level.txt
[0.587s] reading manifest file '../../build/bumperbot_utils/bumperbot_utils.egg-info/SOURCES.txt'
[0.588s] writing manifest file '../../build/bumperbot_utils/bumperbot_utils.egg-info/SOURCES.txt'
[0.588s] running build
[0.588s] running build_py
[0.588s] copying bumperbot_utils/trajectory_drawer.py -> /home/pepperumo/bumperbot_ws/build/bumperbot_utils/build/lib/bumperbot_utils
[0.588s] running install
[0.588s] running install_lib
[0.589s] copying /home/pepperumo/bumperbot_ws/build/bumperbot_utils/build/lib/bumperbot_utils/trajectory_drawer.py -> /home/pepperumo/bumperbot_ws/install/bumperbot_utils/lib/python3.10/site-packages/bumperbot_utils
[0.589s] byte-compiling /home/pepperumo/bumperbot_ws/install/bumperbot_utils/lib/python3.10/site-packages/bumperbot_utils/trajectory_drawer.py to trajectory_drawer.cpython-310.pyc
[0.589s] running install_data
[0.590s] running install_egg_info
[0.591s] removing '/home/pepperumo/bumperbot_ws/install/bumperbot_utils/lib/python3.10/site-packages/bumperbot_utils-0.0.0-py3.10.egg-info' (and everything under it)
[0.591s] Copying ../../build/bumperbot_utils/bumperbot_utils.egg-info to /home/pepperumo/bumperbot_ws/install/bumperbot_utils/lib/python3.10/site-packages/bumperbot_utils-0.0.0-py3.10.egg-info
[0.592s] running install_scripts
[0.605s] Installing trajectory_drawer script to /home/pepperumo/bumperbot_ws/install/bumperbot_utils/lib/bumperbot_utils
[0.606s] writing list of installed files to '/home/pepperumo/bumperbot_ws/build/bumperbot_utils/install.log'
[0.634s] Invoked command in '/home/pepperumo/bumperbot_ws/src/bumperbot_utils' returned '0': PYTHONPATH=/home/pepperumo/bumperbot_ws/build/bumperbot_utils/prefix_override:/usr/lib/python3/dist-packages/colcon_core/task/python/colcon_distutils_commands:/home/pepperumo/bumperbot_ws/install/bumperbot_utils/lib/python3.10/site-packages:${PYTHONPATH} /usr/bin/python3 -W ignore:setup.py install is deprecated -W ignore:easy_install command is deprecated setup.py egg_info --egg-base ../../build/bumperbot_utils build --build-base /home/pepperumo/bumperbot_ws/build/bumperbot_utils/build install --record /home/pepperumo/bumperbot_ws/build/bumperbot_utils/install.log --single-version-externally-managed install_data
