[0.527s] Invoking command in '/home/pepperumo/bumperbot_ws/src/bumperbot_py_examples': PYTHONPATH=/home/pepperumo/bumperbot_ws/build/bumperbot_py_examples/prefix_override:/usr/lib/python3/dist-packages/colcon_core/task/python/colcon_distutils_commands:/home/pepperumo/bumperbot_ws/install/bumperbot_py_examples/lib/python3.10/site-packages:${PYTHONPATH} /usr/bin/python3 -W ignore:setup.py install is deprecated -W ignore:easy_install command is deprecated setup.py egg_info --egg-base ../../build/bumperbot_py_examples build --build-base /home/pepperumo/bumperbot_ws/build/bumperbot_py_examples/build install --record /home/pepperumo/bumperbot_ws/build/bumperbot_py_examples/install.log --single-version-externally-managed install_data
[0.636s] running egg_info
[0.636s] writing ../../build/bumperbot_py_examples/bumperbot_py_examples.egg-info/PKG-INFO
[0.636s] writing dependency_links to ../../build/bumperbot_py_examples/bumperbot_py_examples.egg-info/dependency_links.txt
[0.636s] writing entry points to ../../build/bumperbot_py_examples/bumperbot_py_examples.egg-info/entry_points.txt
[0.636s] writing requirements to ../../build/bumperbot_py_examples/bumperbot_py_examples.egg-info/requires.txt
[0.636s] writing top-level names to ../../build/bumperbot_py_examples/bumperbot_py_examples.egg-info/top_level.txt
[0.637s] reading manifest file '../../build/bumperbot_py_examples/bumperbot_py_examples.egg-info/SOURCES.txt'
[0.638s] writing manifest file '../../build/bumperbot_py_examples/bumperbot_py_examples.egg-info/SOURCES.txt'
[0.638s] running build
[0.638s] running build_py
[0.638s] running install
[0.639s] running install_lib
[0.640s] running install_data
[0.640s] running install_egg_info
[0.641s] removing '/home/pepperumo/bumperbot_ws/install/bumperbot_py_examples/lib/python3.10/site-packages/bumperbot_py_examples-0.0.0-py3.10.egg-info' (and everything under it)
[0.641s] Copying ../../build/bumperbot_py_examples/bumperbot_py_examples.egg-info to /home/pepperumo/bumperbot_ws/install/bumperbot_py_examples/lib/python3.10/site-packages/bumperbot_py_examples-0.0.0-py3.10.egg-info
[0.642s] running install_scripts
[0.651s] Installing simple_parameter script to /home/pepperumo/bumperbot_ws/install/bumperbot_py_examples/lib/bumperbot_py_examples
[0.651s] Installing simple_publisher script to /home/pepperumo/bumperbot_ws/install/bumperbot_py_examples/lib/bumperbot_py_examples
[0.651s] Installing simple_service_client script to /home/pepperumo/bumperbot_ws/install/bumperbot_py_examples/lib/bumperbot_py_examples
[0.651s] Installing simple_service_server script to /home/pepperumo/bumperbot_ws/install/bumperbot_py_examples/lib/bumperbot_py_examples
[0.652s] Installing simple_subscriber script to /home/pepperumo/bumperbot_ws/install/bumperbot_py_examples/lib/bumperbot_py_examples
[0.652s] Installing simple_tf_kinematics script to /home/pepperumo/bumperbot_ws/install/bumperbot_py_examples/lib/bumperbot_py_examples
[0.652s] Installing simple_turtlesim_kinematics script to /home/pepperumo/bumperbot_ws/install/bumperbot_py_examples/lib/bumperbot_py_examples
[0.652s] writing list of installed files to '/home/pepperumo/bumperbot_ws/build/bumperbot_py_examples/install.log'
[0.663s] Invoked command in '/home/pepperumo/bumperbot_ws/src/bumperbot_py_examples' returned '0': PYTHONPATH=/home/pepperumo/bumperbot_ws/build/bumperbot_py_examples/prefix_override:/usr/lib/python3/dist-packages/colcon_core/task/python/colcon_distutils_commands:/home/pepperumo/bumperbot_ws/install/bumperbot_py_examples/lib/python3.10/site-packages:${PYTHONPATH} /usr/bin/python3 -W ignore:setup.py install is deprecated -W ignore:easy_install command is deprecated setup.py egg_info --egg-base ../../build/bumperbot_py_examples build --build-base /home/pepperumo/bumperbot_ws/build/bumperbot_py_examples/build install --record /home/pepperumo/bumperbot_ws/build/bumperbot_py_examples/install.log --single-version-externally-managed install_data
