[35m[1mConsolidate compiler generated dependencies of target twist_relay[0m
[ 16%] [32mBuilding CXX object CMakeFiles/teclado.dir/src/teclado.cpp.o[0m
[ 50%] Built target simple_controller
[ 50%] Built target ament_cmake_python_copy_bumperbot_controller
[ 83%] Built target twist_relay
running egg_info
writing bumperbot_controller.egg-info/PKG-INFO
writing dependency_links to bumperbot_controller.egg-info/dependency_links.txt
writing top-level names to bumperbot_controller.egg-info/top_level.txt
reading manifest file 'bumperbot_controller.egg-info/SOURCES.txt'
writing manifest file 'bumperbot_controller.egg-info/SOURCES.txt'
[ 83%] Built target ament_cmake_python_build_bumperbot_controller_egg
[100%] [32m[1mLinking CXX executable teclado[0m
[100%] Built target teclado
-- Install configuration: ""
-- Up-to-date: /home/pepperumo/bumperbot_ws/install/bumperbot_controller/share/bumperbot_controller/environment/pythonpath.sh
-- Installing: /home/pepperumo/bumperbot_ws/install/bumperbot_controller/share/bumperbot_controller/environment/pythonpath.dsv
-- Up-to-date: /home/pepperumo/bumperbot_ws/install/bumperbot_controller/local/lib/python3.10/dist-packages/bumperbot_controller-0.0.0-py3.10.egg-info
-- Installing: /home/pepperumo/bumperbot_ws/install/bumperbot_controller/local/lib/python3.10/dist-packages/bumperbot_controller-0.0.0-py3.10.egg-info/dependency_links.txt
-- Installing: /home/pepperumo/bumperbot_ws/install/bumperbot_controller/local/lib/python3.10/dist-packages/bumperbot_controller-0.0.0-py3.10.egg-info/SOURCES.txt
-- Installing: /home/pepperumo/bumperbot_ws/install/bumperbot_controller/local/lib/python3.10/dist-packages/bumperbot_controller-0.0.0-py3.10.egg-info/top_level.txt
-- Installing: /home/pepperumo/bumperbot_ws/install/bumperbot_controller/local/lib/python3.10/dist-packages/bumperbot_controller-0.0.0-py3.10.egg-info/PKG-INFO
-- Up-to-date: /home/pepperumo/bumperbot_ws/install/bumperbot_controller/local/lib/python3.10/dist-packages/bumperbot_controller
-- Up-to-date: /home/pepperumo/bumperbot_ws/install/bumperbot_controller/local/lib/python3.10/dist-packages/bumperbot_controller/teclado.hpp
-- Installing: /home/pepperumo/bumperbot_ws/install/bumperbot_controller/local/lib/python3.10/dist-packages/bumperbot_controller/keyboard.py
-- Up-to-date: /home/pepperumo/bumperbot_ws/install/bumperbot_controller/local/lib/python3.10/dist-packages/bumperbot_controller/simple_controller.py:Zone.Identifier
-- Up-to-date: /home/pepperumo/bumperbot_ws/install/bumperbot_controller/local/lib/python3.10/dist-packages/bumperbot_controller/__init__.py
-- Up-to-date: /home/pepperumo/bumperbot_ws/install/bumperbot_controller/local/lib/python3.10/dist-packages/bumperbot_controller/twist_relay.py
-- Up-to-date: /home/pepperumo/bumperbot_ws/install/bumperbot_controller/local/lib/python3.10/dist-packages/bumperbot_controller/__init__.py:Zone.Identifier
-- Up-to-date: /home/pepperumo/bumperbot_ws/install/bumperbot_controller/local/lib/python3.10/dist-packages/bumperbot_controller/simple_controller.py
Listing '/home/pepperumo/bumperbot_ws/install/bumperbot_controller/local/lib/python3.10/dist-packages/bumperbot_controller'...
Listing '/home/pepperumo/bumperbot_ws/install/bumperbot_controller/local/lib/python3.10/dist-packages/bumperbot_controller/build'...
Listing '/home/pepperumo/bumperbot_ws/install/bumperbot_controller/local/lib/python3.10/dist-packages/bumperbot_controller/install'...
Compiling '/home/pepperumo/bumperbot_ws/install/bumperbot_controller/local/lib/python3.10/dist-packages/bumperbot_controller/keyboard.py'...
Listing '/home/pepperumo/bumperbot_ws/install/bumperbot_controller/local/lib/python3.10/dist-packages/bumperbot_controller/log'...
Listing '/home/pepperumo/bumperbot_ws/install/bumperbot_controller/local/lib/python3.10/dist-packages/bumperbot_controller/log/build_2024-12-09_05-12-43'...
-- Up-to-date: /home/pepperumo/bumperbot_ws/install/bumperbot_controller/include/include
-- Up-to-date: /home/pepperumo/bumperbot_ws/install/bumperbot_controller/include/include/bumperbot_controller
-- Installing: /home/pepperumo/bumperbot_ws/install/bumperbot_controller/include/include/bumperbot_controller/teclado.hpp
-- Up-to-date: /home/pepperumo/bumperbot_ws/install/bumperbot_controller/include/include/bumperbot_controller/simple_controller.hpp
-- Up-to-date: /home/pepperumo/bumperbot_ws/install/bumperbot_controller/include/include/bumperbot_controller/simple_controller.hpp:Zone.Identifier
-- Up-to-date: /home/pepperumo/bumperbot_ws/install/bumperbot_controller/lib/bumperbot_controller/simple_controller
-- Installing: /home/pepperumo/bumperbot_ws/install/bumperbot_controller/lib/bumperbot_controller/twist_relay
-- Set runtime path of "/home/pepperumo/bumperbot_ws/install/bumperbot_controller/lib/bumperbot_controller/twist_relay" to ""
-- Installing: /home/pepperumo/bumperbot_ws/install/bumperbot_controller/lib/bumperbot_controller/teclado
-- Set runtime path of "/home/pepperumo/bumperbot_ws/install/bumperbot_controller/lib/bumperbot_controller/teclado" to ""
-- Up-to-date: /home/pepperumo/bumperbot_ws/install/bumperbot_controller/share/bumperbot_controller/launch
-- Up-to-date: /home/pepperumo/bumperbot_ws/install/bumperbot_controller/share/bumperbot_controller/launch/joystick_teleop.launch.py
-- Up-to-date: /home/pepperumo/bumperbot_ws/install/bumperbot_controller/share/bumperbot_controller/launch/joystick_teleop.launch.py:Zone.Identifier
-- Up-to-date: /home/pepperumo/bumperbot_ws/install/bumperbot_controller/share/bumperbot_controller/launch/controller.launch.py
-- Up-to-date: /home/pepperumo/bumperbot_ws/install/bumperbot_controller/share/bumperbot_controller/launch/controller.launch.py:Zone.Identifier
-- Up-to-date: /home/pepperumo/bumperbot_ws/install/bumperbot_controller/share/bumperbot_controller/config
-- Up-to-date: /home/pepperumo/bumperbot_ws/install/bumperbot_controller/share/bumperbot_controller/config/joy_config.yaml
-- Up-to-date: /home/pepperumo/bumperbot_ws/install/bumperbot_controller/share/bumperbot_controller/config/joy_teleop.yaml
-- Up-to-date: /home/pepperumo/bumperbot_ws/install/bumperbot_controller/share/bumperbot_controller/config/twist_mux_joy.yaml
-- Up-to-date: /home/pepperumo/bumperbot_ws/install/bumperbot_controller/share/bumperbot_controller/config/bumperbot_controllers.yaml
-- Up-to-date: /home/pepperumo/bumperbot_ws/install/bumperbot_controller/share/bumperbot_controller/config/joy_teleop.yaml:Zone.Identifier
-- Up-to-date: /home/pepperumo/bumperbot_ws/install/bumperbot_controller/share/bumperbot_controller/config/twist_mux_locks.yaml
-- Up-to-date: /home/pepperumo/bumperbot_ws/install/bumperbot_controller/share/bumperbot_controller/config/twist_mux_topics.yaml
-- Up-to-date: /home/pepperumo/bumperbot_ws/install/bumperbot_controller/share/bumperbot_controller/config/bumperbot_controllers.yaml:Zone.Identifier
-- Up-to-date: /home/pepperumo/bumperbot_ws/install/bumperbot_controller/share/bumperbot_controller/config/joy_config.yaml:Zone.Identifier
-- Up-to-date: /home/pepperumo/bumperbot_ws/install/bumperbot_controller/lib/bumperbot_controller/simple_controller.py
-- Up-to-date: /home/pepperumo/bumperbot_ws/install/bumperbot_controller/lib/bumperbot_controller/twist_relay.py
-- Installing: /home/pepperumo/bumperbot_ws/install/bumperbot_controller/lib/bumperbot_controller/keyboard.py
-- Installing: /home/pepperumo/bumperbot_ws/install/bumperbot_controller/share/ament_index/resource_index/package_run_dependencies/bumperbot_controller
-- Up-to-date: /home/pepperumo/bumperbot_ws/install/bumperbot_controller/share/ament_index/resource_index/parent_prefix_path/bumperbot_controller
-- Up-to-date: /home/pepperumo/bumperbot_ws/install/bumperbot_controller/share/bumperbot_controller/environment/ament_prefix_path.sh
-- Installing: /home/pepperumo/bumperbot_ws/install/bumperbot_controller/share/bumperbot_controller/environment/ament_prefix_path.dsv
-- Up-to-date: /home/pepperumo/bumperbot_ws/install/bumperbot_controller/share/bumperbot_controller/environment/path.sh
-- Installing: /home/pepperumo/bumperbot_ws/install/bumperbot_controller/share/bumperbot_controller/environment/path.dsv
-- Up-to-date: /home/pepperumo/bumperbot_ws/install/bumperbot_controller/share/bumperbot_controller/local_setup.bash
-- Up-to-date: /home/pepperumo/bumperbot_ws/install/bumperbot_controller/share/bumperbot_controller/local_setup.sh
-- Up-to-date: /home/pepperumo/bumperbot_ws/install/bumperbot_controller/share/bumperbot_controller/local_setup.zsh
-- Installing: /home/pepperumo/bumperbot_ws/install/bumperbot_controller/share/bumperbot_controller/local_setup.dsv
-- Installing: /home/pepperumo/bumperbot_ws/install/bumperbot_controller/share/bumperbot_controller/package.dsv
-- Up-to-date: /home/pepperumo/bumperbot_ws/install/bumperbot_controller/share/ament_index/resource_index/packages/bumperbot_controller
-- Up-to-date: /home/pepperumo/bumperbot_ws/install/bumperbot_controller/share/bumperbot_controller/cmake/bumperbot_controllerConfig.cmake
-- Up-to-date: /home/pepperumo/bumperbot_ws/install/bumperbot_controller/share/bumperbot_controller/cmake/bumperbot_controllerConfig-version.cmake
-- Installing: /home/pepperumo/bumperbot_ws/install/bumperbot_controller/share/bumperbot_controller/package.xml
