[0.566s] Invoking command in '/home/pepperumo/bumperbot_ws/src/bumperbot_py_examples': AMENT_PREFIX_PATH=/home/pepperumo/bumperbot_ws/src/install/bumperbot_msgs:${AMENT_PREFIX_PATH} CMAKE_PREFIX_PATH=/home/pepperumo/bumperbot_ws/src/install/bumperbot_msgs:${CMAKE_PREFIX_PATH} LD_LIBRARY_PATH=/home/pepperumo/bumperbot_ws/src/install/bumperbot_msgs/lib:${LD_LIBRARY_PATH} PYTHONPATH=/home/pepperumo/bumperbot_ws/src/build/bumperbot_py_examples/prefix_override:/usr/lib/python3/dist-packages/colcon_core/task/python/colcon_distutils_commands:/home/pepperumo/bumperbot_ws/src/install/bumperbot_py_examples/lib/python3.10/site-packages:/home/pepperumo/bumperbot_ws/src/install/bumperbot_msgs/local/lib/python3.10/dist-packages:${PYTHONPATH} /usr/bin/python3 -W ignore:setup.py install is deprecated -W ignore:easy_install command is deprecated setup.py egg_info --egg-base ../build/bumperbot_py_examples build --build-base /home/pepperumo/bumperbot_ws/src/build/bumperbot_py_examples/build install --record /home/pepperumo/bumperbot_ws/src/build/bumperbot_py_examples/install.log --single-version-externally-managed install_data
[0.685s] running egg_info
[0.685s] writing ../build/bumperbot_py_examples/bumperbot_py_examples.egg-info/PKG-INFO
[0.686s] writing dependency_links to ../build/bumperbot_py_examples/bumperbot_py_examples.egg-info/dependency_links.txt
[0.686s] writing entry points to ../build/bumperbot_py_examples/bumperbot_py_examples.egg-info/entry_points.txt
[0.686s] writing requirements to ../build/bumperbot_py_examples/bumperbot_py_examples.egg-info/requires.txt
[0.686s] writing top-level names to ../build/bumperbot_py_examples/bumperbot_py_examples.egg-info/top_level.txt
[0.688s] reading manifest file '../build/bumperbot_py_examples/bumperbot_py_examples.egg-info/SOURCES.txt'
[0.688s] writing manifest file '../build/bumperbot_py_examples/bumperbot_py_examples.egg-info/SOURCES.txt'
[0.688s] running build
[0.688s] running build_py
[0.689s] copying bumperbot_py_examples/simple_service_client.py -> /home/pepperumo/bumperbot_ws/src/build/bumperbot_py_examples/build/lib/bumperbot_py_examples
[0.689s] copying bumperbot_py_examples/simple_service_server.py -> /home/pepperumo/bumperbot_ws/src/build/bumperbot_py_examples/build/lib/bumperbot_py_examples
[0.689s] copying bumperbot_py_examples/simple_tf_kinematics.py -> /home/pepperumo/bumperbot_ws/src/build/bumperbot_py_examples/build/lib/bumperbot_py_examples
[0.689s] running install
[0.689s] running install_lib
[0.689s] copying /home/pepperumo/bumperbot_ws/src/build/bumperbot_py_examples/build/lib/bumperbot_py_examples/simple_service_client.py -> /home/pepperumo/bumperbot_ws/src/install/bumperbot_py_examples/lib/python3.10/site-packages/bumperbot_py_examples
[0.689s] copying /home/pepperumo/bumperbot_ws/src/build/bumperbot_py_examples/build/lib/bumperbot_py_examples/simple_service_server.py -> /home/pepperumo/bumperbot_ws/src/install/bumperbot_py_examples/lib/python3.10/site-packages/bumperbot_py_examples
[0.690s] copying /home/pepperumo/bumperbot_ws/src/build/bumperbot_py_examples/build/lib/bumperbot_py_examples/simple_tf_kinematics.py -> /home/pepperumo/bumperbot_ws/src/install/bumperbot_py_examples/lib/python3.10/site-packages/bumperbot_py_examples
[0.690s] byte-compiling /home/pepperumo/bumperbot_ws/src/install/bumperbot_py_examples/lib/python3.10/site-packages/bumperbot_py_examples/simple_service_client.py to simple_service_client.cpython-310.pyc
[0.691s] byte-compiling /home/pepperumo/bumperbot_ws/src/install/bumperbot_py_examples/lib/python3.10/site-packages/bumperbot_py_examples/simple_service_server.py to simple_service_server.cpython-310.pyc
[0.691s] byte-compiling /home/pepperumo/bumperbot_ws/src/install/bumperbot_py_examples/lib/python3.10/site-packages/bumperbot_py_examples/simple_tf_kinematics.py to simple_tf_kinematics.cpython-310.pyc
[0.691s] running install_data
[0.691s] copying package.xml -> /home/pepperumo/bumperbot_ws/src/install/bumperbot_py_examples/share/bumperbot_py_examples
[0.691s] running install_egg_info
[0.693s] removing '/home/pepperumo/bumperbot_ws/src/install/bumperbot_py_examples/lib/python3.10/site-packages/bumperbot_py_examples-0.0.0-py3.10.egg-info' (and everything under it)
[0.693s] Copying ../build/bumperbot_py_examples/bumperbot_py_examples.egg-info to /home/pepperumo/bumperbot_ws/src/install/bumperbot_py_examples/lib/python3.10/site-packages/bumperbot_py_examples-0.0.0-py3.10.egg-info
[0.694s] running install_scripts
[0.706s] Installing simple_parameter script to /home/pepperumo/bumperbot_ws/src/install/bumperbot_py_examples/lib/bumperbot_py_examples
[0.706s] Installing simple_publisher script to /home/pepperumo/bumperbot_ws/src/install/bumperbot_py_examples/lib/bumperbot_py_examples
[0.706s] Installing simple_service_client script to /home/pepperumo/bumperbot_ws/src/install/bumperbot_py_examples/lib/bumperbot_py_examples
[0.706s] Installing simple_service_server script to /home/pepperumo/bumperbot_ws/src/install/bumperbot_py_examples/lib/bumperbot_py_examples
[0.706s] Installing simple_subscriber script to /home/pepperumo/bumperbot_ws/src/install/bumperbot_py_examples/lib/bumperbot_py_examples
[0.706s] Installing simple_tf_kinematics script to /home/pepperumo/bumperbot_ws/src/install/bumperbot_py_examples/lib/bumperbot_py_examples
[0.707s] Installing simple_turtlesim_kinematics script to /home/pepperumo/bumperbot_ws/src/install/bumperbot_py_examples/lib/bumperbot_py_examples
[0.707s] writing list of installed files to '/home/pepperumo/bumperbot_ws/src/build/bumperbot_py_examples/install.log'
[0.719s] Invoked command in '/home/pepperumo/bumperbot_ws/src/bumperbot_py_examples' returned '0': AMENT_PREFIX_PATH=/home/pepperumo/bumperbot_ws/src/install/bumperbot_msgs:${AMENT_PREFIX_PATH} CMAKE_PREFIX_PATH=/home/pepperumo/bumperbot_ws/src/install/bumperbot_msgs:${CMAKE_PREFIX_PATH} LD_LIBRARY_PATH=/home/pepperumo/bumperbot_ws/src/install/bumperbot_msgs/lib:${LD_LIBRARY_PATH} PYTHONPATH=/home/pepperumo/bumperbot_ws/src/build/bumperbot_py_examples/prefix_override:/usr/lib/python3/dist-packages/colcon_core/task/python/colcon_distutils_commands:/home/pepperumo/bumperbot_ws/src/install/bumperbot_py_examples/lib/python3.10/site-packages:/home/pepperumo/bumperbot_ws/src/install/bumperbot_msgs/local/lib/python3.10/dist-packages:${PYTHONPATH} /usr/bin/python3 -W ignore:setup.py install is deprecated -W ignore:easy_install command is deprecated setup.py egg_info --egg-base ../build/bumperbot_py_examples build --build-base /home/pepperumo/bumperbot_ws/src/build/bumperbot_py_examples/build install --record /home/pepperumo/bumperbot_ws/src/build/bumperbot_py_examples/install.log --single-version-externally-managed install_data
