-- Found ament_cmake: 1.3.11 (/opt/ros/humble/share/ament_cmake/cmake)
-- Found rclcpp: 16.0.11 (/opt/ros/humble/share/rclcpp/cmake)
-- Found rosidl_generator_c: 3.1.6 (/opt/ros/humble/share/rosidl_generator_c/cmake)
-- Found rosidl_adapter: 3.1.6 (/opt/ros/humble/share/rosidl_adapter/cmake)
-- Found rosidl_generator_cpp: 3.1.6 (/opt/ros/humble/share/rosidl_generator_cpp/cmake)
-- Using all available rosidl_typesupport_c: rosidl_typesupport_fastrtps_c;rosidl_typesupport_introspection_c
-- Using all available rosidl_typesupport_cpp: rosidl_typesupport_fastrtps_cpp;rosidl_typesupport_introspection_cpp
-- Found rmw_implementation_cmake: 6.1.2 (/opt/ros/humble/share/rmw_implementation_cmake/cmake)
-- Found rmw_fastrtps_cpp: 6.2.7 (/opt/ros/humble/share/rmw_fastrtps_cpp/cmake)
-- Found OpenSSL: /usr/lib/x86_64-linux-gnu/libcrypto.so (found version "3.0.2")  
-- Found FastRTPS: /opt/ros/humble/include  
-- Using RMW implementation 'rmw_fastrtps_cpp' as default
-- Looking for pthread.h
-- Looking for pthread.h - found
-- Performing Test CMAKE_HAVE_LIBC_PTHREAD
-- Performing Test CMAKE_HAVE_LIBC_PTHREAD - Success
-- Found Threads: TRUE  
-- Found rclpy: 3.3.15 (/opt/ros/humble/share/rclpy/cmake)
-- Found geometry_msgs: 4.2.4 (/opt/ros/humble/share/geometry_msgs/cmake)
-- Found sensor_msgs: 4.2.4 (/opt/ros/humble/share/sensor_msgs/cmake)
-- Found nav_msgs: 4.2.4 (/opt/ros/humble/share/nav_msgs/cmake)
-- Found tf2_ros: 0.25.9 (/opt/ros/humble/share/tf2_ros/cmake)
-- Configuring done
-- Generating done
-- Build files have been written to: /home/pepperumo/bumperbot_ws/src/build/bumperbot_controller
Built target ament_cmake_python_copy_bumperbot_controller
running egg_info
writing bumperbot_controller.egg-info/PKG-INFO
writing dependency_links to bumperbot_controller.egg-info/dependency_links.txt
writing top-level names to bumperbot_controller.egg-info/top_level.txt
reading manifest file 'bumperbot_controller.egg-info/SOURCES.txt'
writing manifest file 'bumperbot_controller.egg-info/SOURCES.txt'
Built target ament_cmake_python_build_bumperbot_controller_egg
-- Install configuration: ""
-- Up-to-date: /home/pepperumo/bumperbot_ws/src/install/bumperbot_controller/share/bumperbot_controller/environment/pythonpath.sh
-- Installing: /home/pepperumo/bumperbot_ws/src/install/bumperbot_controller/share/bumperbot_controller/environment/pythonpath.dsv
-- Up-to-date: /home/pepperumo/bumperbot_ws/src/install/bumperbot_controller/local/lib/python3.10/dist-packages/bumperbot_controller-0.0.0-py3.10.egg-info
-- Installing: /home/pepperumo/bumperbot_ws/src/install/bumperbot_controller/local/lib/python3.10/dist-packages/bumperbot_controller-0.0.0-py3.10.egg-info/dependency_links.txt
-- Installing: /home/pepperumo/bumperbot_ws/src/install/bumperbot_controller/local/lib/python3.10/dist-packages/bumperbot_controller-0.0.0-py3.10.egg-info/SOURCES.txt
-- Installing: /home/pepperumo/bumperbot_ws/src/install/bumperbot_controller/local/lib/python3.10/dist-packages/bumperbot_controller-0.0.0-py3.10.egg-info/top_level.txt
-- Installing: /home/pepperumo/bumperbot_ws/src/install/bumperbot_controller/local/lib/python3.10/dist-packages/bumperbot_controller-0.0.0-py3.10.egg-info/PKG-INFO
-- Up-to-date: /home/pepperumo/bumperbot_ws/src/install/bumperbot_controller/local/lib/python3.10/dist-packages/bumperbot_controller
-- Installing: /home/pepperumo/bumperbot_ws/src/install/bumperbot_controller/local/lib/python3.10/dist-packages/bumperbot_controller/__init__.py
-- Installing: /home/pepperumo/bumperbot_ws/src/install/bumperbot_controller/local/lib/python3.10/dist-packages/bumperbot_controller/log
-- Installing: /home/pepperumo/bumperbot_ws/src/install/bumperbot_controller/local/lib/python3.10/dist-packages/bumperbot_controller/log/build_2024-12-09_05-12-43
-- Installing: /home/pepperumo/bumperbot_ws/src/install/bumperbot_controller/local/lib/python3.10/dist-packages/bumperbot_controller/log/build_2024-12-09_05-12-43/logger_all.log
-- Installing: /home/pepperumo/bumperbot_ws/src/install/bumperbot_controller/local/lib/python3.10/dist-packages/bumperbot_controller/log/build_2024-12-09_05-12-43/events.log
-- Installing: /home/pepperumo/bumperbot_ws/src/install/bumperbot_controller/local/lib/python3.10/dist-packages/bumperbot_controller/log/latest
-- Installing: /home/pepperumo/bumperbot_ws/src/install/bumperbot_controller/local/lib/python3.10/dist-packages/bumperbot_controller/log/COLCON_IGNORE
-- Installing: /home/pepperumo/bumperbot_ws/src/install/bumperbot_controller/local/lib/python3.10/dist-packages/bumperbot_controller/log/latest_build
-- Installing: /home/pepperumo/bumperbot_ws/src/install/bumperbot_controller/local/lib/python3.10/dist-packages/bumperbot_controller/build
-- Installing: /home/pepperumo/bumperbot_ws/src/install/bumperbot_controller/local/lib/python3.10/dist-packages/bumperbot_controller/build/COLCON_IGNORE
-- Installing: /home/pepperumo/bumperbot_ws/src/install/bumperbot_controller/local/lib/python3.10/dist-packages/bumperbot_controller/build/.built_by
-- Installing: /home/pepperumo/bumperbot_ws/src/install/bumperbot_controller/local/lib/python3.10/dist-packages/bumperbot_controller/install
-- Installing: /home/pepperumo/bumperbot_ws/src/install/bumperbot_controller/local/lib/python3.10/dist-packages/bumperbot_controller/install/local_setup.sh
-- Installing: /home/pepperumo/bumperbot_ws/src/install/bumperbot_controller/local/lib/python3.10/dist-packages/bumperbot_controller/install/setup.sh
-- Installing: /home/pepperumo/bumperbot_ws/src/install/bumperbot_controller/local/lib/python3.10/dist-packages/bumperbot_controller/install/local_setup.ps1
-- Installing: /home/pepperumo/bumperbot_ws/src/install/bumperbot_controller/local/lib/python3.10/dist-packages/bumperbot_controller/install/COLCON_IGNORE
-- Installing: /home/pepperumo/bumperbot_ws/src/install/bumperbot_controller/local/lib/python3.10/dist-packages/bumperbot_controller/install/_local_setup_util_sh.py
-- Installing: /home/pepperumo/bumperbot_ws/src/install/bumperbot_controller/local/lib/python3.10/dist-packages/bumperbot_controller/install/.colcon_install_layout
-- Installing: /home/pepperumo/bumperbot_ws/src/install/bumperbot_controller/local/lib/python3.10/dist-packages/bumperbot_controller/install/setup.zsh
-- Installing: /home/pepperumo/bumperbot_ws/src/install/bumperbot_controller/local/lib/python3.10/dist-packages/bumperbot_controller/install/_local_setup_util_ps1.py
-- Installing: /home/pepperumo/bumperbot_ws/src/install/bumperbot_controller/local/lib/python3.10/dist-packages/bumperbot_controller/install/local_setup.zsh
-- Installing: /home/pepperumo/bumperbot_ws/src/install/bumperbot_controller/local/lib/python3.10/dist-packages/bumperbot_controller/install/setup.ps1
-- Installing: /home/pepperumo/bumperbot_ws/src/install/bumperbot_controller/local/lib/python3.10/dist-packages/bumperbot_controller/install/local_setup.bash
-- Installing: /home/pepperumo/bumperbot_ws/src/install/bumperbot_controller/local/lib/python3.10/dist-packages/bumperbot_controller/install/setup.bash
-- Installing: /home/pepperumo/bumperbot_ws/src/install/bumperbot_controller/local/lib/python3.10/dist-packages/bumperbot_controller/simple_controller.py
Listing '/home/pepperumo/bumperbot_ws/src/install/bumperbot_controller/local/lib/python3.10/dist-packages/bumperbot_controller'...
Compiling '/home/pepperumo/bumperbot_ws/src/install/bumperbot_controller/local/lib/python3.10/dist-packages/bumperbot_controller/__init__.py'...
Listing '/home/pepperumo/bumperbot_ws/src/install/bumperbot_controller/local/lib/python3.10/dist-packages/bumperbot_controller/build'...
Listing '/home/pepperumo/bumperbot_ws/src/install/bumperbot_controller/local/lib/python3.10/dist-packages/bumperbot_controller/install'...
Compiling '/home/pepperumo/bumperbot_ws/src/install/bumperbot_controller/local/lib/python3.10/dist-packages/bumperbot_controller/install/_local_setup_util_ps1.py'...
Compiling '/home/pepperumo/bumperbot_ws/src/install/bumperbot_controller/local/lib/python3.10/dist-packages/bumperbot_controller/install/_local_setup_util_sh.py'...
Listing '/home/pepperumo/bumperbot_ws/src/install/bumperbot_controller/local/lib/python3.10/dist-packages/bumperbot_controller/log'...
Listing '/home/pepperumo/bumperbot_ws/src/install/bumperbot_controller/local/lib/python3.10/dist-packages/bumperbot_controller/log/build_2024-12-09_05-12-43'...
Compiling '/home/pepperumo/bumperbot_ws/src/install/bumperbot_controller/local/lib/python3.10/dist-packages/bumperbot_controller/simple_controller.py'...
-- Installing: /home/pepperumo/bumperbot_ws/src/install/bumperbot_controller/include/include
-- Installing: /home/pepperumo/bumperbot_ws/src/install/bumperbot_controller/include/include/bumperbolt_controller
-- Installing: /home/pepperumo/bumperbot_ws/src/install/bumperbot_controller/include/include/bumperbolt_controller/simple_controller.hpp
-- Up-to-date: /home/pepperumo/bumperbot_ws/src/install/bumperbot_controller/share/bumperbot_controller/launch
-- Installing: /home/pepperumo/bumperbot_ws/src/install/bumperbot_controller/share/bumperbot_controller/launch/joystick_teleop.launch.py
-- Installing: /home/pepperumo/bumperbot_ws/src/install/bumperbot_controller/share/bumperbot_controller/launch/controller.launch.py
-- Up-to-date: /home/pepperumo/bumperbot_ws/src/install/bumperbot_controller/share/bumperbot_controller/config
-- Installing: /home/pepperumo/bumperbot_ws/src/install/bumperbot_controller/share/bumperbot_controller/config/joy_config.yaml
-- Installing: /home/pepperumo/bumperbot_ws/src/install/bumperbot_controller/share/bumperbot_controller/config/joy_teleop.yaml
-- Installing: /home/pepperumo/bumperbot_ws/src/install/bumperbot_controller/share/bumperbot_controller/config/bumperbot_controllers.yaml
-- Installing: /home/pepperumo/bumperbot_ws/src/install/bumperbot_controller/lib/bumperbot_controller/simple_controller.py
-- Installing: /home/pepperumo/bumperbot_ws/src/install/bumperbot_controller/share/ament_index/resource_index/package_run_dependencies/bumperbot_controller
-- Installing: /home/pepperumo/bumperbot_ws/src/install/bumperbot_controller/share/ament_index/resource_index/parent_prefix_path/bumperbot_controller
-- Installing: /home/pepperumo/bumperbot_ws/src/install/bumperbot_controller/share/bumperbot_controller/environment/ament_prefix_path.sh
-- Installing: /home/pepperumo/bumperbot_ws/src/install/bumperbot_controller/share/bumperbot_controller/environment/ament_prefix_path.dsv
-- Installing: /home/pepperumo/bumperbot_ws/src/install/bumperbot_controller/share/bumperbot_controller/environment/path.sh
-- Installing: /home/pepperumo/bumperbot_ws/src/install/bumperbot_controller/share/bumperbot_controller/environment/path.dsv
-- Up-to-date: /home/pepperumo/bumperbot_ws/src/install/bumperbot_controller/share/bumperbot_controller/local_setup.bash
-- Up-to-date: /home/pepperumo/bumperbot_ws/src/install/bumperbot_controller/share/bumperbot_controller/local_setup.sh
-- Up-to-date: /home/pepperumo/bumperbot_ws/src/install/bumperbot_controller/share/bumperbot_controller/local_setup.zsh
-- Installing: /home/pepperumo/bumperbot_ws/src/install/bumperbot_controller/share/bumperbot_controller/local_setup.dsv
-- Installing: /home/pepperumo/bumperbot_ws/src/install/bumperbot_controller/share/bumperbot_controller/package.dsv
-- Up-to-date: /home/pepperumo/bumperbot_ws/src/install/bumperbot_controller/share/ament_index/resource_index/packages/bumperbot_controller
-- Up-to-date: /home/pepperumo/bumperbot_ws/src/install/bumperbot_controller/share/bumperbot_controller/cmake/bumperbot_controllerConfig.cmake
-- Up-to-date: /home/pepperumo/bumperbot_ws/src/install/bumperbot_controller/share/bumperbot_controller/cmake/bumperbot_controllerConfig-version.cmake
-- Installing: /home/pepperumo/bumperbot_ws/src/install/bumperbot_controller/share/bumperbot_controller/package.xml
