[0.017s] Invoking command in '/home/pepperumo/bumperbot_ws/src/build/bumperbot_controller': CMAKE_PREFIX_PATH=${CMAKE_PREFIX_PATH}:/home/pepperumo/bumperbot_ws/install/bumperbot_utils:/home/pepperumo/bumperbot_ws/install/bumperbot_py_examples:/home/pepperumo/ros2_ws/install/my_py_pkg:/home/pepperumo/install/my_py_pkg:/opt/ros/humble /usr/bin/cmake --build /home/pepperumo/bumperbot_ws/src/build/bumperbot_controller -- -j32 -l32
[0.028s] -- Found ament_cmake: 1.3.11 (/opt/ros/humble/share/ament_cmake/cmake)
[0.107s] -- Found rclcpp: 16.0.11 (/opt/ros/humble/share/rclcpp/cmake)
[0.342s] -- Found rosidl_generator_c: 3.1.6 (/opt/ros/humble/share/rosidl_generator_c/cmake)
[0.344s] -- Found rosidl_adapter: 3.1.6 (/opt/ros/humble/share/rosidl_adapter/cmake)
[0.346s] -- Found rosidl_generator_cpp: 3.1.6 (/opt/ros/humble/share/rosidl_generator_cpp/cmake)
[0.352s] -- Using all available rosidl_typesupport_c: rosidl_typesupport_fastrtps_c;rosidl_typesupport_introspection_c
[0.358s] -- Using all available rosidl_typesupport_cpp: rosidl_typesupport_fastrtps_cpp;rosidl_typesupport_introspection_cpp
[0.381s] -- Found rmw_implementation_cmake: 6.1.2 (/opt/ros/humble/share/rmw_implementation_cmake/cmake)
[0.382s] -- Found rmw_fastrtps_cpp: 6.2.7 (/opt/ros/humble/share/rmw_fastrtps_cpp/cmake)
[2.271s] -- Found OpenSSL: /usr/lib/x86_64-linux-gnu/libcrypto.so (found version "3.0.2")  
[4.388s] -- Found FastRTPS: /opt/ros/humble/include  
[7.194s] -- Using RMW implementation 'rmw_fastrtps_cpp' as default
[7.199s] -- Looking for pthread.h
[7.307s] -- Looking for pthread.h - found
[7.307s] -- Performing Test CMAKE_HAVE_LIBC_PTHREAD
[7.419s] -- Performing Test CMAKE_HAVE_LIBC_PTHREAD - Success
[7.419s] -- Found Threads: TRUE  
[7.445s] -- Found rclpy: 3.3.15 (/opt/ros/humble/share/rclpy/cmake)
[7.445s] -- Found geometry_msgs: 4.2.4 (/opt/ros/humble/share/geometry_msgs/cmake)
[7.452s] -- Found sensor_msgs: 4.2.4 (/opt/ros/humble/share/sensor_msgs/cmake)
[7.462s] -- Found nav_msgs: 4.2.4 (/opt/ros/humble/share/nav_msgs/cmake)
[7.471s] -- Found tf2_ros: 0.25.9 (/opt/ros/humble/share/tf2_ros/cmake)
[7.608s] -- Configuring done
[7.616s] -- Generating done
[7.618s] -- Build files have been written to: /home/pepperumo/bumperbot_ws/src/build/bumperbot_controller
[7.644s] Built target ament_cmake_python_copy_bumperbot_controller
[7.768s] running egg_info
[7.768s] writing bumperbot_controller.egg-info/PKG-INFO
[7.769s] writing dependency_links to bumperbot_controller.egg-info/dependency_links.txt
[7.769s] writing top-level names to bumperbot_controller.egg-info/top_level.txt
[7.770s] reading manifest file 'bumperbot_controller.egg-info/SOURCES.txt'
[7.771s] writing manifest file 'bumperbot_controller.egg-info/SOURCES.txt'
[7.785s] Built target ament_cmake_python_build_bumperbot_controller_egg
[7.791s] Invoked command in '/home/pepperumo/bumperbot_ws/src/build/bumperbot_controller' returned '0': CMAKE_PREFIX_PATH=${CMAKE_PREFIX_PATH}:/home/pepperumo/bumperbot_ws/install/bumperbot_utils:/home/pepperumo/bumperbot_ws/install/bumperbot_py_examples:/home/pepperumo/ros2_ws/install/my_py_pkg:/home/pepperumo/install/my_py_pkg:/opt/ros/humble /usr/bin/cmake --build /home/pepperumo/bumperbot_ws/src/build/bumperbot_controller -- -j32 -l32
[7.805s] Invoking command in '/home/pepperumo/bumperbot_ws/src/build/bumperbot_controller': CMAKE_PREFIX_PATH=${CMAKE_PREFIX_PATH}:/home/pepperumo/bumperbot_ws/install/bumperbot_utils:/home/pepperumo/bumperbot_ws/install/bumperbot_py_examples:/home/pepperumo/ros2_ws/install/my_py_pkg:/home/pepperumo/install/my_py_pkg:/opt/ros/humble /usr/bin/cmake --install /home/pepperumo/bumperbot_ws/src/build/bumperbot_controller
[7.808s] -- Install configuration: ""
[7.808s] -- Up-to-date: /home/pepperumo/bumperbot_ws/src/install/bumperbot_controller/share/bumperbot_controller/environment/pythonpath.sh
[7.808s] -- Installing: /home/pepperumo/bumperbot_ws/src/install/bumperbot_controller/share/bumperbot_controller/environment/pythonpath.dsv
[7.808s] -- Up-to-date: /home/pepperumo/bumperbot_ws/src/install/bumperbot_controller/local/lib/python3.10/dist-packages/bumperbot_controller-0.0.0-py3.10.egg-info
[7.808s] -- Installing: /home/pepperumo/bumperbot_ws/src/install/bumperbot_controller/local/lib/python3.10/dist-packages/bumperbot_controller-0.0.0-py3.10.egg-info/dependency_links.txt
[7.808s] -- Installing: /home/pepperumo/bumperbot_ws/src/install/bumperbot_controller/local/lib/python3.10/dist-packages/bumperbot_controller-0.0.0-py3.10.egg-info/SOURCES.txt
[7.808s] -- Installing: /home/pepperumo/bumperbot_ws/src/install/bumperbot_controller/local/lib/python3.10/dist-packages/bumperbot_controller-0.0.0-py3.10.egg-info/top_level.txt
[7.808s] -- Installing: /home/pepperumo/bumperbot_ws/src/install/bumperbot_controller/local/lib/python3.10/dist-packages/bumperbot_controller-0.0.0-py3.10.egg-info/PKG-INFO
[7.809s] -- Up-to-date: /home/pepperumo/bumperbot_ws/src/install/bumperbot_controller/local/lib/python3.10/dist-packages/bumperbot_controller
[7.809s] -- Installing: /home/pepperumo/bumperbot_ws/src/install/bumperbot_controller/local/lib/python3.10/dist-packages/bumperbot_controller/__init__.py
[7.809s] -- Installing: /home/pepperumo/bumperbot_ws/src/install/bumperbot_controller/local/lib/python3.10/dist-packages/bumperbot_controller/log
[7.809s] -- Installing: /home/pepperumo/bumperbot_ws/src/install/bumperbot_controller/local/lib/python3.10/dist-packages/bumperbot_controller/log/build_2024-12-09_05-12-43
[7.809s] -- Installing: /home/pepperumo/bumperbot_ws/src/install/bumperbot_controller/local/lib/python3.10/dist-packages/bumperbot_controller/log/build_2024-12-09_05-12-43/logger_all.log
[7.809s] -- Installing: /home/pepperumo/bumperbot_ws/src/install/bumperbot_controller/local/lib/python3.10/dist-packages/bumperbot_controller/log/build_2024-12-09_05-12-43/events.log
[7.809s] -- Installing: /home/pepperumo/bumperbot_ws/src/install/bumperbot_controller/local/lib/python3.10/dist-packages/bumperbot_controller/log/latest
[7.809s] -- Installing: /home/pepperumo/bumperbot_ws/src/install/bumperbot_controller/local/lib/python3.10/dist-packages/bumperbot_controller/log/COLCON_IGNORE
[7.809s] -- Installing: /home/pepperumo/bumperbot_ws/src/install/bumperbot_controller/local/lib/python3.10/dist-packages/bumperbot_controller/log/latest_build
[7.810s] -- Installing: /home/pepperumo/bumperbot_ws/src/install/bumperbot_controller/local/lib/python3.10/dist-packages/bumperbot_controller/build
[7.810s] -- Installing: /home/pepperumo/bumperbot_ws/src/install/bumperbot_controller/local/lib/python3.10/dist-packages/bumperbot_controller/build/COLCON_IGNORE
[7.810s] -- Installing: /home/pepperumo/bumperbot_ws/src/install/bumperbot_controller/local/lib/python3.10/dist-packages/bumperbot_controller/build/.built_by
[7.810s] -- Installing: /home/pepperumo/bumperbot_ws/src/install/bumperbot_controller/local/lib/python3.10/dist-packages/bumperbot_controller/install
[7.810s] -- Installing: /home/pepperumo/bumperbot_ws/src/install/bumperbot_controller/local/lib/python3.10/dist-packages/bumperbot_controller/install/local_setup.sh
[7.810s] -- Installing: /home/pepperumo/bumperbot_ws/src/install/bumperbot_controller/local/lib/python3.10/dist-packages/bumperbot_controller/install/setup.sh
[7.810s] -- Installing: /home/pepperumo/bumperbot_ws/src/install/bumperbot_controller/local/lib/python3.10/dist-packages/bumperbot_controller/install/local_setup.ps1
[7.810s] -- Installing: /home/pepperumo/bumperbot_ws/src/install/bumperbot_controller/local/lib/python3.10/dist-packages/bumperbot_controller/install/COLCON_IGNORE
[7.810s] -- Installing: /home/pepperumo/bumperbot_ws/src/install/bumperbot_controller/local/lib/python3.10/dist-packages/bumperbot_controller/install/_local_setup_util_sh.py
[7.810s] -- Installing: /home/pepperumo/bumperbot_ws/src/install/bumperbot_controller/local/lib/python3.10/dist-packages/bumperbot_controller/install/.colcon_install_layout
[7.810s] -- Installing: /home/pepperumo/bumperbot_ws/src/install/bumperbot_controller/local/lib/python3.10/dist-packages/bumperbot_controller/install/setup.zsh
[7.810s] -- Installing: /home/pepperumo/bumperbot_ws/src/install/bumperbot_controller/local/lib/python3.10/dist-packages/bumperbot_controller/install/_local_setup_util_ps1.py
[7.810s] -- Installing: /home/pepperumo/bumperbot_ws/src/install/bumperbot_controller/local/lib/python3.10/dist-packages/bumperbot_controller/install/local_setup.zsh
[7.811s] -- Installing: /home/pepperumo/bumperbot_ws/src/install/bumperbot_controller/local/lib/python3.10/dist-packages/bumperbot_controller/install/setup.ps1
[7.811s] -- Installing: /home/pepperumo/bumperbot_ws/src/install/bumperbot_controller/local/lib/python3.10/dist-packages/bumperbot_controller/install/local_setup.bash
[7.811s] -- Installing: /home/pepperumo/bumperbot_ws/src/install/bumperbot_controller/local/lib/python3.10/dist-packages/bumperbot_controller/install/setup.bash
[7.811s] -- Installing: /home/pepperumo/bumperbot_ws/src/install/bumperbot_controller/local/lib/python3.10/dist-packages/bumperbot_controller/simple_controller.py
[7.831s] Listing '/home/pepperumo/bumperbot_ws/src/install/bumperbot_controller/local/lib/python3.10/dist-packages/bumperbot_controller'...
[7.831s] Compiling '/home/pepperumo/bumperbot_ws/src/install/bumperbot_controller/local/lib/python3.10/dist-packages/bumperbot_controller/__init__.py'...
[7.831s] Listing '/home/pepperumo/bumperbot_ws/src/install/bumperbot_controller/local/lib/python3.10/dist-packages/bumperbot_controller/build'...
[7.831s] Listing '/home/pepperumo/bumperbot_ws/src/install/bumperbot_controller/local/lib/python3.10/dist-packages/bumperbot_controller/install'...
[7.831s] Compiling '/home/pepperumo/bumperbot_ws/src/install/bumperbot_controller/local/lib/python3.10/dist-packages/bumperbot_controller/install/_local_setup_util_ps1.py'...
[7.831s] Compiling '/home/pepperumo/bumperbot_ws/src/install/bumperbot_controller/local/lib/python3.10/dist-packages/bumperbot_controller/install/_local_setup_util_sh.py'...
[7.831s] Listing '/home/pepperumo/bumperbot_ws/src/install/bumperbot_controller/local/lib/python3.10/dist-packages/bumperbot_controller/log'...
[7.831s] Listing '/home/pepperumo/bumperbot_ws/src/install/bumperbot_controller/local/lib/python3.10/dist-packages/bumperbot_controller/log/build_2024-12-09_05-12-43'...
[7.831s] Compiling '/home/pepperumo/bumperbot_ws/src/install/bumperbot_controller/local/lib/python3.10/dist-packages/bumperbot_controller/simple_controller.py'...
[7.834s] -- Installing: /home/pepperumo/bumperbot_ws/src/install/bumperbot_controller/include/include
[7.834s] -- Installing: /home/pepperumo/bumperbot_ws/src/install/bumperbot_controller/include/include/bumperbolt_controller
[7.834s] -- Installing: /home/pepperumo/bumperbot_ws/src/install/bumperbot_controller/include/include/bumperbolt_controller/simple_controller.hpp
[7.834s] -- Up-to-date: /home/pepperumo/bumperbot_ws/src/install/bumperbot_controller/share/bumperbot_controller/launch
[7.834s] -- Installing: /home/pepperumo/bumperbot_ws/src/install/bumperbot_controller/share/bumperbot_controller/launch/joystick_teleop.launch.py
[7.834s] -- Installing: /home/pepperumo/bumperbot_ws/src/install/bumperbot_controller/share/bumperbot_controller/launch/controller.launch.py
[7.834s] -- Up-to-date: /home/pepperumo/bumperbot_ws/src/install/bumperbot_controller/share/bumperbot_controller/config
[7.834s] -- Installing: /home/pepperumo/bumperbot_ws/src/install/bumperbot_controller/share/bumperbot_controller/config/joy_config.yaml
[7.834s] -- Installing: /home/pepperumo/bumperbot_ws/src/install/bumperbot_controller/share/bumperbot_controller/config/joy_teleop.yaml
[7.835s] -- Installing: /home/pepperumo/bumperbot_ws/src/install/bumperbot_controller/share/bumperbot_controller/config/bumperbot_controllers.yaml
[7.835s] -- Installing: /home/pepperumo/bumperbot_ws/src/install/bumperbot_controller/lib/bumperbot_controller/simple_controller.py
[7.835s] -- Installing: /home/pepperumo/bumperbot_ws/src/install/bumperbot_controller/share/ament_index/resource_index/package_run_dependencies/bumperbot_controller
[7.835s] -- Installing: /home/pepperumo/bumperbot_ws/src/install/bumperbot_controller/share/ament_index/resource_index/parent_prefix_path/bumperbot_controller
[7.835s] -- Installing: /home/pepperumo/bumperbot_ws/src/install/bumperbot_controller/share/bumperbot_controller/environment/ament_prefix_path.sh
[7.835s] -- Installing: /home/pepperumo/bumperbot_ws/src/install/bumperbot_controller/share/bumperbot_controller/environment/ament_prefix_path.dsv
[7.835s] -- Installing: /home/pepperumo/bumperbot_ws/src/install/bumperbot_controller/share/bumperbot_controller/environment/path.sh
[7.835s] -- Installing: /home/pepperumo/bumperbot_ws/src/install/bumperbot_controller/share/bumperbot_controller/environment/path.dsv
[7.835s] -- Up-to-date: /home/pepperumo/bumperbot_ws/src/install/bumperbot_controller/share/bumperbot_controller/local_setup.bash
[7.835s] -- Up-to-date: /home/pepperumo/bumperbot_ws/src/install/bumperbot_controller/share/bumperbot_controller/local_setup.sh
[7.835s] -- Up-to-date: /home/pepperumo/bumperbot_ws/src/install/bumperbot_controller/share/bumperbot_controller/local_setup.zsh
[7.835s] -- Installing: /home/pepperumo/bumperbot_ws/src/install/bumperbot_controller/share/bumperbot_controller/local_setup.dsv
[7.835s] -- Installing: /home/pepperumo/bumperbot_ws/src/install/bumperbot_controller/share/bumperbot_controller/package.dsv
[7.835s] -- Up-to-date: /home/pepperumo/bumperbot_ws/src/install/bumperbot_controller/share/ament_index/resource_index/packages/bumperbot_controller
[7.835s] -- Up-to-date: /home/pepperumo/bumperbot_ws/src/install/bumperbot_controller/share/bumperbot_controller/cmake/bumperbot_controllerConfig.cmake
[7.835s] -- Up-to-date: /home/pepperumo/bumperbot_ws/src/install/bumperbot_controller/share/bumperbot_controller/cmake/bumperbot_controllerConfig-version.cmake
[7.835s] -- Installing: /home/pepperumo/bumperbot_ws/src/install/bumperbot_controller/share/bumperbot_controller/package.xml
[7.837s] Invoked command in '/home/pepperumo/bumperbot_ws/src/build/bumperbot_controller' returned '0': CMAKE_PREFIX_PATH=${CMAKE_PREFIX_PATH}:/home/pepperumo/bumperbot_ws/install/bumperbot_utils:/home/pepperumo/bumperbot_ws/install/bumperbot_py_examples:/home/pepperumo/ros2_ws/install/my_py_pkg:/home/pepperumo/install/my_py_pkg:/opt/ros/humble /usr/bin/cmake --install /home/pepperumo/bumperbot_ws/src/build/bumperbot_controller
