[0.017s] Invoking command in '/home/pepperumo/bumperbot_ws/src/build/bumperbot_description': CMAKE_PREFIX_PATH=${CMAKE_PREFIX_PATH}:/home/pepperumo/bumperbot_ws/install/bumperbot_py_examples:/home/pepperumo/ros2_ws/install/my_py_pkg:/home/pepperumo/install/my_py_pkg:/opt/ros/humble /usr/bin/cmake /home/pepperumo/bumperbot_ws/src/bumperbot_description -DCMAKE_INSTALL_PREFIX=/home/pepperumo/bumperbot_ws/src/install/bumperbot_description
[0.205s] -- The C compiler identification is GNU 11.4.0
[0.992s] -- The CXX compiler identification is GNU 11.4.0
[1.665s] -- Detecting C compiler ABI info
[1.890s] -- Detecting C compiler ABI info - done
[1.894s] -- Check for working C compiler: /usr/bin/cc - skipped
[1.895s] -- Detecting C compile features
[1.895s] -- Detecting C compile features - done
[1.898s] -- Detecting CXX compiler ABI info
[2.130s] -- Detecting CXX compiler ABI info - done
[2.133s] -- Check for working CXX compiler: /usr/bin/c++ - skipped
[2.134s] -- Detecting CXX compile features
[2.134s] -- Detecting CXX compile features - done
[2.143s] -- Found ament_cmake: 1.3.10 (/opt/ros/humble/share/ament_cmake/cmake)
[2.233s] -- Found Python3: /usr/bin/python3 (found version "3.10.12") found components: Interpreter 
[2.309s] -- Found ament_lint_auto: 0.12.11 (/opt/ros/humble/share/ament_lint_auto/cmake)
[2.366s] -- Added test 'flake8' to check Python code syntax and style conventions
[2.367s] -- Added test 'lint_cmake' to check CMake code style
[2.368s] -- Added test 'pep257' to check Python code against some of the docstring style conventions in PEP 257
[2.369s] -- Added test 'xmllint' to check XML markup files
[2.370s] -- Configuring done
[2.372s] -- Generating done
[2.372s] -- Build files have been written to: /home/pepperumo/bumperbot_ws/src/build/bumperbot_description
[2.376s] Invoked command in '/home/pepperumo/bumperbot_ws/src/build/bumperbot_description' returned '0': CMAKE_PREFIX_PATH=${CMAKE_PREFIX_PATH}:/home/pepperumo/bumperbot_ws/install/bumperbot_py_examples:/home/pepperumo/ros2_ws/install/my_py_pkg:/home/pepperumo/install/my_py_pkg:/opt/ros/humble /usr/bin/cmake /home/pepperumo/bumperbot_ws/src/bumperbot_description -DCMAKE_INSTALL_PREFIX=/home/pepperumo/bumperbot_ws/src/install/bumperbot_description
[2.376s] Invoking command in '/home/pepperumo/bumperbot_ws/src/build/bumperbot_description': CMAKE_PREFIX_PATH=${CMAKE_PREFIX_PATH}:/home/pepperumo/bumperbot_ws/install/bumperbot_py_examples:/home/pepperumo/ros2_ws/install/my_py_pkg:/home/pepperumo/install/my_py_pkg:/opt/ros/humble /usr/bin/cmake --build /home/pepperumo/bumperbot_ws/src/build/bumperbot_description -- -j32 -l32
[2.393s] Invoked command in '/home/pepperumo/bumperbot_ws/src/build/bumperbot_description' returned '0': CMAKE_PREFIX_PATH=${CMAKE_PREFIX_PATH}:/home/pepperumo/bumperbot_ws/install/bumperbot_py_examples:/home/pepperumo/ros2_ws/install/my_py_pkg:/home/pepperumo/install/my_py_pkg:/opt/ros/humble /usr/bin/cmake --build /home/pepperumo/bumperbot_ws/src/build/bumperbot_description -- -j32 -l32
[2.408s] Invoking command in '/home/pepperumo/bumperbot_ws/src/build/bumperbot_description': CMAKE_PREFIX_PATH=${CMAKE_PREFIX_PATH}:/home/pepperumo/bumperbot_ws/install/bumperbot_py_examples:/home/pepperumo/ros2_ws/install/my_py_pkg:/home/pepperumo/install/my_py_pkg:/opt/ros/humble /usr/bin/cmake --install /home/pepperumo/bumperbot_ws/src/build/bumperbot_description
[2.411s] -- Install configuration: ""
[2.411s] -- Installing: /home/pepperumo/bumperbot_ws/src/install/bumperbot_description/share/bumperbot_description/meshes
[2.411s] -- Installing: /home/pepperumo/bumperbot_ws/src/install/bumperbot_description/share/bumperbot_description/meshes/base_link.STL
[2.426s] -- Installing: /home/pepperumo/bumperbot_ws/src/install/bumperbot_description/share/bumperbot_description/meshes/wheel_right_link.STL
[2.428s] -- Installing: /home/pepperumo/bumperbot_ws/src/install/bumperbot_description/share/bumperbot_description/meshes/wheel_left_link.STL:Zone.Identifier
[2.428s] -- Installing: /home/pepperumo/bumperbot_ws/src/install/bumperbot_description/share/bumperbot_description/meshes/base_link.STL:Zone.Identifier
[2.428s] -- Installing: /home/pepperumo/bumperbot_ws/src/install/bumperbot_description/share/bumperbot_description/meshes/caster_front_link.STL
[2.428s] -- Installing: /home/pepperumo/bumperbot_ws/src/install/bumperbot_description/share/bumperbot_description/meshes/imu_link.STL
[2.429s] -- Installing: /home/pepperumo/bumperbot_ws/src/install/bumperbot_description/share/bumperbot_description/meshes/caster_rear_link.STL
[2.430s] -- Installing: /home/pepperumo/bumperbot_ws/src/install/bumperbot_description/share/bumperbot_description/meshes/caster_front_link.STL:Zone.Identifier
[2.430s] -- Installing: /home/pepperumo/bumperbot_ws/src/install/bumperbot_description/share/bumperbot_description/meshes/imu_link.STL:Zone.Identifier
[2.430s] -- Installing: /home/pepperumo/bumperbot_ws/src/install/bumperbot_description/share/bumperbot_description/meshes/wheel_right_link.STL:Zone.Identifier
[2.430s] -- Installing: /home/pepperumo/bumperbot_ws/src/install/bumperbot_description/share/bumperbot_description/meshes/can.STL:Zone.Identifier
[2.430s] -- Installing: /home/pepperumo/bumperbot_ws/src/install/bumperbot_description/share/bumperbot_description/meshes/wheel_left_link.STL
[2.432s] -- Installing: /home/pepperumo/bumperbot_ws/src/install/bumperbot_description/share/bumperbot_description/meshes/can.STL
[2.434s] -- Installing: /home/pepperumo/bumperbot_ws/src/install/bumperbot_description/share/bumperbot_description/meshes/caster_rear_link.STL:Zone.Identifier
[2.435s] -- Installing: /home/pepperumo/bumperbot_ws/src/install/bumperbot_description/share/bumperbot_description/urdf
[2.435s] -- Installing: /home/pepperumo/bumperbot_ws/src/install/bumperbot_description/share/bumperbot_description/urdf/bumperbot_gazebo.xacro:Zone.Identifier
[2.435s] -- Installing: /home/pepperumo/bumperbot_ws/src/install/bumperbot_description/share/bumperbot_description/urdf/bumperbot_ros2_control.xacro
[2.435s] -- Installing: /home/pepperumo/bumperbot_ws/src/install/bumperbot_description/share/bumperbot_description/urdf/bumperbot.urdf.xacro
[2.435s] -- Installing: /home/pepperumo/bumperbot_ws/src/install/bumperbot_description/share/bumperbot_description/urdf/bumperbot_gazebo.xacro
[2.435s] -- Installing: /home/pepperumo/bumperbot_ws/src/install/bumperbot_description/share/bumperbot_description/urdf/bumperbot_ros2_control.xacro:Zone.Identifier
[2.436s] -- Installing: /home/pepperumo/bumperbot_ws/src/install/bumperbot_description/share/bumperbot_description/urdf/bumperbot.urdf.xacro:Zone.Identifier
[2.436s] -- Installing: /home/pepperumo/bumperbot_ws/src/install/bumperbot_description/share/bumperbot_description/launch
[2.436s] -- Installing: /home/pepperumo/bumperbot_ws/src/install/bumperbot_description/share/bumperbot_description/launch/gazebo.launch.py:Zone.Identifier
[2.436s] -- Installing: /home/pepperumo/bumperbot_ws/src/install/bumperbot_description/share/bumperbot_description/launch/display.launch.py
[2.436s] -- Installing: /home/pepperumo/bumperbot_ws/src/install/bumperbot_description/share/bumperbot_description/launch/display.launch.py:Zone.Identifier
[2.436s] -- Installing: /home/pepperumo/bumperbot_ws/src/install/bumperbot_description/share/bumperbot_description/launch/gazebo.launch.py
[2.437s] -- Installing: /home/pepperumo/bumperbot_ws/src/install/bumperbot_description/share/bumperbot_description/rviz
[2.437s] -- Installing: /home/pepperumo/bumperbot_ws/src/install/bumperbot_description/share/bumperbot_description/rviz/display.rviz:Zone.Identifier
[2.437s] -- Installing: /home/pepperumo/bumperbot_ws/src/install/bumperbot_description/share/bumperbot_description/rviz/display.rviz
[2.437s] -- Installing: /home/pepperumo/bumperbot_ws/src/install/bumperbot_description/share/ament_index/resource_index/package_run_dependencies/bumperbot_description
[2.437s] -- Installing: /home/pepperumo/bumperbot_ws/src/install/bumperbot_description/share/ament_index/resource_index/parent_prefix_path/bumperbot_description
[2.437s] -- Installing: /home/pepperumo/bumperbot_ws/src/install/bumperbot_description/share/bumperbot_description/environment/ament_prefix_path.sh
[2.438s] -- Installing: /home/pepperumo/bumperbot_ws/src/install/bumperbot_description/share/bumperbot_description/environment/ament_prefix_path.dsv
[2.438s] -- Installing: /home/pepperumo/bumperbot_ws/src/install/bumperbot_description/share/bumperbot_description/environment/path.sh
[2.438s] -- Installing: /home/pepperumo/bumperbot_ws/src/install/bumperbot_description/share/bumperbot_description/environment/path.dsv
[2.438s] -- Installing: /home/pepperumo/bumperbot_ws/src/install/bumperbot_description/share/bumperbot_description/local_setup.bash
[2.438s] -- Installing: /home/pepperumo/bumperbot_ws/src/install/bumperbot_description/share/bumperbot_description/local_setup.sh
[2.438s] -- Installing: /home/pepperumo/bumperbot_ws/src/install/bumperbot_description/share/bumperbot_description/local_setup.zsh
[2.438s] -- Installing: /home/pepperumo/bumperbot_ws/src/install/bumperbot_description/share/bumperbot_description/local_setup.dsv
[2.438s] -- Installing: /home/pepperumo/bumperbot_ws/src/install/bumperbot_description/share/bumperbot_description/package.dsv
[2.438s] -- Installing: /home/pepperumo/bumperbot_ws/src/install/bumperbot_description/share/ament_index/resource_index/packages/bumperbot_description
[2.438s] -- Installing: /home/pepperumo/bumperbot_ws/src/install/bumperbot_description/share/bumperbot_description/cmake/bumperbot_descriptionConfig.cmake
[2.439s] -- Installing: /home/pepperumo/bumperbot_ws/src/install/bumperbot_description/share/bumperbot_description/cmake/bumperbot_descriptionConfig-version.cmake
[2.439s] -- Installing: /home/pepperumo/bumperbot_ws/src/install/bumperbot_description/share/bumperbot_description/package.xml
[2.443s] Invoked command in '/home/pepperumo/bumperbot_ws/src/build/bumperbot_description' returned '0': CMAKE_PREFIX_PATH=${CMAKE_PREFIX_PATH}:/home/pepperumo/bumperbot_ws/install/bumperbot_py_examples:/home/pepperumo/ros2_ws/install/my_py_pkg:/home/pepperumo/install/my_py_pkg:/opt/ros/humble /usr/bin/cmake --install /home/pepperumo/bumperbot_ws/src/build/bumperbot_description
