[0.373s] Invoking command in '/home/pepperumo/bumperbot_ws/src/bumperbot_utils': PYTHONPATH=/home/pepperumo/bumperbot_ws/src/build/bumperbot_utils/prefix_override:/usr/lib/python3/dist-packages/colcon_core/task/python/colcon_distutils_commands:/home/pepperumo/bumperbot_ws/src/install/bumperbot_utils/lib/python3.10/site-packages:${PYTHONPATH} /usr/bin/python3 -W ignore:setup.py install is deprecated -W ignore:easy_install command is deprecated setup.py egg_info --egg-base ../build/bumperbot_utils build --build-base /home/pepperumo/bumperbot_ws/src/build/bumperbot_utils/build install --record /home/pepperumo/bumperbot_ws/src/build/bumperbot_utils/install.log --single-version-externally-managed install_data
[0.490s] running egg_info
[0.490s] creating ../build/bumperbot_utils/bumperbot_utils.egg-info
[0.491s] writing ../build/bumperbot_utils/bumperbot_utils.egg-info/PKG-INFO
[0.491s] writing dependency_links to ../build/bumperbot_utils/bumperbot_utils.egg-info/dependency_links.txt
[0.491s] writing entry points to ../build/bumperbot_utils/bumperbot_utils.egg-info/entry_points.txt
[0.491s] writing requirements to ../build/bumperbot_utils/bumperbot_utils.egg-info/requires.txt
[0.491s] writing top-level names to ../build/bumperbot_utils/bumperbot_utils.egg-info/top_level.txt
[0.492s] writing manifest file '../build/bumperbot_utils/bumperbot_utils.egg-info/SOURCES.txt'
[0.492s] reading manifest file '../build/bumperbot_utils/bumperbot_utils.egg-info/SOURCES.txt'
[0.493s] writing manifest file '../build/bumperbot_utils/bumperbot_utils.egg-info/SOURCES.txt'
[0.493s] running build
[0.493s] running build_py
[0.494s] creating /home/pepperumo/bumperbot_ws/src/build/bumperbot_utils/build
[0.494s] creating /home/pepperumo/bumperbot_ws/src/build/bumperbot_utils/build/lib
[0.495s] creating /home/pepperumo/bumperbot_ws/src/build/bumperbot_utils/build/lib/bumperbot_utils
[0.495s] copying bumperbot_utils/__init__.py -> /home/pepperumo/bumperbot_ws/src/build/bumperbot_utils/build/lib/bumperbot_utils
[0.495s] running install
[0.495s] running install_lib
[0.495s] creating /home/pepperumo/bumperbot_ws/src/install/bumperbot_utils/lib/python3.10/site-packages/bumperbot_utils
[0.496s] copying /home/pepperumo/bumperbot_ws/src/build/bumperbot_utils/build/lib/bumperbot_utils/__init__.py -> /home/pepperumo/bumperbot_ws/src/install/bumperbot_utils/lib/python3.10/site-packages/bumperbot_utils
[0.496s] byte-compiling /home/pepperumo/bumperbot_ws/src/install/bumperbot_utils/lib/python3.10/site-packages/bumperbot_utils/__init__.py to __init__.cpython-310.pyc
[0.496s] running install_data
[0.497s] creating /home/pepperumo/bumperbot_ws/src/install/bumperbot_utils/share/ament_index
[0.498s] creating /home/pepperumo/bumperbot_ws/src/install/bumperbot_utils/share/ament_index/resource_index
[0.498s] creating /home/pepperumo/bumperbot_ws/src/install/bumperbot_utils/share/ament_index/resource_index/packages
[0.498s] copying resource/bumperbot_utils -> /home/pepperumo/bumperbot_ws/src/install/bumperbot_utils/share/ament_index/resource_index/packages
[0.498s] copying package.xml -> /home/pepperumo/bumperbot_ws/src/install/bumperbot_utils/share/bumperbot_utils
[0.498s] running install_egg_info
[0.499s] Copying ../build/bumperbot_utils/bumperbot_utils.egg-info to /home/pepperumo/bumperbot_ws/src/install/bumperbot_utils/lib/python3.10/site-packages/bumperbot_utils-0.0.0-py3.10.egg-info
[0.499s] running install_scripts
[0.510s] writing list of installed files to '/home/pepperumo/bumperbot_ws/src/build/bumperbot_utils/install.log'
[0.625s] Invoked command in '/home/pepperumo/bumperbot_ws/src/bumperbot_utils' returned '0': PYTHONPATH=/home/pepperumo/bumperbot_ws/src/build/bumperbot_utils/prefix_override:/usr/lib/python3/dist-packages/colcon_core/task/python/colcon_distutils_commands:/home/pepperumo/bumperbot_ws/src/install/bumperbot_utils/lib/python3.10/site-packages:${PYTHONPATH} /usr/bin/python3 -W ignore:setup.py install is deprecated -W ignore:easy_install command is deprecated setup.py egg_info --egg-base ../build/bumperbot_utils build --build-base /home/pepperumo/bumperbot_ws/src/build/bumperbot_utils/build install --record /home/pepperumo/bumperbot_ws/src/build/bumperbot_utils/install.log --single-version-externally-managed install_data
