[0.174s] DEBUG:colcon:Command line arguments: ['/usr/bin/colcon', 'build']
[0.174s] DEBUG:colcon:Parsed command line arguments: Namespace(log_base=None, log_level=None, verb_name='build', build_base='build', install_base='install', merge_install=False, symlink_install=False, test_result_base=None, continue_on_error=False, executor='parallel', parallel_workers=32, event_handlers=None, ignore_user_meta=False, metas=['./colcon.meta'], base_paths=['.'], packages_ignore=None, packages_ignore_regex=None, paths=None, packages_up_to=None, packages_up_to_regex=None, packages_above=None, packages_above_and_dependencies=None, packages_above_depth=None, packages_select_by_dep=None, packages_skip_by_dep=None, packages_skip_up_to=None, packages_select_build_failed=False, packages_skip_build_finished=False, packages_select_test_failures=False, packages_skip_test_passed=False, packages_select=None, packages_skip=None, packages_select_regex=None, packages_skip_regex=None, packages_start=None, packages_end=None, allow_overriding=[], cmake_args=None, cmake_target=None, cmake_target_skip_unavailable=False, cmake_clean_cache=False, cmake_clean_first=False, cmake_force_configure=False, ament_cmake_args=None, catkin_cmake_args=None, catkin_skip_building_tests=False, mixin_files=None, mixin=None, verb_parser=<colcon_mixin.mixin.mixin_argument.MixinArgumentDecorator object at 0x7ff857fbb5e0>, verb_extension=<colcon_core.verb.build.BuildVerb object at 0x7ff857fbb130>, main=<bound method BuildVerb.main of <colcon_core.verb.build.BuildVerb object at 0x7ff857fbb130>>, mixin_verb=('build',))
[0.260s] Level 1:colcon.colcon_core.package_discovery:discover_packages(colcon_meta) check parameters
[0.260s] Level 1:colcon.colcon_core.package_discovery:discover_packages(recursive) check parameters
[0.260s] Level 1:colcon.colcon_core.package_discovery:discover_packages(ignore) check parameters
[0.260s] Level 1:colcon.colcon_core.package_discovery:discover_packages(path) check parameters
[0.260s] Level 1:colcon.colcon_core.package_discovery:discover_packages(colcon_meta) discover
[0.260s] Level 1:colcon.colcon_core.package_discovery:discover_packages(recursive) discover
[0.260s] INFO:colcon.colcon_core.package_discovery:Crawling recursively for packages in '/home/pepperumo/bumperbot_ws/src'
[0.260s] Level 1:colcon.colcon_core.package_identification:_identify(.) by extensions ['ignore', 'ignore_ament_install']
[0.260s] Level 1:colcon.colcon_core.package_identification:_identify(.) by extension 'ignore'
[0.260s] Level 1:colcon.colcon_core.package_identification:_identify(.) by extension 'ignore_ament_install'
[0.260s] Level 1:colcon.colcon_core.package_identification:_identify(.) by extensions ['colcon_pkg']
[0.260s] Level 1:colcon.colcon_core.package_identification:_identify(.) by extension 'colcon_pkg'
[0.260s] Level 1:colcon.colcon_core.package_identification:_identify(.) by extensions ['colcon_meta']
[0.260s] Level 1:colcon.colcon_core.package_identification:_identify(.) by extension 'colcon_meta'
[0.260s] Level 1:colcon.colcon_core.package_identification:_identify(.) by extensions ['ros']
[0.260s] Level 1:colcon.colcon_core.package_identification:_identify(.) by extension 'ros'
[0.266s] Level 1:colcon.colcon_core.package_identification:_identify(.) by extensions ['cmake', 'python']
[0.266s] Level 1:colcon.colcon_core.package_identification:_identify(.) by extension 'cmake'
[0.266s] Level 1:colcon.colcon_core.package_identification:_identify(.) by extension 'python'
[0.266s] Level 1:colcon.colcon_core.package_identification:_identify(.) by extensions ['python_setup_py']
[0.266s] Level 1:colcon.colcon_core.package_identification:_identify(.) by extension 'python_setup_py'
[0.266s] Level 1:colcon.colcon_core.package_identification:_identify(RECOVERED_FILES) by extensions ['ignore', 'ignore_ament_install']
[0.266s] Level 1:colcon.colcon_core.package_identification:_identify(RECOVERED_FILES) by extension 'ignore'
[0.266s] Level 1:colcon.colcon_core.package_identification:_identify(RECOVERED_FILES) by extension 'ignore_ament_install'
[0.266s] Level 1:colcon.colcon_core.package_identification:_identify(RECOVERED_FILES) by extensions ['colcon_pkg']
[0.266s] Level 1:colcon.colcon_core.package_identification:_identify(RECOVERED_FILES) by extension 'colcon_pkg'
[0.266s] Level 1:colcon.colcon_core.package_identification:_identify(RECOVERED_FILES) by extensions ['colcon_meta']
[0.266s] Level 1:colcon.colcon_core.package_identification:_identify(RECOVERED_FILES) by extension 'colcon_meta'
[0.266s] Level 1:colcon.colcon_core.package_identification:_identify(RECOVERED_FILES) by extensions ['ros']
[0.266s] Level 1:colcon.colcon_core.package_identification:_identify(RECOVERED_FILES) by extension 'ros'
[0.266s] Level 1:colcon.colcon_core.package_identification:_identify(RECOVERED_FILES) by extensions ['cmake', 'python']
[0.266s] Level 1:colcon.colcon_core.package_identification:_identify(RECOVERED_FILES) by extension 'cmake'
[0.266s] Level 1:colcon.colcon_core.package_identification:_identify(RECOVERED_FILES) by extension 'python'
[0.266s] Level 1:colcon.colcon_core.package_identification:_identify(RECOVERED_FILES) by extensions ['python_setup_py']
[0.266s] Level 1:colcon.colcon_core.package_identification:_identify(RECOVERED_FILES) by extension 'python_setup_py'
[0.266s] Level 1:colcon.colcon_core.package_identification:_identify(build) by extensions ['ignore', 'ignore_ament_install']
[0.266s] Level 1:colcon.colcon_core.package_identification:_identify(build) by extension 'ignore'
[0.266s] Level 1:colcon.colcon_core.package_identification:_identify(build) ignored
[0.266s] Level 1:colcon.colcon_core.package_identification:_identify(bumperbot_controller) by extensions ['ignore', 'ignore_ament_install']
[0.266s] Level 1:colcon.colcon_core.package_identification:_identify(bumperbot_controller) by extension 'ignore'
[0.266s] Level 1:colcon.colcon_core.package_identification:_identify(bumperbot_controller) by extension 'ignore_ament_install'
[0.266s] Level 1:colcon.colcon_core.package_identification:_identify(bumperbot_controller) by extensions ['colcon_pkg']
[0.266s] Level 1:colcon.colcon_core.package_identification:_identify(bumperbot_controller) by extension 'colcon_pkg'
[0.266s] Level 1:colcon.colcon_core.package_identification:_identify(bumperbot_controller) by extensions ['colcon_meta']
[0.266s] Level 1:colcon.colcon_core.package_identification:_identify(bumperbot_controller) by extension 'colcon_meta'
[0.267s] Level 1:colcon.colcon_core.package_identification:_identify(bumperbot_controller) by extensions ['ros']
[0.267s] Level 1:colcon.colcon_core.package_identification:_identify(bumperbot_controller) by extension 'ros'
[0.268s] DEBUG:colcon.colcon_core.package_identification:Package 'bumperbot_controller' with type 'ros.ament_cmake' and name 'bumperbot_controller'
[0.268s] Level 1:colcon.colcon_core.package_identification:_identify(bumperbot_cpp_examples) by extensions ['ignore', 'ignore_ament_install']
[0.268s] Level 1:colcon.colcon_core.package_identification:_identify(bumperbot_cpp_examples) by extension 'ignore'
[0.268s] Level 1:colcon.colcon_core.package_identification:_identify(bumperbot_cpp_examples) by extension 'ignore_ament_install'
[0.268s] Level 1:colcon.colcon_core.package_identification:_identify(bumperbot_cpp_examples) by extensions ['colcon_pkg']
[0.268s] Level 1:colcon.colcon_core.package_identification:_identify(bumperbot_cpp_examples) by extension 'colcon_pkg'
[0.268s] Level 1:colcon.colcon_core.package_identification:_identify(bumperbot_cpp_examples) by extensions ['colcon_meta']
[0.268s] Level 1:colcon.colcon_core.package_identification:_identify(bumperbot_cpp_examples) by extension 'colcon_meta'
[0.268s] Level 1:colcon.colcon_core.package_identification:_identify(bumperbot_cpp_examples) by extensions ['ros']
[0.268s] Level 1:colcon.colcon_core.package_identification:_identify(bumperbot_cpp_examples) by extension 'ros'
[0.269s] DEBUG:colcon.colcon_core.package_identification:Package 'bumperbot_cpp_examples' with type 'ros.ament_cmake' and name 'bumperbot_cpp_examples'
[0.269s] Level 1:colcon.colcon_core.package_identification:_identify(bumperbot_description) by extensions ['ignore', 'ignore_ament_install']
[0.269s] Level 1:colcon.colcon_core.package_identification:_identify(bumperbot_description) by extension 'ignore'
[0.269s] Level 1:colcon.colcon_core.package_identification:_identify(bumperbot_description) by extension 'ignore_ament_install'
[0.269s] Level 1:colcon.colcon_core.package_identification:_identify(bumperbot_description) by extensions ['colcon_pkg']
[0.269s] Level 1:colcon.colcon_core.package_identification:_identify(bumperbot_description) by extension 'colcon_pkg'
[0.269s] Level 1:colcon.colcon_core.package_identification:_identify(bumperbot_description) by extensions ['colcon_meta']
[0.269s] Level 1:colcon.colcon_core.package_identification:_identify(bumperbot_description) by extension 'colcon_meta'
[0.269s] Level 1:colcon.colcon_core.package_identification:_identify(bumperbot_description) by extensions ['ros']
[0.269s] Level 1:colcon.colcon_core.package_identification:_identify(bumperbot_description) by extension 'ros'
[0.270s] DEBUG:colcon.colcon_core.package_identification:Package 'bumperbot_description' with type 'ros.ament_cmake' and name 'bumperbot_description'
[0.270s] Level 1:colcon.colcon_core.package_identification:_identify(bumperbot_msgs) by extensions ['ignore', 'ignore_ament_install']
[0.270s] Level 1:colcon.colcon_core.package_identification:_identify(bumperbot_msgs) by extension 'ignore'
[0.270s] Level 1:colcon.colcon_core.package_identification:_identify(bumperbot_msgs) by extension 'ignore_ament_install'
[0.270s] Level 1:colcon.colcon_core.package_identification:_identify(bumperbot_msgs) by extensions ['colcon_pkg']
[0.270s] Level 1:colcon.colcon_core.package_identification:_identify(bumperbot_msgs) by extension 'colcon_pkg'
[0.270s] Level 1:colcon.colcon_core.package_identification:_identify(bumperbot_msgs) by extensions ['colcon_meta']
[0.270s] Level 1:colcon.colcon_core.package_identification:_identify(bumperbot_msgs) by extension 'colcon_meta'
[0.270s] Level 1:colcon.colcon_core.package_identification:_identify(bumperbot_msgs) by extensions ['ros']
[0.270s] Level 1:colcon.colcon_core.package_identification:_identify(bumperbot_msgs) by extension 'ros'
[0.271s] DEBUG:colcon.colcon_core.package_identification:Package 'bumperbot_msgs' with type 'ros.ament_cmake' and name 'bumperbot_msgs'
[0.271s] Level 1:colcon.colcon_core.package_identification:_identify(bumperbot_py_examples) by extensions ['ignore', 'ignore_ament_install']
[0.271s] Level 1:colcon.colcon_core.package_identification:_identify(bumperbot_py_examples) by extension 'ignore'
[0.271s] Level 1:colcon.colcon_core.package_identification:_identify(bumperbot_py_examples) by extension 'ignore_ament_install'
[0.271s] Level 1:colcon.colcon_core.package_identification:_identify(bumperbot_py_examples) by extensions ['colcon_pkg']
[0.271s] Level 1:colcon.colcon_core.package_identification:_identify(bumperbot_py_examples) by extension 'colcon_pkg'
[0.271s] Level 1:colcon.colcon_core.package_identification:_identify(bumperbot_py_examples) by extensions ['colcon_meta']
[0.271s] Level 1:colcon.colcon_core.package_identification:_identify(bumperbot_py_examples) by extension 'colcon_meta'
[0.271s] Level 1:colcon.colcon_core.package_identification:_identify(bumperbot_py_examples) by extensions ['ros']
[0.271s] Level 1:colcon.colcon_core.package_identification:_identify(bumperbot_py_examples) by extension 'ros'
[0.271s] DEBUG:colcon.colcon_core.package_identification:Package 'bumperbot_py_examples' with type 'ros.ament_python' and name 'bumperbot_py_examples'
[0.271s] Level 1:colcon.colcon_core.package_identification:_identify(bumperbot_utils) by extensions ['ignore', 'ignore_ament_install']
[0.271s] Level 1:colcon.colcon_core.package_identification:_identify(bumperbot_utils) by extension 'ignore'
[0.271s] Level 1:colcon.colcon_core.package_identification:_identify(bumperbot_utils) by extension 'ignore_ament_install'
[0.271s] Level 1:colcon.colcon_core.package_identification:_identify(bumperbot_utils) by extensions ['colcon_pkg']
[0.271s] Level 1:colcon.colcon_core.package_identification:_identify(bumperbot_utils) by extension 'colcon_pkg'
[0.271s] Level 1:colcon.colcon_core.package_identification:_identify(bumperbot_utils) by extensions ['colcon_meta']
[0.271s] Level 1:colcon.colcon_core.package_identification:_identify(bumperbot_utils) by extension 'colcon_meta'
[0.271s] Level 1:colcon.colcon_core.package_identification:_identify(bumperbot_utils) by extensions ['ros']
[0.271s] Level 1:colcon.colcon_core.package_identification:_identify(bumperbot_utils) by extension 'ros'
[0.272s] DEBUG:colcon.colcon_core.package_identification:Package 'bumperbot_utils' with type 'ros.ament_python' and name 'bumperbot_utils'
[0.272s] Level 1:colcon.colcon_core.package_identification:_identify(install) by extensions ['ignore', 'ignore_ament_install']
[0.272s] Level 1:colcon.colcon_core.package_identification:_identify(install) by extension 'ignore'
[0.272s] Level 1:colcon.colcon_core.package_identification:_identify(install) ignored
[0.272s] Level 1:colcon.colcon_core.package_identification:_identify(log) by extensions ['ignore', 'ignore_ament_install']
[0.272s] Level 1:colcon.colcon_core.package_identification:_identify(log) by extension 'ignore'
[0.272s] Level 1:colcon.colcon_core.package_identification:_identify(log) ignored
[0.272s] Level 1:colcon.colcon_core.package_discovery:discover_packages(recursive) using defaults
[0.272s] Level 1:colcon.colcon_core.package_discovery:discover_packages(ignore) discover
[0.272s] Level 1:colcon.colcon_core.package_discovery:discover_packages(ignore) using defaults
[0.272s] Level 1:colcon.colcon_core.package_discovery:discover_packages(path) discover
[0.272s] Level 1:colcon.colcon_core.package_discovery:discover_packages(path) using defaults
[0.288s] Level 1:colcon.colcon_core.package_discovery:discover_packages(prefix_path) check parameters
[0.288s] Level 1:colcon.colcon_core.package_discovery:discover_packages(prefix_path) discover
[0.289s] WARNING:colcon.colcon_core.prefix_path.colcon:The path '/home/pepperumo/ros2_ws/install' in the environment variable COLCON_PREFIX_PATH doesn't exist
[0.289s] WARNING:colcon.colcon_ros.prefix_path.ament:The path '/home/pepperumo/ros2_ws/install/ros_gz_interfaces' in the environment variable AMENT_PREFIX_PATH doesn't exist
[0.289s] WARNING:colcon.colcon_ros.prefix_path.ament:The path '/home/pepperumo/ros2_ws/install/my_py_pkg' in the environment variable AMENT_PREFIX_PATH doesn't exist
[0.290s] WARNING:colcon.colcon_ros.prefix_path.catkin:The path '/home/pepperumo/ros2_ws/install/ros_gz_interfaces' in the environment variable CMAKE_PREFIX_PATH doesn't exist
[0.290s] DEBUG:colcon.colcon_installed_package_information.package_discovery:Found 6 installed packages in /home/pepperumo/bumperbot_ws/install
[0.291s] DEBUG:colcon.colcon_installed_package_information.package_discovery:Found 4 installed packages in /home/pepperumo/install
[0.291s] DEBUG:colcon.colcon_installed_package_information.package_discovery:Found 340 installed packages in /opt/ros/humble
[0.292s] Level 1:colcon.colcon_core.package_discovery:discover_packages(prefix_path) using defaults
[0.314s] Level 5:colcon.colcon_core.verb:set package 'bumperbot_controller' build argument 'cmake_args' from command line to 'None'
[0.314s] Level 5:colcon.colcon_core.verb:set package 'bumperbot_controller' build argument 'cmake_target' from command line to 'None'
[0.314s] Level 5:colcon.colcon_core.verb:set package 'bumperbot_controller' build argument 'cmake_target_skip_unavailable' from command line to 'False'
[0.314s] Level 5:colcon.colcon_core.verb:set package 'bumperbot_controller' build argument 'cmake_clean_cache' from command line to 'False'
[0.314s] Level 5:colcon.colcon_core.verb:set package 'bumperbot_controller' build argument 'cmake_clean_first' from command line to 'False'
[0.314s] Level 5:colcon.colcon_core.verb:set package 'bumperbot_controller' build argument 'cmake_force_configure' from command line to 'False'
[0.314s] Level 5:colcon.colcon_core.verb:set package 'bumperbot_controller' build argument 'ament_cmake_args' from command line to 'None'
[0.314s] Level 5:colcon.colcon_core.verb:set package 'bumperbot_controller' build argument 'catkin_cmake_args' from command line to 'None'
[0.314s] Level 5:colcon.colcon_core.verb:set package 'bumperbot_controller' build argument 'catkin_skip_building_tests' from command line to 'False'
[0.314s] DEBUG:colcon.colcon_core.verb:Building package 'bumperbot_controller' with the following arguments: {'ament_cmake_args': None, 'build_base': '/home/pepperumo/bumperbot_ws/src/build/bumperbot_controller', 'catkin_cmake_args': None, 'catkin_skip_building_tests': False, 'cmake_args': None, 'cmake_clean_cache': False, 'cmake_clean_first': False, 'cmake_force_configure': False, 'cmake_target': None, 'cmake_target_skip_unavailable': False, 'install_base': '/home/pepperumo/bumperbot_ws/src/install/bumperbot_controller', 'merge_install': False, 'path': '/home/pepperumo/bumperbot_ws/src/bumperbot_controller', 'symlink_install': False, 'test_result_base': None}
[0.314s] Level 5:colcon.colcon_core.verb:set package 'bumperbot_cpp_examples' build argument 'cmake_args' from command line to 'None'
[0.314s] Level 5:colcon.colcon_core.verb:set package 'bumperbot_cpp_examples' build argument 'cmake_target' from command line to 'None'
[0.314s] Level 5:colcon.colcon_core.verb:set package 'bumperbot_cpp_examples' build argument 'cmake_target_skip_unavailable' from command line to 'False'
[0.314s] Level 5:colcon.colcon_core.verb:set package 'bumperbot_cpp_examples' build argument 'cmake_clean_cache' from command line to 'False'
[0.314s] Level 5:colcon.colcon_core.verb:set package 'bumperbot_cpp_examples' build argument 'cmake_clean_first' from command line to 'False'
[0.314s] Level 5:colcon.colcon_core.verb:set package 'bumperbot_cpp_examples' build argument 'cmake_force_configure' from command line to 'False'
[0.314s] Level 5:colcon.colcon_core.verb:set package 'bumperbot_cpp_examples' build argument 'ament_cmake_args' from command line to 'None'
[0.314s] Level 5:colcon.colcon_core.verb:set package 'bumperbot_cpp_examples' build argument 'catkin_cmake_args' from command line to 'None'
[0.314s] Level 5:colcon.colcon_core.verb:set package 'bumperbot_cpp_examples' build argument 'catkin_skip_building_tests' from command line to 'False'
[0.314s] DEBUG:colcon.colcon_core.verb:Building package 'bumperbot_cpp_examples' with the following arguments: {'ament_cmake_args': None, 'build_base': '/home/pepperumo/bumperbot_ws/src/build/bumperbot_cpp_examples', 'catkin_cmake_args': None, 'catkin_skip_building_tests': False, 'cmake_args': None, 'cmake_clean_cache': False, 'cmake_clean_first': False, 'cmake_force_configure': False, 'cmake_target': None, 'cmake_target_skip_unavailable': False, 'install_base': '/home/pepperumo/bumperbot_ws/src/install/bumperbot_cpp_examples', 'merge_install': False, 'path': '/home/pepperumo/bumperbot_ws/src/bumperbot_cpp_examples', 'symlink_install': False, 'test_result_base': None}
[0.315s] Level 5:colcon.colcon_core.verb:set package 'bumperbot_description' build argument 'cmake_args' from command line to 'None'
[0.315s] Level 5:colcon.colcon_core.verb:set package 'bumperbot_description' build argument 'cmake_target' from command line to 'None'
[0.315s] Level 5:colcon.colcon_core.verb:set package 'bumperbot_description' build argument 'cmake_target_skip_unavailable' from command line to 'False'
[0.315s] Level 5:colcon.colcon_core.verb:set package 'bumperbot_description' build argument 'cmake_clean_cache' from command line to 'False'
[0.315s] Level 5:colcon.colcon_core.verb:set package 'bumperbot_description' build argument 'cmake_clean_first' from command line to 'False'
[0.315s] Level 5:colcon.colcon_core.verb:set package 'bumperbot_description' build argument 'cmake_force_configure' from command line to 'False'
[0.315s] Level 5:colcon.colcon_core.verb:set package 'bumperbot_description' build argument 'ament_cmake_args' from command line to 'None'
[0.315s] Level 5:colcon.colcon_core.verb:set package 'bumperbot_description' build argument 'catkin_cmake_args' from command line to 'None'
[0.315s] Level 5:colcon.colcon_core.verb:set package 'bumperbot_description' build argument 'catkin_skip_building_tests' from command line to 'False'
[0.315s] DEBUG:colcon.colcon_core.verb:Building package 'bumperbot_description' with the following arguments: {'ament_cmake_args': None, 'build_base': '/home/pepperumo/bumperbot_ws/src/build/bumperbot_description', 'catkin_cmake_args': None, 'catkin_skip_building_tests': False, 'cmake_args': None, 'cmake_clean_cache': False, 'cmake_clean_first': False, 'cmake_force_configure': False, 'cmake_target': None, 'cmake_target_skip_unavailable': False, 'install_base': '/home/pepperumo/bumperbot_ws/src/install/bumperbot_description', 'merge_install': False, 'path': '/home/pepperumo/bumperbot_ws/src/bumperbot_description', 'symlink_install': False, 'test_result_base': None}
[0.315s] Level 5:colcon.colcon_core.verb:set package 'bumperbot_msgs' build argument 'cmake_args' from command line to 'None'
[0.315s] Level 5:colcon.colcon_core.verb:set package 'bumperbot_msgs' build argument 'cmake_target' from command line to 'None'
[0.315s] Level 5:colcon.colcon_core.verb:set package 'bumperbot_msgs' build argument 'cmake_target_skip_unavailable' from command line to 'False'
[0.315s] Level 5:colcon.colcon_core.verb:set package 'bumperbot_msgs' build argument 'cmake_clean_cache' from command line to 'False'
[0.315s] Level 5:colcon.colcon_core.verb:set package 'bumperbot_msgs' build argument 'cmake_clean_first' from command line to 'False'
[0.315s] Level 5:colcon.colcon_core.verb:set package 'bumperbot_msgs' build argument 'cmake_force_configure' from command line to 'False'
[0.315s] Level 5:colcon.colcon_core.verb:set package 'bumperbot_msgs' build argument 'ament_cmake_args' from command line to 'None'
[0.315s] Level 5:colcon.colcon_core.verb:set package 'bumperbot_msgs' build argument 'catkin_cmake_args' from command line to 'None'
[0.315s] Level 5:colcon.colcon_core.verb:set package 'bumperbot_msgs' build argument 'catkin_skip_building_tests' from command line to 'False'
[0.315s] DEBUG:colcon.colcon_core.verb:Building package 'bumperbot_msgs' with the following arguments: {'ament_cmake_args': None, 'build_base': '/home/pepperumo/bumperbot_ws/src/build/bumperbot_msgs', 'catkin_cmake_args': None, 'catkin_skip_building_tests': False, 'cmake_args': None, 'cmake_clean_cache': False, 'cmake_clean_first': False, 'cmake_force_configure': False, 'cmake_target': None, 'cmake_target_skip_unavailable': False, 'install_base': '/home/pepperumo/bumperbot_ws/src/install/bumperbot_msgs', 'merge_install': False, 'path': '/home/pepperumo/bumperbot_ws/src/bumperbot_msgs', 'symlink_install': False, 'test_result_base': None}
[0.315s] Level 5:colcon.colcon_core.verb:set package 'bumperbot_utils' build argument 'cmake_args' from command line to 'None'
[0.315s] Level 5:colcon.colcon_core.verb:set package 'bumperbot_utils' build argument 'cmake_target' from command line to 'None'
[0.315s] Level 5:colcon.colcon_core.verb:set package 'bumperbot_utils' build argument 'cmake_target_skip_unavailable' from command line to 'False'
[0.315s] Level 5:colcon.colcon_core.verb:set package 'bumperbot_utils' build argument 'cmake_clean_cache' from command line to 'False'
[0.315s] Level 5:colcon.colcon_core.verb:set package 'bumperbot_utils' build argument 'cmake_clean_first' from command line to 'False'
[0.316s] Level 5:colcon.colcon_core.verb:set package 'bumperbot_utils' build argument 'cmake_force_configure' from command line to 'False'
[0.316s] Level 5:colcon.colcon_core.verb:set package 'bumperbot_utils' build argument 'ament_cmake_args' from command line to 'None'
[0.316s] Level 5:colcon.colcon_core.verb:set package 'bumperbot_utils' build argument 'catkin_cmake_args' from command line to 'None'
[0.316s] Level 5:colcon.colcon_core.verb:set package 'bumperbot_utils' build argument 'catkin_skip_building_tests' from command line to 'False'
[0.316s] DEBUG:colcon.colcon_core.verb:Building package 'bumperbot_utils' with the following arguments: {'ament_cmake_args': None, 'build_base': '/home/pepperumo/bumperbot_ws/src/build/bumperbot_utils', 'catkin_cmake_args': None, 'catkin_skip_building_tests': False, 'cmake_args': None, 'cmake_clean_cache': False, 'cmake_clean_first': False, 'cmake_force_configure': False, 'cmake_target': None, 'cmake_target_skip_unavailable': False, 'install_base': '/home/pepperumo/bumperbot_ws/src/install/bumperbot_utils', 'merge_install': False, 'path': '/home/pepperumo/bumperbot_ws/src/bumperbot_utils', 'symlink_install': False, 'test_result_base': None}
[0.316s] Level 5:colcon.colcon_core.verb:set package 'bumperbot_py_examples' build argument 'cmake_args' from command line to 'None'
[0.316s] Level 5:colcon.colcon_core.verb:set package 'bumperbot_py_examples' build argument 'cmake_target' from command line to 'None'
[0.316s] Level 5:colcon.colcon_core.verb:set package 'bumperbot_py_examples' build argument 'cmake_target_skip_unavailable' from command line to 'False'
[0.316s] Level 5:colcon.colcon_core.verb:set package 'bumperbot_py_examples' build argument 'cmake_clean_cache' from command line to 'False'
[0.316s] Level 5:colcon.colcon_core.verb:set package 'bumperbot_py_examples' build argument 'cmake_clean_first' from command line to 'False'
[0.316s] Level 5:colcon.colcon_core.verb:set package 'bumperbot_py_examples' build argument 'cmake_force_configure' from command line to 'False'
[0.316s] Level 5:colcon.colcon_core.verb:set package 'bumperbot_py_examples' build argument 'ament_cmake_args' from command line to 'None'
[0.316s] Level 5:colcon.colcon_core.verb:set package 'bumperbot_py_examples' build argument 'catkin_cmake_args' from command line to 'None'
[0.316s] Level 5:colcon.colcon_core.verb:set package 'bumperbot_py_examples' build argument 'catkin_skip_building_tests' from command line to 'False'
[0.316s] DEBUG:colcon.colcon_core.verb:Building package 'bumperbot_py_examples' with the following arguments: {'ament_cmake_args': None, 'build_base': '/home/pepperumo/bumperbot_ws/src/build/bumperbot_py_examples', 'catkin_cmake_args': None, 'catkin_skip_building_tests': False, 'cmake_args': None, 'cmake_clean_cache': False, 'cmake_clean_first': False, 'cmake_force_configure': False, 'cmake_target': None, 'cmake_target_skip_unavailable': False, 'install_base': '/home/pepperumo/bumperbot_ws/src/install/bumperbot_py_examples', 'merge_install': False, 'path': '/home/pepperumo/bumperbot_ws/src/bumperbot_py_examples', 'symlink_install': False, 'test_result_base': None}
[0.316s] INFO:colcon.colcon_core.executor:Executing jobs using 'parallel' executor
[0.317s] DEBUG:colcon.colcon_parallel_executor.executor.parallel:run_until_complete
[0.317s] INFO:colcon.colcon_ros.task.ament_cmake.build:Building ROS package in '/home/pepperumo/bumperbot_ws/src/bumperbot_msgs' with build type 'ament_cmake'
[0.317s] INFO:colcon.colcon_cmake.task.cmake.build:Building CMake package in '/home/pepperumo/bumperbot_ws/src/bumperbot_msgs'
[0.319s] INFO:colcon.colcon_core.plugin_system:Skipping extension 'colcon_core.shell.bat': Not used on non-Windows systems
[0.319s] INFO:colcon.colcon_core.shell:Skip shell extension 'powershell' for command environment: Not usable outside of PowerShell
[0.319s] DEBUG:colcon.colcon_core.shell:Skip shell extension 'dsv' for command environment
[0.322s] INFO:colcon.colcon_ros.task.ament_cmake.build:Building ROS package in '/home/pepperumo/bumperbot_ws/src/bumperbot_controller' with build type 'ament_cmake'
[0.322s] INFO:colcon.colcon_cmake.task.cmake.build:Building CMake package in '/home/pepperumo/bumperbot_ws/src/bumperbot_controller'
[0.322s] INFO:colcon.colcon_core.shell:Skip shell extension 'powershell' for command environment: Not usable outside of PowerShell
[0.322s] DEBUG:colcon.colcon_core.shell:Skip shell extension 'dsv' for command environment
[0.325s] INFO:colcon.colcon_ros.task.ament_cmake.build:Building ROS package in '/home/pepperumo/bumperbot_ws/src/bumperbot_cpp_examples' with build type 'ament_cmake'
[0.325s] INFO:colcon.colcon_cmake.task.cmake.build:Building CMake package in '/home/pepperumo/bumperbot_ws/src/bumperbot_cpp_examples'
[0.325s] INFO:colcon.colcon_core.shell:Skip shell extension 'powershell' for command environment: Not usable outside of PowerShell
[0.326s] DEBUG:colcon.colcon_core.shell:Skip shell extension 'dsv' for command environment
[0.328s] INFO:colcon.colcon_ros.task.ament_cmake.build:Building ROS package in '/home/pepperumo/bumperbot_ws/src/bumperbot_description' with build type 'ament_cmake'
[0.328s] INFO:colcon.colcon_cmake.task.cmake.build:Building CMake package in '/home/pepperumo/bumperbot_ws/src/bumperbot_description'
[0.328s] INFO:colcon.colcon_core.shell:Skip shell extension 'powershell' for command environment: Not usable outside of PowerShell
[0.328s] DEBUG:colcon.colcon_core.shell:Skip shell extension 'dsv' for command environment
[0.330s] INFO:colcon.colcon_ros.task.ament_python.build:Building ROS package in '/home/pepperumo/bumperbot_ws/src/bumperbot_utils' with build type 'ament_python'
[0.330s] Level 1:colcon.colcon_core.shell:create_environment_hook('bumperbot_utils', 'ament_prefix_path')
[0.330s] INFO:colcon.colcon_core.shell:Creating environment hook '/home/pepperumo/bumperbot_ws/src/install/bumperbot_utils/share/bumperbot_utils/hook/ament_prefix_path.ps1'
[0.331s] INFO:colcon.colcon_core.shell:Creating environment descriptor '/home/pepperumo/bumperbot_ws/src/install/bumperbot_utils/share/bumperbot_utils/hook/ament_prefix_path.dsv'
[0.331s] INFO:colcon.colcon_core.shell:Creating environment hook '/home/pepperumo/bumperbot_ws/src/install/bumperbot_utils/share/bumperbot_utils/hook/ament_prefix_path.sh'
[0.332s] INFO:colcon.colcon_core.shell:Skip shell extension 'powershell' for command environment: Not usable outside of PowerShell
[0.332s] DEBUG:colcon.colcon_core.shell:Skip shell extension 'dsv' for command environment
[0.338s] DEBUG:colcon.colcon_core.event_handler.log_command:Invoking command in '/home/pepperumo/bumperbot_ws/src/build/bumperbot_msgs': CMAKE_PREFIX_PATH=${CMAKE_PREFIX_PATH}:/home/pepperumo/bumperbot_ws/install/bumperbot_utils:/home/pepperumo/bumperbot_ws/install/bumperbot_py_examples:/home/pepperumo/ros2_ws/install/my_py_pkg:/home/pepperumo/install/my_py_pkg:/opt/ros/humble /usr/bin/cmake --build /home/pepperumo/bumperbot_ws/src/build/bumperbot_msgs -- -j32 -l32
[0.340s] DEBUG:colcon.colcon_core.event_handler.log_command:Invoking command in '/home/pepperumo/bumperbot_ws/src/build/bumperbot_controller': CMAKE_PREFIX_PATH=${CMAKE_PREFIX_PATH}:/home/pepperumo/bumperbot_ws/install/bumperbot_utils:/home/pepperumo/bumperbot_ws/install/bumperbot_py_examples:/home/pepperumo/ros2_ws/install/my_py_pkg:/home/pepperumo/install/my_py_pkg:/opt/ros/humble /usr/bin/cmake --build /home/pepperumo/bumperbot_ws/src/build/bumperbot_controller -- -j32 -l32
[0.341s] DEBUG:colcon.colcon_core.event_handler.log_command:Invoking command in '/home/pepperumo/bumperbot_ws/src/build/bumperbot_cpp_examples': CMAKE_PREFIX_PATH=${CMAKE_PREFIX_PATH}:/home/pepperumo/bumperbot_ws/install/bumperbot_utils:/home/pepperumo/bumperbot_ws/install/bumperbot_py_examples:/home/pepperumo/ros2_ws/install/my_py_pkg:/home/pepperumo/install/my_py_pkg:/opt/ros/humble /usr/bin/cmake --build /home/pepperumo/bumperbot_ws/src/build/bumperbot_cpp_examples -- -j32 -l32
[0.345s] DEBUG:colcon.colcon_core.event_handler.log_command:Invoking command in '/home/pepperumo/bumperbot_ws/src/build/bumperbot_description': CMAKE_PREFIX_PATH=${CMAKE_PREFIX_PATH}:/home/pepperumo/bumperbot_ws/install/bumperbot_utils:/home/pepperumo/bumperbot_ws/install/bumperbot_py_examples:/home/pepperumo/ros2_ws/install/my_py_pkg:/home/pepperumo/install/my_py_pkg:/opt/ros/humble /usr/bin/cmake --build /home/pepperumo/bumperbot_ws/src/build/bumperbot_description -- -j32 -l32
[0.498s] INFO:colcon.colcon_core.task.python.build:Building Python package in '/home/pepperumo/bumperbot_ws/src/bumperbot_utils'
[0.498s] INFO:colcon.colcon_core.shell:Skip shell extension 'powershell' for command environment: Not usable outside of PowerShell
[0.498s] DEBUG:colcon.colcon_core.shell:Skip shell extension 'dsv' for command environment
[0.503s] DEBUG:colcon.colcon_core.event_handler.log_command:Invoked command in '/home/pepperumo/bumperbot_ws/src/build/bumperbot_description' returned '0': CMAKE_PREFIX_PATH=${CMAKE_PREFIX_PATH}:/home/pepperumo/bumperbot_ws/install/bumperbot_utils:/home/pepperumo/bumperbot_ws/install/bumperbot_py_examples:/home/pepperumo/ros2_ws/install/my_py_pkg:/home/pepperumo/install/my_py_pkg:/opt/ros/humble /usr/bin/cmake --build /home/pepperumo/bumperbot_ws/src/build/bumperbot_description -- -j32 -l32
[0.504s] DEBUG:colcon.colcon_core.event_handler.log_command:Invoked command in '/home/pepperumo/bumperbot_ws/src/build/bumperbot_cpp_examples' returned '0': CMAKE_PREFIX_PATH=${CMAKE_PREFIX_PATH}:/home/pepperumo/bumperbot_ws/install/bumperbot_utils:/home/pepperumo/bumperbot_ws/install/bumperbot_py_examples:/home/pepperumo/ros2_ws/install/my_py_pkg:/home/pepperumo/install/my_py_pkg:/opt/ros/humble /usr/bin/cmake --build /home/pepperumo/bumperbot_ws/src/build/bumperbot_cpp_examples -- -j32 -l32
[0.523s] DEBUG:colcon.colcon_core.event_handler.log_command:Invoking command in '/home/pepperumo/bumperbot_ws/src/build/bumperbot_description': CMAKE_PREFIX_PATH=${CMAKE_PREFIX_PATH}:/home/pepperumo/bumperbot_ws/install/bumperbot_utils:/home/pepperumo/bumperbot_ws/install/bumperbot_py_examples:/home/pepperumo/ros2_ws/install/my_py_pkg:/home/pepperumo/install/my_py_pkg:/opt/ros/humble /usr/bin/cmake --install /home/pepperumo/bumperbot_ws/src/build/bumperbot_description
[0.526s] DEBUG:colcon.colcon_core.event_handler.log_command:Invoking command in '/home/pepperumo/bumperbot_ws/src/build/bumperbot_cpp_examples': CMAKE_PREFIX_PATH=${CMAKE_PREFIX_PATH}:/home/pepperumo/bumperbot_ws/install/bumperbot_utils:/home/pepperumo/bumperbot_ws/install/bumperbot_py_examples:/home/pepperumo/ros2_ws/install/my_py_pkg:/home/pepperumo/install/my_py_pkg:/opt/ros/humble /usr/bin/cmake --install /home/pepperumo/bumperbot_ws/src/build/bumperbot_cpp_examples
[0.535s] Level 1:colcon.colcon_core.environment:create_environment_scripts_only(bumperbot_description)
[0.539s] DEBUG:colcon.colcon_core.event_handler.log_command:Invoked command in '/home/pepperumo/bumperbot_ws/src/build/bumperbot_description' returned '0': CMAKE_PREFIX_PATH=${CMAKE_PREFIX_PATH}:/home/pepperumo/bumperbot_ws/install/bumperbot_utils:/home/pepperumo/bumperbot_ws/install/bumperbot_py_examples:/home/pepperumo/ros2_ws/install/my_py_pkg:/home/pepperumo/install/my_py_pkg:/opt/ros/humble /usr/bin/cmake --install /home/pepperumo/bumperbot_ws/src/build/bumperbot_description
[0.540s] Level 1:colcon.colcon_core.environment:checking '/home/pepperumo/bumperbot_ws/src/install/bumperbot_description' for CMake module files
[0.541s] Level 1:colcon.colcon_core.environment:checking '/home/pepperumo/bumperbot_ws/src/install/bumperbot_description' for CMake config files
[0.541s] Level 1:colcon.colcon_core.shell:create_environment_hook('bumperbot_description', 'cmake_prefix_path')
[0.541s] INFO:colcon.colcon_core.shell:Creating environment hook '/home/pepperumo/bumperbot_ws/src/install/bumperbot_description/share/bumperbot_description/hook/cmake_prefix_path.ps1'
[0.542s] INFO:colcon.colcon_core.shell:Creating environment descriptor '/home/pepperumo/bumperbot_ws/src/install/bumperbot_description/share/bumperbot_description/hook/cmake_prefix_path.dsv'
[0.543s] INFO:colcon.colcon_core.shell:Creating environment hook '/home/pepperumo/bumperbot_ws/src/install/bumperbot_description/share/bumperbot_description/hook/cmake_prefix_path.sh'
[0.543s] Level 1:colcon.colcon_core.environment:checking '/home/pepperumo/bumperbot_ws/src/install/bumperbot_description/bin'
[0.543s] Level 1:colcon.colcon_core.environment:checking '/home/pepperumo/bumperbot_ws/src/install/bumperbot_description/lib/pkgconfig/bumperbot_description.pc'
[0.543s] Level 1:colcon.colcon_core.environment:checking '/home/pepperumo/bumperbot_ws/src/install/bumperbot_description/lib/python3.10/site-packages'
[0.543s] Level 1:colcon.colcon_core.environment:checking '/home/pepperumo/bumperbot_ws/src/install/bumperbot_description/bin'
[0.544s] INFO:colcon.colcon_core.shell:Creating package script '/home/pepperumo/bumperbot_ws/src/install/bumperbot_description/share/bumperbot_description/package.ps1'
[0.544s] INFO:colcon.colcon_core.shell:Creating package descriptor '/home/pepperumo/bumperbot_ws/src/install/bumperbot_description/share/bumperbot_description/package.dsv'
[0.544s] INFO:colcon.colcon_core.shell:Creating package script '/home/pepperumo/bumperbot_ws/src/install/bumperbot_description/share/bumperbot_description/package.sh'
[0.545s] INFO:colcon.colcon_core.shell:Creating package script '/home/pepperumo/bumperbot_ws/src/install/bumperbot_description/share/bumperbot_description/package.bash'
[0.545s] INFO:colcon.colcon_core.shell:Creating package script '/home/pepperumo/bumperbot_ws/src/install/bumperbot_description/share/bumperbot_description/package.zsh'
[0.545s] Level 1:colcon.colcon_core.environment:create_file_with_runtime_dependencies(/home/pepperumo/bumperbot_ws/src/install/bumperbot_description/share/colcon-core/packages/bumperbot_description)
[0.546s] Level 1:colcon.colcon_core.environment:create_environment_scripts_only(bumperbot_cpp_examples)
[0.546s] Level 1:colcon.colcon_core.environment:checking '/home/pepperumo/bumperbot_ws/src/install/bumperbot_cpp_examples' for CMake module files
[0.547s] DEBUG:colcon.colcon_core.event_handler.log_command:Invoked command in '/home/pepperumo/bumperbot_ws/src/build/bumperbot_cpp_examples' returned '0': CMAKE_PREFIX_PATH=${CMAKE_PREFIX_PATH}:/home/pepperumo/bumperbot_ws/install/bumperbot_utils:/home/pepperumo/bumperbot_ws/install/bumperbot_py_examples:/home/pepperumo/ros2_ws/install/my_py_pkg:/home/pepperumo/install/my_py_pkg:/opt/ros/humble /usr/bin/cmake --install /home/pepperumo/bumperbot_ws/src/build/bumperbot_cpp_examples
[0.547s] Level 1:colcon.colcon_core.environment:checking '/home/pepperumo/bumperbot_ws/src/install/bumperbot_cpp_examples' for CMake config files
[0.547s] Level 1:colcon.colcon_core.shell:create_environment_hook('bumperbot_cpp_examples', 'cmake_prefix_path')
[0.547s] INFO:colcon.colcon_core.shell:Creating environment hook '/home/pepperumo/bumperbot_ws/src/install/bumperbot_cpp_examples/share/bumperbot_cpp_examples/hook/cmake_prefix_path.ps1'
[0.547s] INFO:colcon.colcon_core.shell:Creating environment descriptor '/home/pepperumo/bumperbot_ws/src/install/bumperbot_cpp_examples/share/bumperbot_cpp_examples/hook/cmake_prefix_path.dsv'
[0.548s] INFO:colcon.colcon_core.shell:Creating environment hook '/home/pepperumo/bumperbot_ws/src/install/bumperbot_cpp_examples/share/bumperbot_cpp_examples/hook/cmake_prefix_path.sh'
[0.548s] Level 1:colcon.colcon_core.environment:checking '/home/pepperumo/bumperbot_ws/src/install/bumperbot_cpp_examples/bin'
[0.548s] Level 1:colcon.colcon_core.environment:checking '/home/pepperumo/bumperbot_ws/src/install/bumperbot_cpp_examples/lib/pkgconfig/bumperbot_cpp_examples.pc'
[0.548s] Level 1:colcon.colcon_core.environment:checking '/home/pepperumo/bumperbot_ws/src/install/bumperbot_cpp_examples/lib/python3.10/site-packages'
[0.548s] Level 1:colcon.colcon_core.environment:checking '/home/pepperumo/bumperbot_ws/src/install/bumperbot_cpp_examples/bin'
[0.548s] INFO:colcon.colcon_core.shell:Creating package script '/home/pepperumo/bumperbot_ws/src/install/bumperbot_cpp_examples/share/bumperbot_cpp_examples/package.ps1'
[0.548s] INFO:colcon.colcon_core.shell:Creating package descriptor '/home/pepperumo/bumperbot_ws/src/install/bumperbot_cpp_examples/share/bumperbot_cpp_examples/package.dsv'
[0.549s] INFO:colcon.colcon_core.shell:Creating package script '/home/pepperumo/bumperbot_ws/src/install/bumperbot_cpp_examples/share/bumperbot_cpp_examples/package.sh'
[0.549s] INFO:colcon.colcon_core.shell:Creating package script '/home/pepperumo/bumperbot_ws/src/install/bumperbot_cpp_examples/share/bumperbot_cpp_examples/package.bash'
[0.549s] INFO:colcon.colcon_core.shell:Creating package script '/home/pepperumo/bumperbot_ws/src/install/bumperbot_cpp_examples/share/bumperbot_cpp_examples/package.zsh'
[0.549s] Level 1:colcon.colcon_core.environment:create_file_with_runtime_dependencies(/home/pepperumo/bumperbot_ws/src/install/bumperbot_cpp_examples/share/colcon-core/packages/bumperbot_cpp_examples)
[0.552s] DEBUG:colcon.colcon_core.event_handler.log_command:Invoked command in '/home/pepperumo/bumperbot_ws/src/build/bumperbot_msgs' returned '0': CMAKE_PREFIX_PATH=${CMAKE_PREFIX_PATH}:/home/pepperumo/bumperbot_ws/install/bumperbot_utils:/home/pepperumo/bumperbot_ws/install/bumperbot_py_examples:/home/pepperumo/ros2_ws/install/my_py_pkg:/home/pepperumo/install/my_py_pkg:/opt/ros/humble /usr/bin/cmake --build /home/pepperumo/bumperbot_ws/src/build/bumperbot_msgs -- -j32 -l32
[0.558s] Level 1:colcon.colcon_core.environment:create_environment_scripts_only(bumperbot_description)
[0.558s] Level 1:colcon.colcon_core.environment:checking '/home/pepperumo/bumperbot_ws/src/install/bumperbot_description' for CMake module files
[0.558s] Level 1:colcon.colcon_core.environment:checking '/home/pepperumo/bumperbot_ws/src/install/bumperbot_description' for CMake config files
[0.559s] Level 1:colcon.colcon_core.shell:create_environment_hook('bumperbot_description', 'cmake_prefix_path')
[0.559s] INFO:colcon.colcon_core.shell:Creating environment hook '/home/pepperumo/bumperbot_ws/src/install/bumperbot_description/share/bumperbot_description/hook/cmake_prefix_path.ps1'
[0.559s] INFO:colcon.colcon_core.shell:Creating environment descriptor '/home/pepperumo/bumperbot_ws/src/install/bumperbot_description/share/bumperbot_description/hook/cmake_prefix_path.dsv'
[0.559s] INFO:colcon.colcon_core.shell:Creating environment hook '/home/pepperumo/bumperbot_ws/src/install/bumperbot_description/share/bumperbot_description/hook/cmake_prefix_path.sh'
[0.559s] Level 1:colcon.colcon_core.environment:checking '/home/pepperumo/bumperbot_ws/src/install/bumperbot_description/bin'
[0.559s] Level 1:colcon.colcon_core.environment:checking '/home/pepperumo/bumperbot_ws/src/install/bumperbot_description/lib/pkgconfig/bumperbot_description.pc'
[0.559s] Level 1:colcon.colcon_core.environment:checking '/home/pepperumo/bumperbot_ws/src/install/bumperbot_description/lib/python3.10/site-packages'
[0.560s] Level 1:colcon.colcon_core.environment:checking '/home/pepperumo/bumperbot_ws/src/install/bumperbot_description/bin'
[0.560s] INFO:colcon.colcon_core.shell:Creating package script '/home/pepperumo/bumperbot_ws/src/install/bumperbot_description/share/bumperbot_description/package.ps1'
[0.560s] INFO:colcon.colcon_core.shell:Creating package descriptor '/home/pepperumo/bumperbot_ws/src/install/bumperbot_description/share/bumperbot_description/package.dsv'
[0.560s] INFO:colcon.colcon_core.shell:Creating package script '/home/pepperumo/bumperbot_ws/src/install/bumperbot_description/share/bumperbot_description/package.sh'
[0.561s] INFO:colcon.colcon_core.shell:Creating package script '/home/pepperumo/bumperbot_ws/src/install/bumperbot_description/share/bumperbot_description/package.bash'
[0.561s] INFO:colcon.colcon_core.shell:Creating package script '/home/pepperumo/bumperbot_ws/src/install/bumperbot_description/share/bumperbot_description/package.zsh'
[0.561s] Level 1:colcon.colcon_core.environment:create_file_with_runtime_dependencies(/home/pepperumo/bumperbot_ws/src/install/bumperbot_description/share/colcon-core/packages/bumperbot_description)
[0.562s] Level 1:colcon.colcon_core.environment:create_environment_scripts_only(bumperbot_cpp_examples)
[0.562s] Level 1:colcon.colcon_core.environment:checking '/home/pepperumo/bumperbot_ws/src/install/bumperbot_cpp_examples' for CMake module files
[0.563s] Level 1:colcon.colcon_core.environment:checking '/home/pepperumo/bumperbot_ws/src/install/bumperbot_cpp_examples' for CMake config files
[0.563s] Level 1:colcon.colcon_core.shell:create_environment_hook('bumperbot_cpp_examples', 'cmake_prefix_path')
[0.563s] INFO:colcon.colcon_core.shell:Creating environment hook '/home/pepperumo/bumperbot_ws/src/install/bumperbot_cpp_examples/share/bumperbot_cpp_examples/hook/cmake_prefix_path.ps1'
[0.563s] INFO:colcon.colcon_core.shell:Creating environment descriptor '/home/pepperumo/bumperbot_ws/src/install/bumperbot_cpp_examples/share/bumperbot_cpp_examples/hook/cmake_prefix_path.dsv'
[0.563s] INFO:colcon.colcon_core.shell:Creating environment hook '/home/pepperumo/bumperbot_ws/src/install/bumperbot_cpp_examples/share/bumperbot_cpp_examples/hook/cmake_prefix_path.sh'
[0.564s] Level 1:colcon.colcon_core.environment:checking '/home/pepperumo/bumperbot_ws/src/install/bumperbot_cpp_examples/bin'
[0.564s] Level 1:colcon.colcon_core.environment:checking '/home/pepperumo/bumperbot_ws/src/install/bumperbot_cpp_examples/lib/pkgconfig/bumperbot_cpp_examples.pc'
[0.564s] Level 1:colcon.colcon_core.environment:checking '/home/pepperumo/bumperbot_ws/src/install/bumperbot_cpp_examples/lib/python3.10/site-packages'
[0.564s] Level 1:colcon.colcon_core.environment:checking '/home/pepperumo/bumperbot_ws/src/install/bumperbot_cpp_examples/bin'
[0.564s] INFO:colcon.colcon_core.shell:Creating package script '/home/pepperumo/bumperbot_ws/src/install/bumperbot_cpp_examples/share/bumperbot_cpp_examples/package.ps1'
[0.564s] INFO:colcon.colcon_core.shell:Creating package descriptor '/home/pepperumo/bumperbot_ws/src/install/bumperbot_cpp_examples/share/bumperbot_cpp_examples/package.dsv'
[0.564s] INFO:colcon.colcon_core.shell:Creating package script '/home/pepperumo/bumperbot_ws/src/install/bumperbot_cpp_examples/share/bumperbot_cpp_examples/package.sh'
[0.565s] INFO:colcon.colcon_core.shell:Creating package script '/home/pepperumo/bumperbot_ws/src/install/bumperbot_cpp_examples/share/bumperbot_cpp_examples/package.bash'
[0.565s] INFO:colcon.colcon_core.shell:Creating package script '/home/pepperumo/bumperbot_ws/src/install/bumperbot_cpp_examples/share/bumperbot_cpp_examples/package.zsh'
[0.565s] Level 1:colcon.colcon_core.environment:create_file_with_runtime_dependencies(/home/pepperumo/bumperbot_ws/src/install/bumperbot_cpp_examples/share/colcon-core/packages/bumperbot_cpp_examples)
[0.592s] DEBUG:colcon.colcon_core.event_handler.log_command:Invoking command in '/home/pepperumo/bumperbot_ws/src/build/bumperbot_msgs': CMAKE_PREFIX_PATH=${CMAKE_PREFIX_PATH}:/home/pepperumo/bumperbot_ws/install/bumperbot_utils:/home/pepperumo/bumperbot_ws/install/bumperbot_py_examples:/home/pepperumo/ros2_ws/install/my_py_pkg:/home/pepperumo/install/my_py_pkg:/opt/ros/humble /usr/bin/cmake --install /home/pepperumo/bumperbot_ws/src/build/bumperbot_msgs
[0.651s] Level 1:colcon.colcon_core.environment:create_environment_scripts_only(bumperbot_msgs)
[0.652s] Level 1:colcon.colcon_core.environment:checking '/home/pepperumo/bumperbot_ws/src/install/bumperbot_msgs' for CMake module files
[0.652s] DEBUG:colcon.colcon_core.event_handler.log_command:Invoked command in '/home/pepperumo/bumperbot_ws/src/build/bumperbot_msgs' returned '0': CMAKE_PREFIX_PATH=${CMAKE_PREFIX_PATH}:/home/pepperumo/bumperbot_ws/install/bumperbot_utils:/home/pepperumo/bumperbot_ws/install/bumperbot_py_examples:/home/pepperumo/ros2_ws/install/my_py_pkg:/home/pepperumo/install/my_py_pkg:/opt/ros/humble /usr/bin/cmake --install /home/pepperumo/bumperbot_ws/src/build/bumperbot_msgs
[0.652s] Level 1:colcon.colcon_core.environment:checking '/home/pepperumo/bumperbot_ws/src/install/bumperbot_msgs' for CMake config files
[0.653s] Level 1:colcon.colcon_core.shell:create_environment_hook('bumperbot_msgs', 'cmake_prefix_path')
[0.653s] INFO:colcon.colcon_core.shell:Creating environment hook '/home/pepperumo/bumperbot_ws/src/install/bumperbot_msgs/share/bumperbot_msgs/hook/cmake_prefix_path.ps1'
[0.653s] INFO:colcon.colcon_core.shell:Creating environment descriptor '/home/pepperumo/bumperbot_ws/src/install/bumperbot_msgs/share/bumperbot_msgs/hook/cmake_prefix_path.dsv'
[0.653s] INFO:colcon.colcon_core.shell:Creating environment hook '/home/pepperumo/bumperbot_ws/src/install/bumperbot_msgs/share/bumperbot_msgs/hook/cmake_prefix_path.sh'
[0.653s] Level 1:colcon.colcon_core.environment:checking '/home/pepperumo/bumperbot_ws/src/install/bumperbot_msgs/lib'
[0.654s] Level 1:colcon.colcon_core.shell:create_environment_hook('bumperbot_msgs', 'ld_library_path_lib')
[0.654s] INFO:colcon.colcon_core.shell:Creating environment hook '/home/pepperumo/bumperbot_ws/src/install/bumperbot_msgs/share/bumperbot_msgs/hook/ld_library_path_lib.ps1'
[0.654s] INFO:colcon.colcon_core.shell:Creating environment descriptor '/home/pepperumo/bumperbot_ws/src/install/bumperbot_msgs/share/bumperbot_msgs/hook/ld_library_path_lib.dsv'
[0.654s] INFO:colcon.colcon_core.shell:Creating environment hook '/home/pepperumo/bumperbot_ws/src/install/bumperbot_msgs/share/bumperbot_msgs/hook/ld_library_path_lib.sh'
[0.654s] Level 1:colcon.colcon_core.environment:checking '/home/pepperumo/bumperbot_ws/src/install/bumperbot_msgs/bin'
[0.654s] Level 1:colcon.colcon_core.environment:checking '/home/pepperumo/bumperbot_ws/src/install/bumperbot_msgs/lib/pkgconfig/bumperbot_msgs.pc'
[0.654s] Level 1:colcon.colcon_core.environment:checking '/home/pepperumo/bumperbot_ws/src/install/bumperbot_msgs/lib/python3.10/site-packages'
[0.655s] Level 1:colcon.colcon_core.environment:checking '/home/pepperumo/bumperbot_ws/src/install/bumperbot_msgs/bin'
[0.655s] INFO:colcon.colcon_core.shell:Creating package script '/home/pepperumo/bumperbot_ws/src/install/bumperbot_msgs/share/bumperbot_msgs/package.ps1'
[0.655s] INFO:colcon.colcon_core.shell:Creating package descriptor '/home/pepperumo/bumperbot_ws/src/install/bumperbot_msgs/share/bumperbot_msgs/package.dsv'
[0.655s] INFO:colcon.colcon_core.shell:Creating package script '/home/pepperumo/bumperbot_ws/src/install/bumperbot_msgs/share/bumperbot_msgs/package.sh'
[0.655s] INFO:colcon.colcon_core.shell:Creating package script '/home/pepperumo/bumperbot_ws/src/install/bumperbot_msgs/share/bumperbot_msgs/package.bash'
[0.656s] INFO:colcon.colcon_core.shell:Creating package script '/home/pepperumo/bumperbot_ws/src/install/bumperbot_msgs/share/bumperbot_msgs/package.zsh'
[0.656s] Level 1:colcon.colcon_core.environment:create_file_with_runtime_dependencies(/home/pepperumo/bumperbot_ws/src/install/bumperbot_msgs/share/colcon-core/packages/bumperbot_msgs)
[0.694s] Level 1:colcon.colcon_core.environment:create_environment_scripts_only(bumperbot_msgs)
[0.694s] Level 1:colcon.colcon_core.environment:checking '/home/pepperumo/bumperbot_ws/src/install/bumperbot_msgs' for CMake module files
[0.694s] Level 1:colcon.colcon_core.environment:checking '/home/pepperumo/bumperbot_ws/src/install/bumperbot_msgs' for CMake config files
[0.695s] Level 1:colcon.colcon_core.shell:create_environment_hook('bumperbot_msgs', 'cmake_prefix_path')
[0.695s] INFO:colcon.colcon_core.shell:Creating environment hook '/home/pepperumo/bumperbot_ws/src/install/bumperbot_msgs/share/bumperbot_msgs/hook/cmake_prefix_path.ps1'
[0.695s] INFO:colcon.colcon_core.shell:Creating environment descriptor '/home/pepperumo/bumperbot_ws/src/install/bumperbot_msgs/share/bumperbot_msgs/hook/cmake_prefix_path.dsv'
[0.695s] INFO:colcon.colcon_core.shell:Creating environment hook '/home/pepperumo/bumperbot_ws/src/install/bumperbot_msgs/share/bumperbot_msgs/hook/cmake_prefix_path.sh'
[0.695s] Level 1:colcon.colcon_core.environment:checking '/home/pepperumo/bumperbot_ws/src/install/bumperbot_msgs/lib'
[0.696s] Level 1:colcon.colcon_core.shell:create_environment_hook('bumperbot_msgs', 'ld_library_path_lib')
[0.696s] INFO:colcon.colcon_core.shell:Creating environment hook '/home/pepperumo/bumperbot_ws/src/install/bumperbot_msgs/share/bumperbot_msgs/hook/ld_library_path_lib.ps1'
[0.696s] INFO:colcon.colcon_core.shell:Creating environment descriptor '/home/pepperumo/bumperbot_ws/src/install/bumperbot_msgs/share/bumperbot_msgs/hook/ld_library_path_lib.dsv'
[0.696s] INFO:colcon.colcon_core.shell:Creating environment hook '/home/pepperumo/bumperbot_ws/src/install/bumperbot_msgs/share/bumperbot_msgs/hook/ld_library_path_lib.sh'
[0.696s] Level 1:colcon.colcon_core.environment:checking '/home/pepperumo/bumperbot_ws/src/install/bumperbot_msgs/bin'
[0.696s] Level 1:colcon.colcon_core.environment:checking '/home/pepperumo/bumperbot_ws/src/install/bumperbot_msgs/lib/pkgconfig/bumperbot_msgs.pc'
[0.696s] Level 1:colcon.colcon_core.environment:checking '/home/pepperumo/bumperbot_ws/src/install/bumperbot_msgs/lib/python3.10/site-packages'
[0.696s] Level 1:colcon.colcon_core.environment:checking '/home/pepperumo/bumperbot_ws/src/install/bumperbot_msgs/bin'
[0.697s] INFO:colcon.colcon_core.shell:Creating package script '/home/pepperumo/bumperbot_ws/src/install/bumperbot_msgs/share/bumperbot_msgs/package.ps1'
[0.697s] INFO:colcon.colcon_core.shell:Creating package descriptor '/home/pepperumo/bumperbot_ws/src/install/bumperbot_msgs/share/bumperbot_msgs/package.dsv'
[0.697s] INFO:colcon.colcon_core.shell:Creating package script '/home/pepperumo/bumperbot_ws/src/install/bumperbot_msgs/share/bumperbot_msgs/package.sh'
[0.697s] INFO:colcon.colcon_core.shell:Creating package script '/home/pepperumo/bumperbot_ws/src/install/bumperbot_msgs/share/bumperbot_msgs/package.bash'
[0.697s] INFO:colcon.colcon_core.shell:Creating package script '/home/pepperumo/bumperbot_ws/src/install/bumperbot_msgs/share/bumperbot_msgs/package.zsh'
[0.698s] Level 1:colcon.colcon_core.environment:create_file_with_runtime_dependencies(/home/pepperumo/bumperbot_ws/src/install/bumperbot_msgs/share/colcon-core/packages/bumperbot_msgs)
[0.698s] INFO:colcon.colcon_ros.task.ament_python.build:Building ROS package in '/home/pepperumo/bumperbot_ws/src/bumperbot_py_examples' with build type 'ament_python'
[0.698s] Level 1:colcon.colcon_core.shell:create_environment_hook('bumperbot_py_examples', 'ament_prefix_path')
[0.698s] INFO:colcon.colcon_core.shell:Creating environment hook '/home/pepperumo/bumperbot_ws/src/install/bumperbot_py_examples/share/bumperbot_py_examples/hook/ament_prefix_path.ps1'
[0.699s] INFO:colcon.colcon_core.shell:Creating environment descriptor '/home/pepperumo/bumperbot_ws/src/install/bumperbot_py_examples/share/bumperbot_py_examples/hook/ament_prefix_path.dsv'
[0.699s] INFO:colcon.colcon_core.shell:Creating environment hook '/home/pepperumo/bumperbot_ws/src/install/bumperbot_py_examples/share/bumperbot_py_examples/hook/ament_prefix_path.sh'
[0.700s] INFO:colcon.colcon_core.shell:Skip shell extension 'powershell' for command environment: Not usable outside of PowerShell
[0.700s] DEBUG:colcon.colcon_core.shell:Skip shell extension 'dsv' for command environment
[0.703s] DEBUG:colcon.colcon_core.event_handler.log_command:Invoking command in '/home/pepperumo/bumperbot_ws/src/bumperbot_utils': PYTHONPATH=/home/pepperumo/bumperbot_ws/src/build/bumperbot_utils/prefix_override:/usr/lib/python3/dist-packages/colcon_core/task/python/colcon_distutils_commands:/home/pepperumo/bumperbot_ws/src/install/bumperbot_utils/lib/python3.10/site-packages:${PYTHONPATH} /usr/bin/python3 -W ignore:setup.py install is deprecated -W ignore:easy_install command is deprecated setup.py egg_info --egg-base ../build/bumperbot_utils build --build-base /home/pepperumo/bumperbot_ws/src/build/bumperbot_utils/build install --record /home/pepperumo/bumperbot_ws/src/build/bumperbot_utils/install.log --single-version-externally-managed install_data
[0.952s] INFO:colcon.colcon_core.task.python.build:Building Python package in '/home/pepperumo/bumperbot_ws/src/bumperbot_py_examples'
[0.953s] INFO:colcon.colcon_core.shell:Skip shell extension 'powershell' for command environment: Not usable outside of PowerShell
[0.953s] DEBUG:colcon.colcon_core.shell:Skip shell extension 'dsv' for command environment
[0.955s] Level 1:colcon.colcon_core.environment:checking '/home/pepperumo/bumperbot_ws/src/install/bumperbot_utils' for CMake module files
[0.956s] DEBUG:colcon.colcon_core.event_handler.log_command:Invoked command in '/home/pepperumo/bumperbot_ws/src/bumperbot_utils' returned '0': PYTHONPATH=/home/pepperumo/bumperbot_ws/src/build/bumperbot_utils/prefix_override:/usr/lib/python3/dist-packages/colcon_core/task/python/colcon_distutils_commands:/home/pepperumo/bumperbot_ws/src/install/bumperbot_utils/lib/python3.10/site-packages:${PYTHONPATH} /usr/bin/python3 -W ignore:setup.py install is deprecated -W ignore:easy_install command is deprecated setup.py egg_info --egg-base ../build/bumperbot_utils build --build-base /home/pepperumo/bumperbot_ws/src/build/bumperbot_utils/build install --record /home/pepperumo/bumperbot_ws/src/build/bumperbot_utils/install.log --single-version-externally-managed install_data
[0.956s] Level 1:colcon.colcon_core.environment:checking '/home/pepperumo/bumperbot_ws/src/install/bumperbot_utils' for CMake config files
[0.956s] Level 1:colcon.colcon_core.environment:checking '/home/pepperumo/bumperbot_ws/src/install/bumperbot_utils/lib'
[0.956s] Level 1:colcon.colcon_core.environment:checking '/home/pepperumo/bumperbot_ws/src/install/bumperbot_utils/bin'
[0.956s] Level 1:colcon.colcon_core.environment:checking '/home/pepperumo/bumperbot_ws/src/install/bumperbot_utils/lib/pkgconfig/bumperbot_utils.pc'
[0.956s] Level 1:colcon.colcon_core.environment:checking '/home/pepperumo/bumperbot_ws/src/install/bumperbot_utils/lib/python3.10/site-packages'
[0.956s] Level 1:colcon.colcon_core.shell:create_environment_hook('bumperbot_utils', 'pythonpath')
[0.957s] INFO:colcon.colcon_core.shell:Creating environment hook '/home/pepperumo/bumperbot_ws/src/install/bumperbot_utils/share/bumperbot_utils/hook/pythonpath.ps1'
[0.957s] INFO:colcon.colcon_core.shell:Creating environment descriptor '/home/pepperumo/bumperbot_ws/src/install/bumperbot_utils/share/bumperbot_utils/hook/pythonpath.dsv'
[0.957s] INFO:colcon.colcon_core.shell:Creating environment hook '/home/pepperumo/bumperbot_ws/src/install/bumperbot_utils/share/bumperbot_utils/hook/pythonpath.sh'
[0.957s] Level 1:colcon.colcon_core.environment:checking '/home/pepperumo/bumperbot_ws/src/install/bumperbot_utils/bin'
[0.957s] Level 1:colcon.colcon_core.environment:create_environment_scripts_only(bumperbot_utils)
[0.957s] INFO:colcon.colcon_core.shell:Creating package script '/home/pepperumo/bumperbot_ws/src/install/bumperbot_utils/share/bumperbot_utils/package.ps1'
[0.958s] INFO:colcon.colcon_core.shell:Creating package descriptor '/home/pepperumo/bumperbot_ws/src/install/bumperbot_utils/share/bumperbot_utils/package.dsv'
[0.958s] INFO:colcon.colcon_core.shell:Creating package script '/home/pepperumo/bumperbot_ws/src/install/bumperbot_utils/share/bumperbot_utils/package.sh'
[0.958s] INFO:colcon.colcon_core.shell:Creating package script '/home/pepperumo/bumperbot_ws/src/install/bumperbot_utils/share/bumperbot_utils/package.bash'
[0.958s] INFO:colcon.colcon_core.shell:Creating package script '/home/pepperumo/bumperbot_ws/src/install/bumperbot_utils/share/bumperbot_utils/package.zsh'
[0.958s] Level 1:colcon.colcon_core.environment:create_file_with_runtime_dependencies(/home/pepperumo/bumperbot_ws/src/install/bumperbot_utils/share/colcon-core/packages/bumperbot_utils)
[1.265s] DEBUG:colcon.colcon_core.event_handler.log_command:Invoking command in '/home/pepperumo/bumperbot_ws/src/bumperbot_py_examples': AMENT_PREFIX_PATH=/home/pepperumo/bumperbot_ws/src/install/bumperbot_msgs:${AMENT_PREFIX_PATH} CMAKE_PREFIX_PATH=/home/pepperumo/bumperbot_ws/src/install/bumperbot_msgs:${CMAKE_PREFIX_PATH} LD_LIBRARY_PATH=/home/pepperumo/bumperbot_ws/src/install/bumperbot_msgs/lib:${LD_LIBRARY_PATH} PYTHONPATH=/home/pepperumo/bumperbot_ws/src/build/bumperbot_py_examples/prefix_override:/usr/lib/python3/dist-packages/colcon_core/task/python/colcon_distutils_commands:/home/pepperumo/bumperbot_ws/src/install/bumperbot_py_examples/lib/python3.10/site-packages:/home/pepperumo/bumperbot_ws/src/install/bumperbot_msgs/local/lib/python3.10/dist-packages:${PYTHONPATH} /usr/bin/python3 -W ignore:setup.py install is deprecated -W ignore:easy_install command is deprecated setup.py egg_info --egg-base ../build/bumperbot_py_examples build --build-base /home/pepperumo/bumperbot_ws/src/build/bumperbot_py_examples/build install --record /home/pepperumo/bumperbot_ws/src/build/bumperbot_py_examples/install.log --single-version-externally-managed install_data
[1.418s] Level 1:colcon.colcon_core.environment:checking '/home/pepperumo/bumperbot_ws/src/install/bumperbot_py_examples' for CMake module files
[1.418s] DEBUG:colcon.colcon_core.event_handler.log_command:Invoked command in '/home/pepperumo/bumperbot_ws/src/bumperbot_py_examples' returned '0': AMENT_PREFIX_PATH=/home/pepperumo/bumperbot_ws/src/install/bumperbot_msgs:${AMENT_PREFIX_PATH} CMAKE_PREFIX_PATH=/home/pepperumo/bumperbot_ws/src/install/bumperbot_msgs:${CMAKE_PREFIX_PATH} LD_LIBRARY_PATH=/home/pepperumo/bumperbot_ws/src/install/bumperbot_msgs/lib:${LD_LIBRARY_PATH} PYTHONPATH=/home/pepperumo/bumperbot_ws/src/build/bumperbot_py_examples/prefix_override:/usr/lib/python3/dist-packages/colcon_core/task/python/colcon_distutils_commands:/home/pepperumo/bumperbot_ws/src/install/bumperbot_py_examples/lib/python3.10/site-packages:/home/pepperumo/bumperbot_ws/src/install/bumperbot_msgs/local/lib/python3.10/dist-packages:${PYTHONPATH} /usr/bin/python3 -W ignore:setup.py install is deprecated -W ignore:easy_install command is deprecated setup.py egg_info --egg-base ../build/bumperbot_py_examples build --build-base /home/pepperumo/bumperbot_ws/src/build/bumperbot_py_examples/build install --record /home/pepperumo/bumperbot_ws/src/build/bumperbot_py_examples/install.log --single-version-externally-managed install_data
[1.418s] Level 1:colcon.colcon_core.environment:checking '/home/pepperumo/bumperbot_ws/src/install/bumperbot_py_examples' for CMake config files
[1.419s] Level 1:colcon.colcon_core.environment:checking '/home/pepperumo/bumperbot_ws/src/install/bumperbot_py_examples/lib'
[1.419s] Level 1:colcon.colcon_core.environment:checking '/home/pepperumo/bumperbot_ws/src/install/bumperbot_py_examples/bin'
[1.419s] Level 1:colcon.colcon_core.environment:checking '/home/pepperumo/bumperbot_ws/src/install/bumperbot_py_examples/lib/pkgconfig/bumperbot_py_examples.pc'
[1.419s] Level 1:colcon.colcon_core.environment:checking '/home/pepperumo/bumperbot_ws/src/install/bumperbot_py_examples/lib/python3.10/site-packages'
[1.419s] Level 1:colcon.colcon_core.shell:create_environment_hook('bumperbot_py_examples', 'pythonpath')
[1.419s] INFO:colcon.colcon_core.shell:Creating environment hook '/home/pepperumo/bumperbot_ws/src/install/bumperbot_py_examples/share/bumperbot_py_examples/hook/pythonpath.ps1'
[1.419s] INFO:colcon.colcon_core.shell:Creating environment descriptor '/home/pepperumo/bumperbot_ws/src/install/bumperbot_py_examples/share/bumperbot_py_examples/hook/pythonpath.dsv'
[1.420s] INFO:colcon.colcon_core.shell:Creating environment hook '/home/pepperumo/bumperbot_ws/src/install/bumperbot_py_examples/share/bumperbot_py_examples/hook/pythonpath.sh'
[1.420s] Level 1:colcon.colcon_core.environment:checking '/home/pepperumo/bumperbot_ws/src/install/bumperbot_py_examples/bin'
[1.420s] Level 1:colcon.colcon_core.environment:create_environment_scripts_only(bumperbot_py_examples)
[1.420s] INFO:colcon.colcon_core.shell:Creating package script '/home/pepperumo/bumperbot_ws/src/install/bumperbot_py_examples/share/bumperbot_py_examples/package.ps1'
[1.420s] INFO:colcon.colcon_core.shell:Creating package descriptor '/home/pepperumo/bumperbot_ws/src/install/bumperbot_py_examples/share/bumperbot_py_examples/package.dsv'
[1.420s] INFO:colcon.colcon_core.shell:Creating package script '/home/pepperumo/bumperbot_ws/src/install/bumperbot_py_examples/share/bumperbot_py_examples/package.sh'
[1.421s] INFO:colcon.colcon_core.shell:Creating package script '/home/pepperumo/bumperbot_ws/src/install/bumperbot_py_examples/share/bumperbot_py_examples/package.bash'
[1.421s] INFO:colcon.colcon_core.shell:Creating package script '/home/pepperumo/bumperbot_ws/src/install/bumperbot_py_examples/share/bumperbot_py_examples/package.zsh'
[1.421s] Level 1:colcon.colcon_core.environment:create_file_with_runtime_dependencies(/home/pepperumo/bumperbot_ws/src/install/bumperbot_py_examples/share/colcon-core/packages/bumperbot_py_examples)
[6.278s] DEBUG:colcon.colcon_core.event_handler.log_command:Invoked command in '/home/pepperumo/bumperbot_ws/src/build/bumperbot_controller' returned '0': CMAKE_PREFIX_PATH=${CMAKE_PREFIX_PATH}:/home/pepperumo/bumperbot_ws/install/bumperbot_utils:/home/pepperumo/bumperbot_ws/install/bumperbot_py_examples:/home/pepperumo/ros2_ws/install/my_py_pkg:/home/pepperumo/install/my_py_pkg:/opt/ros/humble /usr/bin/cmake --build /home/pepperumo/bumperbot_ws/src/build/bumperbot_controller -- -j32 -l32
[6.291s] DEBUG:colcon.colcon_core.event_handler.log_command:Invoking command in '/home/pepperumo/bumperbot_ws/src/build/bumperbot_controller': CMAKE_PREFIX_PATH=${CMAKE_PREFIX_PATH}:/home/pepperumo/bumperbot_ws/install/bumperbot_utils:/home/pepperumo/bumperbot_ws/install/bumperbot_py_examples:/home/pepperumo/ros2_ws/install/my_py_pkg:/home/pepperumo/install/my_py_pkg:/opt/ros/humble /usr/bin/cmake --install /home/pepperumo/bumperbot_ws/src/build/bumperbot_controller
[6.323s] Level 1:colcon.colcon_core.environment:create_environment_scripts_only(bumperbot_controller)
[6.323s] Level 1:colcon.colcon_core.environment:checking '/home/pepperumo/bumperbot_ws/src/install/bumperbot_controller' for CMake module files
[6.323s] DEBUG:colcon.colcon_core.event_handler.log_command:Invoked command in '/home/pepperumo/bumperbot_ws/src/build/bumperbot_controller' returned '0': CMAKE_PREFIX_PATH=${CMAKE_PREFIX_PATH}:/home/pepperumo/bumperbot_ws/install/bumperbot_utils:/home/pepperumo/bumperbot_ws/install/bumperbot_py_examples:/home/pepperumo/ros2_ws/install/my_py_pkg:/home/pepperumo/install/my_py_pkg:/opt/ros/humble /usr/bin/cmake --install /home/pepperumo/bumperbot_ws/src/build/bumperbot_controller
[6.324s] Level 1:colcon.colcon_core.environment:checking '/home/pepperumo/bumperbot_ws/src/install/bumperbot_controller' for CMake config files
[6.324s] Level 1:colcon.colcon_core.shell:create_environment_hook('bumperbot_controller', 'cmake_prefix_path')
[6.324s] INFO:colcon.colcon_core.shell:Creating environment hook '/home/pepperumo/bumperbot_ws/src/install/bumperbot_controller/share/bumperbot_controller/hook/cmake_prefix_path.ps1'
[6.324s] INFO:colcon.colcon_core.shell:Creating environment descriptor '/home/pepperumo/bumperbot_ws/src/install/bumperbot_controller/share/bumperbot_controller/hook/cmake_prefix_path.dsv'
[6.324s] INFO:colcon.colcon_core.shell:Creating environment hook '/home/pepperumo/bumperbot_ws/src/install/bumperbot_controller/share/bumperbot_controller/hook/cmake_prefix_path.sh'
[6.325s] Level 1:colcon.colcon_core.environment:checking '/home/pepperumo/bumperbot_ws/src/install/bumperbot_controller/lib'
[6.325s] Level 1:colcon.colcon_core.environment:checking '/home/pepperumo/bumperbot_ws/src/install/bumperbot_controller/bin'
[6.325s] Level 1:colcon.colcon_core.environment:checking '/home/pepperumo/bumperbot_ws/src/install/bumperbot_controller/lib/pkgconfig/bumperbot_controller.pc'
[6.325s] Level 1:colcon.colcon_core.environment:checking '/home/pepperumo/bumperbot_ws/src/install/bumperbot_controller/lib/python3.10/site-packages'
[6.325s] Level 1:colcon.colcon_core.environment:checking '/home/pepperumo/bumperbot_ws/src/install/bumperbot_controller/bin'
[6.325s] INFO:colcon.colcon_core.shell:Creating package script '/home/pepperumo/bumperbot_ws/src/install/bumperbot_controller/share/bumperbot_controller/package.ps1'
[6.325s] INFO:colcon.colcon_core.shell:Creating package descriptor '/home/pepperumo/bumperbot_ws/src/install/bumperbot_controller/share/bumperbot_controller/package.dsv'
[6.326s] INFO:colcon.colcon_core.shell:Creating package script '/home/pepperumo/bumperbot_ws/src/install/bumperbot_controller/share/bumperbot_controller/package.sh'
[6.326s] INFO:colcon.colcon_core.shell:Creating package script '/home/pepperumo/bumperbot_ws/src/install/bumperbot_controller/share/bumperbot_controller/package.bash'
[6.326s] INFO:colcon.colcon_core.shell:Creating package script '/home/pepperumo/bumperbot_ws/src/install/bumperbot_controller/share/bumperbot_controller/package.zsh'
[6.326s] Level 1:colcon.colcon_core.environment:create_file_with_runtime_dependencies(/home/pepperumo/bumperbot_ws/src/install/bumperbot_controller/share/colcon-core/packages/bumperbot_controller)
[6.337s] Level 1:colcon.colcon_core.environment:create_environment_scripts_only(bumperbot_controller)
[6.337s] Level 1:colcon.colcon_core.environment:checking '/home/pepperumo/bumperbot_ws/src/install/bumperbot_controller' for CMake module files
[6.337s] Level 1:colcon.colcon_core.environment:checking '/home/pepperumo/bumperbot_ws/src/install/bumperbot_controller' for CMake config files
[6.337s] Level 1:colcon.colcon_core.shell:create_environment_hook('bumperbot_controller', 'cmake_prefix_path')
[6.337s] INFO:colcon.colcon_core.shell:Creating environment hook '/home/pepperumo/bumperbot_ws/src/install/bumperbot_controller/share/bumperbot_controller/hook/cmake_prefix_path.ps1'
[6.338s] INFO:colcon.colcon_core.shell:Creating environment descriptor '/home/pepperumo/bumperbot_ws/src/install/bumperbot_controller/share/bumperbot_controller/hook/cmake_prefix_path.dsv'
[6.338s] INFO:colcon.colcon_core.shell:Creating environment hook '/home/pepperumo/bumperbot_ws/src/install/bumperbot_controller/share/bumperbot_controller/hook/cmake_prefix_path.sh'
[6.338s] Level 1:colcon.colcon_core.environment:checking '/home/pepperumo/bumperbot_ws/src/install/bumperbot_controller/lib'
[6.338s] Level 1:colcon.colcon_core.environment:checking '/home/pepperumo/bumperbot_ws/src/install/bumperbot_controller/bin'
[6.338s] Level 1:colcon.colcon_core.environment:checking '/home/pepperumo/bumperbot_ws/src/install/bumperbot_controller/lib/pkgconfig/bumperbot_controller.pc'
[6.338s] Level 1:colcon.colcon_core.environment:checking '/home/pepperumo/bumperbot_ws/src/install/bumperbot_controller/lib/python3.10/site-packages'
[6.338s] Level 1:colcon.colcon_core.environment:checking '/home/pepperumo/bumperbot_ws/src/install/bumperbot_controller/bin'
[6.339s] INFO:colcon.colcon_core.shell:Creating package script '/home/pepperumo/bumperbot_ws/src/install/bumperbot_controller/share/bumperbot_controller/package.ps1'
[6.339s] INFO:colcon.colcon_core.shell:Creating package descriptor '/home/pepperumo/bumperbot_ws/src/install/bumperbot_controller/share/bumperbot_controller/package.dsv'
[6.339s] INFO:colcon.colcon_core.shell:Creating package script '/home/pepperumo/bumperbot_ws/src/install/bumperbot_controller/share/bumperbot_controller/package.sh'
[6.339s] INFO:colcon.colcon_core.shell:Creating package script '/home/pepperumo/bumperbot_ws/src/install/bumperbot_controller/share/bumperbot_controller/package.bash'
[6.340s] INFO:colcon.colcon_core.shell:Creating package script '/home/pepperumo/bumperbot_ws/src/install/bumperbot_controller/share/bumperbot_controller/package.zsh'
[6.340s] Level 1:colcon.colcon_core.environment:create_file_with_runtime_dependencies(/home/pepperumo/bumperbot_ws/src/install/bumperbot_controller/share/colcon-core/packages/bumperbot_controller)
[6.340s] DEBUG:colcon.colcon_parallel_executor.executor.parallel:closing loop
[6.340s] DEBUG:colcon.colcon_parallel_executor.executor.parallel:loop closed
[6.340s] DEBUG:colcon.colcon_parallel_executor.executor.parallel:run_until_complete finished with '0'
[6.340s] DEBUG:colcon.colcon_core.event_reactor:joining thread
[6.401s] INFO:colcon.colcon_core.plugin_system:Skipping extension 'colcon_notification.desktop_notification.notify_send': Could not find 'notify-send'
[6.401s] INFO:colcon.colcon_core.plugin_system:Skipping extension 'colcon_notification.desktop_notification.terminal_notifier': Not used on non-Darwin systems
[6.401s] INFO:colcon.colcon_core.plugin_system:Skipping extension 'colcon_notification.desktop_notification.win32': Not used on non-Windows systems
[6.401s] INFO:colcon.colcon_notification.desktop_notification:Sending desktop notification using 'notify2'
[6.402s] DEBUG:colcon.colcon_notification.desktop_notification.notify2:Failed to initialize notify2: org.freedesktop.DBus.Error.ServiceUnknown: The name org.freedesktop.Notifications was not provided by any .service files
[6.402s] DEBUG:colcon.colcon_core.event_reactor:joined thread
[6.403s] INFO:colcon.colcon_core.shell:Creating prefix script '/home/pepperumo/bumperbot_ws/src/install/local_setup.ps1'
[6.403s] INFO:colcon.colcon_core.shell:Creating prefix util module '/home/pepperumo/bumperbot_ws/src/install/_local_setup_util_ps1.py'
[6.404s] INFO:colcon.colcon_core.shell:Creating prefix chain script '/home/pepperumo/bumperbot_ws/src/install/setup.ps1'
[6.404s] INFO:colcon.colcon_core.shell:Creating prefix script '/home/pepperumo/bumperbot_ws/src/install/local_setup.sh'
[6.405s] INFO:colcon.colcon_core.shell:Creating prefix util module '/home/pepperumo/bumperbot_ws/src/install/_local_setup_util_sh.py'
[6.405s] INFO:colcon.colcon_core.shell:Creating prefix chain script '/home/pepperumo/bumperbot_ws/src/install/setup.sh'
[6.405s] INFO:colcon.colcon_core.shell:Creating prefix script '/home/pepperumo/bumperbot_ws/src/install/local_setup.bash'
[6.406s] INFO:colcon.colcon_core.shell:Creating prefix chain script '/home/pepperumo/bumperbot_ws/src/install/setup.bash'
[6.406s] INFO:colcon.colcon_core.shell:Creating prefix script '/home/pepperumo/bumperbot_ws/src/install/local_setup.zsh'
[6.407s] INFO:colcon.colcon_core.shell:Creating prefix chain script '/home/pepperumo/bumperbot_ws/src/install/setup.zsh'
