[0.019s] Invoking command in '/home/pepperumo/bumperbot_ws/build/bumperbot_controller': CMAKE_PREFIX_PATH=${CMAKE_PREFIX_PATH}:/home/pepperumo/bumperbot_ws/install/bumperbot_utils:/home/pepperumo/bumperbot_ws/install/bumperbot_py_examples:/home/pepperumo/ros2_ws/install/my_py_pkg:/home/pepperumo/install/my_py_pkg:/opt/ros/humble /usr/bin/cmake --build /home/pepperumo/bumperbot_ws/build/bumperbot_controller -- -j32 -l32
[0.050s] Built target ament_cmake_python_copy_bumperbot_controller
[0.201s] running egg_info
[0.202s] writing bumperbot_controller.egg-info/PKG-INFO
[0.202s] writing dependency_links to bumperbot_controller.egg-info/dependency_links.txt
[0.203s] writing top-level names to bumperbot_controller.egg-info/top_level.txt
[0.205s] reading manifest file 'bumperbot_controller.egg-info/SOURCES.txt'
[0.206s] writing manifest file 'bumperbot_controller.egg-info/SOURCES.txt'
[0.222s] Built target ament_cmake_python_build_bumperbot_controller_egg
[0.238s] Invoked command in '/home/pepperumo/bumperbot_ws/build/bumperbot_controller' returned '0': CMAKE_PREFIX_PATH=${CMAKE_PREFIX_PATH}:/home/pepperumo/bumperbot_ws/install/bumperbot_utils:/home/pepperumo/bumperbot_ws/install/bumperbot_py_examples:/home/pepperumo/ros2_ws/install/my_py_pkg:/home/pepperumo/install/my_py_pkg:/opt/ros/humble /usr/bin/cmake --build /home/pepperumo/bumperbot_ws/build/bumperbot_controller -- -j32 -l32
[0.239s] Invoking command in '/home/pepperumo/bumperbot_ws/build/bumperbot_controller': CMAKE_PREFIX_PATH=${CMAKE_PREFIX_PATH}:/home/pepperumo/bumperbot_ws/install/bumperbot_utils:/home/pepperumo/bumperbot_ws/install/bumperbot_py_examples:/home/pepperumo/ros2_ws/install/my_py_pkg:/home/pepperumo/install/my_py_pkg:/opt/ros/humble /usr/bin/cmake --install /home/pepperumo/bumperbot_ws/build/bumperbot_controller
[0.245s] -- Install configuration: ""
[0.245s] -- Up-to-date: /home/pepperumo/bumperbot_ws/install/bumperbot_controller/share/bumperbot_controller/environment/pythonpath.sh
[0.245s] -- Up-to-date: /home/pepperumo/bumperbot_ws/install/bumperbot_controller/share/bumperbot_controller/environment/pythonpath.dsv
[0.245s] -- Up-to-date: /home/pepperumo/bumperbot_ws/install/bumperbot_controller/local/lib/python3.10/dist-packages/bumperbot_controller-0.0.0-py3.10.egg-info
[0.245s] -- Installing: /home/pepperumo/bumperbot_ws/install/bumperbot_controller/local/lib/python3.10/dist-packages/bumperbot_controller-0.0.0-py3.10.egg-info/dependency_links.txt
[0.245s] -- Installing: /home/pepperumo/bumperbot_ws/install/bumperbot_controller/local/lib/python3.10/dist-packages/bumperbot_controller-0.0.0-py3.10.egg-info/SOURCES.txt
[0.245s] -- Installing: /home/pepperumo/bumperbot_ws/install/bumperbot_controller/local/lib/python3.10/dist-packages/bumperbot_controller-0.0.0-py3.10.egg-info/top_level.txt
[0.245s] -- Installing: /home/pepperumo/bumperbot_ws/install/bumperbot_controller/local/lib/python3.10/dist-packages/bumperbot_controller-0.0.0-py3.10.egg-info/PKG-INFO
[0.245s] -- Up-to-date: /home/pepperumo/bumperbot_ws/install/bumperbot_controller/local/lib/python3.10/dist-packages/bumperbot_controller
[0.245s] -- Up-to-date: /home/pepperumo/bumperbot_ws/install/bumperbot_controller/local/lib/python3.10/dist-packages/bumperbot_controller/__init__.py
[0.246s] -- Up-to-date: /home/pepperumo/bumperbot_ws/install/bumperbot_controller/local/lib/python3.10/dist-packages/bumperbot_controller/simple_controller.py
[0.265s] Listing '/home/pepperumo/bumperbot_ws/install/bumperbot_controller/local/lib/python3.10/dist-packages/bumperbot_controller'...
[0.266s] Listing '/home/pepperumo/bumperbot_ws/install/bumperbot_controller/local/lib/python3.10/dist-packages/bumperbot_controller/build'...
[0.266s] Listing '/home/pepperumo/bumperbot_ws/install/bumperbot_controller/local/lib/python3.10/dist-packages/bumperbot_controller/install'...
[0.266s] Listing '/home/pepperumo/bumperbot_ws/install/bumperbot_controller/local/lib/python3.10/dist-packages/bumperbot_controller/log'...
[0.266s] Listing '/home/pepperumo/bumperbot_ws/install/bumperbot_controller/local/lib/python3.10/dist-packages/bumperbot_controller/log/build_2024-12-09_05-12-43'...
[0.268s] [31mCMake Error at cmake_install.cmake:70 (file):
[0.268s]   file INSTALL cannot find
[0.268s]   "/home/pepperumo/bumperbot_ws/src/bumperbot_controller/include": No such
[0.268s]   file or directory.
[0.268s] 
[0.268s] [0m
[0.279s] Invoked command in '/home/pepperumo/bumperbot_ws/build/bumperbot_controller' returned '1': CMAKE_PREFIX_PATH=${CMAKE_PREFIX_PATH}:/home/pepperumo/bumperbot_ws/install/bumperbot_utils:/home/pepperumo/bumperbot_ws/install/bumperbot_py_examples:/home/pepperumo/ros2_ws/install/my_py_pkg:/home/pepperumo/install/my_py_pkg:/opt/ros/humble /usr/bin/cmake --install /home/pepperumo/bumperbot_ws/build/bumperbot_controller
