[0.561s] Invoking command in '/home/pepperumo/bumperbot_ws/src/bumperbot_py_examples': PYTHONPATH=/home/pepperumo/bumperbot_ws/build/bumperbot_py_examples/prefix_override:/usr/lib/python3/dist-packages/colcon_core/task/python/colcon_distutils_commands:/home/pepperumo/bumperbot_ws/install/bumperbot_py_examples/lib/python3.10/site-packages:${PYTHONPATH} /usr/bin/python3 -W ignore:setup.py install is deprecated -W ignore:easy_install command is deprecated setup.py egg_info --egg-base ../../build/bumperbot_py_examples build --build-base /home/pepperumo/bumperbot_ws/build/bumperbot_py_examples/build install --record /home/pepperumo/bumperbot_ws/build/bumperbot_py_examples/install.log --single-version-externally-managed install_data
[0.684s] running egg_info
[0.684s] writing ../../build/bumperbot_py_examples/bumperbot_py_examples.egg-info/PKG-INFO
[0.684s] writing dependency_links to ../../build/bumperbot_py_examples/bumperbot_py_examples.egg-info/dependency_links.txt
[0.685s] writing entry points to ../../build/bumperbot_py_examples/bumperbot_py_examples.egg-info/entry_points.txt
[0.685s] writing requirements to ../../build/bumperbot_py_examples/bumperbot_py_examples.egg-info/requires.txt
[0.685s] writing top-level names to ../../build/bumperbot_py_examples/bumperbot_py_examples.egg-info/top_level.txt
[0.687s] reading manifest file '../../build/bumperbot_py_examples/bumperbot_py_examples.egg-info/SOURCES.txt'
[0.687s] writing manifest file '../../build/bumperbot_py_examples/bumperbot_py_examples.egg-info/SOURCES.txt'
[0.687s] running build
[0.687s] running build_py
[0.688s] running install
[0.688s] running install_lib
[0.689s] running install_data
[0.689s] running install_egg_info
[0.691s] removing '/home/pepperumo/bumperbot_ws/install/bumperbot_py_examples/lib/python3.10/site-packages/bumperbot_py_examples-0.0.0-py3.10.egg-info' (and everything under it)
[0.691s] Copying ../../build/bumperbot_py_examples/bumperbot_py_examples.egg-info to /home/pepperumo/bumperbot_ws/install/bumperbot_py_examples/lib/python3.10/site-packages/bumperbot_py_examples-0.0.0-py3.10.egg-info
[0.691s] running install_scripts
[0.702s] Installing simple_parameter script to /home/pepperumo/bumperbot_ws/install/bumperbot_py_examples/lib/bumperbot_py_examples
[0.702s] Installing simple_publisher script to /home/pepperumo/bumperbot_ws/install/bumperbot_py_examples/lib/bumperbot_py_examples
[0.702s] Installing simple_service_client script to /home/pepperumo/bumperbot_ws/install/bumperbot_py_examples/lib/bumperbot_py_examples
[0.702s] Installing simple_service_server script to /home/pepperumo/bumperbot_ws/install/bumperbot_py_examples/lib/bumperbot_py_examples
[0.703s] Installing simple_subscriber script to /home/pepperumo/bumperbot_ws/install/bumperbot_py_examples/lib/bumperbot_py_examples
[0.703s] Installing simple_tf_kinematics script to /home/pepperumo/bumperbot_ws/install/bumperbot_py_examples/lib/bumperbot_py_examples
[0.703s] Installing simple_turtlesim_kinematics script to /home/pepperumo/bumperbot_ws/install/bumperbot_py_examples/lib/bumperbot_py_examples
[0.703s] writing list of installed files to '/home/pepperumo/bumperbot_ws/build/bumperbot_py_examples/install.log'
[0.715s] Invoked command in '/home/pepperumo/bumperbot_ws/src/bumperbot_py_examples' returned '0': PYTHONPATH=/home/pepperumo/bumperbot_ws/build/bumperbot_py_examples/prefix_override:/usr/lib/python3/dist-packages/colcon_core/task/python/colcon_distutils_commands:/home/pepperumo/bumperbot_ws/install/bumperbot_py_examples/lib/python3.10/site-packages:${PYTHONPATH} /usr/bin/python3 -W ignore:setup.py install is deprecated -W ignore:easy_install command is deprecated setup.py egg_info --egg-base ../../build/bumperbot_py_examples build --build-base /home/pepperumo/bumperbot_ws/build/bumperbot_py_examples/build install --record /home/pepperumo/bumperbot_ws/build/bumperbot_py_examples/install.log --single-version-externally-managed install_data
