running egg_info
writing ../../build/bumperbot_utils/bumperbot_utils.egg-info/PKG-INFO
writing dependency_links to ../../build/bumperbot_utils/bumperbot_utils.egg-info/dependency_links.txt
writing entry points to ../../build/bumperbot_utils/bumperbot_utils.egg-info/entry_points.txt
writing requirements to ../../build/bumperbot_utils/bumperbot_utils.egg-info/requires.txt
writing top-level names to ../../build/bumperbot_utils/bumperbot_utils.egg-info/top_level.txt
reading manifest file '../../build/bumperbot_utils/bumperbot_utils.egg-info/SOURCES.txt'
writing manifest file '../../build/bumperbot_utils/bumperbot_utils.egg-info/SOURCES.txt'
running build
running build_py
copying bumperbot_utils/trajectory.py -> /home/pepperumo/bumperbot_ws/build/bumperbot_utils/build/lib/bumperbot_utils
running install
running install_lib
copying /home/pepperumo/bumperbot_ws/build/bumperbot_utils/build/lib/bumperbot_utils/trajectory.py -> /home/pepperumo/bumperbot_ws/install/bumperbot_utils/lib/python3.10/site-packages/bumperbot_utils
byte-compiling /home/pepperumo/bumperbot_ws/install/bumperbot_utils/lib/python3.10/site-packages/bumperbot_utils/trajectory.py to trajectory.cpython-310.pyc
running install_data
copying package.xml -> /home/pepperumo/bumperbot_ws/install/bumperbot_utils/share/bumperbot_utils
running install_egg_info
removing '/home/pepperumo/bumperbot_ws/install/bumperbot_utils/lib/python3.10/site-packages/bumperbot_utils-0.0.0-py3.10.egg-info' (and everything under it)
Copying ../../build/bumperbot_utils/bumperbot_utils.egg-info to /home/pepperumo/bumperbot_ws/install/bumperbot_utils/lib/python3.10/site-packages/bumperbot_utils-0.0.0-py3.10.egg-info
running install_scripts
Installing trajectory script to /home/pepperumo/bumperbot_ws/install/bumperbot_utils/lib/bumperbot_utils
writing list of installed files to '/home/pepperumo/bumperbot_ws/build/bumperbot_utils/install.log'
